0     850  1019.8 1473.94 1673.33 1167.26 1280.63 1237.94 1414.21
0     850  1019.8 1473.94 1673.33 1167.26 1280.63 1237.94 1414.21
0     850  1019.8 1473.94 1673.33 1167.26 1280.63 1237.94 1414.21
0     850  1019.8 1473.94 1673.33 1167.26 1280.63 1237.94 1414.21
0     850  1019.8 1473.94 1673.33 1167.26 1280.63 1237.94 1414.21
0     850  1019.8 1473.94 1673.33 1167.26 1280.63 1237.94 1414.21
0     850  1019.8 1473.94 1673.33 1167.26 1280.63 1237.94 1414.21
0     850  1019.8 1473.94 1673.33 1167.26 1280.63 1237.94 1414.21
0     850  1019.8 1473.94 1673.33 1167.26 1280.63 1237.94 1414.21
0     850  1019.8 1473.94 1673.33 1167.26 1280.63 1237.94 1414.21
0     850  1019.8 1473.94 1673.33 1167.26 1280.63 1237.94 1414.21
0     850  1019.8 1473.94 1673.33 1167.26 1280.63 1237.94 1414.21
0     850  1019.8 1473.94 1673.33 1167.26 1280.63 1237.94 1414.21
0     850  1019.8 1473.94 1673.33 1167.26 1280.63 1237.94 1414.21
0     850  1019.8 1473.94 1673.33 1167.26 1280.63 1237.94 1414.21
0     850  1019.8 1473.94 1673.33 1167.26 1280.63 1237.94 1414.21
0     850  1019.8 1473.94 1673.33 1167.26 1280.63 1237.94 1414.21
0     850  1019.8 1473.94 1673.33 1167.26 1280.63 1237.94 1414.21
0     850  1019.8 1473.94 1673.33 1167.26 1280.63 1237.94 1414.21
0     850  1019.8 1473.94 1673.33 1167.26 1280.63 1237.94 1414.21
0     850  1019.8 1473.94 1673.33 1167.26 1280.63 1237.94 1414.21
0     850  1019.8 1473.94 1673.33 1167.26 1280.63 1237.94 1414.21
0     850  1019.8 1473.94 1673.33 1167.26 1280.63 1237.94 1414.21
0     850  1019.8 1473.94 1673.33 1167.26 1280.63 1237.94 1414.21
0     850  1019.8 1473.94 1673.33 1167.26 1280.63 1237.94 1414.21
0.0001     850  1019.8 1473.94 1673.33 1167.26 1280.63 1237.94 1414.21
0.0003 849.998  1019.8 1473.94 1673.32 1167.26 1280.63 1237.94 1414.21
0.0006 849.988 1019.79 1473.92 1673.31 1167.25 1280.62 1237.93  1414.2
0.001 849.973 1019.78  1473.9 1673.29 1167.23 1280.61 1237.91 1414.18
0.0015 849.954 1019.76 1473.87 1673.26 1167.21 1280.58 1237.88 1414.15
0.0021 849.929 1019.74 1473.83 1673.22 1167.18 1280.56 1237.84 1414.12
0.0028   849.9 1019.72 1473.79 1673.18 1167.15 1280.52  1237.8 1414.08
0.0036 849.868 1019.69 1473.74 1673.13 1167.11 1280.49 1237.76 1414.03
0.0045 849.828 1019.66 1473.68 1673.07 1167.06 1280.45  1237.7 1413.98
0.0055 849.783 1019.62 1473.61    1673 1167.01  1280.4 1237.64 1413.91
0.0066 849.736 1019.58 1473.54 1672.93 1166.95 1280.34 1237.58 1413.85
0.0078  849.68 1019.53 1473.46 1672.85 1166.89 1280.28  1237.5 1413.77
0.0091 849.618 1019.48 1473.37 1672.76 1166.82 1280.22 1237.41 1413.68
0.0105 849.554 1019.42 1473.27 1672.66 1166.74 1280.14 1237.32  1413.6
0.012 849.481 1019.36 1473.16 1672.55 1166.66 1280.06 1237.22 1413.49
0.0136 849.404 1019.29 1473.04 1672.44 1166.57 1279.98 1237.12 1413.39
0.0153 849.321 1019.22 1472.92 1672.31 1166.47 1279.89    1237 1413.27
0.0171 849.229 1019.14 1472.78 1672.18 1166.36 1279.79 1236.87 1413.14
0.019 849.133 1019.06 1472.63 1672.03 1166.25 1279.68 1236.74 1413.01
0.021  849.03 1018.97 1472.48 1671.88 1166.13 1279.57  1236.6 1412.87
0.0231 848.917 1018.88  1472.3 1671.71    1166 1279.44 1236.44 1412.71
0.0253   848.8 1018.78 1472.13 1671.53 1165.86 1279.31 1236.28 1412.55
0.0276 848.674 1018.67 1471.94 1671.35 1165.72 1279.17  1236.1 1412.37
0.03 848.541 1018.56 1471.73 1671.14 1165.56 1279.03 1235.92 1412.19
0.0325 848.399 1018.44 1471.52 1670.93 1165.39 1278.87 1235.72 1411.99
0.0351 848.249 1018.31 1471.29 1670.71 1165.22 1278.71 1235.51 1411.78
0.0378  848.09 1018.17 1471.05 1670.47 1165.03 1278.53 1235.29 1411.56
0.0406 847.921 1018.03 1470.79 1670.21 1164.83 1278.34 1235.05 1411.32
0.0435 847.743 1017.88 1470.52 1669.94 1164.62 1278.15  1234.8 1411.07
0.0465 847.555 1017.71 1470.23 1669.66  1164.4 1277.94 1234.54 1410.81
0.0496 847.356 1017.55 1469.92 1669.36 1164.17 1277.72 1234.26 1410.53
0.0528 847.149 1017.37 1469.61 1669.04 1163.93 1277.49 1233.97 1410.24
0.0561 846.927 1017.18 1469.27 1668.71 1163.66 1277.24 1233.66 1409.93
0.0595 846.694 1016.98 1468.91 1668.35 1163.39 1276.98 1233.33  1409.6
0.063 846.451 1016.77 1468.53 1667.98  1163.1 1276.71 1232.99 1409.26
0.0666 846.192 1016.55 1468.13 1667.59  1162.8 1276.42 1232.63 1408.89
0.0703 845.923 1016.32 1467.72 1667.18 1162.48 1276.12 1232.25 1408.51
0.0741 845.636 1016.08 1467.28 1666.74 1162.14  1275.8 1231.84 1408.11
0.078 845.338 1015.83 1466.81 1666.28 1161.78 1275.47 1231.42 1407.69
0.082 845.021 1015.56 1466.32  1665.8 1161.41 1275.11 1230.97 1407.24
0.0861 844.691 1015.28 1465.81 1665.29 1161.01 1274.75  1230.5 1406.77
0.0903 844.344 1014.98 1465.27 1664.75  1160.6 1274.36 1230.01 1406.28
0.0946  843.98 1014.67  1464.7 1664.19 1160.17 1273.95 1229.49 1405.76
0.099 843.597 1014.35  1464.1  1663.6 1159.71 1273.52 1228.95 1405.21
0.1035 843.192 1014.01 1463.46 1662.97 1159.23 1273.06 1228.37 1404.63
0.108  842.77 1013.65  1462.8 1662.31 1158.72 1272.59 1227.76 1404.03
0.1125 842.337 1013.28 1462.11 1661.64  1158.2  1272.1 1227.14 1403.41
0.117 841.895 1012.91 1461.41 1660.94 1157.67  1271.6 1226.51 1402.77
0.1215 841.439 1012.53 1460.69 1660.23 1157.12 1271.08 1225.85 1402.11
0.126 840.971 1012.13 1459.94 1659.49 1156.55 1270.55 1225.17 1401.44
0.1305 840.491 1011.73 1459.18 1658.73 1155.97    1270 1224.48 1400.74
0.135     840 1011.31 1458.39 1657.96 1155.37 1269.44 1223.77 1400.03
0.1395 839.496 1010.89 1457.58 1657.16 1154.76 1268.87 1223.03  1399.3
0.144  838.98 1010.45 1456.74 1656.33 1154.13 1268.28 1222.28 1398.54
0.1485 838.454 1010.01 1455.89 1655.49 1153.49 1267.68 1221.51 1397.77
0.153 837.911 1009.56 1455.01 1654.62 1152.82 1267.05 1220.72 1396.98
0.1575 837.356 1009.09 1454.11 1653.73 1152.14 1266.42  1219.9 1396.16
0.162 836.788 1008.61 1453.18 1652.81 1151.44 1265.76 1219.06 1395.32
0.1665 836.209 1008.13 1452.23 1651.87 1150.73 1265.09 1218.21 1394.47
0.171 835.613 1007.63 1451.25  1650.9 1149.99  1264.4 1217.33 1393.58
0.1755 835.004 1007.12 1450.24  1649.9 1149.24 1263.69 1216.42 1392.68
0.18 834.382  1006.6  1449.2 1648.88 1148.46 1262.97 1215.49 1391.75
0.1845 833.743 1006.07 1448.14 1647.83 1147.67 1262.23 1214.54 1390.79
0.189 833.093 1005.53 1447.05 1646.76 1146.85 1261.47 1213.56 1389.82
0.1935 832.424 1004.97 1445.92 1645.64 1146.01 1260.68 1212.55 1388.81
0.198 831.743 1004.41 1444.77 1644.51 1145.16 1259.88 1211.52 1387.78
0.2025 831.044 1003.82 1443.59 1643.34 1144.27 1259.06 1210.46 1386.72
0.207 830.331 1003.23 1442.37 1642.14 1143.37 1258.21 1209.38 1385.63
0.2115   829.6 1002.63 1441.12  1640.9 1142.44 1257.35 1208.26 1384.52
0.216 828.854 1002.01 1439.83 1639.63 1141.49 1256.46 1207.11 1383.37
0.2205 828.093 1001.38 1438.51 1638.33 1140.51 1255.55 1205.94  1382.2
0.225 827.311 1000.74 1437.15 1636.99 1139.51 1254.62 1204.73 1380.99
0.2295 826.514 1000.08 1435.76 1635.61 1138.48 1253.66 1203.49 1379.75
0.234   825.7 999.412 1434.33  1634.2 1137.43 1252.68 1202.22 1378.48
0.2385 824.868 998.728 1432.86 1632.74 1136.35 1251.68 1200.92 1377.18
0.243 824.018 998.031 1431.34 1631.25 1135.24 1250.64 1199.58 1375.84
0.2475 823.149 997.319 1429.79 1629.72  1134.1 1249.59  1198.2 1374.46
0.252 822.258 996.591 1428.19 1628.13 1132.93  1248.5 1196.79 1373.05
0.2565 821.351  995.85 1426.54 1626.51 1131.73 1247.39 1195.34  1371.6
0.261 820.426 995.097 1424.85 1624.85  1130.5 1246.25 1193.85 1370.11
0.2655 819.478 994.326 1423.12 1623.13 1129.23 1245.08 1192.32 1368.58
0.27 818.511  993.54 1421.33 1621.36 1127.94 1243.87 1190.75 1367.01
0.2745 817.522 992.739 1419.49 1619.55 1126.61 1242.64 1189.14  1365.4
0.279 816.513 991.923 1417.59 1617.68 1125.24 1241.38 1187.48 1363.74
0.2835 815.484 991.093 1415.65 1615.77 1123.84 1240.08 1185.78 1362.04
0.288 814.432 990.244 1413.65 1613.79  1122.4 1238.75 1184.03 1360.29
0.2925 813.357  989.38 1411.58 1611.75 1120.92 1237.38 1182.23 1358.49
0.297 812.261 988.501 1409.46 1609.66  1119.4 1235.98 1180.38 1356.65
0.3015 811.141 987.605 1407.27  1607.5 1117.84 1234.54 1178.48 1354.75
0.306 809.999 986.693 1405.03 1605.29 1116.23 1233.07 1176.53 1352.79
0.3105 808.834 985.765 1402.71    1603 1114.59 1231.55 1174.52 1350.79
0.315 807.645  984.82 1400.32 1600.65  1112.9    1230 1172.46 1348.72
0.3195 806.429 983.856 1397.86 1598.22 1111.16  1228.4 1170.33  1346.6
0.324  805.19 982.877 1395.32 1595.72 1109.37 1226.75 1168.14 1344.41
0.3285 803.926 981.881 1392.71 1593.14 1107.53 1225.07 1165.89 1342.16
0.333 802.637 980.868 1390.01 1590.48 1105.64 1223.34 1163.57 1339.85
0.3375 801.324  979.84 1387.23 1587.74  1103.7 1221.56 1161.19 1337.47
0.342 799.983 978.792 1384.36 1584.91  1101.7 1219.73 1158.74 1335.01
0.3465 798.616 977.729 1381.39 1581.99 1099.65 1217.85  1156.2 1332.48
0.351 797.225 976.649 1378.33 1578.98 1097.53 1215.92  1153.6 1329.88
0.3555 795.804 975.552 1375.17 1575.86 1095.35 1213.93 1150.91 1327.19
0.36 794.359  974.44  1371.9 1572.65 1093.11 1211.88 1148.14 1324.42
0.3645 792.887 973.311 1368.53 1569.32  1090.8 1209.78 1145.29 1321.57
0.369 791.388 972.167 1365.04 1565.88 1088.43 1207.62 1142.34 1318.62
0.3735 789.862 971.008 1361.42 1562.33 1085.98 1205.39  1139.3 1315.58
0.378 788.309 969.834 1357.68 1558.64 1083.45  1203.1 1136.16 1312.44
0.3825 786.731 968.647 1353.81 1554.83 1080.85 1200.74 1132.92  1309.2
0.387 785.126 967.446  1349.8 1550.88 1078.17 1198.31 1129.57 1305.85
0.3915 783.497 966.234 1345.64 1546.79  1075.4  1195.8 1126.12 1302.39
0.396 781.842 965.012 1341.33 1542.55 1072.55 1193.23 1122.54 1298.82
0.4005 780.164  963.78 1336.86 1538.15  1069.6 1190.57 1118.84 1295.12
0.405 778.463  962.54 1332.21 1533.58 1066.56 1187.83 1115.01 1291.29
0.4095  776.74 961.295 1327.38 1528.83 1063.41    1185 1111.05 1287.32
0.414 774.999 960.047 1322.37  1523.9 1060.17 1182.08 1106.95 1283.21
0.4185 773.241 958.798 1317.15 1518.77 1056.81 1179.08 1102.69 1278.96
0.423 771.467 957.552 1311.72 1513.43 1053.35 1175.97 1098.29 1274.55
0.4275 769.683 956.313 1306.07 1507.88 1049.76 1172.77 1093.72 1269.97
0.432 767.891 955.084 1300.17 1502.09 1046.06 1169.47 1088.98 1265.22
0.4365 766.096 953.871 1294.03 1496.05 1042.22 1166.05 1084.06 1260.29
0.441 764.302  952.68 1287.61 1489.74 1038.26 1162.53 1078.95 1255.17
0.4455 762.518 951.517 1280.91 1483.17 1034.15 1158.89 1073.64 1249.85
0.45 760.751 950.391 1273.91 1476.29  1029.9 1155.14 1068.13 1244.33
0.4545  759.01 949.311  1266.6 1469.11 1025.51 1151.26  1062.4 1238.58
0.459 757.306 948.288 1258.95 1461.61 1020.97 1147.27 1056.45 1232.61
0.4635 755.651 947.334 1250.94 1453.75 1016.27 1143.15 1050.26 1226.39
0.468 754.062 946.463 1242.56 1445.54 1011.42 1138.91 1043.84 1219.94
0.4725 752.555 945.693  1233.8 1436.94 1006.41 1134.54 1037.17 1213.24
0.477 751.151 945.041 1224.63 1427.96 1001.26 1130.06 1030.26 1206.28
0.4815 749.874 944.528 1215.05 1418.57 995.953 1125.47  1023.1 1199.08
0.486 748.748 944.178 1205.05 1408.78 990.515 1120.79  1015.7 1191.62
0.4905 747.803 944.015 1194.63 1398.58 984.955 1116.02 1008.08 1183.93
0.495 747.069 944.064 1183.81 1387.98 979.294 1111.18 1000.25 1176.02
0.4995 746.578 944.351 1172.59 1377.01  973.56 1106.31 992.233 1167.91
0.504 746.361 944.902 1161.02 1365.69 967.784 1101.43 984.077 1159.65
0.5085 746.447 945.737 1149.13 1354.07 962.006 1096.58 975.824 1151.27
0.513 746.861 946.875    1137 1342.21  956.27  1091.8 967.527 1142.84
0.5175 747.622 948.327 1124.67 1330.18 950.621 1087.12 959.244  1134.4
0.522  748.74 950.097 1112.24 1318.04 945.105 1082.59 951.037 1126.01
0.5265 750.218 952.182 1099.78 1305.88 939.765 1078.25 942.964 1117.74
0.531 752.051 954.573 1087.36 1293.76 934.638 1074.11 935.079 1109.64
0.5355 754.225 957.255 1075.04 1281.75 929.753 1070.21 927.429 1101.76
0.54 756.723 960.208 1062.89  1269.9 925.132 1066.56 920.049 1094.12
0.5445 759.524 963.413 1050.94 1258.27  920.79 1063.18 912.964 1086.76
0.549 762.603 966.847 1039.24 1246.87 916.731 1060.06 906.192  1079.7
0.5535 765.939  970.49  1027.8 1235.72 912.958  1057.2 899.741 1072.94
0.558 769.509 974.322 1016.63 1224.85 909.467  1054.6 893.613 1066.48
0.5625 773.292 978.326 1005.74 1214.25 906.251 1052.25 887.804 1060.33
0.567  777.27 982.486 995.123 1203.93   903.3 1050.14 882.309 1054.47
0.5715 781.426 986.788 984.785 1193.87 900.606 1048.27 877.118 1048.91
0.576 785.745 991.222 974.714 1184.07 898.159 1046.61 872.224 1043.62
0.5805 790.215 995.776 964.902 1174.53 895.947 1045.17 867.614 1038.61
0.585 794.824 1000.44  955.34 1165.23 893.961 1043.93  863.28 1033.86
0.5895 799.562 1005.21 946.019 1156.17 892.192 1042.89 859.211 1029.35
0.594  804.42 1010.08 936.931 1147.33 890.631 1042.02 855.399 1025.09
0.5985 809.391 1015.04 928.067 1138.71 889.269 1041.34 851.834 1021.07
0.603 814.466 1020.09 919.418  1130.3 888.099 1040.83 848.508 1017.27
0.6075 819.641 1025.22 910.979 1122.09 887.114 1040.48 845.413 1013.68
0.612 824.909 1030.43 902.743 1114.07 886.307  1040.3 842.544 1010.31
0.6165 830.264 1035.72 894.704 1106.24 885.672 1040.26 839.892 1007.15
0.621 835.701 1041.07 886.857  1098.6 885.203 1040.37 837.453 1004.18
0.6255 841.217 1046.49 879.197 1091.14 884.895 1040.63 835.221 1001.41
0.63 846.805 1051.98 871.722 1083.85 884.743 1041.02  833.19 998.832
0.6345 852.461 1057.52 864.427 1076.73 884.742 1041.55 831.357 996.438
0.639 858.182 1063.12 857.309 1069.78 884.889  1042.2 829.715 994.225
0.6435 863.963 1068.78 850.367    1063 885.177 1042.99 828.262 992.189
0.648 869.801 1074.49 843.598 1056.38 885.604 1043.89 826.992 990.327
0.6525 875.691 1080.24     837 1049.92 886.165 1044.92 825.902 988.636
0.657  881.63 1086.04 830.572 1043.62 886.857 1046.06 824.989 987.112
0.6615 887.615 1091.88 824.312 1037.48 887.675 1047.31 824.247 985.752
0.666 893.642 1097.77  818.22 1031.49 888.617 1048.67 823.674 984.552
0.6705 899.708 1103.69 812.294 1025.65 889.679 1050.14 823.267 983.511
0.675  905.81 1109.64 806.533 1019.97 890.856 1051.71 823.021 982.624
0.6795 911.945 1115.63 800.937 1014.44 892.147 1053.38 822.932 981.889
0.684  918.11 1121.64 795.505 1009.06 893.547 1055.14 822.999 981.303
0.6885 924.302 1127.68 790.236 1003.83 895.054    1057 823.217 980.863
0.693 930.518 1133.75  785.13 998.751 896.663 1058.96 823.582 980.567
0.6975 936.757 1139.84 780.186 993.817 898.374    1061 824.092 980.412
0.702 943.015 1145.96 775.403 989.031 900.181 1063.12 824.744 980.394
0.7065 949.291 1152.09 770.782  984.39 902.082 1065.33 825.533 980.512
0.711 955.581 1158.24 766.321 979.895 904.075 1067.62 826.457 980.763
0.7155 961.884  1164.4 762.021 975.544 906.157 1069.99 827.513 981.143
0.72 968.198 1170.58  757.88 971.338 908.324 1072.43 828.697 981.651
0.7245 974.521 1176.76 753.899 967.274 910.574 1074.95 830.005 982.284
0.729  980.85 1182.96 750.076 963.352 912.904 1077.54 831.437 983.039
0.7335 987.185 1189.17 746.411 959.572 915.312 1080.19 832.986 983.914
0.738 993.523 1195.38 742.903 955.932 917.796 1082.92 834.652 984.905
0.7425 999.863  1201.6 739.553 952.433 920.352  1085.7  836.43 986.012
0.747  1006.2 1207.82 736.358 949.072 922.978 1088.55 838.318  987.23
0.7515 1012.54 1214.05 733.319 945.849 925.673 1091.46 840.313 988.558
0.756 1018.88 1220.27 730.434 942.764 928.432 1094.43 842.412 989.993
0.7605 1025.21  1226.5 727.704 939.815 931.255 1097.46 844.612 991.533
0.765 1031.53 1232.72 725.126 937.002 934.139 1100.54 846.909 993.174
0.7695 1037.85 1238.94 722.701 934.324 937.082 1103.67 849.302 994.916
0.774 1044.17 1245.16 720.426 931.779 940.082 1106.85 851.787 996.755
0.7785 1050.47 1251.37 718.301 929.367 943.136 1110.08 854.362 998.689
0.783 1056.76 1257.58 716.326 927.087 946.242 1113.35 857.023 1000.72
0.7875 1063.04 1263.78 714.498 924.938   949.4 1116.68 859.769 1002.83
0.792 1069.31 1269.97 712.817 922.918 952.606 1120.04 862.596 1005.04
0.7965 1075.56 1276.15 711.281 921.027 955.858 1123.45 865.503 1007.33
0.801 1081.81 1282.32 709.889 919.264 959.156 1126.89 868.485  1009.7
0.8055 1088.03 1288.48  708.64 917.627 962.496 1130.38 871.542 1012.16
0.81 1094.24 1294.63 707.532 916.115 965.878  1133.9  874.67 1014.69
0.8145 1100.43 1300.77 706.564 914.728 969.299 1137.46 877.867  1017.3
0.819 1106.61 1306.89 705.734 913.463 972.757 1141.05  881.13 1019.99
0.8235 1112.77    1313 705.041 912.319 976.252 1144.67 884.457 1022.75
0.828  1118.9 1319.09 704.482 911.296 979.781 1148.32 887.846 1025.57
0.8325 1125.02 1325.16 704.057 910.392 983.342 1152.01 891.294 1028.47
0.837 1131.12 1331.22 703.762 909.605 986.934 1155.72 894.799 1031.43
0.8415 1137.19 1337.26 703.597 908.935 990.556 1159.45 898.358 1034.46
0.846 1143.24 1343.28 703.559 908.378 994.205 1163.21 901.969 1037.54
0.8505 1149.27 1349.29 703.647 907.935  997.88    1167 905.631 1040.69
0.855 1155.27 1355.27 703.858 907.604 1001.58  1170.8  909.34 1043.89
0.8595 1161.24 1361.22  704.19 907.382  1005.3 1174.63 913.093 1047.15
0.864 1167.19 1367.16 704.641 907.268 1009.04 1178.47  916.89 1050.46
0.8685 1173.11 1373.07 705.208 907.261 1012.81 1182.33 920.728 1053.82
0.873 1179.01 1378.95 705.889 907.359 1016.58  1186.2 924.603 1057.23
0.8775 1184.87 1384.81 706.682 907.559 1020.38 1190.09 928.514 1060.68
0.882  1190.7 1390.65 707.584 907.861 1024.19 1193.99 932.459 1064.18
0.8865  1196.5 1396.45 708.592 908.261 1028.01 1197.91 936.434 1067.72
0.891 1202.27 1402.22 709.704 908.757 1031.84 1201.83 940.438  1071.3
0.8955    1208 1407.96 710.916 909.349 1035.69 1205.75 944.468 1074.91
0.9 1213.69 1413.67 712.226 910.033 1039.53 1209.68 948.521 1078.56
0.9045 1219.35 1419.34 713.632 910.807 1043.39 1213.62 952.595 1082.24
0.909 1224.97 1424.98 715.129 911.669 1047.24 1217.56 956.688 1085.94
0.9135 1230.55 1430.58 716.714 912.616  1051.1 1221.49 960.796 1089.67
0.918 1236.09 1436.14 718.385 913.646 1054.96 1225.43 964.916 1093.43
0.9225 1241.59 1441.66 720.137 914.755 1058.81 1229.36 969.048  1097.2
0.927 1247.04 1447.14 721.968 915.942 1062.66 1233.28 973.186    1101
0.9315 1252.44 1452.57 723.873 917.204  1066.5 1237.19 977.329  1104.8
0.936 1257.79 1457.96  725.85 918.537 1070.33  1241.1 981.473 1108.62
0.9405  1263.1  1463.3 727.894 919.938 1074.15 1244.99 985.616 1112.45
0.945 1268.35 1468.59 730.002 921.404 1077.96 1248.86 989.755 1116.28
0.9495 1273.54 1473.82 732.169 922.933 1081.75 1252.72 993.887 1120.12
0.954 1278.69    1479 734.391  924.52 1085.52 1256.55 998.008 1123.95
0.9585 1283.77 1484.13 736.666 926.163 1089.27 1260.37 1002.12 1127.78
0.963 1288.79  1489.2 738.987 927.858 1092.99 1264.16 1006.21  1131.6
0.9675 1293.75  1494.2 741.352   929.6 1096.69 1267.92 1010.28 1135.42
0.972 1298.65 1499.14 743.755 931.388 1100.36 1271.65 1014.32 1139.21
0.9765 1303.48 1504.02 746.193 933.216 1104.01 1275.36 1018.35    1143
0.981 1308.24 1508.83 748.661 935.082 1107.61 1279.02 1022.34 1146.76
0.9855 1312.93 1513.57 751.155 936.981 1111.18 1282.65  1026.3 1150.49
0.99 1317.55 1518.24  753.67  938.91 1114.72 1286.24 1030.22  1154.2
0.9945 1322.09 1522.83 756.203 940.864 1118.21 1289.79 1034.11 1157.88
0.999 1326.56 1527.35 758.748 942.841 1121.66 1293.29 1037.95 1161.53
1.0035 1330.94 1531.79 761.302 944.836 1125.06 1296.74 1041.75 1165.14
1.008 1335.25 1536.15  763.86 946.844 1128.41 1300.15  1045.5 1168.71
1.0125 1339.48 1540.43 766.418 948.864 1131.72 1303.51  1049.2 1172.24
1.017 1343.62 1544.63 768.972 950.889 1134.97 1306.81 1052.84 1175.72
1.0215 1347.68 1548.74 771.517 952.918 1138.17 1310.06 1056.43 1179.15
1.026 1351.65 1552.76 774.051 954.946 1141.31 1313.24 1059.96 1182.53
1.0305 1355.53  1556.7 776.568  956.97  1144.4 1316.37 1063.43 1185.86
1.035 1359.33 1560.54 779.066 958.986 1147.42 1319.44 1066.84 1189.12
1.0395 1363.03  1564.3  781.54 960.991 1150.38 1322.45 1070.18 1192.33
1.044 1366.64 1567.96 783.987 962.981 1153.28 1325.39 1073.45 1195.48
1.0485 1370.16 1571.53 786.405 964.954 1156.11 1328.26 1076.65 1198.57
1.053 1373.59 1575.01 788.789 966.907 1158.88 1331.07 1079.78 1201.59
1.0575 1376.92 1578.39 791.138 968.836 1161.58 1333.81 1082.84 1204.54
1.062 1380.16 1581.68 793.447 970.739 1164.22 1336.48 1085.82 1207.43
1.0665 1383.31 1584.88 795.716 972.613 1166.78 1339.08 1088.73 1210.24
1.071 1386.36 1587.98  797.94 974.456 1169.27 1341.61 1091.56 1212.98
1.0755 1389.32 1590.99 800.119 976.266  1171.7 1344.07 1094.32 1215.65
1.08 1392.19  1593.9 802.251 978.042 1174.05 1346.46 1096.99 1218.25
1.0845 1394.96 1596.72 804.332  979.78 1176.34 1348.77 1099.59 1220.77
1.089 1397.64 1599.44 806.363 981.479 1178.55 1351.02 1102.11 1223.22
1.0935 1400.23 1602.07 808.341 983.138 1180.69 1353.19 1104.55 1225.59
1.098 1402.73 1604.61 810.266 984.756 1182.76 1355.29 1106.91 1227.89
1.1025 1405.14 1607.06 812.137 986.331 1184.76 1357.32  1109.2 1230.12
1.107 1407.46 1609.42 813.952 987.862  1186.7 1359.28  1111.4 1232.27
1.1115 1409.69 1611.69 815.712  989.35 1188.56 1361.17 1113.53 1234.34
1.116 1411.84 1613.88 817.415 990.792 1190.35 1362.98 1115.58 1236.34
1.1205  1413.9 1615.98 819.063 992.189 1192.08 1364.74 1117.55 1238.27
1.125 1415.88 1617.99 820.653  993.54 1193.74 1366.42 1119.45 1240.13
1.1295 1417.78 1619.92 822.188 994.846 1195.34 1368.03 1121.28 1241.91
1.134  1419.6 1621.77 823.667 996.106 1196.87 1369.58 1123.03 1243.63
1.1385 1421.34 1623.54 825.089  997.32 1198.33 1371.07 1124.71 1245.27
1.143    1423 1625.24 826.457 998.488 1199.74  1372.5 1126.32 1246.85
1.1475 1424.59 1626.85 827.771 999.611 1201.08 1373.86 1127.86 1248.36
1.152 1426.11  1628.4  829.03 1000.69 1202.37 1375.16 1129.34  1249.8
1.1565 1427.56 1629.87 830.237 1001.72 1203.59  1376.4 1130.74 1251.18
1.161 1428.94 1631.28 831.392 1002.72 1204.76 1377.59 1132.09  1252.5
1.1655 1430.25 1632.62 832.496 1003.66 1205.88 1378.72 1133.37 1253.76
1.17  1431.5 1633.89 833.551 1004.57 1206.94  1379.8 1134.59 1254.96
1.1745 1432.69  1635.1 834.556 1005.44 1207.95 1380.82 1135.75  1256.1
1.179 1433.82 1636.25 835.515 1006.26 1208.91  1381.8 1136.86 1257.18
1.1835 1434.89 1637.34 836.427 1007.05 1209.83 1382.72 1137.91 1258.21
1.188  1435.9 1638.37 837.295  1007.8 1210.69  1383.6  1138.9 1259.19
1.1925 1436.86 1639.35 838.119 1008.51 1211.51 1384.43 1139.85 1260.12
1.197 1437.77 1640.28 838.901 1009.18 1212.29 1385.22 1140.74    1261
1.2015 1438.63 1641.15 839.643 1009.83 1213.03 1385.97 1141.59 1261.84
1.206 1439.45 1641.98 840.346 1010.43 1213.72 1386.67 1142.39 1262.62
1.2105 1440.21 1642.76  841.01 1011.01 1214.38 1387.34 1143.15 1263.37
1.215 1440.94  1643.5 841.639 1011.55    1215 1387.97 1143.86 1264.07
1.2195 1441.62  1644.2 842.232 1012.07 1215.59 1388.56 1144.54 1264.74
1.224 1442.26 1644.85 842.792 1012.55 1216.14 1389.12 1145.17 1265.36
1.2285 1442.87 1645.47  843.32 1013.01 1216.66 1389.64 1145.77 1265.95
1.233 1443.43 1646.05 843.816 1013.44 1217.15 1390.14 1146.33 1266.51
1.2375 1443.97 1646.59 844.284 1013.85 1217.61  1390.6 1146.86 1267.03
1.242 1444.47  1647.1 844.723 1014.23 1218.04 1391.04 1147.36 1267.52
1.2465 1444.94 1647.58 845.136 1014.59 1218.44 1391.45 1147.82 1267.98
1.251 1445.38 1648.03 845.523 1014.92 1218.82 1391.84 1148.26 1268.41
1.2555 1445.79 1648.45 845.886 1015.24 1219.18  1392.2 1148.67 1268.81
1.26 1446.18 1648.84 846.226 1015.53 1219.51 1392.53 1149.05 1269.19
1.2645 1446.54 1649.21 846.544 1015.81 1219.82 1392.85 1149.41 1269.54
1.269 1446.87 1649.55 846.841 1016.07 1220.11 1393.14 1149.75 1269.87
1.2735 1447.19 1649.87 847.119 1016.31 1220.38 1393.42 1150.06 1270.18
1.278 1447.48 1650.17 847.378 1016.53 1220.63 1393.67 1150.35 1270.47
1.2825 1447.75 1650.45 847.619 1016.74 1220.87 1393.91 1150.62 1270.74
1.287 1448.01 1650.71 847.844 1016.94 1221.09 1394.13 1150.87 1270.99
1.2915 1448.24 1650.95 848.054 1017.12 1221.29 1394.34 1151.11 1271.22
1.296 1448.46 1651.17 848.248 1017.29 1221.48 1394.53 1151.33 1271.43
1.3005 1448.67 1651.38 848.429 1017.45 1221.66 1394.71 1151.53 1271.63
1.305 1448.86 1651.57 848.596  1017.6 1221.82 1394.87 1151.72 1271.82
1.3095 1449.03 1651.75 848.752 1017.73 1221.97 1395.03 1151.89 1271.99
1.314 1449.19 1651.92 848.896 1017.86 1222.11 1395.17 1152.05 1272.15
1.3185 1449.34 1652.07 849.029 1017.97 1222.24  1395.3  1152.2  1272.3
1.323 1449.48 1652.21 849.153 1018.08 1222.36 1395.42 1152.34 1272.43
1.3275 1449.61 1652.34 849.266 1018.18 1222.47 1395.53 1152.47 1272.56
1.332 1449.73 1652.46 849.371 1018.27 1222.57 1395.64 1152.59 1272.68
1.3365 1449.84 1652.57 849.468 1018.35 1222.67 1395.73  1152.7 1272.78
1.341 1449.94 1652.68 849.558 1018.43 1222.76 1395.82  1152.8 1272.88
1.3455 1450.03 1652.77  849.64  1018.5 1222.83  1395.9 1152.89 1272.97
1.35 1450.12 1652.86 849.715 1018.57 1222.91 1395.98 1152.97 1273.06
1.3545 1450.19 1652.94 849.785 1018.63 1222.98 1396.04 1153.05 1273.13
1.359 1450.27 1653.01 849.848 1018.69 1223.04 1396.11 1153.12  1273.2
1.3635 1450.33 1653.08 849.907 1018.74 1223.09 1396.16 1153.19 1273.27
1.368 1450.39 1653.14  849.96 1018.78 1223.15 1396.22 1153.25 1273.33
1.3725 1450.45 1653.19 850.009 1018.83 1223.19 1396.27  1153.3 1273.38
1.377  1450.5 1653.25 850.053 1018.86 1223.24 1396.31 1153.35 1273.43
1.3815 1450.54 1653.29 850.094  1018.9 1223.28 1396.35  1153.4 1273.48
1.386 1450.58 1653.33 850.131 1018.93 1223.31 1396.39 1153.44 1273.52
1.3905 1450.62 1653.37 850.165 1018.96 1223.35 1396.42 1153.48 1273.55
1.395 1450.66 1653.41 850.196 1018.99 1223.38 1396.45 1153.51 1273.59
1.3995 1450.69 1653.44 850.224 1019.01  1223.4 1396.48 1153.54 1273.62
1.404 1450.72 1653.47  850.25 1019.04 1223.43  1396.5 1153.57 1273.65
1.4085 1450.74  1653.5 850.273 1019.06 1223.45 1396.52  1153.6 1273.67
1.413 1450.77 1653.52 850.293 1019.07 1223.47 1396.55 1153.62  1273.7
1.4175 1450.79 1653.54 850.312 1019.09 1223.49 1396.56 1153.64 1273.72
1.422 1450.81 1653.56 850.329  1019.1 1223.51 1396.58 1153.66 1273.74
1.4265 1450.82 1653.58 850.345 1019.12 1223.52  1396.6 1153.68 1273.75
1.431 1450.84  1653.6 850.359 1019.13 1223.53 1396.61 1153.69 1273.77
1.4355 1450.85 1653.61 850.371 1019.14 1223.55 1396.62 1153.71 1273.78
1.44 1450.87 1653.62 850.382 1019.15 1223.56 1396.63 1153.72 1273.79
1.4445 1450.88 1653.63 850.392 1019.16 1223.57 1396.64 1153.73 1273.81
1.449 1450.89 1653.64 850.402 1019.17 1223.58 1396.65 1153.74 1273.82
1.4535  1450.9 1653.65  850.41 1019.17 1223.58 1396.66 1153.75 1273.82
1.458  1450.9 1653.66 850.417 1019.18 1223.59 1396.67 1153.76 1273.83
1.4625 1450.91 1653.67 850.423 1019.19  1223.6 1396.67 1153.77 1273.84
1.467 1450.92 1653.68 850.429 1019.19  1223.6 1396.68 1153.77 1273.85
1.4715 1450.92 1653.68 850.434  1019.2 1223.61 1396.68 1153.78 1273.85
1.476 1450.93 1653.69 850.439  1019.2 1223.61 1396.69 1153.78 1273.86
1.4805 1450.93 1653.69 850.443  1019.2 1223.62 1396.69 1153.79 1273.86
1.485 1450.94  1653.7 850.446 1019.21 1223.62  1396.7 1153.79 1273.86
1.4895 1450.94  1653.7 850.449 1019.21 1223.62  1396.7  1153.8 1273.87
1.494 1450.94  1653.7 850.452 1019.21 1223.62  1396.7  1153.8 1273.87
1.4985 1450.95  1653.7 850.455 1019.21 1223.63  1396.7  1153.8 1273.87
1.503 1450.95 1653.71 850.457 1019.22 1223.63 1396.71  1153.8 1273.88
1.5075 1450.95 1653.71 850.459 1019.22 1223.63 1396.71 1153.81 1273.88
1.512 1450.95 1653.71  850.46 1019.22 1223.63 1396.71 1153.81 1273.88
1.5165 1450.96 1653.71 850.462 1019.22 1223.63 1396.71 1153.81 1273.88
1.521 1450.96 1653.71 850.463 1019.22 1223.63 1396.71 1153.81 1273.88
1.5255 1450.96 1653.72 850.464 1019.22 1223.64 1396.71 1153.81 1273.88
1.53 1450.96 1653.72 850.465 1019.22 1223.64 1396.71 1153.81 1273.89
1.5345 1450.96 1653.72 850.466 1019.22 1223.64 1396.71 1153.81 1273.89
1.539 1450.96 1653.72 850.467 1019.22 1223.64 1396.72 1153.82 1273.89
1.5435 1450.96 1653.72 850.467 1019.22 1223.64 1396.72 1153.82 1273.89
1.548 1450.96 1653.72 850.468 1019.23 1223.64 1396.72 1153.82 1273.89
1.5525 1450.96 1653.72 850.468 1019.23 1223.64 1396.72 1153.82 1273.89
1.557 1450.96 1653.72 850.468 1019.23 1223.64 1396.72 1153.82 1273.89
1.5615 1450.96 1653.72 850.469 1019.23 1223.64 1396.72 1153.82 1273.89
1.566 1450.96 1653.72 850.469 1019.23 1223.64 1396.72 1153.82 1273.89
1.5705 1450.96 1653.72 850.469 1019.23 1223.64 1396.72 1153.82 1273.89
1.575 1450.96 1653.72  850.47 1019.23 1223.64 1396.72 1153.82 1273.89
1.5795 1450.96 1653.72  850.47 1019.23 1223.64 1396.72 1153.82 1273.89
1.584 1450.96 1653.72  850.47 1019.23 1223.64 1396.72 1153.82 1273.89
1.5885 1450.96 1653.72  850.47 1019.23 1223.64 1396.72 1153.82 1273.89
1.593 1450.96 1653.72  850.47 1019.23 1223.64 1396.72 1153.82 1273.89
1.5975 1450.96 1653.72  850.47 1019.23 1223.64 1396.72 1153.82 1273.89
1.602 1450.96 1653.72  850.47 1019.23 1223.64 1396.72 1153.82 1273.89
1.6065 1450.96 1653.72  850.47 1019.23 1223.64 1396.72 1153.82 1273.89
1.611 1450.96 1653.72  850.47 1019.23 1223.64 1396.72 1153.82 1273.89
1.6155 1450.97 1653.72  850.47 1019.23 1223.64 1396.72 1153.82 1273.89
1.62 1450.97 1653.72  850.47 1019.23 1223.64 1396.72 1153.82 1273.89
1.6245 1450.97 1653.72  850.47 1019.23 1223.64 1396.72 1153.82 1273.89
1.629 1450.97 1653.72  850.47 1019.23 1223.64 1396.72 1153.82 1273.89
1.6335 1450.97 1653.72  850.47 1019.23 1223.64 1396.72 1153.82 1273.89
1.638 1450.97 1653.72  850.47 1019.23 1223.64 1396.72 1153.82 1273.89
1.6425 1450.97 1653.72  850.47 1019.23 1223.64 1396.72 1153.82 1273.89
1.647 1450.97 1653.72  850.47 1019.23 1223.64 1396.72 1153.82 1273.89
1.6515 1450.97 1653.72  850.47 1019.23 1223.64 1396.72 1153.82 1273.89
1.656 1450.97 1653.72  850.47 1019.23 1223.64 1396.72 1153.82 1273.89
1.6605 1450.97 1653.72  850.47 1019.23 1223.64 1396.72 1153.82 1273.89
1.665 1450.97 1653.72  850.47 1019.23 1223.64 1396.72 1153.82 1273.89
1.6695 1450.97 1653.72  850.47 1019.23 1223.64 1396.72 1153.82 1273.89
1.674 1450.97 1653.72  850.47 1019.23 1223.64 1396.72 1153.82 1273.89
1.6785 1450.97 1653.72  850.47 1019.23 1223.64 1396.72 1153.82 1273.89
1.683 1450.97 1653.72  850.47 1019.23 1223.64 1396.72 1153.82 1273.89
1.6875 1450.97 1653.72  850.47 1019.23 1223.64 1396.72 1153.82 1273.89
1.692 1450.97 1653.72  850.47 1019.23 1223.64 1396.72 1153.82 1273.89
1.6965 1450.97 1653.72  850.47 1019.23 1223.64 1396.72 1153.82 1273.89
1.701 1450.97 1653.72  850.47 1019.23 1223.64 1396.72 1153.82 1273.89
1.7055 1450.97 1653.72  850.47 1019.23 1223.64 1396.72 1153.82 1273.89
1.71 1450.97 1653.72  850.47 1019.23 1223.64 1396.72 1153.82 1273.89
1.7145 1450.97 1653.72  850.47 1019.23 1223.64 1396.72 1153.82 1273.89
1.719 1450.97 1653.72  850.47 1019.23 1223.64 1396.72 1153.82 1273.89
1.7235 1450.97 1653.72  850.47 1019.23 1223.64 1396.72 1153.82 1273.89
1.728 1450.97 1653.72  850.47 1019.23 1223.64 1396.72 1153.82 1273.89
1.7325 1450.97 1653.72  850.47 1019.23 1223.64 1396.72 1153.82 1273.89
1.737 1450.97 1653.72  850.47 1019.23 1223.64 1396.72 1153.82 1273.89
1.7415 1450.97 1653.72  850.47 1019.23 1223.64 1396.72 1153.82 1273.89
1.746 1450.97 1653.72  850.47 1019.23 1223.64 1396.72 1153.82 1273.89
1.7505 1450.97 1653.72  850.47 1019.23 1223.64 1396.72 1153.82 1273.89
1.755 1450.97 1653.72  850.47 1019.23 1223.64 1396.72 1153.82 1273.89
1.7595 1450.97 1653.72  850.47 1019.23 1223.64 1396.72 1153.82 1273.89
1.764 1450.97 1653.72  850.47 1019.23 1223.64 1396.72 1153.82 1273.89
1.7685 1450.97 1653.72  850.47 1019.23 1223.64 1396.72 1153.82 1273.89
1.773 1450.97 1653.72  850.47 1019.23 1223.64 1396.72 1153.82 1273.89
1.7775 1450.97 1653.72  850.47 1019.23 1223.64 1396.72 1153.82 1273.89
1.782 1450.97 1653.72  850.47 1019.23 1223.64 1396.72 1153.82 1273.89
1.7865 1450.97 1653.72  850.47 1019.23 1223.64 1396.72 1153.82 1273.89
1.791 1450.97 1653.72  850.47 1019.23 1223.64 1396.72 1153.82 1273.89
1.7955 1450.97 1653.72  850.47 1019.23 1223.64 1396.72 1153.82 1273.89
1.8 1450.97 1653.72  850.47 1019.23 1223.64 1396.72 1153.82 1273.89
1.8045 1450.97 1653.72  850.47 1019.23 1223.64 1396.72 1153.82 1273.89
1.809 1450.97 1653.72  850.47 1019.23 1223.64 1396.72 1153.82 1273.89
1.8135 1450.97 1653.72  850.47 1019.23 1223.64 1396.72 1153.82 1273.89
1.818 1450.97 1653.72  850.47 1019.23 1223.64 1396.72 1153.82 1273.89
1.8225 1450.97 1653.72  850.47 1019.23 1223.64 1396.72 1153.82 1273.89
1.827 1450.97 1653.72  850.47 1019.23 1223.64 1396.72 1153.82 1273.89
1.8315 1450.97 1653.72  850.47 1019.23 1223.64 1396.72 1153.82 1273.89
1.836 1450.97 1653.72  850.47 1019.23 1223.64 1396.72 1153.82 1273.89
1.8405 1450.97 1653.72  850.47 1019.23 1223.64 1396.72 1153.82 1273.89
1.845 1450.97 1653.72  850.47 1019.23 1223.64 1396.72 1153.82 1273.89
1.8495 1450.97 1653.72  850.47 1019.23 1223.64 1396.72 1153.82 1273.89
1.854 1450.97 1653.72  850.47 1019.23 1223.64 1396.72 1153.82 1273.89
1.8585 1450.97 1653.72  850.47 1019.23 1223.64 1396.72 1153.82 1273.89
1.863 1450.97 1653.72  850.47 1019.23 1223.64 1396.72 1153.82 1273.89
1.8675 1450.97 1653.72  850.47 1019.23 1223.64 1396.72 1153.82 1273.89
1.872 1450.97 1653.72  850.47 1019.23 1223.64 1396.72 1153.82 1273.89
1.8765 1450.97 1653.72  850.47 1019.23 1223.64 1396.72 1153.82 1273.89
1.881 1450.97 1653.72  850.47 1019.23 1223.64 1396.72 1153.82 1273.89
1.8855 1450.97 1653.72  850.47 1019.23 1223.64 1396.72 1153.82 1273.89
1.89 1450.97 1653.72  850.47 1019.23 1223.64 1396.72 1153.82 1273.89
1.8945 1450.97 1653.72  850.47 1019.23 1223.64 1396.72 1153.82 1273.89
1.899 1450.97 1653.72  850.47 1019.23 1223.64 1396.72 1153.82 1273.89
1.9035 1450.97 1653.72  850.47 1019.23 1223.64 1396.72 1153.82 1273.89
1.908 1450.97 1653.72  850.47 1019.23 1223.64 1396.72 1153.82 1273.89
1.9125 1450.97 1653.72  850.47 1019.23 1223.64 1396.72 1153.82 1273.89
1.917 1450.97 1653.72  850.47 1019.23 1223.64 1396.72 1153.82 1273.89
1.9215 1450.97 1653.72  850.47 1019.23 1223.64 1396.72 1153.82 1273.89
1.926 1450.97 1653.72  850.47 1019.23 1223.64 1396.72 1153.82 1273.89
1.9305 1450.97 1653.72  850.47 1019.23 1223.64 1396.72 1153.82 1273.89
1.935 1450.97 1653.72  850.47 1019.23 1223.64 1396.72 1153.82 1273.89
1.9395 1450.97 1653.72  850.47 1019.23 1223.64 1396.72 1153.82 1273.89
1.944 1450.97 1653.72  850.47 1019.23 1223.64 1396.72 1153.82 1273.89
1.9485 1450.97 1653.72  850.47 1019.23 1223.64 1396.72 1153.82 1273.89
1.953 1450.97 1653.72  850.47 1019.23 1223.64 1396.72 1153.82 1273.89
1.9575 1450.97 1653.72  850.47 1019.23 1223.64 1396.72 1153.82 1273.89
1.962 1450.97 1653.72  850.47 1019.23 1223.64 1396.72 1153.82 1273.89
1.9665 1450.97 1653.72  850.47 1019.23 1223.64 1396.72 1153.82 1273.89
1.971 1450.97 1653.72  850.47 1019.23 1223.64 1396.72 1153.82 1273.89
1.9755 1450.97 1653.72  850.47 1019.23 1223.64 1396.72 1153.82 1273.89
1.98 1450.97 1653.72  850.47 1019.23 1223.64 1396.72 1153.82 1273.89
1.9845 1450.97 1653.72  850.47 1019.23 1223.64 1396.72 1153.82 1273.89
1.989 1450.97 1653.72  850.47 1019.23 1223.64 1396.72 1153.82 1273.89
1.9935 1450.97 1653.72  850.47 1019.23 1223.64 1396.72 1153.82 1273.89
1.998 1450.97 1653.72  850.47 1019.23 1223.64 1396.72 1153.82 1273.89
2.0025 1450.97 1653.72  850.47 1019.23 1223.64 1396.72 1153.82 1273.89
2.007 1450.97 1653.72  850.47 1019.23 1223.64 1396.72 1153.82 1273.89
2.0115 1450.97 1653.72  850.47 1019.23 1223.64 1396.72 1153.82 1273.89
2.016 1450.97 1653.72  850.47 1019.23 1223.64 1396.72 1153.82 1273.89
2.0205 1450.97 1653.72  850.47 1019.23 1223.64 1396.72 1153.82 1273.89
2.025 1450.97 1653.72  850.47 1019.23 1223.64 1396.72 1153.82 1273.89
2.0295 1450.97 1653.72  850.47 1019.23 1223.64 1396.72 1153.82 1273.89
2.034 1450.97 1653.72  850.47 1019.23 1223.64 1396.72 1153.82 1273.89
2.0385 1450.97 1653.72  850.47 1019.23 1223.64 1396.72 1153.82 1273.89
2.043 1450.97 1653.72  850.47 1019.23 1223.64 1396.72 1153.82 1273.89
2.0475 1450.97 1653.72  850.47 1019.23 1223.64 1396.72 1153.82 1273.89
2.052 1450.97 1653.72  850.47 1019.23 1223.64 1396.72 1153.82 1273.89
2.0565 1450.97 1653.72  850.47 1019.23 1223.64 1396.72 1153.82 1273.89
2.061 1450.97 1653.72  850.47 1019.23 1223.64 1396.72 1153.82 1273.89
2.0655 1450.97 1653.72  850.47 1019.23 1223.64 1396.72 1153.82 1273.89
2.07 1450.97 1653.72  850.47 1019.23 1223.64 1396.72 1153.82 1273.89
2.0745 1450.97 1653.72  850.47 1019.23 1223.64 1396.72 1153.82 1273.89
2.079 1450.97 1653.72  850.47 1019.23 1223.64 1396.72 1153.82 1273.89
2.0835 1450.97 1653.72  850.47 1019.23 1223.64 1396.72 1153.82 1273.89
2.088 1450.97 1653.72  850.47 1019.23 1223.64 1396.72 1153.82 1273.89
2.0925 1450.97 1653.72  850.47 1019.23 1223.64 1396.72 1153.82 1273.89
2.097 1450.97 1653.72  850.47 1019.23 1223.64 1396.72 1153.82 1273.89
2.1015 1450.97 1653.72  850.47 1019.23 1223.64 1396.72 1153.82 1273.89
2.106 1450.97 1653.72  850.47 1019.23 1223.64 1396.72 1153.82 1273.89
2.1105 1450.97 1653.72  850.47 1019.23 1223.64 1396.72 1153.82 1273.89
2.115 1450.97 1653.72  850.47 1019.23 1223.64 1396.72 1153.82 1273.89
2.1195 1450.97 1653.72  850.47 1019.23 1223.64 1396.72 1153.82 1273.89
2.124 1450.97 1653.72  850.47 1019.23 1223.64 1396.72 1153.82 1273.89
2.1285 1450.97 1653.72  850.47 1019.23 1223.64 1396.72 1153.82 1273.89
2.133 1450.97 1653.72  850.47 1019.23 1223.64 1396.72 1153.82 1273.89
2.1375 1450.97 1653.72  850.47 1019.23 1223.64 1396.72 1153.82 1273.89
2.142 1450.97 1653.72  850.47 1019.23 1223.64 1396.72 1153.82 1273.89
2.1465 1450.97 1653.72  850.47 1019.23 1223.64 1396.72 1153.82 1273.89
2.151 1450.97 1653.72  850.47 1019.23 1223.64 1396.72 1153.82 1273.89
2.1555 1450.97 1653.72  850.47 1019.23 1223.64 1396.72 1153.82 1273.89
2.16 1450.97 1653.72  850.47 1019.23 1223.64 1396.72 1153.82 1273.89
2.1645 1450.97 1653.72  850.47 1019.23 1223.64 1396.72 1153.82 1273.89
2.169 1450.97 1653.72  850.47 1019.23 1223.64 1396.72 1153.82 1273.89
2.1735 1450.97 1653.72  850.47 1019.23 1223.64 1396.72 1153.82 1273.89
2.178 1450.97 1653.72  850.47 1019.23 1223.64 1396.72 1153.82 1273.89
2.1825 1450.97 1653.72  850.47 1019.23 1223.64 1396.72 1153.82 1273.89
2.187 1450.97 1653.72  850.47 1019.23 1223.64 1396.72 1153.82 1273.89
2.1915 1450.97 1653.72  850.47 1019.23 1223.64 1396.72 1153.82 1273.89
2.196 1450.97 1653.72  850.47 1019.23 1223.64 1396.72 1153.82 1273.89
2.2005 1450.97 1653.72  850.47 1019.23 1223.64 1396.72 1153.82 1273.89
2.205 1450.97 1653.72  850.47 1019.23 1223.64 1396.72 1153.82 1273.89
2.2095 1450.97 1653.72  850.47 1019.23 1223.64 1396.72 1153.82 1273.89
2.214 1450.97 1653.72  850.47 1019.23 1223.64 1396.72 1153.82 1273.89
2.2185 1450.97 1653.72  850.47 1019.23 1223.64 1396.72 1153.82 1273.89
2.223 1450.97 1653.72  850.47 1019.23 1223.64 1396.72 1153.82 1273.89
2.2275 1450.97 1653.72  850.47 1019.23 1223.64 1396.72 1153.82 1273.89
2.232 1450.97 1653.72  850.47 1019.23 1223.64 1396.72 1153.82 1273.89
2.2365 1450.97 1653.72  850.47 1019.23 1223.64 1396.72 1153.82 1273.89
2.241 1450.97 1653.72  850.47 1019.23 1223.64 1396.72 1153.82 1273.89
2.2455 1450.97 1653.72  850.47 1019.23 1223.64 1396.72 1153.82 1273.89
2.25 1450.97 1653.72  850.47 1019.23 1223.64 1396.72 1153.82 1273.89
2.2545 1450.97 1653.72  850.47 1019.23 1223.64 1396.72 1153.82 1273.89
2.259 1450.97 1653.72  850.47 1019.23 1223.64 1396.72 1153.82 1273.89
2.2635 1450.97 1653.72  850.47 1019.23 1223.64 1396.72 1153.82 1273.89
2.268 1450.97 1653.72  850.47 1019.23 1223.64 1396.72 1153.82 1273.89
2.2725 1450.97 1653.72  850.47 1019.23 1223.64 1396.72 1153.82 1273.89
2.277 1450.97 1653.72  850.47 1019.23 1223.64 1396.72 1153.82 1273.89
2.2815 1450.97 1653.72  850.47 1019.23 1223.64 1396.72 1153.82 1273.89
2.286 1450.97 1653.72  850.47 1019.23 1223.64 1396.72 1153.82 1273.89
2.2905 1450.97 1653.72  850.47 1019.23 1223.64 1396.72 1153.82 1273.89
2.295 1450.97 1653.72  850.47 1019.23 1223.64 1396.72 1153.82 1273.89
2.2995 1450.97 1653.72  850.47 1019.23 1223.64 1396.72 1153.82 1273.89
2.304 1450.97 1653.72  850.47 1019.23 1223.64 1396.72 1153.82 1273.89
2.3085 1450.97 1653.72  850.47 1019.23 1223.64 1396.72 1153.82 1273.89
2.313 1450.97 1653.72  850.47 1019.23 1223.64 1396.72 1153.82 1273.89
2.3175 1450.97 1653.72  850.47 1019.23 1223.64 1396.72 1153.82 1273.89
2.322 1450.97 1653.72  850.47 1019.23 1223.64 1396.72 1153.82 1273.89
2.3265 1450.97 1653.72  850.47 1019.23 1223.64 1396.72 1153.82 1273.89
2.331 1450.97 1653.72  850.47 1019.23 1223.64 1396.72 1153.82 1273.89
2.3355 1450.97 1653.72  850.47 1019.23 1223.64 1396.72 1153.82 1273.89
2.34 1450.97 1653.72  850.47 1019.23 1223.64 1396.72 1153.82 1273.89
2.3445 1450.97 1653.72  850.47 1019.23 1223.64 1396.72 1153.82 1273.89
2.349 1450.97 1653.72  850.47 1019.23 1223.64 1396.72 1153.82 1273.89
2.3535 1450.97 1653.72  850.47 1019.23 1223.64 1396.72 1153.82 1273.89
2.358 1450.97 1653.72  850.47 1019.23 1223.64 1396.72 1153.82 1273.89
2.3625 1450.97 1653.72  850.47 1019.23 1223.64 1396.72 1153.82 1273.89
2.367 1450.97 1653.72  850.47 1019.23 1223.64 1396.72 1153.82 1273.89
2.3715 1450.97 1653.72  850.47 1019.23 1223.64 1396.72 1153.82 1273.89
2.376 1450.97 1653.72  850.47 1019.23 1223.64 1396.72 1153.82 1273.89
2.3805 1450.97 1653.72  850.47 1019.23 1223.64 1396.72 1153.82 1273.89
2.385 1450.97 1653.72  850.47 1019.23 1223.64 1396.72 1153.82 1273.89
2.3895 1450.97 1653.72  850.47 1019.23 1223.64 1396.72 1153.82 1273.89
2.394 1450.97 1653.72  850.47 1019.23 1223.64 1396.72 1153.82 1273.89
2.3985 1450.97 1653.72  850.47 1019.23 1223.64 1396.72 1153.82 1273.89
2.403 1450.97 1653.72  850.47 1019.23 1223.64 1396.72 1153.82 1273.89
2.4075 1450.97 1653.72  850.47 1019.23 1223.64 1396.72 1153.82 1273.89
2.412 1450.97 1653.72  850.47 1019.23 1223.64 1396.72 1153.82 1273.89
2.4165 1450.97 1653.72  850.47 1019.23 1223.64 1396.72 1153.82 1273.89
2.421 1450.97 1653.72  850.47 1019.23 1223.64 1396.72 1153.82 1273.89
2.4255 1450.97 1653.72  850.47 1019.23 1223.64 1396.72 1153.82 1273.89
2.43 1450.97 1653.72  850.47 1019.23 1223.64 1396.72 1153.82 1273.89
2.4345 1450.97 1653.72  850.47 1019.23 1223.64 1396.72 1153.82 1273.89
2.439 1450.97 1653.72  850.47 1019.23 1223.64 1396.72 1153.82 1273.89
2.4435 1450.97 1653.72  850.47 1019.23 1223.64 1396.72 1153.82 1273.89
2.448 1450.97 1653.72  850.47 1019.23 1223.64 1396.72 1153.82 1273.89
2.4525 1450.97 1653.72  850.47 1019.23 1223.64 1396.72 1153.82 1273.89
2.457 1450.97 1653.72  850.47 1019.23 1223.64 1396.72 1153.82 1273.89
2.4615 1450.97 1653.72  850.47 1019.23 1223.64 1396.72 1153.82 1273.89
2.466 1450.97 1653.72  850.47 1019.23 1223.64 1396.72 1153.82 1273.89
2.4705 1450.97 1653.72  850.47 1019.23 1223.64 1396.72 1153.82 1273.89
2.475 1450.97 1653.72  850.47 1019.23 1223.64 1396.72 1153.82 1273.89
2.4795 1450.97 1653.72  850.47 1019.23 1223.64 1396.72 1153.82 1273.89
2.484 1450.97 1653.72  850.47 1019.23 1223.64 1396.72 1153.82 1273.89
2.4885 1450.97 1653.72  850.47 1019.23 1223.64 1396.72 1153.82 1273.89
2.493 1450.97 1653.72  850.47 1019.23 1223.64 1396.72 1153.82 1273.89
2.4975 1450.97 1653.72  850.47 1019.23 1223.64 1396.72 1153.82 1273.89
2.502 1450.97 1653.72  850.47 1019.23 1223.64 1396.72 1153.82 1273.89
2.5065 1450.97 1653.72  850.47 1019.23 1223.64 1396.72 1153.82 1273.89
2.511 1450.97 1653.72  850.47 1019.23 1223.64 1396.72 1153.82 1273.89
2.5155 1450.97 1653.72  850.47 1019.23 1223.64 1396.72 1153.82 1273.89
2.52 1450.97 1653.72  850.47 1019.23 1223.64 1396.72 1153.82 1273.89
2.5245 1450.97 1653.72  850.47 1019.23 1223.64 1396.72 1153.82 1273.89
2.529 1450.97 1653.72  850.47 1019.23 1223.64 1396.72 1153.82 1273.89
2.5335 1450.97 1653.72  850.47 1019.23 1223.64 1396.72 1153.82 1273.89
2.538 1450.97 1653.72  850.47 1019.23 1223.64 1396.72 1153.82 1273.89
