0 0
0 0
0 0
0 0
0 0
0 0
0 0
0 0
0 0
0 0
0 0
0 0
0 0
0 0
0 0
0 0
0 0
0 0
0 0
0 0
0 0
0 0
0 0
0 0
0 0
0 0
0.0001 5.0937e-07
0.0003 2.96989e-06
0.0006 6.66067e-06
0.001 1.15817e-05
0.0015 1.7733e-05
0.0021 2.51146e-05
0.0028 3.30289e-05
0.0036 4.30841e-05
0.0045 5.43963e-05
0.0055 6.62681e-05
0.0066 8.03882e-05
0.0078 9.5792e-05
0.0091 0.000112027
0.0105 0.000130374
0.012 0.000149641
0.0136 0.000170364
0.0153 0.00019356
0.0171 0.000217676
0.019 0.000243471
0.021 0.000271848
0.0231 0.000301403
0.0253 0.000332866
0.0276 0.000366326
0.03 0.000401869
0.0325 0.000439585
0.0351 0.000479562
0.0378 0.000521889
0.0406 0.000566657
0.0435 0.000613957
0.0465 0.000663881
0.0496 0.000715858
0.0528 0.000771512
0.0561 0.000830102
0.0595 0.000891078
0.063 0.000956135
0.0666 0.00102376
0.0703 0.00109581
0.0741 0.00117076
0.078 0.00125033
0.082 0.0013333
0.0861 0.00142047
0.0903 0.00151205
0.0946 0.00160826
0.099 0.00171007
0.1035 0.00181624
0.108 0.00192523
0.1125 0.00203644
0.117 0.00215126
0.1215 0.00226906
0.126 0.00238989
0.1305 0.0025138
0.135 0.00264085
0.1395 0.00277108
0.144 0.00290389
0.1485 0.00304081
0.153 0.0031811
0.1575 0.0033248
0.162 0.00347138
0.1665 0.00362232
0.171 0.00377687
0.1755 0.00393454
0.18 0.00409676
0.1845 0.00426216
0.189 0.00443236
0.1935 0.00460589
0.198 0.0047844
0.2025 0.00496647
0.207 0.00515362
0.2115 0.00534465
0.216 0.00554022
0.2205 0.00574123
0.225 0.00594646
0.2295 0.00615662
0.234 0.00637186
0.2385 0.00659232
0.243 0.00681816
0.2475 0.00705017
0.252 0.0072872
0.2565 0.00752944
0.261 0.00777832
0.2655 0.00803337
0.27 0.00829474
0.2745 0.00856261
0.279 0.00883659
0.2835 0.00911822
0.288 0.00940691
0.2925 0.00970248
0.297 0.0100062
0.3015 0.0103173
0.306 0.0106365
0.3105 0.0109642
0.315 0.0113012
0.3195 0.0116468
0.324 0.0120017
0.3285 0.0123664
0.333 0.0127407
0.3375 0.0131261
0.342 0.0135225
0.3465 0.0139298
0.351 0.0143495
0.3555 0.0147812
0.36 0.0152258
0.3645 0.015684
0.369 0.0161565
0.3735 0.0166438
0.378 0.0171462
0.3825 0.0176656
0.387 0.0182017
0.3915 0.018756
0.396 0.0193294
0.4005 0.019923
0.405 0.0205379
0.4095 0.0211749
0.414 0.0218358
0.4185 0.0225219
0.423 0.0232345
0.4275 0.0239756
0.432 0.0247472
0.4365 0.025551
0.441 0.0263888
0.4455 0.0272632
0.45 0.0281761
0.4545 0.0291305
0.459 0.0301289
0.4635 0.0311732
0.468 0.0322671
0.4725 0.0334122
0.477 0.0346108
0.4815 0.0358647
0.486 0.0371751
0.4905 0.0385421
0.495 0.0399645
0.4995 0.0414403
0.504 0.0429652
0.5085 0.0445339
0.513 0.0461395
0.5175 0.0477743
0.522 0.0494299
0.5265 0.0510981
0.531 0.0527714
0.5355 0.0544433
0.54 0.0561085
0.5445 0.0577631
0.549 0.0594044
0.5535 0.0610308
0.558 0.0626416
0.5625 0.0642369
0.567 0.065817
0.5715 0.067383
0.576 0.0689357
0.5805 0.0704766
0.585 0.0720067
0.5895 0.0735275
0.594 0.0750402
0.5985 0.0765459
0.603 0.0780458
0.6075 0.079541
0.612 0.0810324
0.6165 0.0825211
0.621 0.0840078
0.6255 0.0854934
0.63 0.0869785
0.6345 0.0884638
0.639 0.0899499
0.6435 0.0914374
0.648 0.0929269
0.6525 0.0944187
0.657 0.0959134
0.6615 0.0974115
0.666 0.0989132
0.6705 0.100419
0.675 0.10193
0.6795 0.103445
0.684 0.104965
0.6885 0.106492
0.693 0.108024
0.6975 0.109562
0.702 0.111107
0.7065 0.112659
0.711 0.114218
0.7155 0.115785
0.72 0.117359
0.7245 0.118942
0.729 0.120534
0.7335 0.122134
0.738 0.123744
0.7425 0.125364
0.747 0.126993
0.7515 0.128633
0.756 0.130283
0.7605 0.131944
0.765 0.133617
0.7695 0.135302
0.774 0.136999
0.7785 0.138709
0.783 0.140431
0.7875 0.142167
0.792 0.143917
0.7965 0.145682
0.801 0.147461
0.8055 0.149255
0.81 0.151065
0.8145 0.152892
0.819 0.154735
0.8235 0.156595
0.828 0.158473
0.8325 0.160369
0.837 0.162284
0.8415 0.164218
0.846 0.166172
0.8505 0.168147
0.855 0.170142
0.8595 0.172159
0.864 0.174199
0.8685 0.17626
0.873 0.178345
0.8775 0.180455
0.882 0.182588
0.8865 0.184747
0.891 0.186931
0.8955 0.189141
0.9 0.191378
0.9045 0.193643
0.909 0.195936
0.9135 0.198257
0.918 0.200607
0.9225 0.202987
0.927 0.205396
0.9315 0.207837
0.936 0.210308
0.9405 0.212811
0.945 0.215346
0.9495 0.217913
0.954 0.220513
0.9585 0.223146
0.963 0.225812
0.9675 0.228512
0.972 0.231245
0.9765 0.234013
0.981 0.236815
0.9855 0.239652
0.99 0.242522
0.9945 0.245428
0.999 0.248368
1.0035 0.251342
1.008 0.25435
1.0125 0.257393
1.017 0.26047
1.0215 0.263581
1.026 0.266725
1.0305 0.269904
1.035 0.273115
1.0395 0.276358
1.044 0.279635
1.0485 0.282943
1.053 0.286283
1.0575 0.289654
1.062 0.293055
1.0665 0.296487
1.071 0.299948
1.0755 0.303439
1.08 0.306958
1.0845 0.310506
1.089 0.31408
1.0935 0.317682
1.098 0.32131
1.1025 0.324963
1.107 0.328642
1.1115 0.332345
1.116 0.336072
1.1205 0.339823
1.125 0.343596
1.1295 0.347392
1.134 0.351209
1.1385 0.355047
1.143 0.358906
1.1475 0.362784
1.152 0.366682
1.1565 0.370598
1.161 0.374533
1.1655 0.378485
1.17 0.382455
1.1745 0.386441
1.179 0.390443
1.1835 0.394461
1.188 0.398494
1.1925 0.402542
1.197 0.406604
1.2015 0.41068
1.206 0.41477
1.2105 0.418872
1.215 0.422987
1.2195 0.427114
1.224 0.431253
1.2285 0.435403
1.233 0.439564
1.2375 0.443736
1.242 0.447919
1.2465 0.452111
1.251 0.456313
1.2555 0.460524
1.26 0.464745
1.2645 0.468974
1.269 0.473212
1.2735 0.477458
1.278 0.481711
1.2825 0.485973
1.287 0.490242
1.2915 0.494518
1.296 0.498801
1.3005 0.503091
1.305 0.507388
1.3095 0.51169
1.314 0.515999
1.3185 0.520314
1.323 0.524634
1.3275 0.52896
1.332 0.533292
1.3365 0.537628
1.341 0.54197
1.3455 0.546316
1.35 0.550668
1.3545 0.555023
1.359 0.559384
1.3635 0.563748
1.368 0.568117
1.3725 0.572489
1.377 0.576866
1.3815 0.581246
1.386 0.58563
1.3905 0.590017
1.395 0.594408
1.3995 0.598803
1.404 0.6032
1.4085 0.607601
1.413 0.612004
1.4175 0.616411
1.422 0.62082
1.4265 0.625233
1.431 0.629647
1.4355 0.634065
1.44 0.638485
1.4445 0.642908
1.449 0.647333
1.4535 0.65176
1.458 0.656189
1.4625 0.660621
1.467 0.665055
1.4715 0.669491
1.476 0.673928
1.4805 0.678368
1.485 0.68281
1.4895 0.687254
1.494 0.691699
1.4985 0.696146
1.503 0.700595
1.5075 0.705045
1.512 0.709497
1.5165 0.713951
1.521 0.718406
1.5255 0.722862
1.53 0.72732
1.5345 0.731779
1.539 0.73624
1.5435 0.740702
1.548 0.745165
1.5525 0.74963
1.557 0.754095
1.5615 0.758562
1.566 0.76303
1.5705 0.767499
1.575 0.77197
1.5795 0.776441
1.584 0.780913
1.5885 0.785387
1.593 0.789861
1.5975 0.794336
1.602 0.798812
1.6065 0.803289
1.611 0.807767
1.6155 0.812246
1.62 0.816726
1.6245 0.821207
1.629 0.825688
1.6335 0.83017
1.638 0.834653
1.6425 0.839137
1.647 0.843621
1.6515 0.848106
1.656 0.852592
1.6605 0.857078
1.665 0.861566
1.6695 0.866053
1.674 0.870542
1.6785 0.875031
1.683 0.879521
1.6875 0.884011
1.692 0.888502
1.6965 0.892994
1.701 0.897486
1.7055 0.901978
1.71 0.906472
1.7145 0.910965
1.719 0.91546
1.7235 0.919954
1.728 0.92445
1.7325 0.928945
1.737 0.933442
1.7415 0.937938
1.746 0.942436
1.7505 0.946933
1.755 0.951431
1.7595 0.95593
1.764 0.960428
1.7685 0.964927
1.773 0.969427
1.7775 0.973926
1.782 0.978426
1.7865 0.982926
1.791 0.987426
1.7955 0.991926
1.8 0.996426
1.8045 1
1.809 1
1.8135 1
1.818 1
1.8225 1
1.827 1
1.8315 1
1.836 1
1.8405 1
1.845 1
1.8495 1
1.854 1
1.8585 1
1.863 1
1.8675 1
1.872 1
1.8765 1
1.881 1
1.8855 1
1.89 1
1.8945 1
1.899 1
1.9035 1
1.908 1
1.9125 1
1.917 1
1.9215 1
1.926 1
1.9305 1
1.935 1
1.9395 1
1.944 1
1.9485 1
1.953 1
1.9575 1
1.962 1
1.9665 1
1.971 1
1.9755 1
1.98 1
1.9845 1
1.989 1
1.9935 1
1.998 1
2.0025 1
2.007 1
2.0115 1
2.016 1
2.0205 1
2.025 1
2.0295 1
2.034 1
2.0385 1
2.043 1
2.0475 1
2.052 1
2.0565 1
2.061 1
2.0655 1
2.07 1
2.0745 1
2.079 1
2.0835 1
2.088 1
2.0925 1
2.097 1
2.1015 1
2.106 1
2.1105 1
2.115 1
2.1195 1
2.124 1
2.1285 1
2.133 1
2.1375 1
2.142 1
2.1465 1
2.151 1
2.1555 1
2.16 1
2.1645 1
2.169 1
2.1735 1
2.178 1
2.1825 1
2.187 1
2.1915 1
2.196 1
2.2005 1
2.205 1
2.2095 1
2.214 1
2.2185 1
2.223 1
2.2275 1
2.232 1
2.2365 1
2.241 1
2.2455 1
2.25 1
2.2545 1
2.259 1
2.2635 1
2.268 1
2.2725 1
2.277 1
2.2815 1
2.286 1
2.2905 1
2.295 1
2.2995 1
2.304 1
2.3085 1
2.313 1
2.3175 1
2.322 1
2.3265 1
2.331 1
2.3355 1
2.34 1
2.3445 1
2.349 1
2.3535 1
2.358 1
2.3625 1
2.367 1
2.3715 1
2.376 1
2.3805 1
2.385 1
2.3895 1
2.394 1
2.3985 1
2.403 1
2.4075 1
2.412 1
2.4165 1
2.421 1
2.4255 1
2.43 1
2.4345 1
2.439 1
2.4435 1
2.448 1
2.4525 1
2.457 1
2.4615 1
2.466 1
2.4705 1
2.475 1
2.4795 1
2.484 1
2.4885 1
2.493 1
2.4975 1
2.502 1
2.5065 1
2.511 1
2.5155 1
2.52 1
2.5245 1
2.529 1
2.5335 1
