0     850  1019.8 1473.94 1673.33 1167.26 1280.63 1237.94 1414.21
0     850  1019.8 1473.94 1673.33 1167.26 1280.63 1237.94 1414.21
0     850  1019.8 1473.94 1673.33 1167.26 1280.63 1237.94 1414.21
0     850  1019.8 1473.94 1673.33 1167.26 1280.63 1237.94 1414.21
0     850  1019.8 1473.94 1673.33 1167.26 1280.63 1237.94 1414.21
0     850  1019.8 1473.94 1673.33 1167.26 1280.63 1237.94 1414.21
0     850  1019.8 1473.94 1673.33 1167.26 1280.63 1237.94 1414.21
0     850  1019.8 1473.94 1673.33 1167.26 1280.63 1237.94 1414.21
0     850  1019.8 1473.94 1673.33 1167.26 1280.63 1237.94 1414.21
0     850  1019.8 1473.94 1673.33 1167.26 1280.63 1237.94 1414.21
0     850  1019.8 1473.94 1673.33 1167.26 1280.63 1237.94 1414.21
0     850  1019.8 1473.94 1673.33 1167.26 1280.63 1237.94 1414.21
0     850  1019.8 1473.94 1673.33 1167.26 1280.63 1237.94 1414.21
0     850  1019.8 1473.94 1673.33 1167.26 1280.63 1237.94 1414.21
0     850  1019.8 1473.94 1673.33 1167.26 1280.63 1237.94 1414.21
0     850  1019.8 1473.94 1673.33 1167.26 1280.63 1237.94 1414.21
0     850  1019.8 1473.94 1673.33 1167.26 1280.63 1237.94 1414.21
0     850  1019.8 1473.94 1673.33 1167.26 1280.63 1237.94 1414.21
0     850  1019.8 1473.94 1673.33 1167.26 1280.63 1237.94 1414.21
0     850  1019.8 1473.94 1673.33 1167.26 1280.63 1237.94 1414.21
0     850  1019.8 1473.94 1673.33 1167.26 1280.63 1237.94 1414.21
0     850  1019.8 1473.94 1673.33 1167.26 1280.63 1237.94 1414.21
0     850  1019.8 1473.94 1673.33 1167.26 1280.63 1237.94 1414.21
0     850  1019.8 1473.94 1673.33 1167.26 1280.63 1237.94 1414.21
0     850  1019.8 1473.94 1673.33 1167.26 1280.63 1237.94 1414.21
0     850  1019.8 1473.94 1673.33 1167.26 1280.63 1237.94 1414.21
0     850  1019.8 1473.94 1673.33 1167.26 1280.63 1237.94 1414.21
0     850  1019.8 1473.94 1673.33 1167.26 1280.63 1237.94 1414.21
0     850  1019.8 1473.94 1673.33 1167.26 1280.63 1237.94 1414.21
0     850  1019.8 1473.94 1673.33 1167.26 1280.63 1237.94 1414.21
0     850  1019.8 1473.94 1673.33 1167.26 1280.63 1237.94 1414.21
0     850  1019.8 1473.94 1673.33 1167.26 1280.63 1237.94 1414.21
0     850  1019.8 1473.94 1673.33 1167.26 1280.63 1237.94 1414.21
0     850  1019.8 1473.94 1673.33 1167.26 1280.63 1237.94 1414.21
0     850  1019.8 1473.94 1673.33 1167.26 1280.63 1237.94 1414.21
0     850  1019.8 1473.94 1673.33 1167.26 1280.63 1237.94 1414.21
0     850  1019.8 1473.94 1673.33 1167.26 1280.63 1237.94 1414.21
0     850  1019.8 1473.94 1673.33 1167.26 1280.63 1237.94 1414.21
0     850  1019.8 1473.94 1673.33 1167.26 1280.63 1237.94 1414.21
0     850  1019.8 1473.94 1673.33 1167.26 1280.63 1237.94 1414.21
0     850  1019.8 1473.94 1673.33 1167.26 1280.63 1237.94 1414.21
0     850  1019.8 1473.94 1673.33 1167.26 1280.63 1237.94 1414.21
0     850  1019.8 1473.94 1673.33 1167.26 1280.63 1237.94 1414.21
0     850  1019.8 1473.94 1673.33 1167.26 1280.63 1237.94 1414.21
0     850  1019.8 1473.94 1673.33 1167.26 1280.63 1237.94 1414.21
0     850  1019.8 1473.94 1673.33 1167.26 1280.63 1237.94 1414.21
0     850  1019.8 1473.94 1673.33 1167.26 1280.63 1237.94 1414.21
0     850  1019.8 1473.94 1673.33 1167.26 1280.63 1237.94 1414.21
0     850  1019.8 1473.94 1673.33 1167.26 1280.63 1237.94 1414.21
0     850  1019.8 1473.94 1673.33 1167.26 1280.63 1237.94 1414.21
0     850  1019.8 1473.94 1673.33 1167.26 1280.63 1237.94 1414.21
0     850  1019.8 1473.94 1673.33 1167.26 1280.63 1237.94 1414.21
0     850  1019.8 1473.94 1673.33 1167.26 1280.63 1237.94 1414.21
0     850  1019.8 1473.94 1673.33 1167.26 1280.63 1237.94 1414.21
0     850  1019.8 1473.94 1673.33 1167.26 1280.63 1237.94 1414.21
0     850  1019.8 1473.94 1673.33 1167.26 1280.63 1237.94 1414.21
0     850  1019.8 1473.94 1673.33 1167.26 1280.63 1237.94 1414.21
0     850  1019.8 1473.94 1673.33 1167.26 1280.63 1237.94 1414.21
0     850  1019.8 1473.94 1673.33 1167.26 1280.63 1237.94 1414.21
0     850  1019.8 1473.94 1673.33 1167.26 1280.63 1237.94 1414.21
0     850  1019.8 1473.94 1673.33 1167.26 1280.63 1237.94 1414.21
0     850  1019.8 1473.94 1673.33 1167.26 1280.63 1237.94 1414.21
0     850  1019.8 1473.94 1673.33 1167.26 1280.63 1237.94 1414.21
0     850  1019.8 1473.94 1673.33 1167.26 1280.63 1237.94 1414.21
0     850  1019.8 1473.94 1673.33 1167.26 1280.63 1237.94 1414.21
0     850  1019.8 1473.94 1673.33 1167.26 1280.63 1237.94 1414.21
0     850  1019.8 1473.94 1673.33 1167.26 1280.63 1237.94 1414.21
0     850  1019.8 1473.94 1673.33 1167.26 1280.63 1237.94 1414.21
0     850  1019.8 1473.94 1673.33 1167.26 1280.63 1237.94 1414.21
0     850  1019.8 1473.94 1673.33 1167.26 1280.63 1237.94 1414.21
0     850  1019.8 1473.94 1673.33 1167.26 1280.63 1237.94 1414.21
0     850  1019.8 1473.94 1673.33 1167.26 1280.63 1237.94 1414.21
0     850  1019.8 1473.94 1673.33 1167.26 1280.63 1237.94 1414.21
0     850  1019.8 1473.94 1673.33 1167.26 1280.63 1237.94 1414.21
0     850  1019.8 1473.94 1673.33 1167.26 1280.63 1237.94 1414.21
0     850  1019.8 1473.94 1673.33 1167.26 1280.63 1237.94 1414.21
0     850  1019.8 1473.94 1673.33 1167.26 1280.63 1237.94 1414.21
0     850  1019.8 1473.94 1673.33 1167.26 1280.63 1237.94 1414.21
0     850  1019.8 1473.94 1673.33 1167.26 1280.63 1237.94 1414.21
0     850  1019.8 1473.94 1673.33 1167.26 1280.63 1237.94 1414.21
0     850  1019.8 1473.94 1673.33 1167.26 1280.63 1237.94 1414.21
0     850  1019.8 1473.94 1673.33 1167.26 1280.63 1237.94 1414.21
0     850  1019.8 1473.94 1673.33 1167.26 1280.63 1237.94 1414.21
0     850  1019.8 1473.94 1673.33 1167.26 1280.63 1237.94 1414.21
0     850  1019.8 1473.94 1673.33 1167.26 1280.63 1237.94 1414.21
0     850  1019.8 1473.94 1673.33 1167.26 1280.63 1237.94 1414.21
0     850  1019.8 1473.94 1673.33 1167.26 1280.63 1237.94 1414.21
0     850  1019.8 1473.94 1673.33 1167.26 1280.63 1237.94 1414.21
0     850  1019.8 1473.94 1673.33 1167.26 1280.63 1237.94 1414.21
0     850  1019.8 1473.94 1673.33 1167.26 1280.63 1237.94 1414.21
0     850  1019.8 1473.94 1673.33 1167.26 1280.63 1237.94 1414.21
0     850  1019.8 1473.94 1673.33 1167.26 1280.63 1237.94 1414.21
0     850  1019.8 1473.94 1673.33 1167.26 1280.63 1237.94 1414.21
0     850  1019.8 1473.94 1673.33 1167.26 1280.63 1237.94 1414.21
0     850  1019.8 1473.94 1673.33 1167.26 1280.63 1237.94 1414.21
0     850  1019.8 1473.94 1673.33 1167.26 1280.63 1237.94 1414.21
0     850  1019.8 1473.94 1673.33 1167.26 1280.63 1237.94 1414.21
0     850  1019.8 1473.94 1673.33 1167.26 1280.63 1237.94 1414.21
0     850  1019.8 1473.94 1673.33 1167.26 1280.63 1237.94 1414.21
0     850  1019.8 1473.94 1673.33 1167.26 1280.63 1237.94 1414.21
0     850  1019.8 1473.94 1673.33 1167.26 1280.63 1237.94 1414.21
0     850  1019.8 1473.94 1673.33 1167.26 1280.63 1237.94 1414.21
0     850  1019.8 1473.94 1673.33 1167.26 1280.63 1237.94 1414.21
0     850  1019.8 1473.94 1673.33 1167.26 1280.63 1237.94 1414.21
0     850  1019.8 1473.94 1673.33 1167.26 1280.63 1237.94 1414.21
0     850  1019.8 1473.94 1673.33 1167.26 1280.63 1237.94 1414.21
0     850  1019.8 1473.94 1673.33 1167.26 1280.63 1237.94 1414.21
0     850  1019.8 1473.94 1673.33 1167.26 1280.63 1237.94 1414.21
0     850  1019.8 1473.94 1673.33 1167.26 1280.63 1237.94 1414.21
0     850  1019.8 1473.94 1673.33 1167.26 1280.63 1237.94 1414.21
0     850  1019.8 1473.94 1673.33 1167.26 1280.63 1237.94 1414.21
0     850  1019.8 1473.94 1673.33 1167.26 1280.63 1237.94 1414.21
0     850  1019.8 1473.94 1673.33 1167.26 1280.63 1237.94 1414.21
0     850  1019.8 1473.94 1673.33 1167.26 1280.63 1237.94 1414.21
0     850  1019.8 1473.94 1673.33 1167.26 1280.63 1237.94 1414.21
0     850  1019.8 1473.94 1673.33 1167.26 1280.63 1237.94 1414.21
0     850  1019.8 1473.94 1673.33 1167.26 1280.63 1237.94 1414.21
0     850  1019.8 1473.94 1673.33 1167.26 1280.63 1237.94 1414.21
0     850  1019.8 1473.94 1673.33 1167.26 1280.63 1237.94 1414.21
0     850  1019.8 1473.94 1673.33 1167.26 1280.63 1237.94 1414.21
0     850  1019.8 1473.94 1673.33 1167.26 1280.63 1237.94 1414.21
0     850  1019.8 1473.94 1673.33 1167.26 1280.63 1237.94 1414.21
0     850  1019.8 1473.94 1673.33 1167.26 1280.63 1237.94 1414.21
0     850  1019.8 1473.94 1673.33 1167.26 1280.63 1237.94 1414.21
0     850  1019.8 1473.94 1673.33 1167.26 1280.63 1237.94 1414.21
0     850  1019.8 1473.94 1673.33 1167.26 1280.63 1237.94 1414.21
0     850  1019.8 1473.94 1673.33 1167.26 1280.63 1237.94 1414.21
0     850  1019.8 1473.94 1673.33 1167.26 1280.63 1237.94 1414.21
0     850  1019.8 1473.94 1673.33 1167.26 1280.63 1237.94 1414.21
0     850  1019.8 1473.94 1673.33 1167.26 1280.63 1237.94 1414.21
0     850  1019.8 1473.94 1673.33 1167.26 1280.63 1237.94 1414.21
0     850  1019.8 1473.94 1673.33 1167.26 1280.63 1237.94 1414.21
0     850  1019.8 1473.94 1673.33 1167.26 1280.63 1237.94 1414.21
0     850  1019.8 1473.94 1673.33 1167.26 1280.63 1237.94 1414.21
0     850  1019.8 1473.94 1673.33 1167.26 1280.63 1237.94 1414.21
0     850  1019.8 1473.94 1673.33 1167.26 1280.63 1237.94 1414.21
0     850  1019.8 1473.94 1673.33 1167.26 1280.63 1237.94 1414.21
0     850  1019.8 1473.94 1673.33 1167.26 1280.63 1237.94 1414.21
0     850  1019.8 1473.94 1673.33 1167.26 1280.63 1237.94 1414.21
0     850  1019.8 1473.94 1673.33 1167.26 1280.63 1237.94 1414.21
0     850  1019.8 1473.94 1673.33 1167.26 1280.63 1237.94 1414.21
0     850  1019.8 1473.94 1673.33 1167.26 1280.63 1237.94 1414.21
0     850  1019.8 1473.94 1673.33 1167.26 1280.63 1237.94 1414.21
0     850  1019.8 1473.94 1673.33 1167.26 1280.63 1237.94 1414.21
0     850  1019.8 1473.94 1673.33 1167.26 1280.63 1237.94 1414.21
0     850  1019.8 1473.94 1673.33 1167.26 1280.63 1237.94 1414.21
0     850  1019.8 1473.94 1673.33 1167.26 1280.63 1237.94 1414.21
0     850  1019.8 1473.94 1673.33 1167.26 1280.63 1237.94 1414.21
0     850  1019.8 1473.94 1673.33 1167.26 1280.63 1237.94 1414.21
0     850  1019.8 1473.94 1673.33 1167.26 1280.63 1237.94 1414.21
0     850  1019.8 1473.94 1673.33 1167.26 1280.63 1237.94 1414.21
0     850  1019.8 1473.94 1673.33 1167.26 1280.63 1237.94 1414.21
0     850  1019.8 1473.94 1673.33 1167.26 1280.63 1237.94 1414.21
0     850  1019.8 1473.94 1673.33 1167.26 1280.63 1237.94 1414.21
0     850  1019.8 1473.94 1673.33 1167.26 1280.63 1237.94 1414.21
0     850  1019.8 1473.94 1673.33 1167.26 1280.63 1237.94 1414.21
0     850  1019.8 1473.94 1673.33 1167.26 1280.63 1237.94 1414.21
0     850  1019.8 1473.94 1673.33 1167.26 1280.63 1237.94 1414.21
0     850  1019.8 1473.94 1673.33 1167.26 1280.63 1237.94 1414.21
0     850  1019.8 1473.94 1673.33 1167.26 1280.63 1237.94 1414.21
0     850  1019.8 1473.94 1673.33 1167.26 1280.63 1237.94 1414.21
0     850  1019.8 1473.94 1673.33 1167.26 1280.63 1237.94 1414.21
0     850  1019.8 1473.94 1673.33 1167.26 1280.63 1237.94 1414.21
0     850  1019.8 1473.94 1673.33 1167.26 1280.63 1237.94 1414.21
0     850  1019.8 1473.94 1673.33 1167.26 1280.63 1237.94 1414.21
0     850  1019.8 1473.94 1673.33 1167.26 1280.63 1237.94 1414.21
0     850  1019.8 1473.94 1673.33 1167.26 1280.63 1237.94 1414.21
0     850  1019.8 1473.94 1673.33 1167.26 1280.63 1237.94 1414.21
0     850  1019.8 1473.94 1673.33 1167.26 1280.63 1237.94 1414.21
0     850  1019.8 1473.94 1673.33 1167.26 1280.63 1237.94 1414.21
0     850  1019.8 1473.94 1673.33 1167.26 1280.63 1237.94 1414.21
0     850  1019.8 1473.94 1673.33 1167.26 1280.63 1237.94 1414.21
0     850  1019.8 1473.94 1673.33 1167.26 1280.63 1237.94 1414.21
0     850  1019.8 1473.94 1673.33 1167.26 1280.63 1237.94 1414.21
0     850  1019.8 1473.94 1673.33 1167.26 1280.63 1237.94 1414.21
0     850  1019.8 1473.94 1673.33 1167.26 1280.63 1237.94 1414.21
0     850  1019.8 1473.94 1673.33 1167.26 1280.63 1237.94 1414.21
0     850  1019.8 1473.94 1673.33 1167.26 1280.63 1237.94 1414.21
0     850  1019.8 1473.94 1673.33 1167.26 1280.63 1237.94 1414.21
0     850  1019.8 1473.94 1673.33 1167.26 1280.63 1237.94 1414.21
0     850  1019.8 1473.94 1673.33 1167.26 1280.63 1237.94 1414.21
0     850  1019.8 1473.94 1673.33 1167.26 1280.63 1237.94 1414.21
0     850  1019.8 1473.94 1673.33 1167.26 1280.63 1237.94 1414.21
0     850  1019.8 1473.94 1673.33 1167.26 1280.63 1237.94 1414.21
0     850  1019.8 1473.94 1673.33 1167.26 1280.63 1237.94 1414.21
0     850  1019.8 1473.94 1673.33 1167.26 1280.63 1237.94 1414.21
0     850  1019.8 1473.94 1673.33 1167.26 1280.63 1237.94 1414.21
0     850  1019.8 1473.94 1673.33 1167.26 1280.63 1237.94 1414.21
0     850  1019.8 1473.94 1673.33 1167.26 1280.63 1237.94 1414.21
0     850  1019.8 1473.94 1673.33 1167.26 1280.63 1237.94 1414.21
0     850  1019.8 1473.94 1673.33 1167.26 1280.63 1237.94 1414.21
0     850  1019.8 1473.94 1673.33 1167.26 1280.63 1237.94 1414.21
0     850  1019.8 1473.94 1673.33 1167.26 1280.63 1237.94 1414.21
0     850  1019.8 1473.94 1673.33 1167.26 1280.63 1237.94 1414.21
0     850  1019.8 1473.94 1673.33 1167.26 1280.63 1237.94 1414.21
0     850  1019.8 1473.94 1673.33 1167.26 1280.63 1237.94 1414.21
0     850  1019.8 1473.94 1673.33 1167.26 1280.63 1237.94 1414.21
0     850  1019.8 1473.94 1673.33 1167.26 1280.63 1237.94 1414.21
0     850  1019.8 1473.94 1673.33 1167.26 1280.63 1237.94 1414.21
0     850  1019.8 1473.94 1673.33 1167.26 1280.63 1237.94 1414.21
0     850  1019.8 1473.94 1673.33 1167.26 1280.63 1237.94 1414.21
0     850  1019.8 1473.94 1673.33 1167.26 1280.63 1237.94 1414.21
0     850  1019.8 1473.94 1673.33 1167.26 1280.63 1237.94 1414.21
0     850  1019.8 1473.94 1673.33 1167.26 1280.63 1237.94 1414.21
0     850  1019.8 1473.94 1673.33 1167.26 1280.63 1237.94 1414.21
0     850  1019.8 1473.94 1673.33 1167.26 1280.63 1237.94 1414.21
0     850  1019.8 1473.94 1673.33 1167.26 1280.63 1237.94 1414.21
0     850  1019.8 1473.94 1673.33 1167.26 1280.63 1237.94 1414.21
0     850  1019.8 1473.94 1673.33 1167.26 1280.63 1237.94 1414.21
0     850  1019.8 1473.94 1673.33 1167.26 1280.63 1237.94 1414.21
0     850  1019.8 1473.94 1673.33 1167.26 1280.63 1237.94 1414.21
0     850  1019.8 1473.94 1673.33 1167.26 1280.63 1237.94 1414.21
0     850  1019.8 1473.94 1673.33 1167.26 1280.63 1237.94 1414.21
0     850  1019.8 1473.94 1673.33 1167.26 1280.63 1237.94 1414.21
0     850  1019.8 1473.94 1673.33 1167.26 1280.63 1237.94 1414.21
0     850  1019.8 1473.94 1673.33 1167.26 1280.63 1237.94 1414.21
0     850  1019.8 1473.94 1673.33 1167.26 1280.63 1237.94 1414.21
0     850  1019.8 1473.94 1673.33 1167.26 1280.63 1237.94 1414.21
0     850  1019.8 1473.94 1673.33 1167.26 1280.63 1237.94 1414.21
0     850  1019.8 1473.94 1673.33 1167.26 1280.63 1237.94 1414.21
0     850  1019.8 1473.94 1673.33 1167.26 1280.63 1237.94 1414.21
0     850  1019.8 1473.94 1673.33 1167.26 1280.63 1237.94 1414.21
0     850  1019.8 1473.94 1673.33 1167.26 1280.63 1237.94 1414.21
0     850  1019.8 1473.94 1673.33 1167.26 1280.63 1237.94 1414.21
0     850  1019.8 1473.94 1673.33 1167.26 1280.63 1237.94 1414.21
0     850  1019.8 1473.94 1673.33 1167.26 1280.63 1237.94 1414.21
0     850  1019.8 1473.94 1673.33 1167.26 1280.63 1237.94 1414.21
0     850  1019.8 1473.94 1673.33 1167.26 1280.63 1237.94 1414.21
0     850  1019.8 1473.94 1673.33 1167.26 1280.63 1237.94 1414.21
0     850  1019.8 1473.94 1673.33 1167.26 1280.63 1237.94 1414.21
0     850  1019.8 1473.94 1673.33 1167.26 1280.63 1237.94 1414.21
0     850  1019.8 1473.94 1673.33 1167.26 1280.63 1237.94 1414.21
0     850  1019.8 1473.94 1673.33 1167.26 1280.63 1237.94 1414.21
0     850  1019.8 1473.94 1673.33 1167.26 1280.63 1237.94 1414.21
0     850  1019.8 1473.94 1673.33 1167.26 1280.63 1237.94 1414.21
0     850  1019.8 1473.94 1673.33 1167.26 1280.63 1237.94 1414.21
0     850  1019.8 1473.94 1673.33 1167.26 1280.63 1237.94 1414.21
0     850  1019.8 1473.94 1673.33 1167.26 1280.63 1237.94 1414.21
0     850  1019.8 1473.94 1673.33 1167.26 1280.63 1237.94 1414.21
0     850  1019.8 1473.94 1673.33 1167.26 1280.63 1237.94 1414.21
0     850  1019.8 1473.94 1673.33 1167.26 1280.63 1237.94 1414.21
0     850  1019.8 1473.94 1673.33 1167.26 1280.63 1237.94 1414.21
0     850  1019.8 1473.94 1673.33 1167.26 1280.63 1237.94 1414.21
0     850  1019.8 1473.94 1673.33 1167.26 1280.63 1237.94 1414.21
0     850  1019.8 1473.94 1673.33 1167.26 1280.63 1237.94 1414.21
0     850  1019.8 1473.94 1673.33 1167.26 1280.63 1237.94 1414.21
0     850  1019.8 1473.94 1673.33 1167.26 1280.63 1237.94 1414.21
0     850  1019.8 1473.94 1673.33 1167.26 1280.63 1237.94 1414.21
0     850  1019.8 1473.94 1673.33 1167.26 1280.63 1237.94 1414.21
0     850  1019.8 1473.94 1673.33 1167.26 1280.63 1237.94 1414.21
0     850  1019.8 1473.94 1673.33 1167.26 1280.63 1237.94 1414.21
0     850  1019.8 1473.94 1673.33 1167.26 1280.63 1237.94 1414.21
0     850  1019.8 1473.94 1673.33 1167.26 1280.63 1237.94 1414.21
0     850  1019.8 1473.94 1673.33 1167.26 1280.63 1237.94 1414.21
0     850  1019.8 1473.94 1673.33 1167.26 1280.63 1237.94 1414.21
0     850  1019.8 1473.94 1673.33 1167.26 1280.63 1237.94 1414.21
0     850  1019.8 1473.94 1673.33 1167.26 1280.63 1237.94 1414.21
0     850  1019.8 1473.94 1673.33 1167.26 1280.63 1237.94 1414.21
0     850  1019.8 1473.94 1673.33 1167.26 1280.63 1237.94 1414.21
0     850  1019.8 1473.94 1673.33 1167.26 1280.63 1237.94 1414.21
0     850  1019.8 1473.94 1673.33 1167.26 1280.63 1237.94 1414.21
0     850  1019.8 1473.94 1673.33 1167.26 1280.63 1237.94 1414.21
0     850  1019.8 1473.94 1673.33 1167.26 1280.63 1237.94 1414.21
0     850  1019.8 1473.94 1673.33 1167.26 1280.63 1237.94 1414.21
0     850  1019.8 1473.94 1673.33 1167.26 1280.63 1237.94 1414.21
0     850  1019.8 1473.94 1673.33 1167.26 1280.63 1237.94 1414.21
0     850  1019.8 1473.94 1673.33 1167.26 1280.63 1237.94 1414.21
0     850  1019.8 1473.94 1673.33 1167.26 1280.63 1237.94 1414.21
0     850  1019.8 1473.94 1673.33 1167.26 1280.63 1237.94 1414.21
0     850  1019.8 1473.94 1673.33 1167.26 1280.63 1237.94 1414.21
0     850  1019.8 1473.94 1673.33 1167.26 1280.63 1237.94 1414.21
0     850  1019.8 1473.94 1673.33 1167.26 1280.63 1237.94 1414.21
0     850  1019.8 1473.94 1673.33 1167.26 1280.63 1237.94 1414.21
0     850  1019.8 1473.94 1673.33 1167.26 1280.63 1237.94 1414.21
0     850  1019.8 1473.94 1673.33 1167.26 1280.63 1237.94 1414.21
0     850  1019.8 1473.94 1673.33 1167.26 1280.63 1237.94 1414.21
0     850  1019.8 1473.94 1673.33 1167.26 1280.63 1237.94 1414.21
0     850  1019.8 1473.94 1673.33 1167.26 1280.63 1237.94 1414.21
0     850  1019.8 1473.94 1673.33 1167.26 1280.63 1237.94 1414.21
0     850  1019.8 1473.94 1673.33 1167.26 1280.63 1237.94 1414.21
0     850  1019.8 1473.94 1673.33 1167.26 1280.63 1237.94 1414.21
0     850  1019.8 1473.94 1673.33 1167.26 1280.63 1237.94 1414.21
0     850  1019.8 1473.94 1673.33 1167.26 1280.63 1237.94 1414.21
0     850  1019.8 1473.94 1673.33 1167.26 1280.63 1237.94 1414.21
0     850  1019.8 1473.94 1673.33 1167.26 1280.63 1237.94 1414.21
0     850  1019.8 1473.94 1673.33 1167.26 1280.63 1237.94 1414.21
0     850  1019.8 1473.94 1673.33 1167.26 1280.63 1237.94 1414.21
0     850  1019.8 1473.94 1673.33 1167.26 1280.63 1237.94 1414.21
0     850  1019.8 1473.94 1673.33 1167.26 1280.63 1237.94 1414.21
0     850  1019.8 1473.94 1673.33 1167.26 1280.63 1237.94 1414.21
0     850  1019.8 1473.94 1673.33 1167.26 1280.63 1237.94 1414.21
0     850  1019.8 1473.94 1673.33 1167.26 1280.63 1237.94 1414.21
0     850  1019.8 1473.94 1673.33 1167.26 1280.63 1237.94 1414.21
0     850  1019.8 1473.94 1673.33 1167.26 1280.63 1237.94 1414.21
0     850  1019.8 1473.94 1673.33 1167.26 1280.63 1237.94 1414.21
0     850  1019.8 1473.94 1673.33 1167.26 1280.63 1237.94 1414.21
0     850  1019.8 1473.94 1673.33 1167.26 1280.63 1237.94 1414.21
0     850  1019.8 1473.94 1673.33 1167.26 1280.63 1237.94 1414.21
0     850  1019.8 1473.94 1673.33 1167.26 1280.63 1237.94 1414.21
0     850  1019.8 1473.94 1673.33 1167.26 1280.63 1237.94 1414.21
0     850  1019.8 1473.94 1673.33 1167.26 1280.63 1237.94 1414.21
0     850  1019.8 1473.94 1673.33 1167.26 1280.63 1237.94 1414.21
0     850  1019.8 1473.94 1673.33 1167.26 1280.63 1237.94 1414.21
0     850  1019.8 1473.94 1673.33 1167.26 1280.63 1237.94 1414.21
0     850  1019.8 1473.94 1673.33 1167.26 1280.63 1237.94 1414.21
0     850  1019.8 1473.94 1673.33 1167.26 1280.63 1237.94 1414.21
0     850  1019.8 1473.94 1673.33 1167.26 1280.63 1237.94 1414.21
0     850  1019.8 1473.94 1673.33 1167.26 1280.63 1237.94 1414.21
0     850  1019.8 1473.94 1673.33 1167.26 1280.63 1237.94 1414.21
0     850  1019.8 1473.94 1673.33 1167.26 1280.63 1237.94 1414.21
0     850  1019.8 1473.94 1673.33 1167.26 1280.63 1237.94 1414.21
0     850  1019.8 1473.94 1673.33 1167.26 1280.63 1237.94 1414.21
0     850  1019.8 1473.94 1673.33 1167.26 1280.63 1237.94 1414.21
0     850  1019.8 1473.94 1673.33 1167.26 1280.63 1237.94 1414.21
0     850  1019.8 1473.94 1673.33 1167.26 1280.63 1237.94 1414.21
0     850  1019.8 1473.94 1673.33 1167.26 1280.63 1237.94 1414.21
0     850  1019.8 1473.94 1673.33 1167.26 1280.63 1237.94 1414.21
0     850  1019.8 1473.94 1673.33 1167.26 1280.63 1237.94 1414.21
0     850  1019.8 1473.94 1673.33 1167.26 1280.63 1237.94 1414.21
0     850  1019.8 1473.94 1673.33 1167.26 1280.63 1237.94 1414.21
0     850  1019.8 1473.94 1673.33 1167.26 1280.63 1237.94 1414.21
0     850  1019.8 1473.94 1673.33 1167.26 1280.63 1237.94 1414.21
0     850  1019.8 1473.94 1673.33 1167.26 1280.63 1237.94 1414.21
0     850  1019.8 1473.94 1673.33 1167.26 1280.63 1237.94 1414.21
0     850  1019.8 1473.94 1673.33 1167.26 1280.63 1237.94 1414.21
0     850  1019.8 1473.94 1673.33 1167.26 1280.63 1237.94 1414.21
0     850  1019.8 1473.94 1673.33 1167.26 1280.63 1237.94 1414.21
0     850  1019.8 1473.94 1673.33 1167.26 1280.63 1237.94 1414.21
0     850  1019.8 1473.94 1673.33 1167.26 1280.63 1237.94 1414.21
0     850  1019.8 1473.94 1673.33 1167.26 1280.63 1237.94 1414.21
0     850  1019.8 1473.94 1673.33 1167.26 1280.63 1237.94 1414.21
0     850  1019.8 1473.94 1673.33 1167.26 1280.63 1237.94 1414.21
0     850  1019.8 1473.94 1673.33 1167.26 1280.63 1237.94 1414.21
0     850  1019.8 1473.94 1673.33 1167.26 1280.63 1237.94 1414.21
0     850  1019.8 1473.94 1673.33 1167.26 1280.63 1237.94 1414.21
0     850  1019.8 1473.94 1673.33 1167.26 1280.63 1237.94 1414.21
0     850  1019.8 1473.94 1673.33 1167.26 1280.63 1237.94 1414.21
0     850  1019.8 1473.94 1673.33 1167.26 1280.63 1237.94 1414.21
0     850  1019.8 1473.94 1673.33 1167.26 1280.63 1237.94 1414.21
0     850  1019.8 1473.94 1673.33 1167.26 1280.63 1237.94 1414.21
0     850  1019.8 1473.94 1673.33 1167.26 1280.63 1237.94 1414.21
0     850  1019.8 1473.94 1673.33 1167.26 1280.63 1237.94 1414.21
0     850  1019.8 1473.94 1673.33 1167.26 1280.63 1237.94 1414.21
0     850  1019.8 1473.94 1673.33 1167.26 1280.63 1237.94 1414.21
0     850  1019.8 1473.94 1673.33 1167.26 1280.63 1237.94 1414.21
0     850  1019.8 1473.94 1673.33 1167.26 1280.63 1237.94 1414.21
0     850  1019.8 1473.94 1673.33 1167.26 1280.63 1237.94 1414.21
0     850  1019.8 1473.94 1673.33 1167.26 1280.63 1237.94 1414.21
0     850  1019.8 1473.94 1673.33 1167.26 1280.63 1237.94 1414.21
0     850  1019.8 1473.94 1673.33 1167.26 1280.63 1237.94 1414.21
0     850  1019.8 1473.94 1673.33 1167.26 1280.63 1237.94 1414.21
0     850  1019.8 1473.94 1673.33 1167.26 1280.63 1237.94 1414.21
0     850  1019.8 1473.94 1673.33 1167.26 1280.63 1237.94 1414.21
0     850  1019.8 1473.94 1673.33 1167.26 1280.63 1237.94 1414.21
0     850  1019.8 1473.94 1673.33 1167.26 1280.63 1237.94 1414.21
0     850  1019.8 1473.94 1673.33 1167.26 1280.63 1237.94 1414.21
0     850  1019.8 1473.94 1673.33 1167.26 1280.63 1237.94 1414.21
0     850  1019.8 1473.94 1673.33 1167.26 1280.63 1237.94 1414.21
0     850  1019.8 1473.94 1673.33 1167.26 1280.63 1237.94 1414.21
0     850  1019.8 1473.94 1673.33 1167.26 1280.63 1237.94 1414.21
0     850  1019.8 1473.94 1673.33 1167.26 1280.63 1237.94 1414.21
0     850  1019.8 1473.94 1673.33 1167.26 1280.63 1237.94 1414.21
0     850  1019.8 1473.94 1673.33 1167.26 1280.63 1237.94 1414.21
0     850  1019.8 1473.94 1673.33 1167.26 1280.63 1237.94 1414.21
0     850  1019.8 1473.94 1673.33 1167.26 1280.63 1237.94 1414.21
0     850  1019.8 1473.94 1673.33 1167.26 1280.63 1237.94 1414.21
0     850  1019.8 1473.94 1673.33 1167.26 1280.63 1237.94 1414.21
0     850  1019.8 1473.94 1673.33 1167.26 1280.63 1237.94 1414.21
0     850  1019.8 1473.94 1673.33 1167.26 1280.63 1237.94 1414.21
0     850  1019.8 1473.94 1673.33 1167.26 1280.63 1237.94 1414.21
0     850  1019.8 1473.94 1673.33 1167.26 1280.63 1237.94 1414.21
0     850  1019.8 1473.94 1673.33 1167.26 1280.63 1237.94 1414.21
0     850  1019.8 1473.94 1673.33 1167.26 1280.63 1237.94 1414.21
0     850  1019.8 1473.94 1673.33 1167.26 1280.63 1237.94 1414.21
0     850  1019.8 1473.94 1673.33 1167.26 1280.63 1237.94 1414.21
0     850  1019.8 1473.94 1673.33 1167.26 1280.63 1237.94 1414.21
0     850  1019.8 1473.94 1673.33 1167.26 1280.63 1237.94 1414.21
0     850  1019.8 1473.94 1673.33 1167.26 1280.63 1237.94 1414.21
0     850  1019.8 1473.94 1673.33 1167.26 1280.63 1237.94 1414.21
0     850  1019.8 1473.94 1673.33 1167.26 1280.63 1237.94 1414.21
0     850  1019.8 1473.94 1673.33 1167.26 1280.63 1237.94 1414.21
0     850  1019.8 1473.94 1673.33 1167.26 1280.63 1237.94 1414.21
0     850  1019.8 1473.94 1673.33 1167.26 1280.63 1237.94 1414.21
0     850  1019.8 1473.94 1673.33 1167.26 1280.63 1237.94 1414.21
0     850  1019.8 1473.94 1673.33 1167.26 1280.63 1237.94 1414.21
0     850  1019.8 1473.94 1673.33 1167.26 1280.63 1237.94 1414.21
0     850  1019.8 1473.94 1673.33 1167.26 1280.63 1237.94 1414.21
0     850  1019.8 1473.94 1673.33 1167.26 1280.63 1237.94 1414.21
0     850  1019.8 1473.94 1673.33 1167.26 1280.63 1237.94 1414.21
0     850  1019.8 1473.94 1673.33 1167.26 1280.63 1237.94 1414.21
0     850  1019.8 1473.94 1673.33 1167.26 1280.63 1237.94 1414.21
0     850  1019.8 1473.94 1673.33 1167.26 1280.63 1237.94 1414.21
0     850  1019.8 1473.94 1673.33 1167.26 1280.63 1237.94 1414.21
0     850  1019.8 1473.94 1673.33 1167.26 1280.63 1237.94 1414.21
0     850  1019.8 1473.94 1673.33 1167.26 1280.63 1237.94 1414.21
0     850  1019.8 1473.94 1673.33 1167.26 1280.63 1237.94 1414.21
0     850  1019.8 1473.94 1673.33 1167.26 1280.63 1237.94 1414.21
0     850  1019.8 1473.94 1673.33 1167.26 1280.63 1237.94 1414.21
0     850  1019.8 1473.94 1673.33 1167.26 1280.63 1237.94 1414.21
0     850  1019.8 1473.94 1673.33 1167.26 1280.63 1237.94 1414.21
0     850  1019.8 1473.94 1673.33 1167.26 1280.63 1237.94 1414.21
0     850  1019.8 1473.94 1673.33 1167.26 1280.63 1237.94 1414.21
0     850  1019.8 1473.94 1673.33 1167.26 1280.63 1237.94 1414.21
0     850  1019.8 1473.94 1673.33 1167.26 1280.63 1237.94 1414.21
0     850  1019.8 1473.94 1673.33 1167.26 1280.63 1237.94 1414.21
0     850  1019.8 1473.94 1673.33 1167.26 1280.63 1237.94 1414.21
0     850  1019.8 1473.94 1673.33 1167.26 1280.63 1237.94 1414.21
0     850  1019.8 1473.94 1673.33 1167.26 1280.63 1237.94 1414.21
0     850  1019.8 1473.94 1673.33 1167.26 1280.63 1237.94 1414.21
0     850  1019.8 1473.94 1673.33 1167.26 1280.63 1237.94 1414.21
0     850  1019.8 1473.94 1673.33 1167.26 1280.63 1237.94 1414.21
0     850  1019.8 1473.94 1673.33 1167.26 1280.63 1237.94 1414.21
0     850  1019.8 1473.94 1673.33 1167.26 1280.63 1237.94 1414.21
0     850  1019.8 1473.94 1673.33 1167.26 1280.63 1237.94 1414.21
0     850  1019.8 1473.94 1673.33 1167.26 1280.63 1237.94 1414.21
0     850  1019.8 1473.94 1673.33 1167.26 1280.63 1237.94 1414.21
0     850  1019.8 1473.94 1673.33 1167.26 1280.63 1237.94 1414.21
0     850  1019.8 1473.94 1673.33 1167.26 1280.63 1237.94 1414.21
0     850  1019.8 1473.94 1673.33 1167.26 1280.63 1237.94 1414.21
0     850  1019.8 1473.94 1673.33 1167.26 1280.63 1237.94 1414.21
0     850  1019.8 1473.94 1673.33 1167.26 1280.63 1237.94 1414.21
0     850  1019.8 1473.94 1673.33 1167.26 1280.63 1237.94 1414.21
0     850  1019.8 1473.94 1673.33 1167.26 1280.63 1237.94 1414.21
0     850  1019.8 1473.94 1673.33 1167.26 1280.63 1237.94 1414.21
0     850  1019.8 1473.94 1673.33 1167.26 1280.63 1237.94 1414.21
0     850  1019.8 1473.94 1673.33 1167.26 1280.63 1237.94 1414.21
0     850  1019.8 1473.94 1673.33 1167.26 1280.63 1237.94 1414.21
0     850  1019.8 1473.94 1673.33 1167.26 1280.63 1237.94 1414.21
0     850  1019.8 1473.94 1673.33 1167.26 1280.63 1237.94 1414.21
0     850  1019.8 1473.94 1673.33 1167.26 1280.63 1237.94 1414.21
0     850  1019.8 1473.94 1673.33 1167.26 1280.63 1237.94 1414.21
0     850  1019.8 1473.94 1673.33 1167.26 1280.63 1237.94 1414.21
0     850  1019.8 1473.94 1673.33 1167.26 1280.63 1237.94 1414.21
0     850  1019.8 1473.94 1673.33 1167.26 1280.63 1237.94 1414.21
0     850  1019.8 1473.94 1673.33 1167.26 1280.63 1237.94 1414.21
0     850  1019.8 1473.94 1673.33 1167.26 1280.63 1237.94 1414.21
0     850  1019.8 1473.94 1673.33 1167.26 1280.63 1237.94 1414.21
0     850  1019.8 1473.94 1673.33 1167.26 1280.63 1237.94 1414.21
0     850  1019.8 1473.94 1673.33 1167.26 1280.63 1237.94 1414.21
0     850  1019.8 1473.94 1673.33 1167.26 1280.63 1237.94 1414.21
0     850  1019.8 1473.94 1673.33 1167.26 1280.63 1237.94 1414.21
0     850  1019.8 1473.94 1673.33 1167.26 1280.63 1237.94 1414.21
0     850  1019.8 1473.94 1673.33 1167.26 1280.63 1237.94 1414.21
0     850  1019.8 1473.94 1673.33 1167.26 1280.63 1237.94 1414.21
0     850  1019.8 1473.94 1673.33 1167.26 1280.63 1237.94 1414.21
0     850  1019.8 1473.94 1673.33 1167.26 1280.63 1237.94 1414.21
0     850  1019.8 1473.94 1673.33 1167.26 1280.63 1237.94 1414.21
0     850  1019.8 1473.94 1673.33 1167.26 1280.63 1237.94 1414.21
0     850  1019.8 1473.94 1673.33 1167.26 1280.63 1237.94 1414.21
0     850  1019.8 1473.94 1673.33 1167.26 1280.63 1237.94 1414.21
0     850  1019.8 1473.94 1673.33 1167.26 1280.63 1237.94 1414.21
0     850  1019.8 1473.94 1673.33 1167.26 1280.63 1237.94 1414.21
0     850  1019.8 1473.94 1673.33 1167.26 1280.63 1237.94 1414.21
0     850  1019.8 1473.94 1673.33 1167.26 1280.63 1237.94 1414.21
0     850  1019.8 1473.94 1673.33 1167.26 1280.63 1237.94 1414.21
0     850  1019.8 1473.94 1673.33 1167.26 1280.63 1237.94 1414.21
0     850  1019.8 1473.94 1673.33 1167.26 1280.63 1237.94 1414.21
0     850  1019.8 1473.94 1673.33 1167.26 1280.63 1237.94 1414.21
0     850  1019.8 1473.94 1673.33 1167.26 1280.63 1237.94 1414.21
0     850  1019.8 1473.94 1673.33 1167.26 1280.63 1237.94 1414.21
0     850  1019.8 1473.94 1673.33 1167.26 1280.63 1237.94 1414.21
0     850  1019.8 1473.94 1673.33 1167.26 1280.63 1237.94 1414.21
0     850  1019.8 1473.94 1673.33 1167.26 1280.63 1237.94 1414.21
0     850  1019.8 1473.94 1673.33 1167.26 1280.63 1237.94 1414.21
0     850  1019.8 1473.94 1673.33 1167.26 1280.63 1237.94 1414.21
0     850  1019.8 1473.94 1673.33 1167.26 1280.63 1237.94 1414.21
0     850  1019.8 1473.94 1673.33 1167.26 1280.63 1237.94 1414.21
0     850  1019.8 1473.94 1673.33 1167.26 1280.63 1237.94 1414.21
0     850  1019.8 1473.94 1673.33 1167.26 1280.63 1237.94 1414.21
0     850  1019.8 1473.94 1673.33 1167.26 1280.63 1237.94 1414.21
0     850  1019.8 1473.94 1673.33 1167.26 1280.63 1237.94 1414.21
0     850  1019.8 1473.94 1673.33 1167.26 1280.63 1237.94 1414.21
0     850  1019.8 1473.94 1673.33 1167.26 1280.63 1237.94 1414.21
0     850  1019.8 1473.94 1673.33 1167.26 1280.63 1237.94 1414.21
0     850  1019.8 1473.94 1673.33 1167.26 1280.63 1237.94 1414.21
0     850  1019.8 1473.94 1673.33 1167.26 1280.63 1237.94 1414.21
0     850  1019.8 1473.94 1673.33 1167.26 1280.63 1237.94 1414.21
0     850  1019.8 1473.94 1673.33 1167.26 1280.63 1237.94 1414.21
0     850  1019.8 1473.94 1673.33 1167.26 1280.63 1237.94 1414.21
0     850  1019.8 1473.94 1673.33 1167.26 1280.63 1237.94 1414.21
0     850  1019.8 1473.94 1673.33 1167.26 1280.63 1237.94 1414.21
0     850  1019.8 1473.94 1673.33 1167.26 1280.63 1237.94 1414.21
0     850  1019.8 1473.94 1673.33 1167.26 1280.63 1237.94 1414.21
0     850  1019.8 1473.94 1673.33 1167.26 1280.63 1237.94 1414.21
0     850  1019.8 1473.94 1673.33 1167.26 1280.63 1237.94 1414.21
0     850  1019.8 1473.94 1673.33 1167.26 1280.63 1237.94 1414.21
0     850  1019.8 1473.94 1673.33 1167.26 1280.63 1237.94 1414.21
0     850  1019.8 1473.94 1673.33 1167.26 1280.63 1237.94 1414.21
0     850  1019.8 1473.94 1673.33 1167.26 1280.63 1237.94 1414.21
0     850  1019.8 1473.94 1673.33 1167.26 1280.63 1237.94 1414.21
0     850  1019.8 1473.94 1673.33 1167.26 1280.63 1237.94 1414.21
0     850  1019.8 1473.94 1673.33 1167.26 1280.63 1237.94 1414.21
0     850  1019.8 1473.94 1673.33 1167.26 1280.63 1237.94 1414.21
0     850  1019.8 1473.94 1673.33 1167.26 1280.63 1237.94 1414.21
0     850  1019.8 1473.94 1673.33 1167.26 1280.63 1237.94 1414.21
0     850  1019.8 1473.94 1673.33 1167.26 1280.63 1237.94 1414.21
0     850  1019.8 1473.94 1673.33 1167.26 1280.63 1237.94 1414.21
0     850  1019.8 1473.94 1673.33 1167.26 1280.63 1237.94 1414.21
0     850  1019.8 1473.94 1673.33 1167.26 1280.63 1237.94 1414.21
0     850  1019.8 1473.94 1673.33 1167.26 1280.63 1237.94 1414.21
0     850  1019.8 1473.94 1673.33 1167.26 1280.63 1237.94 1414.21
0     850  1019.8 1473.94 1673.33 1167.26 1280.63 1237.94 1414.21
0     850  1019.8 1473.94 1673.33 1167.26 1280.63 1237.94 1414.21
0     850  1019.8 1473.94 1673.33 1167.26 1280.63 1237.94 1414.21
0     850  1019.8 1473.94 1673.33 1167.26 1280.63 1237.94 1414.21
0     850  1019.8 1473.94 1673.33 1167.26 1280.63 1237.94 1414.21
0     850  1019.8 1473.94 1673.33 1167.26 1280.63 1237.94 1414.21
0     850  1019.8 1473.94 1673.33 1167.26 1280.63 1237.94 1414.21
0     850  1019.8 1473.94 1673.33 1167.26 1280.63 1237.94 1414.21
0     850  1019.8 1473.94 1673.33 1167.26 1280.63 1237.94 1414.21
0     850  1019.8 1473.94 1673.33 1167.26 1280.63 1237.94 1414.21
0     850  1019.8 1473.94 1673.33 1167.26 1280.63 1237.94 1414.21
0     850  1019.8 1473.94 1673.33 1167.26 1280.63 1237.94 1414.21
0     850  1019.8 1473.94 1673.33 1167.26 1280.63 1237.94 1414.21
0     850  1019.8 1473.94 1673.33 1167.26 1280.63 1237.94 1414.21
0     850  1019.8 1473.94 1673.33 1167.26 1280.63 1237.94 1414.21
0     850  1019.8 1473.94 1673.33 1167.26 1280.63 1237.94 1414.21
0     850  1019.8 1473.94 1673.33 1167.26 1280.63 1237.94 1414.21
0     850  1019.8 1473.94 1673.33 1167.26 1280.63 1237.94 1414.21
0     850  1019.8 1473.94 1673.33 1167.26 1280.63 1237.94 1414.21
0     850  1019.8 1473.94 1673.33 1167.26 1280.63 1237.94 1414.21
0     850  1019.8 1473.94 1673.33 1167.26 1280.63 1237.94 1414.21
0     850  1019.8 1473.94 1673.33 1167.26 1280.63 1237.94 1414.21
0     850  1019.8 1473.94 1673.33 1167.26 1280.63 1237.94 1414.21
0     850  1019.8 1473.94 1673.33 1167.26 1280.63 1237.94 1414.21
0     850  1019.8 1473.94 1673.33 1167.26 1280.63 1237.94 1414.21
0     850  1019.8 1473.94 1673.33 1167.26 1280.63 1237.94 1414.21
0     850  1019.8 1473.94 1673.33 1167.26 1280.63 1237.94 1414.21
0     850  1019.8 1473.94 1673.33 1167.26 1280.63 1237.94 1414.21
0     850  1019.8 1473.94 1673.33 1167.26 1280.63 1237.94 1414.21
0     850  1019.8 1473.94 1673.33 1167.26 1280.63 1237.94 1414.21
0     850  1019.8 1473.94 1673.33 1167.26 1280.63 1237.94 1414.21
0     850  1019.8 1473.94 1673.33 1167.26 1280.63 1237.94 1414.21
0     850  1019.8 1473.94 1673.33 1167.26 1280.63 1237.94 1414.21
0     850  1019.8 1473.94 1673.33 1167.26 1280.63 1237.94 1414.21
0     850  1019.8 1473.94 1673.33 1167.26 1280.63 1237.94 1414.21
0     850  1019.8 1473.94 1673.33 1167.26 1280.63 1237.94 1414.21
0     850  1019.8 1473.94 1673.33 1167.26 1280.63 1237.94 1414.21
0     850  1019.8 1473.94 1673.33 1167.26 1280.63 1237.94 1414.21
0     850  1019.8 1473.94 1673.33 1167.26 1280.63 1237.94 1414.21
0     850  1019.8 1473.94 1673.33 1167.26 1280.63 1237.94 1414.21
0     850  1019.8 1473.94 1673.33 1167.26 1280.63 1237.94 1414.21
0     850  1019.8 1473.94 1673.33 1167.26 1280.63 1237.94 1414.21
0     850  1019.8 1473.94 1673.33 1167.26 1280.63 1237.94 1414.21
0     850  1019.8 1473.94 1673.33 1167.26 1280.63 1237.94 1414.21
0     850  1019.8 1473.94 1673.33 1167.26 1280.63 1237.94 1414.21
0     850  1019.8 1473.94 1673.33 1167.26 1280.63 1237.94 1414.21
0     850  1019.8 1473.94 1673.33 1167.26 1280.63 1237.94 1414.21
0     850  1019.8 1473.94 1673.33 1167.26 1280.63 1237.94 1414.21
0     850  1019.8 1473.94 1673.33 1167.26 1280.63 1237.94 1414.21
0     850  1019.8 1473.94 1673.33 1167.26 1280.63 1237.94 1414.21
0     850  1019.8 1473.94 1673.33 1167.26 1280.63 1237.94 1414.21
0     850  1019.8 1473.94 1673.33 1167.26 1280.63 1237.94 1414.21
0     850  1019.8 1473.94 1673.33 1167.26 1280.63 1237.94 1414.21
0     850  1019.8 1473.94 1673.33 1167.26 1280.63 1237.94 1414.21
0     850  1019.8 1473.94 1673.33 1167.26 1280.63 1237.94 1414.21
0     850  1019.8 1473.94 1673.33 1167.26 1280.63 1237.94 1414.21
0     850  1019.8 1473.94 1673.33 1167.26 1280.63 1237.94 1414.21
0     850  1019.8 1473.94 1673.33 1167.26 1280.63 1237.94 1414.21
0     850  1019.8 1473.94 1673.33 1167.26 1280.63 1237.94 1414.21
0     850  1019.8 1473.94 1673.33 1167.26 1280.63 1237.94 1414.21
0     850  1019.8 1473.94 1673.33 1167.26 1280.63 1237.94 1414.21
0     850  1019.8 1473.94 1673.33 1167.26 1280.63 1237.94 1414.21
0     850  1019.8 1473.94 1673.33 1167.26 1280.63 1237.94 1414.21
0     850  1019.8 1473.94 1673.33 1167.26 1280.63 1237.94 1414.21
0     850  1019.8 1473.94 1673.33 1167.26 1280.63 1237.94 1414.21
0     850  1019.8 1473.94 1673.33 1167.26 1280.63 1237.94 1414.21
0     850  1019.8 1473.94 1673.33 1167.26 1280.63 1237.94 1414.21
0     850  1019.8 1473.94 1673.33 1167.26 1280.63 1237.94 1414.21
0     850  1019.8 1473.94 1673.33 1167.26 1280.63 1237.94 1414.21
0     850  1019.8 1473.94 1673.33 1167.26 1280.63 1237.94 1414.21
0     850  1019.8 1473.94 1673.33 1167.26 1280.63 1237.94 1414.21
0     850  1019.8 1473.94 1673.33 1167.26 1280.63 1237.94 1414.21
0     850  1019.8 1473.94 1673.33 1167.26 1280.63 1237.94 1414.21
0     850  1019.8 1473.94 1673.33 1167.26 1280.63 1237.94 1414.21
0     850  1019.8 1473.94 1673.33 1167.26 1280.63 1237.94 1414.21
0     850  1019.8 1473.94 1673.33 1167.26 1280.63 1237.94 1414.21
0     850  1019.8 1473.94 1673.33 1167.26 1280.63 1237.94 1414.21
0     850  1019.8 1473.94 1673.33 1167.26 1280.63 1237.94 1414.21
0     850  1019.8 1473.94 1673.33 1167.26 1280.63 1237.94 1414.21
0     850  1019.8 1473.94 1673.33 1167.26 1280.63 1237.94 1414.21
0     850  1019.8 1473.94 1673.33 1167.26 1280.63 1237.94 1414.21
0     850  1019.8 1473.94 1673.33 1167.26 1280.63 1237.94 1414.21
0     850  1019.8 1473.94 1673.33 1167.26 1280.63 1237.94 1414.21
0     850  1019.8 1473.94 1673.33 1167.26 1280.63 1237.94 1414.21
0     850  1019.8 1473.94 1673.33 1167.26 1280.63 1237.94 1414.21
0     850  1019.8 1473.94 1673.33 1167.26 1280.63 1237.94 1414.21
0     850  1019.8 1473.94 1673.33 1167.26 1280.63 1237.94 1414.21
0     850  1019.8 1473.94 1673.33 1167.26 1280.63 1237.94 1414.21
0     850  1019.8 1473.94 1673.33 1167.26 1280.63 1237.94 1414.21
0     850  1019.8 1473.94 1673.33 1167.26 1280.63 1237.94 1414.21
0     850  1019.8 1473.94 1673.33 1167.26 1280.63 1237.94 1414.21
0     850  1019.8 1473.94 1673.33 1167.26 1280.63 1237.94 1414.21
0     850  1019.8 1473.94 1673.33 1167.26 1280.63 1237.94 1414.21
0     850  1019.8 1473.94 1673.33 1167.26 1280.63 1237.94 1414.21
0     850  1019.8 1473.94 1673.33 1167.26 1280.63 1237.94 1414.21
0     850  1019.8 1473.94 1673.33 1167.26 1280.63 1237.94 1414.21
0     850  1019.8 1473.94 1673.33 1167.26 1280.63 1237.94 1414.21
0     850  1019.8 1473.94 1673.33 1167.26 1280.63 1237.94 1414.21
0     850  1019.8 1473.94 1673.33 1167.26 1280.63 1237.94 1414.21
0     850  1019.8 1473.94 1673.33 1167.26 1280.63 1237.94 1414.21
0     850  1019.8 1473.94 1673.33 1167.26 1280.63 1237.94 1414.21
0     850  1019.8 1473.94 1673.33 1167.26 1280.63 1237.94 1414.21
0     850  1019.8 1473.94 1673.33 1167.26 1280.63 1237.94 1414.21
0     850  1019.8 1473.94 1673.33 1167.26 1280.63 1237.94 1414.21
0     850  1019.8 1473.94 1673.33 1167.26 1280.63 1237.94 1414.21
0     850  1019.8 1473.94 1673.33 1167.26 1280.63 1237.94 1414.21
0     850  1019.8 1473.94 1673.33 1167.26 1280.63 1237.94 1414.21
0.0001     850  1019.8 1473.94 1673.33 1167.26 1280.63 1237.94 1414.21
0.0003 849.995  1019.8 1473.93 1673.32 1167.26 1280.63 1237.94 1414.21
0.0006 849.986 1019.79 1473.92 1673.31 1167.25 1280.62 1237.92 1414.19
0.001 849.972 1019.78  1473.9 1673.29 1167.23  1280.6  1237.9 1414.17
0.0015 849.953 1019.76 1473.87 1673.26 1167.21 1280.58 1237.88 1414.15
0.0021 849.929 1019.74 1473.83 1673.22 1167.18 1280.56 1237.84 1414.12
0.0028   849.9 1019.72 1473.79 1673.18 1167.15 1280.53  1237.8 1414.08
0.0036 849.867 1019.69 1473.74 1673.13 1167.11 1280.49 1237.76 1414.03
0.0045 849.829 1019.66 1473.68 1673.07 1167.06 1280.45 1237.71 1413.98
0.0055 849.787 1019.62 1473.62 1673.01 1167.01  1280.4 1237.65 1413.92
0.0066 849.739 1019.58 1473.55 1672.94 1166.96 1280.35 1237.58 1413.85
0.0078 849.687 1019.54 1473.47 1672.86  1166.9 1280.29 1237.51 1413.78
0.0091  849.63 1019.49 1473.38 1672.78 1166.83 1280.23 1237.43  1413.7
0.0105 849.569 1019.43 1473.29 1672.68 1166.76 1280.16 1237.34 1413.62
0.012 849.502 1019.38 1473.19 1672.59 1166.68 1280.09 1237.25 1413.52
0.0136 849.431 1019.32 1473.08 1672.48  1166.6 1280.01 1237.15 1413.42
0.0153 849.355 1019.25 1472.97 1672.37 1166.51 1279.93 1237.05 1413.32
0.0171 849.275 1019.18 1472.85 1672.24 1166.42 1279.84 1236.94 1413.21
0.019 849.189 1019.11 1472.72 1672.12 1166.32 1279.74 1236.82 1413.09
0.021 849.099 1019.03 1472.58 1671.98 1166.21 1279.64 1236.69 1412.96
0.0231 849.004 1018.95 1472.44 1671.84  1166.1 1279.54 1236.56 1412.83
0.0253 848.905 1018.87 1472.28 1671.69 1165.98 1279.43 1236.42 1412.69
0.0276   848.8 1018.78 1472.13 1671.53 1165.86 1279.31 1236.28 1412.55
0.03 848.691 1018.68 1471.96 1671.37 1165.74 1279.19 1236.13  1412.4
0.0325 848.578 1018.59 1471.79  1671.2  1165.6 1279.07 1235.97 1412.24
0.0351 848.459 1018.49 1471.61 1671.02 1165.46 1278.94  1235.8 1412.07
0.0378 848.336 1018.38 1471.42 1670.84 1165.32  1278.8 1235.63  1411.9
0.0406 848.208 1018.27 1471.23 1670.64 1165.17 1278.66 1235.45 1411.72
0.0435 848.075 1018.16 1471.02 1670.44 1165.01 1278.51 1235.27 1411.54
0.0465 847.937 1018.04 1470.81 1670.24 1164.85 1278.36 1235.07 1411.34
0.0496 847.795 1017.92  1470.6 1670.02 1164.69  1278.2 1234.88 1411.14
0.0528 847.648 1017.79 1470.37  1669.8 1164.51 1278.04 1234.67 1410.94
0.0561 847.497 1017.66 1470.14 1669.57 1164.33 1277.87 1234.46 1410.73
0.0595  847.34 1017.53  1469.9 1669.33 1164.15  1277.7 1234.24 1410.51
0.063 847.179 1017.39 1469.65 1669.09 1163.96 1277.52 1234.01 1410.28
0.0666 847.013 1017.25  1469.4 1668.84 1163.77 1277.34 1233.78 1410.05
0.0703 846.842 1017.11 1469.14 1668.58 1163.56 1277.15 1233.54 1409.81
0.0741 846.667 1016.96 1468.87 1668.31 1163.36 1276.95 1233.29 1409.56
0.078 846.487  1016.8 1468.59 1668.04 1163.14 1276.75 1233.04 1409.31
0.082 846.302 1016.65  1468.3 1667.76 1162.93 1276.54 1232.78 1409.05
0.086 846.112 1016.49 1468.01 1667.47  1162.7 1276.33 1232.51 1408.78
0.09 845.923 1016.32 1467.72 1667.18 1162.48 1276.12 1232.25 1408.51
0.094 845.733 1016.16 1467.43 1666.89 1162.25 1275.91 1231.98 1408.24
0.098 845.544    1016 1467.13  1666.6 1162.03  1275.7 1231.71 1407.98
0.102 845.354 1015.84 1466.84 1666.31  1161.8 1275.49 1231.44 1407.71
0.106 845.164 1015.68 1466.54 1666.02 1161.58 1275.28 1231.17 1407.44
0.11 844.975 1015.52 1466.25 1665.72 1161.35 1275.06 1230.91 1407.17
0.114 844.785 1015.36 1465.95 1665.43 1161.13 1274.85 1230.64  1406.9
0.118 844.596  1015.2 1465.66 1665.14  1160.9 1274.64 1230.37 1406.63
0.122 844.406 1015.04 1465.36 1664.85 1160.68 1274.43  1230.1 1406.36
0.126 844.217 1014.88 1465.07 1664.56 1160.45 1274.21 1229.83 1406.09
0.13 844.028 1014.72 1464.77 1664.26 1160.22    1274 1229.56 1405.82
0.134 843.838 1014.55 1464.47 1663.97    1160 1273.79 1229.29 1405.55
0.138 843.649 1014.39 1464.18 1663.68 1159.77 1273.58 1229.02 1405.28
0.142 843.459 1014.23 1463.88 1663.38 1159.55 1273.36 1228.75 1405.01
0.146  843.27 1014.07 1463.58 1663.09 1159.32 1273.15 1228.48 1404.74
0.15 843.081 1013.91 1463.29  1662.8 1159.09 1272.94 1228.21 1404.47
0.154 842.891 1013.75 1462.99  1662.5 1158.86 1272.72 1227.94  1404.2
0.158 842.702 1013.59 1462.69 1662.21 1158.64 1272.51 1227.67 1403.93
0.162 842.513 1013.43 1462.39 1661.91 1158.41  1272.3 1227.39 1403.66
0.166 842.323 1013.27 1462.09 1661.61 1158.18 1272.08 1227.12 1403.39
0.17 842.134 1013.11 1461.79 1661.32 1157.95 1271.87 1226.85 1403.11
0.174 841.945 1012.95 1461.49 1661.02 1157.73 1271.65 1226.58 1402.84
0.178 841.756 1012.79 1461.19 1660.73  1157.5 1271.44 1226.31 1402.57
0.182 841.567 1012.63 1460.89 1660.43 1157.27 1271.22 1226.03  1402.3
0.186 841.378 1012.47 1460.59 1660.13 1157.04 1271.01 1225.76 1402.02
0.19 841.188 1012.31 1460.29 1659.83 1156.81  1270.8 1225.49 1401.75
0.194 840.999 1012.15 1459.99 1659.54 1156.59 1270.58 1225.22 1401.48
0.198  840.81 1011.99 1459.69 1659.24 1156.36 1270.37 1224.94  1401.2
0.202 840.621 1011.84 1459.38 1658.94 1156.13 1270.15 1224.67 1400.93
0.206 840.432 1011.68 1459.08 1658.64  1155.9 1269.94 1224.39 1400.66
0.21 840.243 1011.52 1458.78 1658.34 1155.67 1269.72 1224.12 1400.38
0.214 840.054 1011.36 1458.48 1658.04 1155.44 1269.51 1223.85 1400.11
0.218 839.866  1011.2 1458.17 1657.74 1155.21 1269.29 1223.57 1399.83
0.222 839.677 1011.04 1457.87 1657.44 1154.98 1269.08  1223.3 1399.56
0.226 839.488 1010.88 1457.56 1657.14 1154.75 1268.86 1223.02 1399.28
0.23 839.299 1010.72 1457.26 1656.84 1154.52 1268.64 1222.75 1399.01
0.234  839.11 1010.56 1456.96 1656.54 1154.29 1268.43 1222.47 1398.73
0.238 838.922  1010.4 1456.65 1656.24 1154.06 1268.21  1222.2 1398.46
0.242 838.733 1010.25 1456.35 1655.94 1153.83    1268 1221.92 1398.18
0.246 838.544 1010.09 1456.04 1655.64  1153.6 1267.78 1221.65 1397.91
0.25 838.356 1009.93 1455.73 1655.33 1153.37 1267.56 1221.37 1397.63
0.254 838.167 1009.77 1455.43 1655.03 1153.14 1267.35 1221.09 1397.35
0.258 837.979 1009.61 1455.12 1654.73 1152.91 1267.13 1220.82 1397.08
0.262  837.79 1009.45 1454.82 1654.43 1152.68 1266.91 1220.54  1396.8
0.266 837.602  1009.3 1454.51 1654.12 1152.44  1266.7 1220.26 1396.52
0.27 837.413 1009.14  1454.2 1653.82 1152.21 1266.48 1219.99 1396.25
0.274 837.225 1008.98 1453.89 1653.52 1151.98 1266.26 1219.71 1395.97
0.278 837.037 1008.82 1453.59 1653.21 1151.75 1266.05 1219.43 1395.69
0.282 836.849 1008.66 1453.28 1652.91 1151.52 1265.83 1219.15 1395.41
0.286  836.66 1008.51 1452.97  1652.6 1151.29 1265.61 1218.88 1395.14
0.29 836.472 1008.35 1452.66  1652.3 1151.05  1265.4  1218.6 1394.86
0.294 836.284 1008.19 1452.35 1651.99 1150.82 1265.18 1218.32 1394.58
0.298 836.096 1008.03 1452.04 1651.69 1150.59 1264.96 1218.04  1394.3
0.302 835.908 1007.88 1451.73 1651.38 1150.36 1264.74 1217.76 1394.02
0.306  835.72 1007.72 1451.42 1651.07 1150.12 1264.52 1217.48 1393.74
0.31 835.532 1007.56 1451.11 1650.77 1149.89 1264.31  1217.2 1393.46
0.314 835.344 1007.41  1450.8 1650.46 1149.66 1264.09 1216.93 1393.19
0.318 835.156 1007.25 1450.49 1650.15 1149.43 1263.87 1216.65 1392.91
0.322 834.969 1007.09 1450.18 1649.85 1149.19 1263.65 1216.37 1392.63
0.326 834.781 1006.94 1449.87 1649.54 1148.96 1263.43 1216.09 1392.35
0.33 834.593 1006.78 1449.56 1649.23 1148.73 1263.22 1215.81 1392.07
0.334 834.406 1006.62 1449.24 1648.92 1148.49    1263 1215.53 1391.79
0.338 834.218 1006.47 1448.93 1648.61 1148.26 1262.78 1215.25 1391.51
0.342 834.031 1006.31 1448.62  1648.3 1148.02 1262.56 1214.97 1391.23
0.346 833.843 1006.15 1448.31    1648 1147.79 1262.34 1214.69 1390.94
0.35 833.656    1006 1447.99 1647.69 1147.56 1262.12  1214.4 1390.66
0.354 833.468 1005.84 1447.68 1647.38 1147.32  1261.9 1214.12 1390.38
0.358 833.281 1005.68 1447.36 1647.07 1147.09 1261.69 1213.84  1390.1
0.362 833.094 1005.53 1447.05 1646.76 1146.85 1261.47 1213.56 1389.82
0.366 832.907 1005.37 1446.74 1646.45 1146.62 1261.25 1213.28 1389.54
0.37  832.72 1005.22 1446.42 1646.14 1146.38 1261.03    1213 1389.26
0.374 832.533 1005.06 1446.11 1645.82 1146.15 1260.81 1212.72 1388.97
0.378 832.346 1004.91 1445.79 1645.51 1145.91 1260.59 1212.43 1388.69
0.382 832.159 1004.75 1445.48  1645.2 1145.68 1260.37 1212.15 1388.41
0.386 831.972  1004.6 1445.16 1644.89 1145.44 1260.15 1211.87 1388.13
0.39 831.785 1004.44 1444.84 1644.58 1145.21 1259.93 1211.59 1387.84
0.394 831.598 1004.29 1444.53 1644.27 1144.97 1259.71  1211.3 1387.56
0.398 831.412 1004.13 1444.21 1643.95 1144.74 1259.49 1211.02 1387.28
0.402 831.225 1003.98 1443.89 1643.64  1144.5 1259.27 1210.74    1387
0.406 831.039 1003.82 1443.58 1643.33 1144.27 1259.05 1210.45 1386.71
0.41 830.852 1003.67 1443.26 1643.01 1144.03 1258.83 1210.17 1386.43
0.414 830.666 1003.51 1442.94  1642.7 1143.79 1258.61 1209.89 1386.14
0.418 830.479 1003.36 1442.62 1642.39 1143.56 1258.39  1209.6 1385.86
0.422 830.293  1003.2 1442.31 1642.07 1143.32 1258.17 1209.32 1385.58
0.426 830.107 1003.05 1441.99 1641.76 1143.08 1257.95 1209.03 1385.29
0.43 829.921 1002.89 1441.67 1641.44 1142.85 1257.73 1208.75 1385.01
0.434 829.735 1002.74 1441.35 1641.13 1142.61 1257.51 1208.46 1384.72
0.438 829.549 1002.59 1441.03 1640.81 1142.37 1257.29 1208.18 1384.44
0.442 829.363 1002.43 1440.71  1640.5 1142.14 1257.07 1207.89 1384.15
0.446 829.177 1002.28 1440.39 1640.18  1141.9 1256.85 1207.61 1383.87
0.45 828.991 1002.12 1440.07 1639.86 1141.66 1256.62 1207.32 1383.58
0.454 828.806 1001.97 1439.75 1639.55 1141.43  1256.4 1207.04  1383.3
0.458 827.138  1000.6 1436.85 1636.69 1139.29 1254.41 1204.46 1380.72
0.462 812.482 988.678 1409.89 1610.08  1119.7 1236.27 1180.75 1357.02
0.466 798.694 977.789 1381.56 1582.16 1099.76 1217.95 1156.35 1332.62
0.47 786.076 968.156 1352.19 1553.23 1079.76 1199.75 1131.56 1307.84
0.474 774.893 959.971 1322.06 1523.59 1059.97  1181.9 1106.69 1282.96
0.478 765.363 953.382 1291.44  1493.5 1040.62 1164.63 1081.99 1258.23
0.482 757.657 948.495 1260.57 1463.19 1021.93 1148.11  1057.7 1233.87
0.486 751.897 945.378 1229.64 1432.87 1004.07  1132.5 1034.03 1210.08
0.49 748.158 944.056 1198.86 1402.71 987.197 1117.94 1011.16 1187.04
0.494 746.465 944.521 1168.38 1372.89 971.443 1104.52 989.255  1164.9
0.498 746.798 946.733 1138.36 1343.54 956.906 1092.33 968.452 1143.78
0.502 749.099 950.622 1108.92 1314.79 943.662 1081.42 948.867 1123.79
0.506 753.275 956.099 1080.17 1286.75 931.765 1071.81 930.598 1105.03
0.51 756.362 959.788 1064.54 1271.52  925.75 1067.05 921.044 1095.15
0.514 757.043 960.579 1061.45  1268.5 924.598 1066.14 919.186 1093.23
0.518 757.744 961.387 1058.36 1265.49 923.464 1065.26 917.345 1091.32
0.522 758.465 962.212 1055.29  1262.5 922.347 1064.39 915.522 1089.42
0.526 759.206 963.054 1052.23 1259.52 921.247 1063.53 913.717 1087.54
0.53 759.968 963.914 1049.17 1256.54 920.164 1062.69  911.93 1085.68
0.534 760.749 964.789 1046.13 1253.58 919.098 1061.87  910.16 1083.84
0.538  761.55 965.681  1043.1 1250.63 918.049 1061.07 908.409 1082.01
0.542  762.37  966.59 1040.08 1247.69 917.018 1060.28 906.676  1080.2
0.546 763.209 967.514 1037.08 1244.76 916.003  1059.5  904.96 1078.41
0.55 764.067 968.454 1034.08 1241.84 915.006 1058.74 903.263 1076.63
0.554 764.944  969.41  1031.1 1238.94 914.026    1058 901.584 1074.87
0.558  765.84 970.382 1028.12 1236.04 913.063 1057.28 899.923 1073.13
0.562 766.753 971.369 1025.16 1233.16 912.118 1056.57 898.281  1071.4
0.566 768.676 973.433 1019.15 1227.31 910.238 1055.17 894.981 1067.93
0.57  771.72 976.667 1010.16 1218.56 907.534 1053.18 890.143 1062.81
0.574 774.924 980.038 1001.29 1209.92 904.992 1051.35  885.48 1057.86
0.578 778.284 983.539 992.536 1201.41 902.609 1049.66 880.994 1053.07
0.582 781.793 987.166 983.905 1193.01 900.386 1048.12 876.684 1048.44
0.586 785.443 990.912 975.399 1184.74  898.32 1046.72 872.551 1043.98
0.59 789.229 994.773 967.019 1176.59  896.41 1045.47 868.595 1039.68
0.594 793.143 998.744 958.766 1168.56 894.653 1044.36 864.815 1035.54
0.598 797.181 1002.82 950.643 1160.67 893.049 1043.38  861.21 1031.57
0.602 801.334 1006.99 942.652 1152.89 891.595 1042.55 857.781 1027.76
0.606 805.598 1011.26 934.793 1145.25 890.288 1041.85 854.525 1024.11
0.61 809.965 1015.62 927.068 1137.74 889.126 1041.28 851.442 1020.62
0.614  814.43 1020.06 919.478 1130.35 888.107 1040.83  848.53 1017.29
0.618 818.988 1024.58 912.025  1123.1 887.228 1040.52 845.789 1014.12
0.622 823.631 1029.17  904.71 1115.98 886.485 1040.33 843.215 1011.11
0.626 828.355 1033.84 897.533    1109 885.878 1040.25 840.808 1008.25
0.63 833.154 1038.56 890.496 1102.15 885.401  1040.3 838.566 1005.54
0.634 838.023 1043.35 883.598 1095.43 885.053 1040.46 836.485 1002.99
0.638 842.956  1048.2 876.841 1088.84 884.831 1040.73 834.565 1000.59
0.642 847.948  1053.1 870.225 1082.39 884.731 1041.12 832.802 998.331
0.646 852.996 1058.05 863.751 1076.07  884.75  1041.6 831.194 996.222
0.65 858.093 1063.04 857.418 1069.89 884.885 1042.19 829.739 994.257
0.654 863.235 1068.07 851.227 1063.84 885.133 1042.88 828.434 992.434
0.658 868.419 1073.14 845.179 1057.93 885.491 1043.67 827.275 990.751
0.662 873.639 1078.24 839.272 1052.15 885.955 1044.55 826.261 989.204
0.666 878.892 1083.37 833.508  1046.5 886.523 1045.52 825.387 987.793
0.67 884.174 1088.52 827.886 1040.98  887.19 1046.58 824.652 986.513
0.674  889.48  1093.7 822.405  1035.6 887.955 1047.72 824.052 985.363
0.678 894.808  1098.9 817.065 1030.35 888.812 1048.95 823.583  984.34
0.682 900.154 1104.12 811.866 1025.23 889.761 1050.25 823.243 983.441
0.686 905.514 1109.35 806.808 1020.24 890.797 1051.63 823.029 982.663
0.69 910.886 1114.59 801.889 1015.38 891.917 1053.08 822.936 982.005
0.694 916.266 1119.84  797.11 1010.65 893.118 1054.61 822.963 981.463
0.698 921.651  1125.1 792.469 1006.05 894.397  1056.2 823.105 981.034
0.702 927.039 1130.36 787.965 1001.57 895.751 1057.85  823.36 980.715
0.706 932.428 1135.62 783.598 997.223 897.177 1059.57 823.723 980.505
0.71 937.813 1140.88 779.366 992.998 898.672 1061.35 824.193 980.399
0.714 943.194 1146.13 775.269 988.896 900.234 1063.18 824.764 980.396
0.718 948.568 1151.38 771.305 984.917 901.859 1065.07 825.435 980.492
0.722 953.932 1156.62 767.474 981.059 903.545 1067.01 826.202 980.684
0.726 959.285 1161.86 763.774  977.32 905.288    1069 827.062 980.971
0.73 964.624 1167.08 760.204   973.7 907.087 1071.04 828.011 981.348
0.734 969.949 1172.29 756.761 970.198 908.939 1073.12 829.047 981.814
0.738 975.256 1177.48 753.446 966.811 910.841 1075.24 830.166 982.366
0.742 980.545 1182.66 750.257 963.538  912.79 1077.41 831.365     983
0.746 985.813 1187.82 747.191 960.378 914.785 1079.61 832.641 983.714
0.75  991.06 1192.97 744.248  957.33 916.822 1081.85 833.991 984.506
0.754 996.283 1198.09 741.425 954.391   918.9 1084.12 835.413 985.373
0.758 1001.48 1203.19 738.722 951.561 921.017 1086.43 836.903 986.313
0.762 1006.66 1208.27 736.135 948.836 923.169 1088.76 838.458 987.322
0.766  1011.8 1213.32 733.665 946.217 925.355 1091.12 840.076 988.398
0.77 1016.92 1218.35 731.308 943.701 927.574 1093.51 841.754 989.539
0.774 1022.01 1223.35 729.063 941.287 929.822 1095.92 843.489 990.742
0.778 1027.07 1228.33 726.929 938.973 932.098 1098.36 845.278 992.006
0.782  1032.1 1233.28 724.902 936.757 934.401 1100.81  847.12 993.327
0.786  1037.1  1238.2 722.982 934.637 936.727 1103.29 849.011 994.703
0.79 1042.06 1243.09 721.167 932.612 939.077 1105.78 850.949 996.132
0.794    1047 1247.95 719.453  930.68 941.446 1108.29 852.932 997.612
0.798 1051.89 1252.78 717.841 928.839 943.835 1110.82 854.957  999.14
0.802 1056.76 1257.57 716.326 927.088 946.242 1113.35 857.023 1000.72
0.806 1061.59 1262.34 714.908 925.424 948.664  1115.9 859.126 1002.33
0.81 1066.38 1267.07 713.585 923.847 951.101 1118.46 861.264    1004
0.814 1071.14 1271.77 712.354 922.353  953.55 1121.03 863.437  1005.7
0.818 1075.86 1276.44 711.213 920.942 956.011 1123.61 865.641 1007.44
0.822 1080.54 1281.07  710.16 919.612 958.483 1126.19 867.874 1009.21
0.826 1085.19 1285.66 709.194  918.36 960.963 1128.78 870.135 1011.02
0.83 1089.79 1290.22 708.312 917.186 963.451 1131.37 872.422 1012.87
0.834 1094.36 1294.75 707.512 916.087 965.945 1133.97 874.733 1014.74
0.838  1098.9 1299.24 706.792 915.061 968.444 1136.57 877.066 1016.65
0.842 1103.39 1303.69  706.15 914.108 970.948 1139.17 879.419 1018.58
0.846 1107.84 1308.11 705.585 913.224 973.454 1141.77 881.791 1020.54
0.85 1112.26 1312.49 705.093 912.409 975.963 1144.37 884.181 1022.52
0.854 1116.64 1316.84 704.673 911.661 978.472 1146.97 886.586 1024.52
0.858 1120.97 1321.14 704.323 910.977 980.981 1149.57 889.005 1026.55
0.862 1125.27 1325.41 704.042 910.357  983.49 1152.16 891.437 1028.59
0.866 1129.53 1329.65 703.826 909.799 985.996 1154.75 893.881 1030.66
0.87 1133.75 1333.84 703.675 909.301   988.5 1157.33 896.334 1032.74
0.874 1137.93    1338 703.586 908.861     991 1159.91 898.796 1034.83
0.878 1142.07 1342.12 703.557 908.477 993.496 1162.48 901.266 1036.94
0.882 1146.17  1346.2 703.586 908.149 995.986 1165.05 903.742 1039.07
0.886 1150.23 1350.25 703.673 907.875 998.471 1167.61 906.223  1041.2
0.89 1154.25 1354.25 703.814 907.652 1000.95 1170.15 908.707 1043.35
0.894 1158.23 1358.22 704.008  907.48 1003.42 1172.69 911.195  1045.5
0.898 1162.17 1362.15 704.253 907.357 1005.88 1175.23 913.684 1047.67
0.902 1166.08 1366.05 704.547 907.282 1008.34 1177.75 916.174 1049.84
0.906 1169.94  1369.9 704.889 907.252 1010.78 1180.26 918.664 1052.01
0.91 1173.76 1373.72 705.277 907.267 1013.22 1182.76 921.153  1054.2
0.914 1177.55  1377.5  705.71 907.325 1015.65 1185.24 923.639 1056.38
0.918 1181.29 1381.24 706.185 907.425 1018.06 1187.72 926.123 1058.57
0.922    1185 1384.95 706.701 907.565 1020.47 1190.18 928.603 1060.76
0.926 1188.67 1388.61 707.257 907.744 1022.86 1192.63 931.078 1062.96
0.93  1192.3 1392.24  707.85 907.961 1025.24 1195.07 933.548 1065.15
0.934 1195.89 1395.84  708.48 908.214 1027.61 1197.49 936.012 1067.34
0.938 1199.44 1399.39 709.145 908.502 1029.96  1199.9  938.47 1069.54
0.942 1202.96 1402.91 709.844 908.823  1032.3  1202.3 940.919 1071.73
0.946 1206.43 1406.39 710.574 909.178 1034.63 1204.68 943.361 1073.92
0.95 1209.87 1409.84 711.335 909.563 1036.95 1207.04 945.794  1076.1
0.954 1213.27 1413.25 712.125 909.979 1039.25 1209.39 948.218 1078.28
0.958 1216.63 1416.62 712.944 910.423 1041.53 1211.73 950.632 1080.46
0.962 1219.96 1419.95 713.789 910.896  1043.8 1214.04 953.035 1082.63
0.966 1223.25 1423.25 714.659 911.395 1046.06 1216.35 955.428  1084.8
0.97  1226.5 1426.52 715.553 911.919  1048.3 1218.63 957.809 1086.96
0.974 1229.72 1429.74  716.47 912.468 1050.52  1220.9 960.178 1089.11
0.978  1232.9 1432.94 717.409 913.041 1052.73 1223.15 962.535 1091.26
0.982 1236.04 1436.09 718.369 913.636 1054.92 1225.39 964.879 1093.39
0.986 1239.15 1439.21 719.348 914.252  1057.1 1227.61 967.209 1095.52
0.99 1242.22  1442.3 720.345 914.889 1059.26 1229.81 969.527 1097.64
0.994 1245.26 1445.35  721.36 915.545  1061.4 1231.99  971.83 1099.75
0.998 1248.26 1448.37 722.391  916.22 1063.52 1234.16 974.119 1101.85
1.002 1251.22 1451.35 723.437 916.913 1065.63 1236.31 976.393 1103.94
1.006 1254.15  1454.3 724.497 917.622 1067.72 1238.44 978.652 1106.02
1.01 1257.05 1457.21 725.571 918.347  1069.8 1240.55 980.897 1108.09
1.014 1259.91 1460.09 726.657 919.087 1071.86 1242.65 983.125 1110.15
1.018 1263.35 1463.55 727.993 920.006 1074.33 1245.17 985.813 1112.63
1.022 1271.67 1471.94 731.379 922.374 1080.38 1251.33 992.395 1118.73
1.026  1279.7 1480.03 734.838 924.842 1086.26 1257.31 998.824 1124.71
1.03 1287.43 1487.82 738.351 927.392 1091.98 1263.13 1005.09 1130.56
1.034 1294.88 1495.34 741.898 930.005 1097.53 1268.78  1011.2 1136.29
1.038 1302.04 1502.57 745.462 932.667 1102.92 1274.25 1017.15 1141.87
1.042 1308.94 1509.54 749.029 935.361 1108.14 1279.56 1022.93 1147.31
1.046 1315.57 1516.24 752.585 938.076  1113.2  1284.7 1028.54 1152.61
1.05 1321.94 1522.68 756.118 940.799 1118.09 1289.67 1033.98 1157.76
1.054 1328.06 1528.87 759.618 943.519 1122.82 1294.47 1039.25 1162.77
1.058 1333.94 1534.82 763.075 946.227 1127.39 1299.11 1044.35 1167.62
1.062 1339.58 1540.54 766.482 948.914  1131.8 1303.59 1049.29 1172.32
1.066    1345 1546.02  769.83 951.573 1136.06 1307.91 1054.06 1176.88
1.07 1350.19 1551.28 773.115 954.196 1140.16 1312.07 1058.66 1181.28
1.074 1355.17 1556.33  776.33 956.778 1144.11 1316.08  1063.1 1185.54
1.078 1359.94 1561.16 779.472 959.314 1147.91 1319.94 1067.39 1189.65
1.082  1364.5 1565.79 782.536   961.8 1151.56 1323.65 1071.51 1193.62
1.086 1368.88 1570.23 785.519 964.231 1155.08 1327.21 1075.48 1197.44
1.09 1373.06 1574.47 788.421 966.604 1158.45 1330.64  1079.3 1201.12
1.094 1377.06 1578.54 791.237 968.917  1161.7 1333.93 1082.97 1204.67
1.098 1380.89 1582.42 793.968 971.168 1164.81 1337.08 1086.49 1208.07
1.102 1384.54 1586.13 796.612 973.355 1167.79  1340.1 1089.87 1211.35
1.106 1388.04 1589.68 799.169 975.476 1170.64    1343 1093.12 1214.49
1.11 1391.37 1593.07 801.639 977.531 1173.38 1345.77 1096.23  1217.5
1.114 1394.55  1596.3 804.022  979.52    1176 1348.43 1099.21  1220.4
1.118 1397.58 1599.38 806.318 981.441  1178.5 1350.97 1102.06 1223.17
1.122 1400.48 1602.32 808.529 983.296 1180.89  1353.4 1104.78 1225.82
1.126 1403.23 1605.13 810.656 985.083 1183.18 1355.71 1107.39 1228.36
1.13 1405.86  1607.8 812.699 986.805 1185.36 1357.93 1109.88 1230.78
1.134 1408.36 1610.34  814.66  988.46 1187.45 1360.04 1112.26  1233.1
1.138 1410.74 1612.76 816.541 990.051 1189.43 1362.05 1114.53 1235.32
1.142    1413 1615.06 818.343 991.579 1191.33 1363.97 1116.69 1237.43
1.146 1415.16 1617.25 820.069 993.043 1193.13  1365.8 1118.76 1239.45
1.15  1417.2 1619.33 821.719 994.447 1194.85 1367.54 1120.72 1241.37
1.154 1419.14 1621.31 823.296  995.79 1196.48  1369.2 1122.59  1243.2
1.158 1420.99 1623.19 824.803 997.075 1198.04 1370.77 1124.37 1244.94
1.162 1422.74 1624.97  826.24 998.302 1199.51 1372.27 1126.07  1246.6
1.166  1424.4 1626.66 827.611 999.474 1200.92 1373.69 1127.67 1248.17
1.17 1425.97 1628.26 828.917 1000.59 1202.25 1375.04  1129.2 1249.67
1.174 1427.47 1629.78  830.16 1001.66 1203.51 1376.32 1130.65 1251.09
1.178 1428.88 1631.22 831.343 1002.67 1204.71 1377.54 1132.03 1252.44
1.182 1430.22 1632.58 832.467 1003.64 1205.85 1378.69 1133.33 1253.72
1.186 1431.48 1633.87 833.535 1004.56 1206.93 1379.78 1134.57 1254.94
1.19 1432.68 1635.09 834.549 1005.43 1207.95 1380.81 1135.74 1256.09
1.194 1433.81 1636.24 835.511 1006.26 1208.91 1381.79 1136.85 1257.18
1.198 1434.88 1637.33 836.423 1007.04 1209.82 1382.72  1137.9 1258.21
1.202 1435.89 1638.36 837.287 1007.79 1210.69 1383.59 1138.89 1259.19
1.206 1436.85 1639.33 838.106  1008.5  1211.5 1384.42 1139.83 1260.11
1.21 1437.75 1640.25  838.88 1009.17 1212.27  1385.2 1140.72 1260.98
1.214  1438.6 1641.12 839.611  1009.8    1213 1385.93 1141.55  1261.8
1.218  1439.4 1641.93 840.303  1010.4 1213.68 1386.63 1142.34 1262.58
1.222 1440.15  1642.7 840.956 1010.96 1214.33 1387.28 1143.09 1263.31
1.226 1440.86 1643.42 841.572 1011.49 1214.94  1387.9 1143.79    1264
1.23 1441.53  1644.1 842.153    1012 1215.51 1388.48 1144.45 1264.65
1.234 1442.16 1644.74 842.701 1012.47 1216.05 1389.03 1145.07 1265.26
1.238 1442.75 1645.35 843.217 1012.92 1216.56 1389.54 1145.65 1265.84
1.242  1443.3 1645.91 843.702 1013.34 1217.04 1390.03  1146.2 1266.38
1.246 1443.82 1646.44 844.159 1013.74 1217.48 1390.48 1146.72 1266.89
1.25 1444.31 1646.94 844.589 1014.11 1217.91 1390.91 1147.21 1267.37
1.254 1444.77 1647.41 844.992 1014.46  1218.3 1391.31 1147.66 1267.82
1.258 1445.21 1647.85 845.371 1014.79 1218.67 1391.68 1148.09 1268.24
1.262 1445.61 1648.26 845.726  1015.1 1219.02 1392.04 1148.49 1268.63
1.266 1445.99 1648.65  846.06 1015.39 1219.35 1392.37 1148.87    1269
1.27 1446.34 1649.01 846.372 1015.66 1219.65 1392.68 1149.22 1269.35
1.274 1446.67 1649.35 846.665 1015.91 1219.94 1392.97 1149.55 1269.68
1.278 1446.98 1649.66 846.939 1016.15  1220.2 1393.24 1149.86 1269.98
1.282 1447.27 1649.96 847.195 1016.38 1220.45 1393.49 1150.14 1270.26
1.286 1447.54 1650.24 847.434 1016.58 1220.69 1393.73 1150.41 1270.53
1.29  1447.8 1650.49 847.658 1016.78 1220.91 1393.95 1150.66 1270.78
1.294 1448.03 1650.73 847.867 1016.96 1221.11 1394.15  1150.9 1271.01
1.298 1448.25 1650.96 848.062 1017.13  1221.3 1394.35 1151.12 1271.23
1.302 1448.46 1651.17 848.244 1017.29 1221.48 1394.53 1151.32 1271.43
1.306 1448.65 1651.36 848.413 1017.44 1221.64 1394.69 1151.51 1271.62
1.31 1448.83 1651.54 848.571 1017.57  1221.8 1394.85 1151.69 1271.79
1.314 1448.99 1651.71 848.718  1017.7 1221.94 1394.99 1151.86 1271.95
1.318 1449.15 1651.87 848.855 1017.82 1222.07 1395.13 1152.01  1272.1
1.322 1449.29 1652.02 848.982 1017.93  1222.2 1395.25 1152.15 1272.25
1.326 1449.42 1652.15   849.1 1018.03 1222.31 1395.37 1152.28 1272.38
1.33 1449.55 1652.28 849.209 1018.13 1222.42 1395.48 1152.41  1272.5
1.334 1449.66 1652.39 849.311 1018.22 1222.52 1395.58 1152.52 1272.61
1.338 1449.77  1652.5 849.405  1018.3 1222.61 1395.67 1152.63 1272.71
1.342 1449.87  1652.6 849.492 1018.38 1222.69 1395.76 1152.72 1272.81
1.346 1449.96 1652.69 849.573 1018.45 1222.77 1395.84 1152.81  1272.9
1.35 1450.04 1652.78 849.648 1018.51 1222.84 1395.91  1152.9 1272.98
1.354 1450.12 1652.86 849.717 1018.57 1222.91 1395.98 1152.98 1273.06
1.358 1450.19 1652.93 849.781 1018.63 1222.97 1396.04 1153.05 1273.13
1.362 1450.26    1653  849.84 1018.68 1223.03  1396.1 1153.11 1273.19
1.366 1450.32 1653.06 849.894 1018.73 1223.08 1396.15 1153.17 1273.25
1.37 1450.37 1653.12 849.944 1018.77 1223.13  1396.2 1153.23 1273.31
1.374 1450.43 1653.17  849.99 1018.81 1223.18 1396.25 1153.28 1273.36
1.378 1450.47 1653.22 850.033 1018.85 1223.22 1396.29 1153.33 1273.41
1.382 1450.52 1653.27 850.072 1018.88 1223.25 1396.33 1153.37 1273.45
1.386 1450.56 1653.31 850.108 1018.91 1223.29 1396.36 1153.41 1273.49
1.39 1450.59 1653.35 850.141 1018.94 1223.32 1396.39 1153.45 1273.53
1.394 1450.63 1653.38 850.171 1018.97 1223.35 1396.42 1153.48 1273.56
1.398 1450.66 1653.41 850.199 1018.99 1223.38 1396.45 1153.52 1273.59
1.402 1450.69 1653.44 850.224 1019.01  1223.4 1396.48 1153.54 1273.62
1.406 1450.71 1653.47 850.247 1019.03 1223.43  1396.5 1153.57 1273.65
1.41 1450.74 1653.49 850.269 1019.05 1223.45 1396.52 1153.59 1273.67
1.414 1450.76 1653.51 850.288 1019.07 1223.46 1396.54 1153.62 1273.69
1.418 1450.78 1653.53 850.306 1019.08 1223.48 1396.56 1153.64 1273.71
1.422  1450.8 1653.55 850.322  1019.1  1223.5 1396.57 1153.65 1273.73
1.426 1450.81 1653.57 850.337 1019.11 1223.51 1396.59 1153.67 1273.74
1.43 1450.83 1653.59  850.35 1019.12 1223.53  1396.6 1153.68 1273.76
1.434 1450.84  1653.6 850.362 1019.13 1223.54 1396.61  1153.7 1273.77
1.438 1450.86 1653.61 850.373 1019.14 1223.55 1396.62 1153.71 1273.78
1.442 1450.87 1653.62 850.383 1019.15 1223.56 1396.63 1153.72  1273.8
1.446 1450.88 1653.63 850.392 1019.16 1223.57 1396.64 1153.73 1273.81
1.45 1450.89 1653.64 850.401 1019.17 1223.57 1396.65 1153.74 1273.81
1.454  1450.9 1653.65 850.408 1019.17 1223.58 1396.66 1153.75 1273.82
1.458  1450.9 1653.66 850.415 1019.18 1223.59 1396.66 1153.76 1273.83
1.462 1450.91 1653.67 850.421 1019.18 1223.59 1396.67 1153.76 1273.84
1.466 1450.92 1653.67 850.426 1019.19  1223.6 1396.68 1153.77 1273.84
1.47 1450.92 1653.68 850.431 1019.19  1223.6 1396.68 1153.78 1273.85
1.474 1450.93 1653.68 850.436  1019.2 1223.61 1396.69 1153.78 1273.85
1.478 1450.93 1653.69  850.44  1019.2 1223.61 1396.69 1153.79 1273.86
1.482 1450.93 1653.69 850.443  1019.2 1223.62 1396.69 1153.79 1273.86
1.486 1450.94  1653.7 850.446 1019.21 1223.62  1396.7 1153.79 1273.86
1.49 1450.94  1653.7 850.449 1019.21 1223.62  1396.7  1153.8 1273.87
1.494 1450.94  1653.7 850.452 1019.21 1223.62  1396.7  1153.8 1273.87
1.498 1450.95  1653.7 850.454 1019.21 1223.63  1396.7  1153.8 1273.87
1.502 1450.95 1653.71 850.456 1019.21 1223.63 1396.71  1153.8 1273.88
1.506 1450.95 1653.71 850.458 1019.22 1223.63 1396.71 1153.81 1273.88
1.51 1450.95 1653.71 850.459 1019.22 1223.63 1396.71 1153.81 1273.88
1.514 1450.95 1653.71 850.461 1019.22 1223.63 1396.71 1153.81 1273.88
1.518 1450.96 1653.71 850.462 1019.22 1223.63 1396.71 1153.81 1273.88
1.522 1450.96 1653.71 850.463 1019.22 1223.63 1396.71 1153.81 1273.88
1.526 1450.96 1653.72 850.464 1019.22 1223.64 1396.71 1153.81 1273.88
1.53 1450.96 1653.72 850.465 1019.22 1223.64 1396.71 1153.81 1273.89
1.534 1450.96 1653.72 850.466 1019.22 1223.64 1396.71 1153.81 1273.89
1.538 1450.96 1653.72 850.466 1019.22 1223.64 1396.72 1153.82 1273.89
1.542 1450.96 1653.72 850.467 1019.22 1223.64 1396.72 1153.82 1273.89
1.546 1450.96 1653.72 850.467 1019.22 1223.64 1396.72 1153.82 1273.89
1.55 1450.96 1653.72 850.468 1019.23 1223.64 1396.72 1153.82 1273.89
1.554 1450.96 1653.72 850.468 1019.23 1223.64 1396.72 1153.82 1273.89
1.558 1450.96 1653.72 850.469 1019.23 1223.64 1396.72 1153.82 1273.89
1.562 1450.96 1653.72 850.469 1019.23 1223.64 1396.72 1153.82 1273.89
1.566 1450.96 1653.72 850.469 1019.23 1223.64 1396.72 1153.82 1273.89
1.57 1450.96 1653.72 850.469 1019.23 1223.64 1396.72 1153.82 1273.89
1.574 1450.96 1653.72 850.469 1019.23 1223.64 1396.72 1153.82 1273.89
1.578 1450.96 1653.72  850.47 1019.23 1223.64 1396.72 1153.82 1273.89
1.582 1450.96 1653.72  850.47 1019.23 1223.64 1396.72 1153.82 1273.89
1.586 1450.96 1653.72  850.47 1019.23 1223.64 1396.72 1153.82 1273.89
1.59 1450.96 1653.72  850.47 1019.23 1223.64 1396.72 1153.82 1273.89
1.594 1450.96 1653.72  850.47 1019.23 1223.64 1396.72 1153.82 1273.89
1.598 1450.96 1653.72  850.47 1019.23 1223.64 1396.72 1153.82 1273.89
1.602 1450.96 1653.72  850.47 1019.23 1223.64 1396.72 1153.82 1273.89
1.606 1450.96 1653.72  850.47 1019.23 1223.64 1396.72 1153.82 1273.89
1.61 1450.96 1653.72  850.47 1019.23 1223.64 1396.72 1153.82 1273.89
1.614 1450.97 1653.72  850.47 1019.23 1223.64 1396.72 1153.82 1273.89
1.618 1450.97 1653.72  850.47 1019.23 1223.64 1396.72 1153.82 1273.89
1.622 1450.97 1653.72  850.47 1019.23 1223.64 1396.72 1153.82 1273.89
1.626 1450.97 1653.72  850.47 1019.23 1223.64 1396.72 1153.82 1273.89
1.63 1450.97 1653.72  850.47 1019.23 1223.64 1396.72 1153.82 1273.89
1.634 1450.97 1653.72  850.47 1019.23 1223.64 1396.72 1153.82 1273.89
1.638 1450.97 1653.72  850.47 1019.23 1223.64 1396.72 1153.82 1273.89
1.642 1450.97 1653.72  850.47 1019.23 1223.64 1396.72 1153.82 1273.89
1.646 1450.97 1653.72  850.47 1019.23 1223.64 1396.72 1153.82 1273.89
1.65 1450.97 1653.72  850.47 1019.23 1223.64 1396.72 1153.82 1273.89
1.654 1450.97 1653.72  850.47 1019.23 1223.64 1396.72 1153.82 1273.89
1.658 1450.97 1653.72  850.47 1019.23 1223.64 1396.72 1153.82 1273.89
1.662 1450.97 1653.72  850.47 1019.23 1223.64 1396.72 1153.82 1273.89
1.666 1450.97 1653.72  850.47 1019.23 1223.64 1396.72 1153.82 1273.89
1.67 1450.97 1653.72  850.47 1019.23 1223.64 1396.72 1153.82 1273.89
1.674 1450.97 1653.72  850.47 1019.23 1223.64 1396.72 1153.82 1273.89
1.678 1450.97 1653.72  850.47 1019.23 1223.64 1396.72 1153.82 1273.89
1.682 1450.97 1653.72  850.47 1019.23 1223.64 1396.72 1153.82 1273.89
1.686 1450.97 1653.72  850.47 1019.23 1223.64 1396.72 1153.82 1273.89
1.69 1450.97 1653.72  850.47 1019.23 1223.64 1396.72 1153.82 1273.89
1.694 1450.97 1653.72  850.47 1019.23 1223.64 1396.72 1153.82 1273.89
1.698 1450.97 1653.72  850.47 1019.23 1223.64 1396.72 1153.82 1273.89
1.702 1450.97 1653.72  850.47 1019.23 1223.64 1396.72 1153.82 1273.89
1.706 1450.97 1653.72  850.47 1019.23 1223.64 1396.72 1153.82 1273.89
1.71 1450.97 1653.72  850.47 1019.23 1223.64 1396.72 1153.82 1273.89
1.714 1450.97 1653.72  850.47 1019.23 1223.64 1396.72 1153.82 1273.89
1.718 1450.97 1653.72  850.47 1019.23 1223.64 1396.72 1153.82 1273.89
1.722 1450.97 1653.72  850.47 1019.23 1223.64 1396.72 1153.82 1273.89
1.726 1450.97 1653.72  850.47 1019.23 1223.64 1396.72 1153.82 1273.89
1.73 1450.97 1653.72  850.47 1019.23 1223.64 1396.72 1153.82 1273.89
1.734 1450.97 1653.72  850.47 1019.23 1223.64 1396.72 1153.82 1273.89
1.738 1450.97 1653.72  850.47 1019.23 1223.64 1396.72 1153.82 1273.89
1.742 1450.97 1653.72  850.47 1019.23 1223.64 1396.72 1153.82 1273.89
1.746 1450.97 1653.72  850.47 1019.23 1223.64 1396.72 1153.82 1273.89
1.75 1450.97 1653.72  850.47 1019.23 1223.64 1396.72 1153.82 1273.89
1.754 1450.97 1653.72  850.47 1019.23 1223.64 1396.72 1153.82 1273.89
1.758 1450.97 1653.72  850.47 1019.23 1223.64 1396.72 1153.82 1273.89
1.762 1450.97 1653.72  850.47 1019.23 1223.64 1396.72 1153.82 1273.89
1.766 1450.97 1653.72  850.47 1019.23 1223.64 1396.72 1153.82 1273.89
1.77 1450.97 1653.72  850.47 1019.23 1223.64 1396.72 1153.82 1273.89
1.774 1450.97 1653.72  850.47 1019.23 1223.64 1396.72 1153.82 1273.89
1.778 1450.97 1653.72  850.47 1019.23 1223.64 1396.72 1153.82 1273.89
1.782 1450.97 1653.72  850.47 1019.23 1223.64 1396.72 1153.82 1273.89
1.786 1450.97 1653.72  850.47 1019.23 1223.64 1396.72 1153.82 1273.89
1.79 1450.97 1653.72  850.47 1019.23 1223.64 1396.72 1153.82 1273.89
1.794 1450.97 1653.72  850.47 1019.23 1223.64 1396.72 1153.82 1273.89
1.798 1450.97 1653.72  850.47 1019.23 1223.64 1396.72 1153.82 1273.89
1.802 1450.97 1653.72  850.47 1019.23 1223.64 1396.72 1153.82 1273.89
1.806 1450.97 1653.72  850.47 1019.23 1223.64 1396.72 1153.82 1273.89
1.81 1450.97 1653.72  850.47 1019.23 1223.64 1396.72 1153.82 1273.89
1.814 1450.97 1653.72  850.47 1019.23 1223.64 1396.72 1153.82 1273.89
1.818 1450.97 1653.72  850.47 1019.23 1223.64 1396.72 1153.82 1273.89
1.822 1450.97 1653.72  850.47 1019.23 1223.64 1396.72 1153.82 1273.89
1.826 1450.97 1653.72  850.47 1019.23 1223.64 1396.72 1153.82 1273.89
1.83 1450.97 1653.72  850.47 1019.23 1223.64 1396.72 1153.82 1273.89
1.834 1450.97 1653.72  850.47 1019.23 1223.64 1396.72 1153.82 1273.89
1.838 1450.97 1653.72  850.47 1019.23 1223.64 1396.72 1153.82 1273.89
1.842 1450.97 1653.72  850.47 1019.23 1223.64 1396.72 1153.82 1273.89
