0 0
0 0
0 0
0 0
0 0
0 0
0 0
0 0
0 0
0 0
0 0
0 0
0 0
0 0
0 0
0 0
0 0
0 0
0 0
0 0
0 0
0 0
0 0
0 0
0 0
0 0
0 0
0 0
0 0
0 0
0 0
0 0
0 0
0 0
0 0
0 0
0 0
0 0
0 0
0 0
0 0
0 0
0 0
0 0
0 0
0 0
0 0
0 0
0 0
0 0
0 0
0 0
0 0
0 0
0 0
0 0
0 0
0 0
0 0
0 0
0 0
0 0
0 0
0 0
0 0
0 0
0 0
0 0
0 0
0 0
0 0
0 0
0 0
0 0
0 0
0 0
0 0
0 0
0 0
0 0
0 0
0 0
0 0
0 0
0 0
0 0
0 0
0 0
0 0
0 0
0 0
0 0
0 0
0 0
0 0
0 0
0 0
0 0
0 0
0 0
0 0
0 0
0 0
0 0
0 0
0 0
0 0
0 0
0 0
0 0
0 0
0 0
0 0
0 0
0 0
0 0
0 0
0 0
0 0
0 0
0 0
0 0
0 0
0 0
0 0
0 0
0 0
0 0
0 0
0 0
0 0
0 0
0 0
0 0
0 0
0 0
0 0
0 0
0 0
0 0
0 0
0 0
0 0
0 0
0 0
0 0
0 0
0 0
0 0
0 0
0 0
0 0
0 0
0 0
0 0
0 0
0 0
0 0
0 0
0 0
0 0
0 0
0 0
0 0
0 0
0 0
0 0
0 0
0 0
0 0
0 0
0 0
0 0
0 0
0 0
0 0
0 0
0 0
0 0
0 0
0 0
0 0
0 0
0 0
0 0
0 0
0 0
0 0
0 0
0 0
0 0
0 0
0 0
0 0
0 0
0 0
0 0
0 0
0 0
0 0
0 0
0 0
0 0
0 0
0 0
0 0
0 0
0 0
0 0
0 0
0 0
0 0
0 0
0 0
0 0
0 0
0 0
0 0
0 0
0 0
0 0
0 0
0 0
0 0
0 0
0 0
0 0
0 0
0 0
0 0
0 0
0 0
0 0
0 0
0 0
0 0
0 0
0 0
0 0
0 0
0 0
0 0
0 0
0 0
0 0
0 0
0 0
0 0
0 0
0 0
0 0
0 0
0 0
0 0
0 0
0 0
0 0
0 0
0 0
0 0
0 0
0 0
0 0
0 0
0 0
0 0
0 0
0 0
0 0
0 0
0 0
0 0
0 0
0 0
0 0
0 0
0 0
0 0
0 0
0 0
0 0
0 0
0 0
0 0
0 0
0 0
0 0
0 0
0 0
0 0
0 0
0 0
0 0
0 0
0 0
0 0
0 0
0 0
0 0
0 0
0 0
0 0
0 0
0 0
0 0
0 0
0 0
0 0
0 0
0 0
0 0
0 0
0 0
0 0
0 0
0 0
0 0
0 0
0 0
0 0
0 0
0 0
0 0
0 0
0 0
0 0
0 0
0 0
0 0
0 0
0 0
0 0
0 0
0 0
0 0
0 0
0 0
0 0
0 0
0 0
0 0
0 0
0 0
0 0
0 0
0 0
0 0
0 0
0 0
0 0
0 0
0 0
0 0
0 0
0 0
0 0
0 0
0 0
0 0
0 0
0 0
0 0
0 0
0 0
0 0
0 0
0 0
0 0
0 0
0 0
0 0
0 0
0 0
0 0
0 0
0 0
0 0
0 0
0 0
0 0
0 0
0 0
0 0
0 0
0 0
0 0
0 0
0 0
0 0
0 0
0 0
0 0
0 0
0 0
0 0
0 0
0 0
0 0
0 0
0 0
0 0
0 0
0 0
0 0
0 0
0 0
0 0
0 0
0 0
0 0
0 0
0 0
0 0
0 0
0 0
0 0
0 0
0 0
0 0
0 0
0 0
0 0
0 0
0 0
0 0
0 0
0 0
0 0
0 0
0 0
0 0
0 0
0 0
0 0
0 0
0 0
0 0
0 0
0 0
0 0
0 0
0 0
0 0
0 0
0 0
0 0
0 0
0 0
0 0
0 0
0 0
0 0
0 0
0 0
0 0
0 0
0 0
0 0
0 0
0 0
0 0
0 0
0 0
0 0
0 0
0 0
0 0
0 0
0 0
0 0
0 0
0 0
0 0
0 0
0 0
0 0
0 0
0 0
0 0
0 0
0 0
0 0
0 0
0 0
0 0
0 0
0 0
0 0
0 0
0 0
0 0
0 0
0 0
0 0
0 0
0 0
0 0
0 0
0 0
0 0
0 0
0 0
0 0
0 0
0 0
0 0
0 0
0 0
0 0
0 0
0 0
0 0
0 0
0 0
0 0
0 0
0 0
0 0
0 0
0 0
0 0
0 0
0 0
0 0
0 0
0 0
0 0
0 0
0 0
0 0
0 0
0 0
0 0
0 0
0 0
0 0
0 0
0 0
0 0
0 0
0 0
0 0
0 0
0 0
0 0
0 0
0 0
0 0
0 0
0 0
0 0
0 0
0 0
0 0
0 0
0 0
0 0
0 0
0 0
0 0
0 0
0 0
0 0
0 0
0 0
0 0
0 0
0 0
0 0
0 0
0 0
0 0
0 0
0 0
0 0
0 0
0 0
0 0
0 0
0 0
0 0
0 0
0 0
0 0
0 0
0 0
0 0
0 0
0 0
0 0
0 0
0 0
0 0
0 0
0 0
0 0
0 0
0 0
0 0
0 0
0 0
0 0
0 0
0 0
0 0
0 0
0 0
0 0
0 0
0.0001 1.19048e-06
0.0003 3.57143e-06
0.0006 7.14286e-06
0.001 1.19048e-05
0.0015 1.78571e-05
0.0021 2.5e-05
0.0028 3.33333e-05
0.0036 4.28571e-05
0.0045 5.35714e-05
0.0055 6.54762e-05
0.0066 7.85714e-05
0.0078 9.28571e-05
0.0091 0.000108333
0.0105 0.000125
0.012 0.000142857
0.0136 0.000161905
0.0153 0.000182143
0.0171 0.000203571
0.019 0.00022619
0.021 0.00025
0.0231 0.000275
0.0253 0.00030119
0.0276 0.000328571
0.03 0.000357143
0.0325 0.000386905
0.0351 0.000417857
0.0378 0.00045
0.0406 0.000483333
0.0435 0.000517857
0.0465 0.000553571
0.0496 0.000590476
0.0528 0.000628571
0.0561 0.000667857
0.0595 0.000708333
0.063 0.00075
0.0666 0.000792857
0.0703 0.000836905
0.0741 0.000882143
0.078 0.000928571
0.082 0.00097619
0.086 0.00102381
0.09 0.00107143
0.094 0.00111905
0.098 0.00116667
0.102 0.00121429
0.106 0.0012619
0.11 0.00130952
0.114 0.00135714
0.118 0.00140476
0.122 0.00145238
0.126 0.0015
0.13 0.00154762
0.134 0.00159524
0.138 0.00164286
0.142 0.00169048
0.146 0.0017381
0.15 0.00178571
0.154 0.00183333
0.158 0.00188095
0.162 0.00192857
0.166 0.00197619
0.17 0.00202381
0.174 0.00207143
0.178 0.00211905
0.182 0.00216667
0.186 0.00221429
0.19 0.0022619
0.194 0.00230952
0.198 0.00235714
0.202 0.00240476
0.206 0.00245238
0.21 0.0025
0.214 0.00254762
0.218 0.00259524
0.222 0.00264286
0.226 0.00269048
0.23 0.0027381
0.234 0.00278571
0.238 0.00283333
0.242 0.00288095
0.246 0.00292857
0.25 0.00297619
0.254 0.00302381
0.258 0.00307143
0.262 0.00311905
0.266 0.00316667
0.27 0.00321429
0.274 0.0032619
0.278 0.00330952
0.282 0.00335714
0.286 0.00340476
0.29 0.00345238
0.294 0.0035
0.298 0.00354762
0.302 0.00359524
0.306 0.00364286
0.31 0.00369048
0.314 0.0037381
0.318 0.00378571
0.322 0.00383333
0.326 0.00388095
0.33 0.00392857
0.334 0.00397619
0.338 0.00402381
0.342 0.00407143
0.346 0.00411905
0.35 0.00416667
0.354 0.00421429
0.358 0.0042619
0.362 0.00430952
0.366 0.00435714
0.37 0.00440476
0.374 0.00445238
0.378 0.0045
0.382 0.00454762
0.386 0.00459524
0.39 0.00464286
0.394 0.00469048
0.398 0.0047381
0.402 0.00478571
0.406 0.00483333
0.41 0.00488095
0.414 0.00492857
0.418 0.00497619
0.422 0.00502381
0.426 0.00507143
0.43 0.00511905
0.434 0.00516667
0.438 0.00521429
0.442 0.0052619
0.446 0.00530952
0.45 0.00535714
0.454 0.00578571
0.458 0.00964286
0.462 0.0135
0.466 0.0173571
0.47 0.0212143
0.474 0.0250714
0.478 0.0289286
0.482 0.0327857
0.486 0.0366429
0.49 0.0405
0.494 0.0443571
0.498 0.0482143
0.502 0.0520714
0.506 0.0542143
0.51 0.0546429
0.514 0.0550714
0.518 0.0555
0.522 0.0559286
0.526 0.0563571
0.53 0.0567857
0.534 0.0572143
0.538 0.0576429
0.542 0.0580714
0.546 0.0585
0.55 0.0589286
0.554 0.0593571
0.558 0.0597857
0.562 0.0606614
0.566 0.0619842
0.57 0.0633071
0.574 0.0646299
0.578 0.0659527
0.582 0.0672755
0.586 0.0685984
0.59 0.0699212
0.594 0.071244
0.598 0.0725669
0.602 0.0738897
0.606 0.0752125
0.61 0.0765353
0.614 0.0778582
0.618 0.079181
0.622 0.0805038
0.626 0.0818266
0.63 0.0831495
0.634 0.0844723
0.638 0.0857951
0.642 0.0871179
0.646 0.0884408
0.65 0.0897636
0.654 0.0910864
0.658 0.0924093
0.662 0.0937321
0.666 0.0950549
0.67 0.0963777
0.674 0.0977006
0.678 0.0990234
0.682 0.100346
0.686 0.101669
0.69 0.102992
0.694 0.104315
0.698 0.105638
0.702 0.10696
0.706 0.108283
0.71 0.109606
0.714 0.110929
0.718 0.112252
0.722 0.113574
0.726 0.114897
0.73 0.11622
0.734 0.117543
0.738 0.118866
0.742 0.120189
0.746 0.121511
0.75 0.122834
0.754 0.124157
0.758 0.12548
0.762 0.126803
0.766 0.128126
0.77 0.129448
0.774 0.130771
0.778 0.132094
0.782 0.133417
0.786 0.13474
0.79 0.136063
0.794 0.137385
0.798 0.138708
0.802 0.140031
0.806 0.141354
0.81 0.142677
0.814 0.143999
0.818 0.145322
0.822 0.146645
0.826 0.147968
0.83 0.149291
0.834 0.150614
0.838 0.151936
0.842 0.153259
0.846 0.154582
0.85 0.155905
0.854 0.157228
0.858 0.158551
0.862 0.159873
0.866 0.161196
0.87 0.162519
0.874 0.163842
0.878 0.165165
0.882 0.166488
0.886 0.16781
0.89 0.169133
0.894 0.170456
0.898 0.171779
0.902 0.173102
0.906 0.174424
0.91 0.175747
0.914 0.17707
0.918 0.178393
0.922 0.179716
0.926 0.181039
0.93 0.182361
0.934 0.183684
0.938 0.185007
0.942 0.18633
0.946 0.187653
0.95 0.188976
0.954 0.190298
0.958 0.191621
0.962 0.192944
0.966 0.194267
0.97 0.19559
0.974 0.196913
0.978 0.198235
0.982 0.199558
0.986 0.200881
0.99 0.202204
0.994 0.203527
0.998 0.20485
1.002 0.206172
1.006 0.207495
1.01 0.208818
1.014 0.210426
1.018 0.214426
1.022 0.218426
1.026 0.222426
1.03 0.226426
1.034 0.230426
1.038 0.234426
1.042 0.238426
1.046 0.242426
1.05 0.246426
1.054 0.250426
1.058 0.254426
1.062 0.258426
1.066 0.262426
1.07 0.266426
1.074 0.270426
1.078 0.274426
1.082 0.278426
1.086 0.282426
1.09 0.286426
1.094 0.290426
1.098 0.294426
1.102 0.298426
1.106 0.302426
1.11 0.306426
1.114 0.310426
1.118 0.314426
1.122 0.318426
1.126 0.322426
1.13 0.326426
1.134 0.330426
1.138 0.334426
1.142 0.338426
1.146 0.342426
1.15 0.346426
1.154 0.350426
1.158 0.354426
1.162 0.358426
1.166 0.362426
1.17 0.366426
1.174 0.370426
1.178 0.374426
1.182 0.378426
1.186 0.382426
1.19 0.386426
1.194 0.390426
1.198 0.394426
1.202 0.398426
1.206 0.402426
1.21 0.406426
1.214 0.410426
1.218 0.414426
1.222 0.418426
1.226 0.422426
1.23 0.426426
1.234 0.430426
1.238 0.434426
1.242 0.438426
1.246 0.442426
1.25 0.446426
1.254 0.450426
1.258 0.454426
1.262 0.458426
1.266 0.462426
1.27 0.466426
1.274 0.470426
1.278 0.474426
1.282 0.478426
1.286 0.482426
1.29 0.486426
1.294 0.490426
1.298 0.494426
1.302 0.498426
1.306 0.502426
1.31 0.506426
1.314 0.510426
1.318 0.514426
1.322 0.518426
1.326 0.522426
1.33 0.526426
1.334 0.530426
1.338 0.534426
1.342 0.538426
1.346 0.542426
1.35 0.546426
1.354 0.550426
1.358 0.554426
1.362 0.558426
1.366 0.562426
1.37 0.566426
1.374 0.570426
1.378 0.574426
1.382 0.578426
1.386 0.582426
1.39 0.586426
1.394 0.590426
1.398 0.594426
1.402 0.598426
1.406 0.602426
1.41 0.606426
1.414 0.610426
1.418 0.614426
1.422 0.618426
1.426 0.622426
1.43 0.626426
1.434 0.630426
1.438 0.634426
1.442 0.638426
1.446 0.642426
1.45 0.646426
1.454 0.650426
1.458 0.654426
1.462 0.658426
1.466 0.662426
1.47 0.666426
1.474 0.670426
1.478 0.674426
1.482 0.678426
1.486 0.682426
1.49 0.686426
1.494 0.690426
1.498 0.694426
1.502 0.698426
1.506 0.702426
1.51 0.706426
1.514 0.710426
1.518 0.714426
1.522 0.718426
1.526 0.722426
1.53 0.726426
1.534 0.730426
1.538 0.734426
1.542 0.738426
1.546 0.742426
1.55 0.746426
1.554 0.750426
1.558 0.754426
1.562 0.758426
1.566 0.762426
1.57 0.766426
1.574 0.770426
1.578 0.774426
1.582 0.778426
1.586 0.782426
1.59 0.786426
1.594 0.790426
1.598 0.794426
1.602 0.798426
1.606 0.802426
1.61 0.806426
1.614 0.810426
1.618 0.814426
1.622 0.818426
1.626 0.822426
1.63 0.826426
1.634 0.830426
1.638 0.834426
1.642 0.838426
1.646 0.842426
1.65 0.846426
1.654 0.850426
1.658 0.854426
1.662 0.858426
1.666 0.862426
1.67 0.866426
1.674 0.870426
1.678 0.874426
1.682 0.878426
1.686 0.882426
1.69 0.886426
1.694 0.890426
1.698 0.894426
1.702 0.898426
1.706 0.902426
1.71 0.906426
1.714 0.910426
1.718 0.914426
1.722 0.918426
1.726 0.922426
1.73 0.926426
1.734 0.930426
1.738 0.934426
1.742 0.938426
1.746 0.942426
1.75 0.946426
1.754 0.950426
1.758 0.954426
1.762 0.958426
1.766 0.962426
1.77 0.966426
1.774 0.970426
1.778 0.974426
1.782 0.978426
1.786 0.982426
1.79 0.986426
1.794 0.990426
1.798 0.994426
1.802 0.998426
1.806 1
1.81 1
1.814 1
1.818 1
1.822 1
1.826 1
1.83 1
1.834 1
1.838 1
