0 0
0 0
0 0
0 0
0 0
0 0
0 0
0 0
0 0
0 0
0 0
0 0
0 0
0 0
0 0
0 0
0 0
0 0
0 0
0 0
0 0
0 0
0 0
0 0
0 0
0 0
0 0
0 0
0 0
0 0
0 0
0.0001 0.0001
0.0003 0.0003
0.0006 0.0006
0.001 0.001
0.0015 0.0015
0.0021 0.0021
0.0028 0.0028
0.0036 0.0036
0.0044 0.0044
0.0052 0.0052
0.006 0.006
0.0068 0.0068
0.0076 0.0076
0.0084 0.0084
0.0092 0.0092
0.01 0.01
0.0108 0.0108
0.0116 0.0116
0.0124 0.0124
0.0132 0.0132
0.014 0.014
0.0148 0.0148
0.0156 0.0156
0.0164 0.0164
0.0172 0.0172
0.018 0.018
0.0188 0.0188
0.0196 0.0196
0.0204 0.0204
0.0212 0.0212
0.022 0.022
0.0228 0.0228
0.0236 0.0236
0.0244 0.0244
0.0252 0.0252
0.026 0.026
0.0268 0.0268
0.0276 0.0276
0.0284 0.0284
0.0292 0.0292
0.03 0.03
0.0308 0.0308
0.0316 0.0316
0.0324 0.0324
0.0332 0.0332
0.034 0.034
0.0348 0.0348
0.0356 0.0356
0.0364 0.0364
0.0372 0.0372
0.038 0.038
0.0388 0.0388
0.0396 0.0396
0.0404 0.0404
0.0412 0.0412
0.042 0.042
0.0428 0.0428
0.0436 0.0436
0.0444 0.0444
0.0452 0.0452
0.046 0.046
0.0468 0.0468
0.0476 0.0476
0.0484 0.0484
0.0492 0.0492
0.05 0.05
0.0508 0.0508
0.0516 0.0516
0.0524 0.0524
0.0532 0.0532
0.054 0.054
0.0548 0.0548
0.0556 0.0556
0.0564 0.0564
0.0572 0.0572
0.058 0.058
0.0588 0.0588
0.0596 0.0596
0.0604 0.0604
0.0612 0.0612
0.062 0.062
0.0628 0.0628
0.0636 0.0636
0.0644 0.0644
0.0652 0.0652
0.066 0.066
0.0668 0.0668
0.0676 0.0676
0.0684 0.0684
0.0692 0.0692
0.07 0.07
0.0708 0.0708
0.0716 0.0716
0.0724 0.0724
0.0732 0.0732
0.074 0.074
0.0748 0.0748
0.0756 0.0756
0.0764 0.0764
0.0772 0.0772
0.078 0.078
0.0788 0.0788
0.0796 0.0796
0.0804 0.0804
0.0812 0.0812
0.082 0.082
0.0828 0.0828
0.0836 0.0836
0.0844 0.0844
0.0852 0.0852
0.086 0.086
0.0868 0.0868
0.0876 0.0876
0.0884 0.0884
0.0892 0.0892
0.09 0.09
0.0908 0.0908
0.0916 0.0916
0.0924 0.0924
0.0932 0.0932
0.094 0.094
0.0948 0.0948
0.0956 0.0956
0.0964 0.0964
0.0972 0.0972
0.098 0.098
0.0988 0.0988
0.0996 0.0996
0.1004 0.1004
0.1012 0.1012
0.102 0.102
0.1028 0.1028
0.1036 0.1036
0.1044 0.1044
0.1052 0.1052
0.106 0.106
0.1068 0.1068
0.1076 0.1076
0.1084 0.1084
0.1092 0.1092
0.11 0.11
0.1108 0.1108
0.1116 0.1116
0.1124 0.1124
0.1132 0.1132
0.114 0.114
0.1148 0.1148
0.1156 0.1156
0.1164 0.1164
0.1172 0.1172
0.118 0.118
0.1188 0.1188
0.1196 0.1196
0.1204 0.1204
0.1212 0.1212
0.122 0.122
0.1228 0.1228
0.1236 0.1236
0.1244 0.1244
0.1252 0.1252
0.126 0.126
0.1268 0.1268
0.1276 0.1276
0.1284 0.1284
0.1292 0.1292
0.13 0.13
0.1308 0.1308
0.1316 0.1316
0.1324 0.1324
0.1332 0.1332
0.134 0.134
0.1348 0.1348
0.1356 0.1356
0.1364 0.1364
0.1372 0.1372
0.138 0.138
0.1388 0.1388
0.1396 0.1396
0.1404 0.1404
0.1412 0.1412
0.142 0.142
0.1428 0.1428
0.1436 0.1436
0.1444 0.1444
0.1452 0.1452
0.146 0.146
0.1468 0.1468
0.1476 0.1476
0.1484 0.1484
0.1492 0.1492
0.15 0.15
0.1508 0.1508
0.1516 0.1516
0.1524 0.1524
0.1532 0.1532
0.154 0.154
0.1548 0.1548
0.1556 0.1556
0.1564 0.1564
0.1572 0.1572
0.158 0.158
0.1588 0.1588
0.1596 0.1596
0.1604 0.1604
0.1612 0.1612
0.162 0.162
0.1628 0.1628
0.1636 0.1636
0.1644 0.1644
0.1652 0.1652
0.166 0.166
0.1668 0.1668
0.1676 0.1676
0.1684 0.1684
0.1692 0.1692
0.17 0.17
0.1708 0.1708
0.1716 0.1716
0.1724 0.1724
0.1732 0.1732
0.174 0.174
0.1748 0.1748
0.1756 0.1756
0.1764 0.1764
0.1772 0.1772
0.178 0.178
0.1788 0.1788
0.1796 0.1796
0.1804 0.1804
0.1812 0.1812
0.182 0.182
0.1828 0.1828
0.1836 0.1836
0.1844 0.1844
0.1852 0.1852
0.186 0.186
0.1868 0.1868
0.1876 0.1876
0.1884 0.1884
0.1892 0.1892
0.19 0.19
0.1908 0.1908
0.1916 0.1916
0.1924 0.1924
0.1932 0.1932
0.194 0.194
0.1948 0.1948
0.1956 0.1956
0.1964 0.1964
0.1972 0.1972
0.198 0.198
0.1988 0.1988
0.1996 0.1996
0.2004 0.2004
0.2012 0.2012
0.202 0.202
0.2028 0.2028
0.2036 0.2036
0.2044 0.2044
0.2052 0.2052
0.206 0.206
0.2068 0.2068
0.2076 0.2076
0.2084 0.2084
0.2092 0.2092
0.21 0.21
0.2108 0.2108
0.2116 0.2116
0.2124 0.2124
0.2132 0.2132
0.214 0.214
0.2148 0.2148
0.2156 0.2156
0.2164 0.2164
0.2172 0.2172
0.218 0.218
0.2188 0.2188
0.2196 0.2196
0.2204 0.2204
0.2212 0.2212
0.222 0.222
0.2228 0.2228
0.2236 0.2236
0.2244 0.2244
0.2252 0.2252
0.226 0.226
0.2268 0.2268
0.2276 0.2276
0.2284 0.2284
0.2292 0.2292
0.23 0.23
0.2308 0.2308
0.2316 0.2316
0.2324 0.2324
0.2332 0.2332
0.234 0.234
0.2348 0.2348
0.2356 0.2356
0.2364 0.2364
0.2372 0.2372
0.238 0.238
0.2388 0.2388
0.2396 0.2396
0.2404 0.2404
0.2412 0.2412
0.242 0.242
0.2428 0.2428
0.2436 0.2436
0.2444 0.2444
0.2452 0.2452
0.246 0.246
0.2468 0.2468
0.2476 0.2476
0.2484 0.2484
0.2492 0.2492
0.25 0.25
0.2508 0.2508
0.2516 0.2516
0.2524 0.2524
0.2532 0.2532
0.254 0.254
0.2548 0.2548
0.2556 0.2556
0.2564 0.2564
0.2572 0.2572
0.258 0.258
0.2588 0.2588
0.2596 0.2596
0.2604 0.2604
0.2612 0.2612
0.262 0.262
0.2628 0.2628
0.2636 0.2636
0.2644 0.2644
0.2652 0.2652
0.266 0.266
0.2668 0.2668
0.2676 0.2676
0.2684 0.2684
0.2692 0.2692
0.27 0.27
0.2708 0.2708
0.2716 0.2716
0.2724 0.2724
0.2732 0.2732
0.274 0.274
0.2748 0.2748
0.2756 0.2756
0.2764 0.2764
0.2772 0.2772
0.278 0.278
0.2788 0.2788
0.2796 0.2796
0.2804 0.2804
0.2812 0.2812
0.282 0.282
0.2828 0.2828
0.2836 0.2836
0.2844 0.2844
0.2852 0.2852
0.286 0.286
0.2868 0.2868
0.2876 0.2876
0.2884 0.2884
0.2892 0.2892
0.29 0.29
0.2908 0.2908
0.2916 0.2916
0.2924 0.2924
0.2932 0.2932
0.294 0.294
0.2948 0.2948
0.2956 0.2956
0.2964 0.2964
0.2972 0.2972
0.298 0.298
0.2988 0.2988
0.2996 0.2996
0.3004 0.3004
0.3012 0.3012
0.302 0.302
0.3028 0.3028
0.3036 0.3036
0.3044 0.3044
0.3052 0.3052
0.306 0.306
0.3068 0.3068
0.3076 0.3076
0.3084 0.3084
0.3092 0.3092
0.31 0.31
0.3108 0.3108
0.3116 0.3116
0.3124 0.3124
0.3132 0.3132
0.314 0.314
0.3148 0.3148
0.3156 0.3156
0.3164 0.3164
0.3172 0.3172
0.318 0.318
0.3188 0.3188
0.3196 0.3196
0.3204 0.3204
0.3212 0.3212
0.322 0.322
0.3228 0.3228
0.3236 0.3236
0.3244 0.3244
0.3252 0.3252
0.326 0.326
0.3268 0.3268
0.3276 0.3276
0.3284 0.3284
0.3292 0.3292
0.33 0.33
0.3308 0.3308
0.3316 0.3316
0.3324 0.3324
0.3332 0.3332
0.334 0.334
0.3348 0.3348
0.3356 0.3356
0.3364 0.3364
0.3372 0.3372
0.338 0.338
0.3388 0.3388
0.3396 0.3396
0.3404 0.3404
0.3412 0.3412
0.342 0.342
0.3428 0.3428
0.3436 0.3436
0.3444 0.3444
0.3452 0.3452
0.346 0.346
0.3468 0.3468
0.3476 0.3476
0.3484 0.3484
0.3492 0.3492
0.35 0.35
0.3508 0.3508
0.3516 0.3516
0.3524 0.3524
0.3532 0.3532
0.354 0.354
0.3548 0.3548
0.3556 0.3556
0.3564 0.3564
0.3572 0.3572
0.358 0.358
0.3588 0.3588
0.3596 0.3596
0.3604 0.3604
0.3612 0.3612
0.362 0.362
0.3628 0.3628
0.3636 0.3636
0.3644 0.3644
0.3652 0.3652
0.366 0.366
0.3668 0.3668
0.3676 0.3676
0.3684 0.3684
0.3692 0.3692
0.37 0.37
0.3708 0.3708
0.3716 0.3716
0.3724 0.3724
0.3732 0.3732
0.374 0.374
0.3748 0.3748
0.3756 0.3756
0.3764 0.3764
0.3772 0.3772
0.378 0.378
0.3788 0.3788
0.3796 0.3796
0.3804 0.3804
0.3812 0.3812
0.382 0.382
0.3828 0.3828
0.3836 0.3836
0.3844 0.3844
0.3852 0.3852
0.386 0.386
0.3868 0.3868
0.3876 0.3876
0.3884 0.3884
0.3892 0.3892
0.39 0.39
0.3908 0.3908
0.3916 0.3916
0.3924 0.3924
0.3932 0.3932
0.394 0.394
0.3948 0.3948
0.3956 0.3956
0.3964 0.3964
0.3972 0.3972
0.398 0.398
0.3988 0.3988
0.3996 0.3996
0.4004 0.4004
0.4012 0.4012
0.402 0.402
0.4028 0.4028
0.4036 0.4036
0.4044 0.4044
0.4052 0.4052
0.406 0.406
0.4068 0.4068
0.4076 0.4076
0.4084 0.4084
0.4092 0.4092
0.41 0.41
0.4108 0.4108
0.4116 0.4116
0.4124 0.4124
0.4132 0.4132
0.414 0.414
0.4148 0.4148
0.4156 0.4156
0.4164 0.4164
0.4172 0.4172
0.418 0.418
0.4188 0.4188
0.4196 0.4196
0.4204 0.4204
0.4212 0.4212
0.422 0.422
0.4228 0.4228
0.4236 0.4236
0.4244 0.4244
0.4252 0.4252
0.426 0.426
0.4268 0.4268
0.4276 0.4276
0.4284 0.4284
0.4292 0.4292
0.43 0.43
0.4308 0.4308
0.4316 0.4316
0.4324 0.4324
0.4332 0.4332
0.434 0.434
0.4348 0.4348
0.4356 0.4356
0.4364 0.4364
0.4372 0.4372
0.438 0.438
0.4388 0.4388
0.4396 0.4396
0.4404 0.4404
0.4412 0.4412
0.442 0.442
0.4428 0.4428
0.4436 0.4436
0.4444 0.4444
0.4452 0.4452
0.446 0.446
0.4468 0.4468
0.4476 0.4476
0.4484 0.4484
0.4492 0.4492
0.45 0.45
0.4508 0.4508
0.4516 0.4516
0.4524 0.4524
0.4532 0.4532
0.454 0.454
0.4548 0.4548
0.4556 0.4556
0.4564 0.4564
0.4572 0.4572
0.458 0.458
0.4588 0.4588
0.4596 0.4596
0.4604 0.4604
0.4612 0.4612
0.462 0.462
0.4628 0.4628
0.4636 0.4636
0.4644 0.4644
0.4652 0.4652
0.466 0.466
0.4668 0.4668
0.4676 0.4676
0.4684 0.4684
0.4692 0.4692
0.47 0.47
0.4708 0.4708
0.4716 0.4716
0.4724 0.4724
0.4732 0.4732
0.474 0.474
0.4748 0.4748
0.4756 0.4756
0.4764 0.4764
0.4772 0.4772
0.478 0.478
0.4788 0.4788
0.4796 0.4796
0.4804 0.4804
0.4812 0.4812
0.482 0.482
0.4828 0.4828
0.4836 0.4836
0.4844 0.4844
0.4852 0.4852
0.486 0.486
0.4868 0.4868
0.4876 0.4876
0.4884 0.4884
0.4892 0.4892
0.49 0.49
0.4908 0.4908
0.4916 0.4916
0.4924 0.4924
0.4932 0.4932
0.494 0.494
0.4948 0.4948
0.4956 0.4956
0.4964 0.4964
0.4972 0.4972
0.498 0.498
0.4988 0.4988
0.4996 0.4996
0.5004 0.5004
0.5012 0.5012
0.502 0.502
0.5028 0.5028
0.5036 0.5036
0.5044 0.5044
0.5052 0.5052
0.506 0.506
0.5068 0.5068
0.5076 0.5076
0.5084 0.5084
0.5092 0.5092
0.51 0.51
0.5108 0.5108
0.5116 0.5116
0.5124 0.5124
0.5132 0.5132
0.514 0.514
0.5148 0.5148
0.5156 0.5156
0.5164 0.5164
0.5172 0.5172
0.518 0.518
0.5188 0.5188
0.5196 0.5196
0.5204 0.5204
0.5212 0.5212
0.522 0.522
0.5228 0.5228
0.5236 0.5236
0.5244 0.5244
0.5252 0.5252
0.526 0.526
0.5268 0.5268
0.5276 0.5276
0.5284 0.5284
0.5292 0.5292
0.53 0.53
0.5308 0.5308
0.5316 0.5316
0.5324 0.5324
0.5332 0.5332
0.534 0.534
0.5348 0.5348
0.5356 0.5356
0.5364 0.5364
0.5372 0.5372
0.538 0.538
0.5388 0.5388
0.5396 0.5396
0.5404 0.5404
0.5412 0.5412
0.542 0.542
0.5428 0.5428
0.5436 0.5436
0.5444 0.5444
0.5452 0.5452
0.546 0.546
0.5468 0.5468
0.5476 0.5476
0.5484 0.5484
0.5492 0.5492
0.55 0.55
0.5508 0.5508
0.5516 0.5516
0.5524 0.5524
0.5532 0.5532
0.554 0.554
0.5548 0.5548
0.5556 0.5556
0.5564 0.5564
0.5572 0.5572
0.558 0.558
0.5588 0.5588
0.5596 0.5596
0.5604 0.5604
0.5612 0.5612
0.562 0.562
0.5628 0.5628
0.5636 0.5636
0.5644 0.5644
0.5652 0.5652
0.566 0.566
0.5668 0.5668
0.5676 0.5676
0.5684 0.5684
0.5692 0.5692
0.57 0.57
0.5708 0.5708
0.5716 0.5716
0.5724 0.5724
0.5732 0.5732
0.574 0.574
0.5748 0.5748
0.5756 0.5756
0.5764 0.5764
0.5772 0.5772
0.578 0.578
0.5788 0.5788
0.5796 0.5796
0.5804 0.5804
0.5812 0.5812
0.582 0.582
0.5828 0.5828
0.5836 0.5836
0.5844 0.5844
0.5852 0.5852
0.586 0.586
0.5868 0.5868
0.5876 0.5876
0.5884 0.5884
0.5892 0.5892
0.59 0.59
0.5908 0.5908
0.5916 0.5916
0.5924 0.5924
0.5932 0.5932
0.594 0.594
0.5948 0.5948
0.5956 0.5956
0.5964 0.5964
0.5972 0.5972
0.598 0.598
0.5988 0.5988
0.5996 0.5996
0.6004 0.6004
0.6012 0.6012
0.602 0.602
0.6028 0.6028
0.6036 0.6036
0.6044 0.6044
0.6052 0.6052
0.606 0.606
0.6068 0.6068
0.6076 0.6076
0.6084 0.6084
0.6092 0.6092
0.61 0.61
0.6108 0.6108
0.6116 0.6116
0.6124 0.6124
0.6132 0.6132
0.614 0.614
0.6148 0.6148
0.6156 0.6156
0.6164 0.6164
0.6172 0.6172
0.618 0.618
0.6188 0.6188
0.6196 0.6196
0.6204 0.6204
0.6212 0.6212
0.622 0.622
0.6228 0.6228
0.6236 0.6236
0.6244 0.6244
0.6252 0.6252
0.626 0.626
0.6268 0.6268
0.6276 0.6276
0.6284 0.6284
0.6292 0.6292
0.63 0.63
0.6308 0.6308
0.6316 0.6316
0.6324 0.6324
0.6332 0.6332
0.634 0.634
0.6348 0.6348
0.6356 0.6356
0.6364 0.6364
0.6372 0.6372
0.638 0.638
0.6388 0.6388
0.6396 0.6396
0.6404 0.6404
0.6412 0.6412
0.642 0.642
0.6428 0.6428
0.6436 0.6436
0.6444 0.6444
0.6452 0.6452
0.646 0.646
0.6468 0.6468
0.6476 0.6476
0.6484 0.6484
0.6492 0.6492
0.65 0.65
0.6508 0.6508
0.6516 0.6516
0.6524 0.6524
0.6532 0.6532
0.654 0.654
0.6548 0.6548
0.6556 0.6556
0.6564 0.6564
0.6572 0.6572
0.658 0.658
0.6588 0.6588
0.6596 0.6596
0.6604 0.6604
0.6612 0.6612
0.662 0.662
0.6628 0.6628
0.6636 0.6636
0.6644 0.6644
0.6652 0.6652
0.666 0.666
0.6668 0.6668
0.6676 0.6676
0.6684 0.6684
0.6692 0.6692
0.67 0.67
0.6708 0.6708
0.6716 0.6716
0.6724 0.6724
0.6732 0.6732
0.674 0.674
0.6748 0.6748
0.6756 0.6756
0.6764 0.6764
0.6772 0.6772
0.678 0.678
0.6788 0.6788
0.6796 0.6796
0.6804 0.6804
0.6812 0.6812
0.682 0.682
0.6828 0.6828
0.6836 0.6836
0.6844 0.6844
0.6852 0.6852
0.686 0.686
0.6868 0.6868
0.6876 0.6876
0.6884 0.6884
0.6892 0.6892
0.69 0.69
0.6908 0.6908
0.6916 0.6916
0.6924 0.6924
0.6932 0.6932
0.694 0.694
0.6948 0.6948
0.6956 0.6956
0.6964 0.6964
0.6972 0.6972
0.698 0.698
0.6988 0.6988
0.6996 0.6996
0.7004 0.7004
0.7012 0.7012
0.702 0.702
0.7028 0.7028
0.7036 0.7036
0.7044 0.7044
0.7052 0.7052
0.706 0.706
0.7068 0.7068
0.7076 0.7076
0.7084 0.7084
0.7092 0.7092
0.71 0.71
0.7108 0.7108
0.7116 0.7116
0.7124 0.7124
0.7132 0.7132
0.714 0.714
0.7148 0.7148
0.7156 0.7156
0.7164 0.7164
0.7172 0.7172
0.718 0.718
0.7188 0.7188
0.7196 0.7196
0.7204 0.7204
0.7212 0.7212
0.722 0.722
0.7228 0.7228
0.7236 0.7236
0.7244 0.7244
0.7252 0.7252
0.726 0.726
0.7268 0.7268
0.7276 0.7276
0.7284 0.7284
0.7292 0.7292
0.73 0.73
0.7308 0.7308
0.7316 0.7316
0.7324 0.7324
0.7332 0.7332
0.734 0.734
0.7348 0.7348
0.7356 0.7356
0.7364 0.7364
0.7372 0.7372
0.738 0.738
0.7388 0.7388
0.7396 0.7396
0.7404 0.7404
0.7412 0.7412
0.742 0.742
0.7428 0.7428
0.7436 0.7436
0.7444 0.7444
0.7452 0.7452
0.746 0.746
0.7468 0.7468
0.7476 0.7476
0.7484 0.7484
0.7492 0.7492
0.75 0.75
0.7508 0.7508
0.7516 0.7516
0.7524 0.7524
0.7532 0.7532
0.754 0.754
0.7548 0.7548
0.7556 0.7556
0.7564 0.7564
0.7572 0.7572
0.758 0.758
0.7588 0.7588
0.7596 0.7596
0.7604 0.7604
0.7612 0.7612
0.762 0.762
0.7628 0.7628
0.7636 0.7636
0.7644 0.7644
0.7652 0.7652
0.766 0.766
0.7668 0.7668
0.7676 0.7676
0.7684 0.7684
0.7692 0.7692
0.77 0.77
0.7708 0.7708
0.7716 0.7716
0.7724 0.7724
0.7732 0.7732
0.774 0.774
0.7748 0.7748
0.7756 0.7756
0.7764 0.7764
0.7772 0.7772
0.778 0.778
0.7788 0.7788
0.7796 0.7796
0.7804 0.7804
0.7813 0.7813
0.7823 0.7823
0.7834 0.7834
0.7846 0.7846
0.7859 0.7859
0.7873 0.7873
0.7888 0.7888
0.7904 0.7904
0.7921 0.7921
0.7939 0.7939
0.7958 0.7958
0.7978 0.7978
0.7999 0.7999
0.8021 0.8021
0.8044 0.8044
0.8068 0.8068
0.8093 0.8093
0.8119 0.8119
0.8146 0.8146
0.8174 0.8174
0.8203 0.8203
0.8233 0.8233
0.8264 0.8264
0.8296 0.8296
0.8329 0.8329
0.8363 0.8363
0.8398 0.8398
0.8434 0.8434
0.8471 0.8471
0.8509 0.8509
0.8548 0.8548
0.8588 0.8588
0.8629 0.8629
0.8671 0.8671
0.8714 0.8714
0.8758 0.8758
0.8803 0.8803
0.8849 0.8849
0.8896 0.8896
0.8944 0.8944
0.8993 0.8993
0.9043 0.9043
0.9094 0.9094
0.9146 0.9146
0.9199 0.9199
0.9253 0.9253
0.9308 0.9308
0.9364 0.9364
0.9421 0.9421
0.9479 0.9479
0.9538 0.9538
0.9598 0.9598
0.9659 0.9659
0.9721 0.9721
0.9784 0.9784
0.9848 0.9848
0.9913 0.9913
0.9979 0.9979
1.0046 1
1.0114 1
1.0183 1
1.0253 1
1.0324 1
1.0396 1
1.0469 1
1.0543 1
1.0618 1
1.0694 1
1.0771 1
1.0849 1
1.0928 1
1.1008 1
1.1089 1
1.1171 1
1.1254 1
1.1338 1
1.1423 1
1.1509 1
1.1596 1
1.1684 1
1.1773 1
1.1863 1
1.1954 1
1.2046 1
1.2139 1
1.2233 1
1.2328 1
1.2424 1
1.2521 1
1.2619 1
1.2718 1
1.2818 1
1.2919 1
1.3021 1
1.3124 1
1.3228 1
1.3333 1
1.3439 1
1.3546 1
1.3654 1
1.3763 1
1.3872 1
1.3981 1
1.409 1
1.4199 1
1.4308 1
1.4417 1
1.4526 1
1.4635 1
1.4744 1
1.4853 1
1.4962 1
1.5071 1
1.518 1
1.5289 1
1.5398 1
1.5507 1
1.5616 1
1.5725 1
1.5834 1
1.5943 1
1.6052 1
1.6161 1
1.627 1
1.6379 1
1.6488 1
1.6597 1
1.6706 1
1.6815 1
1.6924 1
1.7033 1
1.7142 1
1.7251 1
1.736 1
1.7469 1
1.7578 1
1.7687 1
1.7796 1
1.7905 1
1.8014 1
1.8123 1
1.8232 1
1.8341 1
1.845 1
1.8559 1
1.8668 1
1.8777 1
1.8886 1
1.8995 1
1.9104 1
1.9213 1
1.9322 1
1.9431 1
1.954 1
1.9649 1
1.9758 1
1.9867 1
1.9976 1
2.0085 1
2.0194 1
2.0303 1
2.0412 1
2.0521 1
2.063 1
2.0739 1
2.0848 1
2.0957 1
2.1066 1
2.1175 1
2.1284 1
2.1393 1
2.1502 1
2.1611 1
2.172 1
2.1829 1
2.1938 1
2.2047 1
2.2156 1
2.2265 1
2.2374 1
2.2483 1
2.2592 1
2.2701 1
2.281 1
2.2919 1
2.3028 1
2.3137 1
2.3246 1
2.3355 1
2.3464 1
2.3573 1
2.3682 1
2.3791 1
2.39 1
2.4009 1
2.4118 1
2.4227 1
2.4336 1
2.4445 1
2.4554 1
2.4663 1
2.4772 1
2.4881 1
2.499 1
2.5099 1
2.5208 1
2.5317 1
2.5426 1
2.5535 1
2.5644 1
2.5753 1
2.5862 1
2.5971 1
2.608 1
2.6189 1
2.6298 1
2.6407 1
2.6516 1
2.6625 1
2.6734 1
2.6843 1
2.6952 1
2.7061 1
2.717 1
2.7279 1
2.7388 1
2.7497 1
2.7606 1
2.7715 1
2.7824 1
2.7933 1
2.8042 1
2.8151 1
2.826 1
2.8369 1
2.8478 1
2.8587 1
2.8696 1
2.8805 1
2.8914 1
2.9023 1
2.9132 1
2.9241 1
2.935 1
2.9459 1
2.9568 1
2.9677 1
2.9786 1
2.9895 1
3.0004 1
3.0113 1
3.0222 1
3.0331 1
3.044 1
3.0549 1
3.0658 1
3.0767 1
3.0876 1
3.0985 1
3.1094 1
3.1203 1
3.1312 1
3.1421 1
3.153 1
3.1639 1
3.1748 1
3.1857 1
3.1966 1
3.2075 1
3.2184 1
3.2293 1
3.2402 1
3.2511 1
3.262 1
3.2729 1
3.2838 1
3.2947 1
3.3056 1
3.3165 1
3.3274 1
3.3383 1
3.3492 1
3.3601 1
3.371 1
3.3819 1
3.3928 1
3.4037 1
3.4146 1
3.4255 1
3.4364 1
3.4473 1
3.4582 1
3.4691 1
3.48 1
3.4909 1
3.5018 1
3.5127 1
3.5236 1
3.5345 1
3.5454 1
3.5563 1
3.5672 1
3.5781 1
3.589 1
3.5999 1
3.6108 1
3.6217 1
3.6326 1
3.6435 1
3.6544 1
3.6653 1
3.6762 1
3.6871 1
3.698 1
3.7089 1
3.7198 1
3.7307 1
3.7416 1
3.7525 1
3.7634 1
3.7743 1
3.7852 1
3.7961 1
3.807 1
3.8179 1
3.8288 1
3.8397 1
3.8506 1
3.8615 1
3.8724 1
3.8833 1
3.8942 1
3.9051 1
3.916 1
3.9269 1
3.9378 1
3.9487 1
3.9596 1
3.9705 1
3.9814 1
3.9923 1
4.0032 1
4.0141 1
4.025 1
4.0359 1
4.0468 1
4.0577 1
4.0686 1
4.0795 1
4.0904 1
4.1013 1
4.1122 1
4.1231 1
4.134 1
4.1449 1
4.1558 1
4.1667 1
4.1776 1
4.1885 1
4.1994 1
4.2103 1
4.2212 1
4.2321 1
4.243 1
4.2539 1
4.2648 1
4.2757 1
4.2866 1
4.2975 1
4.3084 1
4.3193 1
4.3302 1
4.3411 1
4.352 1
4.3629 1
4.3738 1
4.3847 1
4.3956 1
4.4065 1
4.4174 1
4.4283 1
4.4392 1
4.4501 1
4.461 1
4.4719 1
4.4828 1
4.4937 1
4.5046 1
4.5155 1
4.5264 1
4.5373 1
4.5482 1
4.5591 1
4.57 1
4.5809 1
4.5918 1
4.6027 1
4.6136 1
4.6245 1
4.6354 1
4.6463 1
4.6572 1
4.6681 1
4.679 1
4.6899 1
4.7008 1
4.7117 1
4.7226 1
4.7335 1
4.7444 1
4.7553 1
4.7662 1
4.7771 1
4.788 1
4.7989 1
4.8098 1
4.8207 1
4.8316 1
4.8425 1
4.8534 1
4.8643 1
4.8752 1
4.8861 1
4.897 1
4.9079 1
4.9188 1
4.9297 1
4.9406 1
4.9515 1
4.9624 1
4.9733 1
4.9842 1
4.9951 1
5.006 1
5.0169 1
5.0278 1
5.0387 1
5.0496 1
5.0605 1
5.0714 1
5.0823 1
5.0932 1
5.1041 1
5.115 1
5.1259 1
5.1368 1
5.1477 1
5.1586 1
5.1695 1
5.1804 1
5.1913 1
5.2022 1
5.2131 1
5.224 1
5.2349 1
5.2458 1
5.2567 1
5.2676 1
5.2785 1
5.2894 1
5.3003 1
5.3112 1
5.3221 1
5.333 1
5.3439 1
5.3548 1
5.3657 1
5.3766 1
5.3875 1
5.3984 1
5.4093 1
5.4202 1
5.4311 1
5.442 1
5.4529 1
5.4638 1
5.4747 1
5.4856 1
5.4965 1
5.5074 1
5.5183 1
5.5292 1
5.5401 1
5.551 1
5.5619 1
5.5728 1
5.5837 1
5.5946 1
5.6055 1
5.6164 1
5.6273 1
5.6382 1
5.6491 1
5.66 1
5.6709 1
5.6818 1
5.6927 1
5.7036 1
5.7145 1
5.7254 1
5.7363 1
5.7472 1
5.7581 1
5.769 1
5.7799 1
5.7908 1
5.8017 1
5.8126 1
5.8235 1
5.8344 1
5.8453 1
5.8562 1
5.8671 1
5.878 1
5.8889 1
5.8998 1
5.9107 1
5.9216 1
5.9325 1
5.9434 1
5.9543 1
5.9652 1
5.9761 1
5.987 1
5.9979 1
6.0088 1
6.0197 1
6.0306 1
6.0415 1
6.0524 1
6.0633 1
6.0742 1
6.0851 1
6.096 1
6.1069 1
6.1178 1
6.1287 1
6.1396 1
6.1505 1
6.1614 1
6.1723 1
6.1832 1
6.1941 1
6.205 1
6.2159 1
6.2268 1
6.2377 1
6.2486 1
6.2595 1
6.2704 1
6.2813 1
6.2922 1
6.3031 1
6.314 1
6.3249 1
6.3358 1
6.3467 1
6.3576 1
6.3685 1
6.3794 1
6.3903 1
6.4012 1
6.4121 1
6.423 1
6.4339 1
6.4448 1
6.4557 1
6.4666 1
6.4775 1
6.4884 1
6.4993 1
6.5102 1
6.5211 1
6.532 1
6.5429 1
6.5538 1
6.5647 1
6.5756 1
6.5865 1
6.5974 1
6.6083 1
6.6192 1
6.6301 1
6.641 1
6.6519 1
6.6628 1
6.6737 1
6.6846 1
6.6955 1
6.7064 1
6.7173 1
6.7282 1
6.7391 1
6.75 1
6.7609 1
6.7718 1
6.7827 1
6.7936 1
6.8045 1
6.8154 1
6.8263 1
6.8372 1
6.8481 1
6.859 1
6.8699 1
6.8808 1
6.8917 1
6.9026 1
6.9135 1
6.9244 1
6.9353 1
6.9462 1
6.9571 1
6.968 1
6.9789 1
6.9898 1
7.0007 1
7.0116 1
7.0225 1
7.0334 1
7.0443 1
7.0552 1
7.0661 1
7.077 1
7.0879 1
7.0988 1
7.1097 1
7.1206 1
7.1315 1
7.1424 1
7.1533 1
7.1642 1
7.1751 1
7.186 1
7.1969 1
7.2078 1
7.2187 1
7.2296 1
7.2405 1
7.2514 1
7.2623 1
7.2732 1
7.2841 1
7.295 1
7.3059 1
7.3168 1
7.3277 1
7.3386 1
7.3495 1
7.3604 1
7.3713 1
7.3822 1
7.3931 1
7.404 1
7.4149 1
7.4258 1
7.4367 1
7.4476 1
7.4585 1
7.4694 1
7.4803 1
7.4912 1
7.5021 1
7.513 1
7.5239 1
7.5348 1
7.5457 1
7.5566 1
7.5675 1
7.5784 1
7.5893 1
7.6002 1
7.6111 1
7.622 1
7.6329 1
7.6438 1
7.6547 1
7.6656 1
7.6765 1
7.6874 1
7.6983 1
7.7092 1
7.7201 1
7.731 1
7.7419 1
7.7528 1
7.7637 1
7.7746 1
7.7855 1
7.7964 1
7.8073 1
7.8182 1
7.8291 1
7.84 1
7.8509 1
7.8618 1
7.8727 1
7.8836 1
7.8945 1
7.9054 1
7.9163 1
7.9272 1
7.9381 1
7.949 1
7.9599 1
7.9708 1
7.9817 1
7.9926 1
8.0035 1
8.0144 1
8.0253 1
8.0362 1
8.0471 1
8.058 1
8.0689 1
8.0798 1
8.0907 1
8.1016 1
8.1125 1
8.1234 1
8.1343 1
8.1452 1
8.1561 1
8.167 1
8.1779 1
8.1888 1
8.1997 1
8.2106 1
8.2215 1
8.2324 1
8.2433 1
8.2542 1
8.2651 1
8.276 1
8.2869 1
8.2978 1
8.3087 1
8.3196 1
8.3305 1
8.3414 1
8.3523 1
8.3632 1
8.3741 1
8.385 1
8.3959 1
8.4068 1
8.4177 1
8.4286 1
8.4395 1
8.4504 1
8.4613 1
8.4722 1
8.4831 1
8.494 1
8.5049 1
8.5158 1
8.5267 1
8.5376 1
8.5485 1
8.5594 1
8.5703 1
8.5812 1
8.5921 1
8.603 1
8.6139 1
8.6248 1
8.6357 1
8.6466 1
8.6575 1
8.6684 1
8.6793 1
8.6902 1
8.7011 1
8.712 1
8.7229 1
8.7338 1
8.7447 1
8.7556 1
8.7665 1
8.7774 1
8.7883 1
8.7992 1
8.8101 1
8.821 1
8.8319 1
8.8428 1
8.8537 1
8.8646 1
8.8755 1
8.8864 1
8.8973 1
8.9082 1
8.9191 1
8.93 1
8.9409 1
8.9518 1
8.9627 1
8.9736 1
8.9845 1
8.9954 1
9.0063 1
9.0172 1
9.0281 1
9.039 1
9.0499 1
9.0608 1
9.0717 1
9.0826 1
9.0935 1
9.1044 1
9.1153 1
9.1262 1
9.1371 1
9.148 1
9.1589 1
9.1698 1
9.1807 1
9.1916 1
9.2025 1
9.2134 1
9.2243 1
9.2352 1
9.2461 1
9.257 1
9.2679 1
9.2788 1
9.2897 1
9.3006 1
9.3115 1
9.3224 1
9.3333 1
9.3442 1
9.3551 1
9.366 1
9.3769 1
9.3878 1
9.3987 1
9.4096 1
9.4205 1
9.4314 1
9.4423 1
9.4532 1
9.4641 1
9.475 1
9.4859 1
9.4968 1
9.5077 1
9.5186 1
9.5295 1
9.5404 1
9.5513 1
9.5622 1
9.5731 1
9.584 1
9.5949 1
9.6058 1
9.6167 1
9.6276 1
9.6385 1
9.6494 1
9.6603 1
9.6712 1
9.6821 1
9.693 1
9.7039 1
9.7148 1
9.7257 1
9.7366 1
9.7475 1
9.7584 1
9.7693 1
9.7802 1
9.7911 1
9.802 1
9.8129 1
9.8238 1
9.8347 1
9.8456 1
9.8565 1
9.8674 1
9.8783 1
9.8892 1
9.9001 1
9.911 1
9.9219 1
9.9328 1
9.9437 1
9.9546 1
9.9655 1
9.9764 1
9.9873 1
9.9982 1
