0     850  1019.8 1473.94 1673.33 1167.26 1280.63 1237.94 1414.21
0     850  1019.8 1473.94 1673.33 1167.26 1280.63 1237.94 1414.21
0     850  1019.8 1473.94 1673.33 1167.26 1280.63 1237.94 1414.21
0     850  1019.8 1473.94 1673.33 1167.26 1280.63 1237.94 1414.21
0     850  1019.8 1473.94 1673.33 1167.26 1280.63 1237.94 1414.21
0     850  1019.8 1473.94 1673.33 1167.26 1280.63 1237.94 1414.21
0     850  1019.8 1473.94 1673.33 1167.26 1280.63 1237.94 1414.21
0     850  1019.8 1473.94 1673.33 1167.26 1280.63 1237.94 1414.21
0     850  1019.8 1473.94 1673.33 1167.26 1280.63 1237.94 1414.21
0     850  1019.8 1473.94 1673.33 1167.26 1280.63 1237.94 1414.21
0     850  1019.8 1473.94 1673.33 1167.26 1280.63 1237.94 1414.21
0     850  1019.8 1473.94 1673.33 1167.26 1280.63 1237.94 1414.21
0     850  1019.8 1473.94 1673.33 1167.26 1280.63 1237.94 1414.21
0     850  1019.8 1473.94 1673.33 1167.26 1280.63 1237.94 1414.21
0     850  1019.8 1473.94 1673.33 1167.26 1280.63 1237.94 1414.21
0     850  1019.8 1473.94 1673.33 1167.26 1280.63 1237.94 1414.21
0     850  1019.8 1473.94 1673.33 1167.26 1280.63 1237.94 1414.21
0     850  1019.8 1473.94 1673.33 1167.26 1280.63 1237.94 1414.21
0     850  1019.8 1473.94 1673.33 1167.26 1280.63 1237.94 1414.21
0     850  1019.8 1473.94 1673.33 1167.26 1280.63 1237.94 1414.21
0     850  1019.8 1473.94 1673.33 1167.26 1280.63 1237.94 1414.21
0     850  1019.8 1473.94 1673.33 1167.26 1280.63 1237.94 1414.21
0     850  1019.8 1473.94 1673.33 1167.26 1280.63 1237.94 1414.21
0     850  1019.8 1473.94 1673.33 1167.26 1280.63 1237.94 1414.21
0     850  1019.8 1473.94 1673.33 1167.26 1280.63 1237.94 1414.21
0     850  1019.8 1473.94 1673.33 1167.26 1280.63 1237.94 1414.21
0     850  1019.8 1473.94 1673.33 1167.26 1280.63 1237.94 1414.21
0     850  1019.8 1473.94 1673.33 1167.26 1280.63 1237.94 1414.21
0     850  1019.8 1473.94 1673.33 1167.26 1280.63 1237.94 1414.21
0     850  1019.8 1473.94 1673.33 1167.26 1280.63 1237.94 1414.21
0     850  1019.8 1473.94 1673.33 1167.26 1280.63 1237.94 1414.21
0     850  1019.8 1473.94 1673.33 1167.26 1280.63 1237.94 1414.21
0.0001     850  1019.8 1473.94 1673.33 1167.26 1280.63 1237.94 1414.21
0.0003 849.997  1019.8 1473.94 1673.32 1167.26 1280.63 1237.94 1414.21
0.0006 849.987 1019.79 1473.92 1673.31 1167.25 1280.62 1237.92  1414.2
0.001 849.973 1019.78  1473.9 1673.29 1167.23  1280.6  1237.9 1414.18
0.0015 849.953 1019.76 1473.87 1673.26 1167.21 1280.58 1237.88 1414.15
0.0021 849.929 1019.74 1473.83 1673.22 1167.18 1280.56 1237.84 1414.12
0.0028   849.9 1019.72 1473.79 1673.18 1167.15 1280.52  1237.8 1414.07
0.0036 849.867 1019.69 1473.74 1673.13 1167.11 1280.49 1237.76 1414.03
0.0045 849.827 1019.66 1473.68 1673.07 1167.06 1280.45  1237.7 1413.97
0.0055 849.783 1019.62 1473.61    1673 1167.01  1280.4 1237.64 1413.91
0.0066 849.734 1019.58 1473.54 1672.93 1166.95 1280.34 1237.57 1413.85
0.0078 849.679 1019.53 1473.46 1672.85 1166.89 1280.28  1237.5 1413.77
0.0091  849.62 1019.48 1473.37 1672.76 1166.82 1280.22 1237.42 1413.69
0.0105 849.555 1019.42 1473.27 1672.66 1166.74 1280.15 1237.33  1413.6
0.012 849.482 1019.36 1473.16 1672.55 1166.66 1280.06 1237.22  1413.5
0.0136 849.405 1019.29 1473.04 1672.44 1166.57 1279.98 1237.12 1413.39
0.0153 849.322 1019.22 1472.92 1672.32 1166.47 1279.89    1237 1413.27
0.0171 849.231 1019.15 1472.78 1672.18 1166.37 1279.79 1236.88 1413.15
0.019 849.134 1019.06 1472.63 1672.03 1166.25 1279.68 1236.74 1413.01
0.021 849.031 1018.98 1472.48 1671.88 1166.13 1279.57  1236.6 1412.87
0.0231 848.921 1018.88 1472.31 1671.72    1166 1279.45 1236.45 1412.72
0.0253 848.804 1018.78 1472.13 1671.54 1165.87 1279.32 1236.28 1412.55
0.0276 848.679 1018.67 1471.94 1671.35 1165.72 1279.18 1236.11 1412.38
0.03 848.546 1018.56 1471.74 1671.15 1165.57 1279.03 1235.92 1412.19
0.0325 848.406 1018.44 1471.53 1670.94  1165.4 1278.88 1235.73    1412
0.0351 848.256 1018.31  1471.3 1670.72 1165.23 1278.71 1235.52 1411.79
0.0378 848.098 1018.18 1471.06 1670.48 1165.04 1278.54  1235.3 1411.57
0.0406 847.933 1018.04 1470.81 1670.23 1164.85 1278.36 1235.07 1411.34
0.0435 847.756 1017.89 1470.54 1669.96 1164.64 1278.16 1234.82 1411.09
0.0465 847.569 1017.73 1470.25 1669.68 1164.42 1277.95 1234.56 1410.83
0.0496 847.374 1017.56 1469.95 1669.38 1164.19 1277.74 1234.29 1410.55
0.0528 847.167 1017.38 1469.63 1669.07 1163.95 1277.51    1234 1410.26
0.0561  846.95  1017.2  1469.3 1668.74 1163.69 1277.26 1233.69 1409.96
0.0595 846.719    1017 1468.95 1668.39 1163.42 1277.01 1233.37 1409.64
0.063 846.478  1016.8 1468.58 1668.02 1163.13 1276.74 1233.03  1409.3
0.0666 846.225 1016.58 1468.19 1667.64 1162.83 1276.46 1232.67 1408.94
0.0703 845.958 1016.36 1467.77 1667.23 1162.52 1276.16  1232.3 1408.56
0.0741 845.676 1016.12 1467.34  1666.8 1162.19 1275.85  1231.9 1408.16
0.078 845.382 1015.86 1466.88 1666.35 1161.84 1275.52 1231.48 1407.75
0.0819 845.072  1015.6  1466.4 1665.87 1161.47 1275.17 1231.04 1407.31
0.0858 844.755 1015.33 1465.91 1665.39 1161.09 1274.82 1230.59 1406.86
0.0897  844.43 1015.06  1465.4 1664.89  1160.7 1274.45 1230.13  1406.4
0.0936 844.098 1014.78 1464.88 1664.37 1160.31 1274.08 1229.66 1405.93
0.0975 843.759 1014.49 1464.35 1663.85  1159.9  1273.7 1229.18 1405.44
0.1014 843.412 1014.19 1463.81 1663.31 1159.49 1273.31 1228.68 1404.95
0.1053 843.058 1013.89 1463.25 1662.76 1159.07 1272.91 1228.18 1404.44
0.1092 842.695 1013.59 1462.68  1662.2 1158.63  1272.5 1227.66 1403.92
0.1131 842.324 1013.27 1462.09 1661.62 1158.18 1272.08 1227.12 1403.39
0.117 841.945 1012.95 1461.49 1661.02 1157.73 1271.65 1226.58 1402.84
0.1209 841.557 1012.63 1460.88 1660.41 1157.26 1271.21 1226.02 1402.28
0.1248 841.161 1012.29 1460.25 1659.79 1156.78 1270.76 1225.45 1401.71
0.1287 840.757 1011.95  1459.6 1659.15 1156.29 1270.31 1224.86 1401.13
0.1326 840.345  1011.6 1458.94  1658.5 1155.79 1269.84 1224.27 1400.53
0.1365 839.923 1011.25 1458.26 1657.83 1155.28 1269.36 1223.66 1399.92
0.1404 839.492 1010.88 1457.57 1657.15 1154.76 1268.86 1223.03 1399.29
0.1443 839.052 1010.51 1456.86 1656.45 1154.22 1268.36 1222.39 1398.65
0.1482 838.603 1010.14 1456.14 1655.73 1153.67 1267.85 1221.73 1397.99
0.1521 838.147 1009.75 1455.39    1655 1153.11 1267.32 1221.06 1397.32
0.156 837.679 1009.36 1454.63 1654.25 1152.54 1266.79 1220.38 1396.64
0.1599 837.201 1008.96 1453.85 1653.48 1151.95 1266.24 1219.67 1395.93
0.1638 836.716 1008.55 1453.06 1652.69 1151.35 1265.68 1218.96 1395.22
0.1677 836.219 1008.14 1452.24 1651.89 1150.74  1265.1 1218.22 1394.48
0.1716 835.713 1007.71 1451.41 1651.06 1150.12 1264.52 1217.47 1393.73
0.1755 835.196 1007.28 1450.56 1650.22 1149.47 1263.92  1216.7 1392.96
0.1794 834.669 1006.84 1449.68 1649.35 1148.82  1263.3 1215.92 1392.18
0.1833 834.132 1006.39 1448.79 1648.47 1148.15 1262.68 1215.12 1391.38
0.1872 833.583 1005.94 1447.87 1647.57 1147.47 1262.04  1214.3 1390.55
0.1911 833.025 1005.47 1446.94 1646.64 1146.77 1261.39 1213.46 1389.72
0.195 832.457    1005 1445.98  1645.7 1146.05 1260.72  1212.6 1388.86
0.1989 831.874 1004.51    1445 1644.73 1145.32 1260.04 1211.72 1387.98
0.2028 831.283 1004.02 1443.99 1643.74 1144.57 1259.34 1210.82 1387.08
0.2067 830.678 1003.52 1442.96 1642.72 1143.81 1258.62  1209.9 1386.16
0.2106 830.064 1003.01 1441.91 1641.68 1143.03  1257.9 1208.97 1385.23
0.2145 829.437 1002.49 1440.84 1640.62 1142.23 1257.15 1208.01 1384.27
0.2184 828.797 1001.96 1439.73 1639.53 1141.41 1256.39 1207.02 1383.28
0.2223 828.146 1001.43 1438.61 1638.42 1140.58 1255.62 1206.02 1382.28
0.2262 827.482 1000.88 1437.45 1637.28 1139.73 1254.82    1205 1381.25
0.2301 826.806 1000.32 1436.27 1636.11 1138.86 1254.01 1203.95 1380.21
0.234 826.117 999.755 1435.06 1634.92 1137.97 1253.18 1202.87 1379.13
0.2379 825.415 999.177 1433.83  1633.7 1137.06 1252.34 1201.78 1378.04
0.2418 824.698 998.589 1432.56 1632.45 1136.13 1251.47 1200.65 1376.91
0.2457 823.969 997.991 1431.26 1631.17 1135.17 1250.59  1199.5 1375.76
0.2496 823.227 997.383 1429.93 1629.85  1134.2 1249.68 1198.33 1374.59
0.2535 822.472 996.766 1428.57 1628.51 1133.21 1248.76 1197.13 1373.39
0.2574 821.701 996.136 1427.18 1627.14 1132.19 1247.82  1195.9 1372.16
0.2613 820.916 995.496 1425.75 1625.73 1131.15 1246.85 1194.64  1370.9
0.2652 820.116 994.844 1424.29 1624.29 1130.09 1245.86 1193.35 1369.61
0.2691 819.301 994.182 1422.79 1622.81    1129 1244.86 1192.04  1368.3
0.273 818.471 993.508 1421.25 1621.29 1127.88 1243.82 1190.69 1366.95
0.2769 817.628 992.825 1419.68 1619.74 1126.75 1242.77 1189.31 1365.57
0.2808 816.767 992.128 1418.07 1618.15 1125.58 1241.69  1187.9 1364.16
0.2847  815.89  991.42 1416.42 1616.52 1124.39 1240.59 1186.45 1362.71
0.2886 814.999 990.701 1414.73 1614.85 1123.17 1239.47 1184.97 1361.24
0.2925  814.09 989.969 1412.99 1613.14 1121.93 1238.32 1183.46 1359.72
0.2964 813.166 989.227 1411.21 1611.39 1120.65 1237.14 1181.91 1358.17
0.3003 812.223 988.471 1409.39 1609.59 1119.34 1235.93 1180.32 1356.58
0.3042 811.265 987.704 1407.52 1607.74 1118.01  1234.7 1178.69 1354.96
0.3081 810.289 986.924  1405.6 1605.85 1116.64 1233.44 1177.02 1353.29
0.312 809.296 986.133 1403.63 1603.91 1115.24 1232.15 1175.32 1351.59
0.3159 808.283 985.327 1401.61 1601.92 1113.81 1230.83 1173.57 1349.83
0.3198 807.254  984.51 1399.53 1599.87 1112.34 1229.48 1171.77 1348.04
0.3237 806.206  983.68  1397.4 1597.77 1110.84  1228.1 1169.94 1346.21
0.3276  805.14 982.837 1395.22 1595.62  1109.3 1226.69 1168.05 1344.32
0.3315 804.054 981.982 1392.97  1593.4 1107.72 1225.24 1166.12 1342.39
0.3354 802.951 981.114 1390.67 1591.13  1106.1 1223.76 1164.14 1340.41
0.3393 801.827 980.233  1388.3  1588.8 1104.45 1222.24 1162.11 1338.38
0.3432 800.683 979.338 1385.86 1586.39 1102.75 1220.68 1160.02 1336.29
0.3471 799.521 978.432 1383.36 1583.93 1101.01 1219.09 1157.88 1334.16
0.351 798.337 977.512 1380.78 1581.39 1099.22 1217.46 1155.68 1331.96
0.3549 797.134 976.579 1378.13 1578.78 1097.39 1215.79 1153.43 1329.71
0.3588 795.911 975.634 1375.41  1576.1 1095.52 1214.08 1151.11 1327.39
0.3627 794.666 974.675  1372.6 1573.33 1093.59 1212.32 1148.73 1325.01
0.3666 793.401 973.705 1369.71 1570.49 1091.61 1210.52 1146.29 1322.57
0.3705 792.116 972.722 1366.74 1567.56 1089.59 1208.67 1143.78 1320.06
0.3744 790.811 971.728 1363.68 1564.54  1087.5 1206.78  1141.2 1317.48
0.3783 789.483 970.721 1360.52 1561.43 1085.36 1204.83 1138.54 1314.82
0.3822 788.134 969.702 1357.26 1558.23 1083.17 1202.84 1135.81 1312.09
0.3861 786.766 968.673  1353.9 1554.92 1080.91 1200.79    1133 1309.28
0.39 785.377 967.634 1350.43 1551.51 1078.59 1198.69  1130.1 1306.38
0.3939 783.967 966.583 1346.85 1547.98  1076.2 1196.53 1127.12  1303.4
0.3978 782.537 965.524 1343.15 1544.34 1073.75 1194.31 1124.05 1300.33
0.4017 781.088 964.457 1339.33 1540.59 1071.23 1192.04 1120.89 1297.16
0.4056 779.619 963.382 1335.38  1536.7 1068.63 1189.69 1117.62  1293.9
0.4095 778.131 962.299 1331.29 1532.67 1065.96 1187.29 1114.26 1290.53
0.4134 776.626 961.213 1327.06 1528.51  1063.2 1184.81 1110.78 1287.05
0.4173 775.105 960.122 1322.68  1524.2 1060.37 1182.26  1107.2 1283.47
0.4212 773.568 959.029 1318.13 1519.74 1057.44 1179.64 1103.49 1279.76
0.4251 772.017 957.937 1313.42 1515.11 1054.43 1176.94 1099.67 1275.93
0.429 770.453 956.846 1308.53  1510.3 1051.32 1174.16 1095.71 1271.96
0.4329  768.88  955.76 1303.45 1505.31 1048.12  1171.3 1091.61 1267.86
0.4368   767.3 954.683 1298.18 1500.12 1044.81 1168.35 1087.38 1263.62
0.4407 765.715 953.617 1292.69 1494.73 1041.39 1165.32 1082.99 1259.22
0.4446  764.13 952.566 1286.98 1489.12 1037.87 1162.18 1078.44 1254.67
0.4485 762.548 951.536 1281.03 1483.28 1034.22 1158.95 1073.73 1249.95
0.4524 760.976 950.533 1274.83 1477.19 1030.46 1155.62 1068.84 1245.05
0.4563 759.419 949.562 1268.36 1470.84 1026.56 1152.19 1063.77 1239.96
0.4602 757.885 948.632 1261.61 1464.22 1022.54 1148.65 1058.51 1234.68
0.4641 756.383  947.75 1254.56  1457.3 1018.39    1145 1053.05  1229.2
0.468 754.922 946.928 1247.19 1450.07 1014.09 1141.24 1047.38  1223.5
0.4719 753.515 946.176 1239.49 1442.52 1009.66 1137.37 1041.49 1217.58
0.4758 752.177  945.51 1231.43 1434.63 1005.08 1133.38 1035.38 1211.44
0.4797 750.922 944.942 1223.01 1426.37 1000.36 1129.28 1029.05 1205.06
0.4836 749.772 944.492 1214.21 1417.75 995.496 1125.08 1022.48 1198.45
0.4875 748.746 944.178 1205.03 1408.76 990.504 1120.78 1015.69 1191.61
0.4914 747.869  944.02 1195.45 1399.38 985.389 1116.39 1008.68 1184.53
0.4953 747.167 944.041 1185.49 1389.63 980.168 1111.93 1001.46 1177.24
0.4992 746.666 944.264 1175.16 1379.52 974.863 1107.42 994.061 1169.76
0.5031 746.395 944.709 1164.49 1369.08 969.501 1102.88 986.512 1162.12
0.507 746.379 945.397 1153.52 1358.36 964.119 1098.35 978.853 1154.35
0.5109  746.64 946.342  1142.3 1347.39 958.756 1093.87 971.136 1146.51
0.5148 747.194 947.555 1130.91 1336.26 953.457 1089.47 963.416 1138.65
0.5187 748.051 949.037 1119.42 1325.04 948.266 1085.19 955.755 1130.83
0.5226 749.213 950.786 1107.91 1313.81 943.228 1081.06 948.214 1123.12
0.5265 750.671 952.788 1096.47 1302.65  938.38 1077.13 940.848 1115.57
0.5304 752.412 955.028 1085.16 1291.62 933.752  1073.4 933.703 1108.22
0.5343 754.417 957.486 1074.04 1280.77 929.365  1069.9 926.815 1101.12
0.5382 756.665  960.14 1063.15 1270.16 925.232 1066.64 920.209 1094.29
0.5421 759.131 962.969 1052.53 1259.81 921.356 1063.62 913.897 1087.73
0.546 761.795 965.954 1042.19 1249.74 917.736 1060.83 907.884 1081.47
0.5499 764.636 969.075 1032.14 1239.95 914.366 1058.26 902.168 1075.48
0.5538 767.636 972.319 1022.36 1230.44 911.237 1055.91  896.74 1069.78
0.5577  770.78 975.672 1012.87  1221.2 908.337 1053.77 891.591 1064.34
0.5616 774.053 979.125 1003.65 1212.22 905.655 1051.82 886.709 1059.17
0.5655 777.446 982.668 994.673 1203.49 903.179 1050.06 882.079 1054.23
0.5694 780.948 986.295 985.939 1194.99 900.898 1048.47  877.69 1049.52
0.5733 784.553 990.001 977.432 1186.72 898.802 1047.04 873.529 1045.04
0.5772 788.253 993.781 969.139 1178.65 896.881 1045.77 869.585 1040.76
0.5811 792.043  997.63 961.046 1170.78 895.126 1044.65 865.847 1036.68
0.585 795.919 1001.55 953.143  1163.1  893.53 1043.67 862.307 1032.78
0.5889 799.875 1005.53  945.42 1155.59 892.085 1042.82 858.955 1029.07
0.5928 803.907 1009.57  937.87 1148.24 890.785 1042.11 855.785 1025.53
0.5967 808.012 1013.67 930.484 1141.06 889.625 1041.51  852.79 1022.15
0.6006 812.186 1017.83 923.256 1134.03 888.599 1041.04 849.964 1018.94
0.6045 816.426 1022.04  916.18 1127.15 887.703 1040.68 847.302 1015.88
0.6084 820.728  1026.3 909.252 1120.41 886.932 1040.43 844.799 1012.97
0.6123 825.088 1030.61 902.468  1113.8 886.283 1040.29 842.451  1010.2
0.6162 829.505 1034.97 895.824 1107.33 885.751 1040.26 840.253 1007.58
0.6201 833.974 1039.37 889.317    1101 885.333 1040.32 838.202  1005.1
0.624 838.493 1043.82 882.943 1094.79 885.027 1040.48 836.294 1002.75
0.6279  843.06  1048.3 876.701 1088.71 884.828 1040.74 834.526 1000.54
0.6318  847.67 1052.83 870.588 1082.74 884.733 1041.09 832.896 998.452
0.6357 852.322 1057.39 864.602  1076.9 884.741 1041.53 831.399 996.494
0.6396 857.014 1061.98 858.742 1071.18 884.847 1042.06 830.034  994.66
0.6435 861.741 1066.61 853.006 1065.58  885.05 1042.67 828.797 992.948
0.6474 866.503 1071.26 847.393 1060.09 885.346 1043.37 827.686 991.356
0.6513 871.296 1075.95 841.902 1054.72 885.734 1044.14 826.698 989.881
0.6552 876.118 1080.66 836.531 1049.46 886.211    1045 825.831 988.521
0.6591 880.967 1085.39 831.279 1044.31 886.774 1045.93 825.082 987.273
0.663 885.841 1090.15 826.146 1039.28  887.42 1046.93 824.449 986.137
0.6669 890.737 1094.93  821.13 1034.35 888.149    1048 823.929  985.11
0.6708 895.654 1099.73 816.232 1029.53 888.957 1049.15 823.521 984.189
0.6747  900.59 1104.55 811.449 1024.82 889.842 1050.36 823.221 983.373
0.6786 905.542 1109.38 806.782 1020.22 890.802 1051.64 823.028  982.66
0.6825 910.509 1114.22  802.23 1015.72 891.835 1052.98 822.939 982.047
0.6864 915.488 1119.08 797.792 1011.33 892.939 1054.38 822.952 981.534
0.6903 920.479 1123.95 793.466 1007.04 894.112 1055.85 823.065 981.117
0.6942  925.48 1128.83 789.254 1002.86 895.351 1057.37 823.275 980.796
0.6981 930.489 1133.72 785.154 998.775 896.656 1058.95  823.58 980.568
0.702 935.504 1138.62 781.165 994.795 898.023 1060.58 823.978 980.432
0.7059 940.524 1143.52 777.286 990.917  899.45 1062.27 824.468 980.385
0.7098 945.547 1148.43 773.518 987.139 900.937    1064 825.046 980.426
0.7137 950.573 1153.34 769.859 983.461 902.482 1065.79 825.711 980.553
0.7176   955.6 1158.26 766.308 979.882 904.081 1067.63  826.46 980.764
0.7215 960.627 1163.17 762.865   976.4 905.735 1069.51 827.292 981.057
0.7254 965.652 1168.09  759.53 973.016  907.44 1071.44 828.204 981.431
0.7293 970.676    1173 756.301 969.728 909.196 1073.41 829.195 981.885
0.7332 975.695 1177.91 753.177 966.535     911 1075.42 830.262 982.415
0.7371 980.711 1182.83 750.158 963.437 912.852 1077.48 831.404 983.021
0.741 985.721 1187.73 747.243 960.433 914.749 1079.57 832.618 983.701
0.7449 990.726 1192.64 744.432 957.521 916.691 1081.71 833.903 984.454
0.7488 995.723 1197.54 741.723 954.702 918.675 1083.88 835.257 985.277
0.7527 1000.71 1202.44 739.115 951.973   920.7 1086.08 836.678 986.169
0.7566  1005.7 1207.33 736.608 949.335 922.766 1088.32 838.164 987.129
0.7605 1010.67 1212.21   734.2 946.787  924.87  1090.6 839.713 988.155
0.7644 1015.63 1217.09 731.892 944.326 927.012 1092.91 841.325 989.245
0.7683 1020.59 1221.95 729.681 941.954 929.189 1095.24 842.997 990.399
0.7722 1025.53 1226.82 727.568 939.667 931.402 1097.61 844.727 991.615
0.7761 1030.47 1231.67  725.55 937.467 933.649 1100.01 846.515 992.891
0.78 1035.39 1236.52 723.628 935.352 935.929 1102.44 848.358 994.226
0.7839 1040.31 1241.36 721.799  933.32  938.24  1104.9 850.256 995.619
0.7878 1045.21 1246.18 720.065 931.372 940.583 1107.38 852.206 997.068
0.7917  1050.1 1251.01 718.422 929.505 942.955 1109.89 854.208 998.573
0.7956 1054.98 1255.82 716.871  927.72 945.357 1112.42  856.26 1000.13
0.7995 1059.85 1260.62  715.41 926.015 947.787 1114.98 858.362 1001.74
0.8034  1064.7 1265.42 714.038  924.39 950.245 1117.56 860.511 1003.41
0.8073 1069.55  1270.2 712.755 922.843  952.73 1120.17 862.707 1005.12
0.8112 1074.39 1274.98  711.56 921.375 955.241  1122.8 864.948 1006.89
0.8151 1079.21 1279.75 710.451 919.983 957.778 1125.45 867.235  1008.7
0.819 1084.02 1284.51 709.428 918.667  960.34 1128.13 869.565 1010.57
0.8229 1088.83 1289.27 708.491 917.427 962.927 1130.83 871.939 1012.48
0.8268 1093.62 1294.01 707.637 916.261 965.538 1133.55 874.354 1014.44
0.8307 1098.41 1298.76 706.866 915.169 968.173 1136.29 876.811 1016.44
0.8346 1103.18 1303.49 706.178  914.15 970.832 1139.05 879.309 1018.49
0.8385 1107.95 1308.22 705.572 913.204 973.514 1141.83 881.848 1020.58
0.8424 1112.71 1312.94 705.047  912.33 976.219 1144.64 884.426 1022.72
0.8463 1117.46 1317.66 704.602 911.526 978.947 1147.46 887.043  1024.9
0.8502 1122.21 1322.37 704.236 910.794 981.699 1150.31   889.7 1027.13
0.8541 1126.95 1327.08  703.95 910.131 984.473 1153.18 892.394  1029.4
0.858 1131.68 1331.78 703.741 909.538  987.27 1156.06 895.127 1031.71
0.8619 1136.41 1336.49 703.611 909.014  990.09 1158.97 897.899 1034.07
0.8658 1141.14 1341.19 703.558 908.559 992.933  1161.9 900.708 1036.46
0.8697 1145.86 1345.89 703.582 908.172 995.799 1164.85 903.555  1038.9
0.8736 1150.58  1350.6 703.683 907.853 998.688 1167.83 906.439 1041.39
0.8775  1155.3  1355.3  703.86 907.602  1001.6 1170.82 909.361 1043.91
0.8814 1160.02 1360.01 704.112 907.419 1004.54 1173.84 912.321 1046.48
0.8853 1164.74 1364.71  704.44 907.302  1007.5 1176.88 915.319 1049.09
0.8892 1169.46 1369.42 704.844 907.253 1010.48 1179.94 918.354 1051.74
0.8931 1174.18 1374.14 705.323 907.271 1013.49 1183.03 921.428 1054.44
0.897 1178.91 1378.86 705.877 907.357 1016.52 1186.14 924.539 1057.17
0.9009 1183.64 1383.58 706.506 907.509 1019.58 1189.27 927.689 1059.95
0.9048 1188.37 1388.32  707.21 907.728 1022.66 1192.43 930.876 1062.78
0.9087 1193.11 1393.05 707.989 908.014 1025.77 1195.61 934.102 1065.64
0.9126 1197.85  1397.8 708.842 908.368  1028.9 1198.82 937.365 1068.55
0.9165 1202.59 1402.55  709.77 908.789 1032.06 1202.05 940.667  1071.5
0.9204 1207.34 1407.31 710.772 909.277 1035.25  1205.3 944.005  1074.5
0.9243  1212.1 1412.07 711.849 909.832 1038.45 1208.58 947.381 1077.53
0.9282 1216.86 1416.84     713 910.454 1041.68 1211.88 950.794 1080.61
0.9321 1221.62 1421.62 714.224 911.144 1044.94 1215.21 954.243 1083.73
0.936 1226.39  1426.4 715.522 911.901 1048.22 1218.55 957.727 1086.88
0.9399 1231.16 1431.19 716.892 912.724 1051.52 1221.92 961.245 1090.08
0.9438 1235.93 1435.98 718.335 913.615 1054.84 1225.31 964.796 1093.32
0.9477  1240.7 1440.77 719.848 914.571 1058.19 1228.72 968.379 1096.59
0.9516 1245.47 1445.57 721.432 915.593 1061.55 1232.15 971.993  1099.9
0.9555 1250.23 1450.36 723.085 916.679 1064.93 1235.59 975.634 1103.24
0.9594 1254.99 1455.14 724.806  917.83 1068.33 1239.05 979.302 1106.62
0.9633 1259.74 1459.93 726.592 919.043 1071.73 1242.52 982.994 1110.02
0.9672 1264.48  1464.7 728.443 920.318 1075.16 1246.01 986.707 1113.46
0.9711 1269.21 1469.46 730.356 921.653 1078.59  1249.5  990.44 1116.92
0.975 1273.92  1474.2 732.329 923.047 1082.02    1253 994.188  1120.4
0.9789 1278.61 1478.93 734.359 924.497 1085.46  1256.5 997.949 1123.89
0.9828 1283.28 1483.64 736.444 926.002 1088.91    1260 1001.72 1127.41
0.9867 1287.92 1488.32 738.579 927.559 1092.35  1263.5 1005.49 1130.94
0.9906 1292.53 1492.97 740.763 929.165 1095.78 1266.99 1009.27 1134.47
0.9945 1297.11 1497.59 742.992 930.819 1099.21 1270.48 1013.05 1138.02
0.9984 1301.65 1502.17 745.262 932.516 1102.62 1273.95 1016.82 1141.56
1.0023 1306.15 1506.72 747.568 934.254 1106.02 1277.41 1020.58  1145.1
1.0062  1310.6 1511.21 749.908  936.03 1109.41 1280.84 1024.33 1148.63
1.0101    1315 1515.67 752.277  937.84 1112.77 1284.26 1028.06 1152.16
1.014 1319.35 1520.06  754.67  939.68  1116.1 1287.65 1031.76 1155.66
1.0179 1323.65 1524.41 757.083 941.547 1119.41    1291 1035.44 1159.15
1.0218 1327.88 1528.69 759.513 943.437 1122.68 1294.33 1039.09 1162.62
1.0257 1332.05 1532.91 761.954 945.346 1125.92 1297.62 1042.71 1166.05
1.0296 1336.15 1537.06 764.402 947.271 1129.12 1300.87 1046.28 1169.46
1.0335 1340.19 1541.15 766.852 949.207 1132.28 1304.07 1049.82 1172.83
1.0374 1344.15 1545.16 769.301 951.151 1135.39 1307.23 1053.31 1176.16
1.0413 1348.04  1549.1 771.744 953.099 1138.45 1310.34 1056.75 1179.45
1.0452 1351.84 1552.96 774.177 955.047 1141.47  1313.4 1060.14  1182.7
1.0491 1355.57 1556.74 776.595 956.992 1144.43 1316.41 1063.47 1185.89
1.053 1359.22 1560.44 778.996  958.93 1147.33 1319.36 1066.74 1189.03
1.0569 1362.78 1564.05 781.375 960.857 1150.18 1322.25 1069.95 1192.12
1.0608 1366.26 1567.58 783.729 962.771 1152.97 1325.08  1073.1 1195.15
1.0647 1369.65 1571.02 786.054 964.667  1155.7 1327.85 1076.19 1198.12
1.0686 1372.96 1574.37 788.348 966.545 1158.37 1330.55  1079.2 1201.03
1.0725 1376.17 1577.63 790.607 968.399 1160.97 1333.19 1082.15 1203.88
1.0764  1379.3 1580.81 792.829 970.229 1163.51 1335.77 1085.03 1206.65
1.0803 1382.34 1583.89 795.012 972.031 1165.99 1338.28 1087.83 1209.37
1.0842 1385.28 1586.89 797.152 973.803 1168.39 1340.72 1090.56 1212.01
1.0881 1388.14 1589.79 799.249 975.543 1170.73 1343.09 1093.22 1214.59
1.092 1390.91  1592.6   801.3  977.25 1173.01  1345.4  1095.8 1217.09
1.0959  1393.6 1595.33 803.305 978.921 1175.21 1347.63 1098.31 1219.53
1.0998 1396.19 1597.97  805.26 980.556 1177.35  1349.8 1100.75 1221.89
1.1037  1398.7 1600.51 807.166 982.152 1179.42  1351.9  1103.1 1224.19
1.1076 1401.12 1602.97 809.022 983.709 1181.43 1353.93 1105.39 1226.41
1.1115 1403.45 1605.35 810.826 985.227 1183.36  1355.9  1107.6 1228.56
1.1154 1405.71 1607.64 812.579 986.703 1185.24  1357.8 1109.73 1230.64
1.1193 1407.88 1609.85 814.279 988.138 1187.04 1359.63  1111.8 1232.65
1.1232 1409.96 1611.97 815.926 989.531 1188.79  1361.4 1113.79 1234.59
1.1271 1411.97 1614.01 817.522 990.882 1190.47  1363.1 1115.71 1236.47
1.131 1413.91 1615.98 819.065 992.191 1192.08 1364.74 1117.56 1238.27
1.1349 1415.76 1617.87 820.555 993.457 1193.64 1366.31 1119.34 1240.01
1.1388 1417.54 1619.68 821.994 994.681 1195.13 1367.83 1121.05 1241.69
1.1427 1419.25 1621.42 823.382 995.863 1196.57 1369.29 1122.69  1243.3
1.1466 1420.89 1623.08 824.719 997.003 1197.95 1370.68 1124.27 1244.84
1.1505 1422.45 1624.68 826.005 998.102 1199.27 1372.03 1125.79 1246.33
1.1544 1423.95 1626.21 827.243  999.16 1200.54 1373.31 1127.24 1247.75
1.1583 1425.39 1627.67 828.432 1000.18 1201.76 1374.54 1128.64 1249.12
1.1622 1426.76 1629.06 829.573 1001.15 1202.92 1375.72 1129.97 1250.42
1.1661 1428.07  1630.4 830.668 1002.09 1204.03 1376.85 1131.24 1251.67
1.17 1429.32 1631.67 831.717 1002.99 1205.09 1377.92 1132.46 1252.87
1.1739 1430.52 1632.89 832.721 1003.86 1206.11 1378.95 1133.63 1254.01
1.1778 1431.66 1634.05 833.682 1004.68 1207.07 1379.93 1134.74 1255.11
1.1817 1432.74 1635.15 834.601 1005.47    1208 1380.87  1135.8 1256.15
1.1856 1433.77  1636.2 835.479 1006.23 1208.88 1381.76 1136.81 1257.14
1.1895 1434.76 1637.21 836.317 1006.95 1209.72 1382.61 1137.78 1258.09
1.1934 1435.69 1638.16 837.116 1007.64 1210.51 1383.42  1138.7 1258.99
1.1973 1436.58 1639.06 837.877  1008.3 1211.27 1384.19 1139.57 1259.85
1.2012 1437.43 1639.92 838.603 1008.93    1212 1384.92  1140.4 1260.67
1.2051 1438.23 1640.74 839.293 1009.52 1212.68 1385.61 1141.19 1261.44
1.209 1438.99 1641.52  839.95 1010.09 1213.33 1386.27 1141.94 1262.18
1.2129 1439.71 1642.25 840.574 1010.63 1213.95  1386.9 1142.65 1262.88
1.2168 1440.39 1642.95 841.166 1011.14 1214.54 1387.49 1143.32 1263.54
1.2207 1441.04 1643.61 841.728 1011.63 1215.09 1388.06 1143.96 1264.17
1.2246 1441.65 1644.23 842.261 1012.09 1215.62 1388.59 1144.57 1264.77
1.2285 1442.23 1644.82 842.767 1012.53 1216.12 1389.09 1145.14 1265.34
1.2324 1442.78 1645.38 843.245 1012.94 1216.59 1389.57 1145.69 1265.87
1.2363  1443.3 1645.91 843.698 1013.34 1217.03 1390.02  1146.2 1266.38
1.2402 1443.79 1646.41 844.126 1013.71 1217.45 1390.45 1146.68 1266.85
1.2441 1444.25 1646.88 844.531 1014.06 1217.85 1390.85 1147.14  1267.3
1.248 1444.68 1647.32 844.913 1014.39 1218.22 1391.23 1147.57 1267.73
1.2519  1445.1 1647.74 845.274 1014.71 1218.58 1391.59 1147.98 1268.13
1.2558 1445.48 1648.13 845.614    1015 1218.91 1391.93 1148.36 1268.51
1.2597 1445.85 1648.51 845.935 1015.28 1219.22 1392.24 1148.73 1268.87
1.2636 1446.19 1648.85 846.237 1015.54 1219.52 1392.54 1149.07  1269.2
1.2675 1446.51 1649.18 846.522 1015.79  1219.8 1392.82 1149.39 1269.52
1.2714 1446.82 1649.49 846.789 1016.02 1220.06 1393.09 1149.69 1269.81
1.2753  1447.1 1649.78 847.041 1016.24  1220.3 1393.34 1149.97 1270.09
1.2792 1447.37 1650.06 847.277 1016.45 1220.54 1393.57 1150.24 1270.36
1.2831 1447.62 1650.31 847.499 1016.64 1220.75 1393.79 1150.49  1270.6
1.287 1447.85 1650.55 847.708 1016.82 1220.95    1394 1150.72 1270.83
1.2909 1448.07 1650.78 847.903 1016.99 1221.15 1394.19 1150.94 1271.05
1.2948 1448.28 1650.99 848.086 1017.15 1221.32 1394.37 1151.15 1271.25
1.2987 1448.47 1651.18 848.257  1017.3 1221.49 1394.54 1151.34 1271.44
1.3026 1448.65 1651.37 848.418 1017.44 1221.65  1394.7 1151.52 1271.62
1.3065 1448.82 1651.54 848.568 1017.57 1221.79 1394.85 1151.69 1271.79
1.3104 1448.98  1651.7 848.708 1017.69 1221.93 1394.98 1151.84 1271.94
1.3143 1449.13 1651.85 848.839 1017.81 1222.06 1395.11 1151.99 1272.09
1.3182 1449.27 1651.99 848.961 1017.91 1222.18 1395.23 1152.13 1272.22
1.3221  1449.4 1652.12 849.075 1018.01 1222.29 1395.35 1152.26 1272.35
1.326 1449.52 1652.25 849.182  1018.1 1222.39 1395.45 1152.38 1272.47
1.3299 1449.63 1652.36 849.281 1018.19 1222.49 1395.55 1152.49 1272.58
1.3338 1449.73 1652.46 849.373 1018.27 1222.58 1395.64 1152.59 1272.68
1.3377 1449.83 1652.56 849.459 1018.35 1222.66 1395.72 1152.69 1272.77
1.3416 1449.92 1652.65 849.538 1018.42 1222.74  1395.8 1152.78 1272.86
1.3455    1450 1652.74 849.613 1018.48 1222.81 1395.87 1152.86 1272.94
1.3494 1450.08 1652.82 849.681 1018.54 1222.88 1395.94 1152.94 1273.02
1.3533 1450.15 1652.89 849.745  1018.6 1222.94 1396.01 1153.01 1273.09
1.3572 1450.22 1652.96 849.804 1018.65 1222.99 1396.06 1153.07 1273.16
1.3611 1450.28 1653.02 849.859  1018.7 1223.05 1396.12 1153.13 1273.22
1.365 1450.34 1653.08  849.91 1018.74  1223.1 1396.17 1153.19 1273.27
1.3689 1450.39 1653.13 849.957 1018.78 1223.14 1396.21 1153.24 1273.32
1.3728 1450.44 1653.18     850 1018.82 1223.19 1396.26 1153.29 1273.37
1.3767 1450.48 1653.23  850.04 1018.85 1223.22  1396.3 1153.34 1273.42
1.3806 1450.52 1653.27 850.077 1018.89 1223.26 1396.33 1153.38 1273.46
1.3845 1450.56 1653.31 850.112 1018.91 1223.29 1396.37 1153.42 1273.49
1.3884  1450.6 1653.35 850.143 1018.94 1223.32  1396.4 1153.45 1273.53
1.3923 1450.63 1653.38 850.172 1018.97 1223.35 1396.43 1153.49 1273.56
1.3962 1450.66 1653.41 850.199 1018.99 1223.38 1396.45 1153.52 1273.59
1.4001 1450.69 1653.44 850.223 1019.01  1223.4 1396.48 1153.54 1273.62
1.404 1450.71 1653.47 850.246 1019.03 1223.42  1396.5 1153.57 1273.64
1.4079 1450.74 1653.49 850.266 1019.05 1223.44 1396.52 1153.59 1273.67
1.4118 1450.76 1653.51 850.285 1019.07 1223.46 1396.54 1153.61 1273.69
1.4157 1450.78 1653.53 850.303 1019.08 1223.48 1396.55 1153.63 1273.71
1.4196 1450.79 1653.55 850.318  1019.1 1223.49 1396.57 1153.65 1273.72
1.4235 1450.81 1653.57 850.333 1019.11 1223.51 1396.58 1153.67 1273.74
1.4274 1450.83 1653.58 850.346 1019.12 1223.52  1396.6 1153.68 1273.75
1.4313 1450.84 1653.59 850.358 1019.13 1223.53 1396.61 1153.69 1273.77
1.4352 1450.85 1653.61 850.369 1019.14 1223.54 1396.62 1153.71 1273.78
1.4391 1450.86 1653.62 850.379 1019.15 1223.55 1396.63 1153.72 1273.79
1.443 1450.87 1653.63 850.388 1019.16 1223.56 1396.64 1153.73  1273.8
1.4469 1450.88 1653.64 850.397 1019.16 1223.57 1396.65 1153.74 1273.81
1.4508 1450.89 1653.65 850.404 1019.17 1223.58 1396.65 1153.75 1273.82
1.4547  1450.9 1653.66 850.411 1019.18 1223.58 1396.66 1153.75 1273.83
1.4586 1450.91 1653.66 850.417 1019.18 1223.59 1396.67 1153.76 1273.83
1.4625 1450.91 1653.67 850.423 1019.19  1223.6 1396.67 1153.77 1273.84
1.4664 1450.92 1653.67 850.428 1019.19  1223.6 1396.68 1153.77 1273.84
1.4703 1450.92 1653.68 850.433 1019.19 1223.61 1396.68 1153.78 1273.85
1.4742 1450.93 1653.68 850.437  1019.2 1223.61 1396.69 1153.78 1273.85
1.4781 1450.93 1653.69  850.44  1019.2 1223.61 1396.69 1153.79 1273.86
1.482 1450.94 1653.69 850.444  1019.2 1223.62 1396.69 1153.79 1273.86
1.4859 1450.94  1653.7 850.447 1019.21 1223.62  1396.7 1153.79 1273.87
1.4898 1450.94  1653.7  850.45 1019.21 1223.62  1396.7  1153.8 1273.87
1.4937 1450.94  1653.7 850.452 1019.21 1223.62  1396.7  1153.8 1273.87
1.4976 1450.95  1653.7 850.454 1019.21 1223.63  1396.7  1153.8 1273.87
1.5015 1450.95 1653.71 850.456 1019.22 1223.63 1396.71  1153.8 1273.88
1.5054 1450.95 1653.71 850.458 1019.22 1223.63 1396.71 1153.81 1273.88
1.5093 1450.95 1653.71 850.459 1019.22 1223.63 1396.71 1153.81 1273.88
1.5132 1450.95 1653.71 850.461 1019.22 1223.63 1396.71 1153.81 1273.88
1.5171 1450.96 1653.71 850.462 1019.22 1223.63 1396.71 1153.81 1273.88
1.521 1450.96 1653.71 850.463 1019.22 1223.63 1396.71 1153.81 1273.88
1.5249 1450.96 1653.72 850.464 1019.22 1223.64 1396.71 1153.81 1273.88
1.5288 1450.96 1653.72 850.465 1019.22 1223.64 1396.71 1153.81 1273.89
1.5327 1450.96 1653.72 850.466 1019.22 1223.64 1396.71 1153.81 1273.89
1.5366 1450.96 1653.72 850.466 1019.22 1223.64 1396.72 1153.81 1273.89
1.5405 1450.96 1653.72 850.467 1019.22 1223.64 1396.72 1153.82 1273.89
1.5444 1450.96 1653.72 850.467 1019.22 1223.64 1396.72 1153.82 1273.89
1.5483 1450.96 1653.72 850.468 1019.23 1223.64 1396.72 1153.82 1273.89
1.5522 1450.96 1653.72 850.468 1019.23 1223.64 1396.72 1153.82 1273.89
1.5561 1450.96 1653.72 850.468 1019.23 1223.64 1396.72 1153.82 1273.89
1.56 1450.96 1653.72 850.469 1019.23 1223.64 1396.72 1153.82 1273.89
1.5639 1450.96 1653.72 850.469 1019.23 1223.64 1396.72 1153.82 1273.89
1.5678 1450.96 1653.72 850.469 1019.23 1223.64 1396.72 1153.82 1273.89
1.5717 1450.96 1653.72 850.469 1019.23 1223.64 1396.72 1153.82 1273.89
1.5756 1450.96 1653.72  850.47 1019.23 1223.64 1396.72 1153.82 1273.89
1.5795 1450.96 1653.72  850.47 1019.23 1223.64 1396.72 1153.82 1273.89
1.5834 1450.96 1653.72  850.47 1019.23 1223.64 1396.72 1153.82 1273.89
1.5873 1450.96 1653.72  850.47 1019.23 1223.64 1396.72 1153.82 1273.89
1.5912 1450.96 1653.72  850.47 1019.23 1223.64 1396.72 1153.82 1273.89
1.5951 1450.96 1653.72  850.47 1019.23 1223.64 1396.72 1153.82 1273.89
1.599 1450.96 1653.72  850.47 1019.23 1223.64 1396.72 1153.82 1273.89
1.6029 1450.96 1653.72  850.47 1019.23 1223.64 1396.72 1153.82 1273.89
1.6068 1450.96 1653.72  850.47 1019.23 1223.64 1396.72 1153.82 1273.89
1.6107 1450.96 1653.72  850.47 1019.23 1223.64 1396.72 1153.82 1273.89
1.6146 1450.97 1653.72  850.47 1019.23 1223.64 1396.72 1153.82 1273.89
1.6185 1450.97 1653.72  850.47 1019.23 1223.64 1396.72 1153.82 1273.89
1.6224 1450.97 1653.72  850.47 1019.23 1223.64 1396.72 1153.82 1273.89
1.6263 1450.97 1653.72  850.47 1019.23 1223.64 1396.72 1153.82 1273.89
1.6302 1450.97 1653.72  850.47 1019.23 1223.64 1396.72 1153.82 1273.89
1.6341 1450.97 1653.72  850.47 1019.23 1223.64 1396.72 1153.82 1273.89
1.638 1450.97 1653.72  850.47 1019.23 1223.64 1396.72 1153.82 1273.89
1.6419 1450.97 1653.72  850.47 1019.23 1223.64 1396.72 1153.82 1273.89
1.6458 1450.97 1653.72  850.47 1019.23 1223.64 1396.72 1153.82 1273.89
1.6497 1450.97 1653.72  850.47 1019.23 1223.64 1396.72 1153.82 1273.89
1.6536 1450.97 1653.72  850.47 1019.23 1223.64 1396.72 1153.82 1273.89
1.6575 1450.97 1653.72  850.47 1019.23 1223.64 1396.72 1153.82 1273.89
1.6614 1450.97 1653.72  850.47 1019.23 1223.64 1396.72 1153.82 1273.89
1.6653 1450.97 1653.72  850.47 1019.23 1223.64 1396.72 1153.82 1273.89
1.6692 1450.97 1653.72  850.47 1019.23 1223.64 1396.72 1153.82 1273.89
1.6731 1450.97 1653.72  850.47 1019.23 1223.64 1396.72 1153.82 1273.89
1.677 1450.97 1653.72  850.47 1019.23 1223.64 1396.72 1153.82 1273.89
1.6809 1450.97 1653.72  850.47 1019.23 1223.64 1396.72 1153.82 1273.89
1.6848 1450.97 1653.72  850.47 1019.23 1223.64 1396.72 1153.82 1273.89
1.6887 1450.97 1653.72  850.47 1019.23 1223.64 1396.72 1153.82 1273.89
1.6926 1450.97 1653.72  850.47 1019.23 1223.64 1396.72 1153.82 1273.89
1.6965 1450.97 1653.72  850.47 1019.23 1223.64 1396.72 1153.82 1273.89
1.7004 1450.97 1653.72  850.47 1019.23 1223.64 1396.72 1153.82 1273.89
1.7043 1450.97 1653.72  850.47 1019.23 1223.64 1396.72 1153.82 1273.89
1.7082 1450.97 1653.72  850.47 1019.23 1223.64 1396.72 1153.82 1273.89
1.7121 1450.97 1653.72  850.47 1019.23 1223.64 1396.72 1153.82 1273.89
1.716 1450.97 1653.72  850.47 1019.23 1223.64 1396.72 1153.82 1273.89
1.7199 1450.97 1653.72  850.47 1019.23 1223.64 1396.72 1153.82 1273.89
1.7238 1450.97 1653.72  850.47 1019.23 1223.64 1396.72 1153.82 1273.89
1.7277 1450.97 1653.72  850.47 1019.23 1223.64 1396.72 1153.82 1273.89
1.7316 1450.97 1653.72  850.47 1019.23 1223.64 1396.72 1153.82 1273.89
1.7355 1450.97 1653.72  850.47 1019.23 1223.64 1396.72 1153.82 1273.89
1.7394 1450.97 1653.72  850.47 1019.23 1223.64 1396.72 1153.82 1273.89
1.7433 1450.97 1653.72  850.47 1019.23 1223.64 1396.72 1153.82 1273.89
1.7472 1450.97 1653.72  850.47 1019.23 1223.64 1396.72 1153.82 1273.89
1.7511 1450.97 1653.72  850.47 1019.23 1223.64 1396.72 1153.82 1273.89
1.755 1450.97 1653.72  850.47 1019.23 1223.64 1396.72 1153.82 1273.89
1.7589 1450.97 1653.72  850.47 1019.23 1223.64 1396.72 1153.82 1273.89
1.7628 1450.97 1653.72  850.47 1019.23 1223.64 1396.72 1153.82 1273.89
1.7667 1450.97 1653.72  850.47 1019.23 1223.64 1396.72 1153.82 1273.89
1.7706 1450.97 1653.72  850.47 1019.23 1223.64 1396.72 1153.82 1273.89
1.7745 1450.97 1653.72  850.47 1019.23 1223.64 1396.72 1153.82 1273.89
1.7784 1450.97 1653.72  850.47 1019.23 1223.64 1396.72 1153.82 1273.89
1.7823 1450.97 1653.72  850.47 1019.23 1223.64 1396.72 1153.82 1273.89
1.7862 1450.97 1653.72  850.47 1019.23 1223.64 1396.72 1153.82 1273.89
1.7901 1450.97 1653.72  850.47 1019.23 1223.64 1396.72 1153.82 1273.89
1.794 1450.97 1653.72  850.47 1019.23 1223.64 1396.72 1153.82 1273.89
1.7979 1450.97 1653.72  850.47 1019.23 1223.64 1396.72 1153.82 1273.89
1.8018 1450.97 1653.72  850.47 1019.23 1223.64 1396.72 1153.82 1273.89
1.8057 1450.97 1653.72  850.47 1019.23 1223.64 1396.72 1153.82 1273.89
1.8096 1450.97 1653.72  850.47 1019.23 1223.64 1396.72 1153.82 1273.89
1.8135 1450.97 1653.72  850.47 1019.23 1223.64 1396.72 1153.82 1273.89
1.8174 1450.97 1653.72  850.47 1019.23 1223.64 1396.72 1153.82 1273.89
1.8213 1450.97 1653.72  850.47 1019.23 1223.64 1396.72 1153.82 1273.89
1.8252 1450.97 1653.72  850.47 1019.23 1223.64 1396.72 1153.82 1273.89
1.8291 1450.97 1653.72  850.47 1019.23 1223.64 1396.72 1153.82 1273.89
1.833 1450.97 1653.72  850.47 1019.23 1223.64 1396.72 1153.82 1273.89
1.8369 1450.97 1653.72  850.47 1019.23 1223.64 1396.72 1153.82 1273.89
1.8408 1450.97 1653.72  850.47 1019.23 1223.64 1396.72 1153.82 1273.89
1.8447 1450.97 1653.72  850.47 1019.23 1223.64 1396.72 1153.82 1273.89
1.8486 1450.97 1653.72  850.47 1019.23 1223.64 1396.72 1153.82 1273.89
1.8525 1450.97 1653.72  850.47 1019.23 1223.64 1396.72 1153.82 1273.89
1.8564 1450.97 1653.72  850.47 1019.23 1223.64 1396.72 1153.82 1273.89
1.8603 1450.97 1653.72  850.47 1019.23 1223.64 1396.72 1153.82 1273.89
1.8642 1450.97 1653.72  850.47 1019.23 1223.64 1396.72 1153.82 1273.89
1.8681 1450.97 1653.72  850.47 1019.23 1223.64 1396.72 1153.82 1273.89
1.872 1450.97 1653.72  850.47 1019.23 1223.64 1396.72 1153.82 1273.89
1.8759 1450.97 1653.72  850.47 1019.23 1223.64 1396.72 1153.82 1273.89
1.8798 1450.97 1653.72  850.47 1019.23 1223.64 1396.72 1153.82 1273.89
1.8837 1450.97 1653.72  850.47 1019.23 1223.64 1396.72 1153.82 1273.89
1.8876 1450.97 1653.72  850.47 1019.23 1223.64 1396.72 1153.82 1273.89
1.8915 1450.97 1653.72  850.47 1019.23 1223.64 1396.72 1153.82 1273.89
1.8954 1450.97 1653.72  850.47 1019.23 1223.64 1396.72 1153.82 1273.89
1.8993 1450.97 1653.72  850.47 1019.23 1223.64 1396.72 1153.82 1273.89
1.9032 1450.97 1653.72  850.47 1019.23 1223.64 1396.72 1153.82 1273.89
1.9071 1450.97 1653.72  850.47 1019.23 1223.64 1396.72 1153.82 1273.89
1.911 1450.97 1653.72  850.47 1019.23 1223.64 1396.72 1153.82 1273.89
1.9149 1450.97 1653.72  850.47 1019.23 1223.64 1396.72 1153.82 1273.89
1.9188 1450.97 1653.72  850.47 1019.23 1223.64 1396.72 1153.82 1273.89
1.9227 1450.97 1653.72  850.47 1019.23 1223.64 1396.72 1153.82 1273.89
1.9266 1450.97 1653.72  850.47 1019.23 1223.64 1396.72 1153.82 1273.89
1.9305 1450.97 1653.72  850.47 1019.23 1223.64 1396.72 1153.82 1273.89
1.9344 1450.97 1653.72  850.47 1019.23 1223.64 1396.72 1153.82 1273.89
1.9383 1450.97 1653.72  850.47 1019.23 1223.64 1396.72 1153.82 1273.89
1.9422 1450.97 1653.72  850.47 1019.23 1223.64 1396.72 1153.82 1273.89
1.9461 1450.97 1653.72  850.47 1019.23 1223.64 1396.72 1153.82 1273.89
1.95 1450.97 1653.72  850.47 1019.23 1223.64 1396.72 1153.82 1273.89
1.9539 1450.97 1653.72  850.47 1019.23 1223.64 1396.72 1153.82 1273.89
1.9578 1450.97 1653.72  850.47 1019.23 1223.64 1396.72 1153.82 1273.89
1.9617 1450.97 1653.72  850.47 1019.23 1223.64 1396.72 1153.82 1273.89
1.9656 1450.97 1653.72  850.47 1019.23 1223.64 1396.72 1153.82 1273.89
1.9695 1450.97 1653.72  850.47 1019.23 1223.64 1396.72 1153.82 1273.89
1.9734 1450.97 1653.72  850.47 1019.23 1223.64 1396.72 1153.82 1273.89
1.9773 1450.97 1653.72  850.47 1019.23 1223.64 1396.72 1153.82 1273.89
1.9812 1450.97 1653.72  850.47 1019.23 1223.64 1396.72 1153.82 1273.89
1.9851 1450.97 1653.72  850.47 1019.23 1223.64 1396.72 1153.82 1273.89
1.989 1450.97 1653.72  850.47 1019.23 1223.64 1396.72 1153.82 1273.89
1.9929 1450.97 1653.72  850.47 1019.23 1223.64 1396.72 1153.82 1273.89
1.9968 1450.97 1653.72  850.47 1019.23 1223.64 1396.72 1153.82 1273.89
2.0007 1450.97 1653.72  850.47 1019.23 1223.64 1396.72 1153.82 1273.89
2.0046 1450.97 1653.72  850.47 1019.23 1223.64 1396.72 1153.82 1273.89
2.0085 1450.97 1653.72  850.47 1019.23 1223.64 1396.72 1153.82 1273.89
2.0124 1450.97 1653.72  850.47 1019.23 1223.64 1396.72 1153.82 1273.89
2.0163 1450.97 1653.72  850.47 1019.23 1223.64 1396.72 1153.82 1273.89
2.0202 1450.97 1653.72  850.47 1019.23 1223.64 1396.72 1153.82 1273.89
2.0241 1450.97 1653.72  850.47 1019.23 1223.64 1396.72 1153.82 1273.89
2.028 1450.97 1653.72  850.47 1019.23 1223.64 1396.72 1153.82 1273.89
2.0319 1450.97 1653.72  850.47 1019.23 1223.64 1396.72 1153.82 1273.89
2.0358 1450.97 1653.72  850.47 1019.23 1223.64 1396.72 1153.82 1273.89
2.0397 1450.97 1653.72  850.47 1019.23 1223.64 1396.72 1153.82 1273.89
2.0436 1450.97 1653.72  850.47 1019.23 1223.64 1396.72 1153.82 1273.89
2.0475 1450.97 1653.72  850.47 1019.23 1223.64 1396.72 1153.82 1273.89
2.0514 1450.97 1653.72  850.47 1019.23 1223.64 1396.72 1153.82 1273.89
2.0553 1450.97 1653.72  850.47 1019.23 1223.64 1396.72 1153.82 1273.89
2.0592 1450.97 1653.72  850.47 1019.23 1223.64 1396.72 1153.82 1273.89
2.0631 1450.97 1653.72  850.47 1019.23 1223.64 1396.72 1153.82 1273.89
2.067 1450.97 1653.72  850.47 1019.23 1223.64 1396.72 1153.82 1273.89
2.0709 1450.97 1653.72  850.47 1019.23 1223.64 1396.72 1153.82 1273.89
2.0748 1450.97 1653.72  850.47 1019.23 1223.64 1396.72 1153.82 1273.89
2.0787 1450.97 1653.72  850.47 1019.23 1223.64 1396.72 1153.82 1273.89
2.0826 1450.97 1653.72  850.47 1019.23 1223.64 1396.72 1153.82 1273.89
2.0865 1450.97 1653.72  850.47 1019.23 1223.64 1396.72 1153.82 1273.89
2.0904 1450.97 1653.72  850.47 1019.23 1223.64 1396.72 1153.82 1273.89
2.0943 1450.97 1653.72  850.47 1019.23 1223.64 1396.72 1153.82 1273.89
2.0982 1450.97 1653.72  850.47 1019.23 1223.64 1396.72 1153.82 1273.89
2.1021 1450.97 1653.72  850.47 1019.23 1223.64 1396.72 1153.82 1273.89
2.106 1450.97 1653.72  850.47 1019.23 1223.64 1396.72 1153.82 1273.89
2.1099 1450.97 1653.72  850.47 1019.23 1223.64 1396.72 1153.82 1273.89
2.1138 1450.97 1653.72  850.47 1019.23 1223.64 1396.72 1153.82 1273.89
2.1177 1450.97 1653.72  850.47 1019.23 1223.64 1396.72 1153.82 1273.89
2.1216 1450.97 1653.72  850.47 1019.23 1223.64 1396.72 1153.82 1273.89
2.1255 1450.97 1653.72  850.47 1019.23 1223.64 1396.72 1153.82 1273.89
2.1294 1450.97 1653.72  850.47 1019.23 1223.64 1396.72 1153.82 1273.89
