0 0
0 0
0 0
0 0
0 0
0 0
0 0
0 0
0 0
0 0
0 0
0 0
0 0
0 0
0 0
0 0
0 0
0 0
0 0
0 0
0 0
0 0
0 0
0 0
0 0
0 0
0 0
0 0
0 0
0 0
0 0
0 0
0 0
0.0001 7.41679e-07
0.0003 3.18627e-06
0.0006 6.85315e-06
0.001 1.17423e-05
0.0015 1.78538e-05
0.0021 2.51876e-05
0.0028 3.33775e-05
0.0036 4.33263e-05
0.0045 5.45186e-05
0.0055 6.66841e-05
0.0066 8.05987e-05
0.0078 9.55201e-05
0.0091 0.000111785
0.0105 0.000130095
0.012 0.0001494
0.0136 0.000170224
0.0153 0.000193193
0.0171 0.000217345
0.019 0.000243196
0.021 0.000270813
0.0231 0.000300266
0.0253 0.000331623
0.0276 0.000364953
0.03 0.000400326
0.0325 0.000437813
0.0351 0.000477485
0.0378 0.000519039
0.0406 0.000563446
0.0435 0.000610277
0.0465 0.000659295
0.0496 0.000711426
0.0528 0.000765931
0.0561 0.000823762
0.0595 0.000884268
0.063 0.000947906
0.0666 0.00101484
0.0703 0.0010857
0.0741 0.00115975
0.078 0.00123756
0.0819 0.00131721
0.0858 0.00139874
0.0897 0.00148216
0.0936 0.00156752
0.0975 0.00165483
0.1014 0.00174367
0.1053 0.00183502
0.1092 0.00192841
0.1131 0.00202389
0.117 0.00212146
0.1209 0.00222118
0.1248 0.00232307
0.1287 0.00242669
0.1326 0.0025331
0.1365 0.00264178
0.1404 0.00275276
0.1443 0.00286607
0.1482 0.00298142
0.1521 0.00309964
0.156 0.00322031
0.1599 0.00334312
0.1638 0.00346894
0.1677 0.0035969
0.1716 0.00372806
0.1755 0.00386186
0.1794 0.00399807
0.1833 0.00413747
0.1872 0.00427939
0.1911 0.00442415
0.195 0.00457246
0.1989 0.0047233
0.2028 0.00487772
0.2067 0.00503491
0.2106 0.00519529
0.2145 0.00535943
0.2184 0.00552657
0.2223 0.00569713
0.2262 0.00587121
0.2301 0.00604889
0.234 0.00623026
0.2379 0.00641585
0.2418 0.00660488
0.2457 0.00679786
0.2496 0.00699443
0.2535 0.00719561
0.2574 0.00740104
0.2613 0.00761081
0.2652 0.00782503
0.2691 0.00804381
0.273 0.00826684
0.2769 0.00849518
0.2808 0.00872841
0.2847 0.00896632
0.2886 0.00920988
0.2925 0.00945838
0.2964 0.00971281
0.3003 0.00997256
0.3042 0.0102381
0.3081 0.0105097
0.312 0.010788
0.3159 0.0110723
0.3198 0.0113632
0.3237 0.0116609
0.3276 0.0119657
0.3315 0.0122774
0.3354 0.0125971
0.3393 0.0129246
0.3432 0.0132599
0.3471 0.0136039
0.351 0.0139563
0.3549 0.0143178
0.3588 0.0146891
0.3627 0.0150698
0.3666 0.0154608
0.3705 0.015862
0.3744 0.0162747
0.3783 0.016699
0.3822 0.017135
0.3861 0.0175837
0.39 0.0180461
0.3939 0.018522
0.3978 0.0190122
0.4017 0.0195182
0.4056 0.0200403
0.4095 0.0205791
0.4134 0.0211358
0.4173 0.0217116
0.4212 0.022307
0.4251 0.0229241
0.429 0.0235634
0.4329 0.0242263
0.4368 0.0249149
0.4407 0.0256303
0.4446 0.0263745
0.4485 0.0271492
0.4524 0.0279565
0.4563 0.0287985
0.4602 0.0296778
0.4641 0.0305963
0.468 0.031557
0.4719 0.032562
0.4758 0.0336142
0.4797 0.0347153
0.4836 0.0358673
0.4875 0.0370716
0.4914 0.0383287
0.4953 0.0396376
0.4992 0.0409966
0.5031 0.0424016
0.507 0.0438469
0.5109 0.0453256
0.5148 0.0468288
0.5187 0.0483475
0.5226 0.0498724
0.5265 0.051395
0.5304 0.0529082
0.5343 0.0544064
0.5382 0.0558857
0.5421 0.0573436
0.546 0.0587791
0.5499 0.0601921
0.5538 0.0615832
0.5577 0.0629538
0.5616 0.0643052
0.5655 0.0656393
0.5694 0.0669576
0.5733 0.0682619
0.5772 0.0695537
0.5811 0.0708347
0.585 0.0721061
0.5889 0.0733691
0.5928 0.0746247
0.5967 0.075874
0.6006 0.0771177
0.6045 0.0783567
0.6084 0.0795914
0.6123 0.0808226
0.6162 0.0820508
0.6201 0.0832765
0.624 0.0845
0.6279 0.0857218
0.6318 0.0869423
0.6357 0.0881617
0.6396 0.0893803
0.6435 0.0905985
0.6474 0.0918165
0.6513 0.0930344
0.6552 0.0942526
0.6591 0.0954711
0.663 0.0966903
0.6669 0.0979102
0.6708 0.0991311
0.6747 0.100353
0.6786 0.101576
0.6825 0.102801
0.6864 0.104027
0.6903 0.105255
0.6942 0.106484
0.6981 0.107716
0.702 0.108949
0.7059 0.110185
0.7098 0.111423
0.7137 0.112664
0.7176 0.113907
0.7215 0.115152
0.7254 0.116401
0.7293 0.117653
0.7332 0.118907
0.7371 0.120166
0.741 0.121427
0.7449 0.122692
0.7488 0.123961
0.7527 0.125234
0.7566 0.126511
0.7605 0.127792
0.7644 0.129078
0.7683 0.130368
0.7722 0.131664
0.7761 0.132964
0.78 0.13427
0.7839 0.135582
0.7878 0.136899
0.7917 0.138223
0.7956 0.139553
0.7995 0.14089
0.8034 0.142234
0.8073 0.143586
0.8112 0.144945
0.8151 0.146313
0.819 0.14769
0.8229 0.149075
0.8268 0.15047
0.8307 0.151875
0.8346 0.153291
0.8385 0.154717
0.8424 0.156156
0.8463 0.157606
0.8502 0.159069
0.8541 0.160546
0.858 0.162037
0.8619 0.163543
0.8658 0.165065
0.8697 0.166603
0.8736 0.168158
0.8775 0.169732
0.8814 0.171325
0.8853 0.172937
0.8892 0.174571
0.8931 0.176227
0.897 0.177905
0.9009 0.179608
0.9048 0.181335
0.9087 0.183089
0.9126 0.18487
0.9165 0.18668
0.9204 0.188518
0.9243 0.190388
0.9282 0.192288
0.9321 0.194221
0.936 0.196188
0.9399 0.198189
0.9438 0.200225
0.9477 0.202298
0.9516 0.204407
0.9555 0.206554
0.9594 0.20874
0.9633 0.210964
0.9672 0.213228
0.9711 0.215532
0.975 0.217876
0.9789 0.22026
0.9828 0.222685
0.9867 0.22515
0.9906 0.227655
0.9945 0.230201
0.9984 0.232787
1.0023 0.235413
1.0062 0.238078
1.0101 0.240783
1.014 0.243525
1.0179 0.246305
1.0218 0.249122
1.0257 0.251976
1.0296 0.254865
1.0335 0.257789
1.0374 0.260746
1.0413 0.263737
1.0452 0.26676
1.0491 0.269814
1.053 0.272898
1.0569 0.276012
1.0608 0.279154
1.0647 0.282324
1.0686 0.28552
1.0725 0.288742
1.0764 0.291989
1.0803 0.29526
1.0842 0.298554
1.0881 0.30187
1.092 0.305207
1.0959 0.308565
1.0998 0.311942
1.1037 0.315339
1.1076 0.318754
1.1115 0.322186
1.1154 0.325635
1.1193 0.329101
1.1232 0.332581
1.1271 0.336077
1.131 0.339587
1.1349 0.343111
1.1388 0.346648
1.1427 0.350198
1.1466 0.353759
1.1505 0.357333
1.1544 0.360918
1.1583 0.364513
1.1622 0.368118
1.1661 0.371734
1.17 0.375359
1.1739 0.378993
1.1778 0.382636
1.1817 0.386287
1.1856 0.389946
1.1895 0.393614
1.1934 0.397288
1.1973 0.40097
1.2012 0.404659
1.2051 0.408354
1.209 0.412056
1.2129 0.415764
1.2168 0.419478
1.2207 0.423198
1.2246 0.426923
1.2285 0.430654
1.2324 0.434389
1.2363 0.43813
1.2402 0.441875
1.2441 0.445625
1.248 0.449379
1.2519 0.453138
1.2558 0.456901
1.2597 0.460668
1.2636 0.464438
1.2675 0.468213
1.2714 0.471991
1.2753 0.475772
1.2792 0.479557
1.2831 0.483345
1.287 0.487136
1.2909 0.490931
1.2948 0.494728
1.2987 0.498528
1.3026 0.502331
1.3065 0.506136
1.3104 0.509944
1.3143 0.513755
1.3182 0.517568
1.3221 0.521384
1.326 0.525201
1.3299 0.529021
1.3338 0.532843
1.3377 0.536668
1.3416 0.540494
1.3455 0.544322
1.3494 0.548152
1.3533 0.551984
1.3572 0.555818
1.3611 0.559653
1.365 0.56349
1.3689 0.567329
1.3728 0.571169
1.3767 0.575011
1.3806 0.578855
1.3845 0.5827
1.3884 0.586546
1.3923 0.590394
1.3962 0.594243
1.4001 0.598093
1.404 0.601945
1.4079 0.605798
1.4118 0.609652
1.4157 0.613507
1.4196 0.617364
1.4235 0.621221
1.4274 0.62508
1.4313 0.628939
1.4352 0.6328
1.4391 0.636662
1.443 0.640525
1.4469 0.644388
1.4508 0.648253
1.4547 0.652118
1.4586 0.655985
1.4625 0.659852
1.4664 0.66372
1.4703 0.667589
1.4742 0.671459
1.4781 0.675329
1.482 0.6792
1.4859 0.683072
1.4898 0.686945
1.4937 0.690818
1.4976 0.694693
1.5015 0.698567
1.5054 0.702443
1.5093 0.706319
1.5132 0.710196
1.5171 0.714073
1.521 0.717951
1.5249 0.72183
1.5288 0.725709
1.5327 0.729589
1.5366 0.733469
1.5405 0.73735
1.5444 0.741232
1.5483 0.745114
1.5522 0.748996
1.5561 0.752879
1.56 0.756763
1.5639 0.760647
1.5678 0.764531
1.5717 0.768416
1.5756 0.772302
1.5795 0.776188
1.5834 0.780074
1.5873 0.783961
1.5912 0.787848
1.5951 0.791736
1.599 0.795624
1.6029 0.799512
1.6068 0.803401
1.6107 0.807291
1.6146 0.811181
1.6185 0.815071
1.6224 0.818961
1.6263 0.822852
1.6302 0.826744
1.6341 0.830635
1.638 0.834527
1.6419 0.83842
1.6458 0.842313
1.6497 0.846206
1.6536 0.850099
1.6575 0.853993
1.6614 0.857887
1.6653 0.861781
1.6692 0.865676
1.6731 0.869571
1.677 0.873467
1.6809 0.877362
1.6848 0.881258
1.6887 0.885154
1.6926 0.889051
1.6965 0.892948
1.7004 0.896845
1.7043 0.900742
1.7082 0.90464
1.7121 0.908537
1.716 0.912436
1.7199 0.916334
1.7238 0.920232
1.7277 0.924131
1.7316 0.92803
1.7355 0.931929
1.7394 0.935828
1.7433 0.939727
1.7472 0.943627
1.7511 0.947526
1.755 0.951426
1.7589 0.955326
1.7628 0.959226
1.7667 0.963126
1.7706 0.967026
1.7745 0.970926
1.7784 0.974826
1.7823 0.978726
1.7862 0.982626
1.7901 0.986526
1.794 0.990426
1.7979 0.994326
1.8018 0.998226
1.8057 1
1.8096 1
1.8135 1
1.8174 1
1.8213 1
1.8252 1
1.8291 1
1.833 1
1.8369 1
1.8408 1
1.8447 1
1.8486 1
1.8525 1
1.8564 1
1.8603 1
1.8642 1
1.8681 1
1.872 1
1.8759 1
1.8798 1
1.8837 1
1.8876 1
1.8915 1
1.8954 1
1.8993 1
1.9032 1
1.9071 1
1.911 1
1.9149 1
1.9188 1
1.9227 1
1.9266 1
1.9305 1
1.9344 1
1.9383 1
1.9422 1
1.9461 1
1.95 1
1.9539 1
1.9578 1
1.9617 1
1.9656 1
1.9695 1
1.9734 1
1.9773 1
1.9812 1
1.9851 1
1.989 1
1.9929 1
1.9968 1
2.0007 1
2.0046 1
2.0085 1
2.0124 1
2.0163 1
2.0202 1
2.0241 1
2.028 1
2.0319 1
2.0358 1
2.0397 1
2.0436 1
2.0475 1
2.0514 1
2.0553 1
2.0592 1
2.0631 1
2.067 1
2.0709 1
2.0748 1
2.0787 1
2.0826 1
2.0865 1
2.0904 1
2.0943 1
2.0982 1
2.1021 1
2.106 1
2.1099 1
2.1138 1
2.1177 1
2.1216 1
2.1255 1
