0     850  1019.8 1473.94 1673.33 1167.26 1280.63 1237.94 1414.21
0     850  1019.8 1473.94 1673.33 1167.26 1280.63 1237.94 1414.21
0     850  1019.8 1473.94 1673.33 1167.26 1280.63 1237.94 1414.21
0     850  1019.8 1473.94 1673.33 1167.26 1280.63 1237.94 1414.21
0     850  1019.8 1473.94 1673.33 1167.26 1280.63 1237.94 1414.21
0     850  1019.8 1473.94 1673.33 1167.26 1280.63 1237.94 1414.21
0     850  1019.8 1473.94 1673.33 1167.26 1280.63 1237.94 1414.21
0     850  1019.8 1473.94 1673.33 1167.26 1280.63 1237.94 1414.21
0     850  1019.8 1473.94 1673.33 1167.26 1280.63 1237.94 1414.21
0     850  1019.8 1473.94 1673.33 1167.26 1280.63 1237.94 1414.21
0     850  1019.8 1473.94 1673.33 1167.26 1280.63 1237.94 1414.21
0     850  1019.8 1473.94 1673.33 1167.26 1280.63 1237.94 1414.21
0     850  1019.8 1473.94 1673.33 1167.26 1280.63 1237.94 1414.21
0     850  1019.8 1473.94 1673.33 1167.26 1280.63 1237.94 1414.21
0     850  1019.8 1473.94 1673.33 1167.26 1280.63 1237.94 1414.21
0     850  1019.8 1473.94 1673.33 1167.26 1280.63 1237.94 1414.21
0     850  1019.8 1473.94 1673.33 1167.26 1280.63 1237.94 1414.21
0     850  1019.8 1473.94 1673.33 1167.26 1280.63 1237.94 1414.21
0     850  1019.8 1473.94 1673.33 1167.26 1280.63 1237.94 1414.21
0     850  1019.8 1473.94 1673.33 1167.26 1280.63 1237.94 1414.21
0     850  1019.8 1473.94 1673.33 1167.26 1280.63 1237.94 1414.21
0     850  1019.8 1473.94 1673.33 1167.26 1280.63 1237.94 1414.21
0     850  1019.8 1473.94 1673.33 1167.26 1280.63 1237.94 1414.21
0     850  1019.8 1473.94 1673.33 1167.26 1280.63 1237.94 1414.21
0     850  1019.8 1473.94 1673.33 1167.26 1280.63 1237.94 1414.21
0.0001     850  1019.8 1473.94 1673.33 1167.26 1280.63 1237.94 1414.21
0.0003 849.995  1019.8 1473.93 1673.32 1167.26 1280.63 1237.94 1414.21
0.0006 849.986 1019.79 1473.92 1673.31 1167.25 1280.62 1237.92 1414.19
0.001 849.972 1019.78  1473.9 1673.29 1167.23  1280.6  1237.9 1414.17
0.0015 849.953 1019.76 1473.87 1673.26 1167.21 1280.58 1237.88 1414.15
0.0021 849.929 1019.74 1473.83 1673.22 1167.18 1280.56 1237.84 1414.11
0.0028   849.9 1019.72 1473.79 1673.18 1167.15 1280.52  1237.8 1414.08
0.0036 849.867 1019.69 1473.74 1673.13 1167.11 1280.49 1237.76 1414.03
0.0045 849.828 1019.66 1473.68 1673.07 1167.06 1280.45  1237.7 1413.98
0.0055 849.784 1019.62 1473.62 1673.01 1167.01  1280.4 1237.64 1413.91
0.0066 849.736 1019.58 1473.54 1672.93 1166.95 1280.34 1237.58 1413.85
0.0078 849.682 1019.53 1473.46 1672.85 1166.89 1280.29  1237.5 1413.77
0.0091 849.623 1019.48 1473.37 1672.77 1166.82 1280.22 1237.42 1413.69
0.0105 849.559 1019.43 1473.28 1672.67 1166.75 1280.15 1237.33  1413.6
0.012 849.489 1019.37 1473.17 1672.57 1166.67 1280.07 1237.23 1413.51
0.0136 849.414  1019.3 1473.06 1672.45 1166.58 1279.99 1237.13  1413.4
0.0153 849.334 1019.23 1472.93 1672.33 1166.49  1279.9 1237.02 1413.29
0.0171 849.247 1019.16  1472.8  1672.2 1166.38 1279.81  1236.9 1413.17
0.019 849.155 1019.08 1472.66 1672.07 1166.28  1279.7 1236.77 1413.04
0.021 849.057    1019 1472.52 1671.92 1166.16  1279.6 1236.63  1412.9
0.0231 848.952 1018.91 1472.36 1671.76 1166.04 1279.48 1236.49 1412.76
0.0253 848.841 1018.81 1472.19  1671.6 1165.91 1279.36 1236.33  1412.6
0.0276 848.724 1018.71 1472.01 1671.42 1165.77 1279.23 1236.17 1412.44
0.03   848.6 1018.61 1471.82 1671.23 1165.63 1279.09    1236 1412.27
0.0325  848.47  1018.5 1471.62 1671.04 1165.48 1278.95 1235.82 1412.09
0.0351 848.332 1018.38 1471.41 1670.83 1165.31  1278.8 1235.63 1411.89
0.0378 848.187 1018.25 1471.19 1670.61 1165.15 1278.64 1235.42 1411.69
0.0406 848.035 1018.12 1470.96 1670.38 1164.97 1278.47 1235.21 1411.48
0.0435 847.875 1017.99 1470.72 1670.14 1164.78 1278.29 1234.99 1411.26
0.0465 847.707 1017.84 1470.46 1669.89 1164.58 1278.11 1234.75 1411.02
0.0496 847.531 1017.69 1470.19 1669.62 1164.37 1277.91 1234.51 1410.78
0.0528 847.347 1017.54 1469.91 1669.34 1164.16 1277.71 1234.25 1410.52
0.0561 847.154 1017.37 1469.61 1669.05 1163.93 1277.49 1233.98 1410.25
0.0595 846.952  1017.2  1469.3 1668.74 1163.69 1277.27 1233.69 1409.96
0.063  846.74 1017.02 1468.98 1668.42 1163.44 1277.03  1233.4 1409.66
0.0666 846.519 1016.83 1468.64 1668.09 1163.18 1276.79 1233.09 1409.35
0.0703 846.288 1016.64 1468.28 1667.73 1162.91 1276.53 1232.76 1409.03
0.0741 846.047 1016.43 1467.91 1667.37 1162.62 1276.26 1232.42 1408.69
0.078 845.795 1016.22 1467.52 1666.98 1162.33 1275.98 1232.07 1408.33
0.082 845.532 1015.99 1467.11 1666.58 1162.01 1275.69 1231.69 1407.96
0.0861 845.257 1015.76 1466.69 1666.16 1161.69 1275.38 1231.31 1407.57
0.0903  844.97 1015.52 1466.24 1665.72 1161.35 1275.06  1230.9 1407.17
0.0946 844.671 1015.26 1465.78 1665.26 1160.99 1274.72 1230.48 1406.74
0.099  844.36    1015 1465.29 1664.78 1160.62 1274.37 1230.03  1406.3
0.1035 844.034 1014.72 1464.78 1664.27 1160.23 1274.01 1229.57 1405.83
0.108 843.695 1014.43 1464.25 1663.75 1159.83 1273.63 1229.09 1405.35
0.1125 843.349 1014.14 1463.71 1663.21 1159.41 1273.24 1228.59 1404.86
0.117 842.997 1013.84 1463.15 1662.67 1158.99 1272.84 1228.09 1404.35
0.1215 842.637 1013.54 1462.59  1662.1 1158.56 1272.44 1227.57 1403.84
0.126 842.271 1013.23 1462.01 1661.53 1158.12 1272.02 1227.05 1403.31
0.1305 841.897 1012.91 1461.42 1660.95 1157.67  1271.6 1226.51 1402.77
0.135 841.516 1012.59 1460.81 1660.35 1157.21 1271.17 1225.96 1402.22
0.1395 841.127 1012.26 1460.19 1659.74 1156.74 1270.73  1225.4 1401.66
0.144 840.731 1011.93 1459.56 1659.11 1156.26 1270.28 1224.83 1401.09
0.1485 840.327 1011.59 1458.91 1658.47 1155.77 1269.82 1224.24  1400.5
0.153 839.916 1011.24 1458.25 1657.82 1155.27 1269.35 1223.64 1399.91
0.1575 839.496 1010.89 1457.58 1657.16 1154.76 1268.87 1223.03  1399.3
0.162 839.068 1010.53 1456.89 1656.47 1154.24 1268.38 1222.41 1398.67
0.1665 838.632 1010.16 1456.18 1655.78 1153.71 1267.88 1221.77 1398.03
0.171 838.188 1009.79 1455.46 1655.06 1153.16 1267.37 1221.12 1397.38
0.1755 837.735 1009.41 1454.72 1654.34 1152.61 1266.85 1220.46 1396.72
0.18 837.273 1009.02 1453.97 1653.59 1152.04 1266.32 1219.78 1396.04
0.1845 836.802 1008.63  1453.2 1652.83 1151.46 1265.78 1219.08 1395.34
0.189 836.321 1008.22 1452.41 1652.05 1150.87 1265.22 1218.37 1394.63
0.1935 835.832 1007.81 1451.61 1651.26 1150.26 1264.65 1217.65 1393.91
0.198 835.333  1007.4 1450.78 1650.44 1149.64 1264.08 1216.91 1393.17
0.2025 834.824 1006.97 1449.94 1649.61 1149.01 1263.49 1216.15 1392.41
0.207 834.306 1006.54 1449.08 1648.76 1148.37 1262.88 1215.38 1391.64
0.2115 833.777  1006.1 1448.19 1647.89 1147.71 1262.26 1214.59 1390.85
0.216 833.238 1005.65 1447.29 1646.99 1147.03 1261.63 1213.78 1390.04
0.2205 832.688 1005.19 1446.37 1646.08 1146.34 1260.99 1212.95 1389.21
0.225 832.128 1004.72 1445.42 1645.15 1145.64 1260.33  1212.1 1388.36
0.2295 831.556 1004.25 1444.46 1644.19 1144.92 1259.66 1211.24  1387.5
0.234 830.973 1003.77 1443.46 1643.22 1144.18 1258.97 1210.35 1386.61
0.2385 830.378 1003.27 1442.45 1642.21 1143.43 1258.27 1209.45 1385.71
0.243 829.772 1002.77 1441.41 1641.19 1142.66 1257.55 1208.52 1384.78
0.2475 829.153 1002.26 1440.35 1640.14 1141.87 1256.82 1207.57 1383.83
0.252 828.522 1001.74 1439.26 1639.06 1141.06 1256.07  1206.6 1382.86
0.2565 827.878 1001.21 1438.14 1637.96 1140.24  1255.3 1205.61 1381.87
0.261 827.222 1000.66    1437 1636.83 1139.39 1254.51 1204.59 1380.85
0.2655 826.551 1000.11 1435.83 1635.67 1138.53 1253.71 1203.55 1379.81
0.27 825.867 999.549 1434.62 1634.49 1137.64 1252.88 1202.48 1378.74
0.2745 825.169 998.976 1433.39 1633.27 1136.74 1252.04 1201.39 1377.65
0.279 824.457 998.391 1432.13 1632.02 1135.81 1251.18 1200.27 1376.53
0.2835  823.73 997.795 1430.83 1630.74 1134.86 1250.29 1199.12 1375.38
0.288 822.987 997.187  1429.5 1629.43 1133.89 1249.39 1197.95 1374.21
0.2925 822.229 996.567 1428.13 1628.08 1132.89 1248.46 1196.74    1373
0.297 821.454 995.935 1426.73  1626.7 1131.86 1247.51  1195.5 1371.76
0.3015 820.663  995.29 1425.29 1625.27 1130.81 1246.54 1194.23  1370.5
0.306 819.855 994.632 1423.81 1623.81 1129.74 1245.54 1192.93 1369.19
0.3105 819.029 993.961 1422.29 1622.31 1128.63 1244.52 1191.59 1367.86
0.315 818.186 993.277 1420.72 1620.77  1127.5 1243.47 1190.22 1366.48
0.3195 817.323 992.578 1419.11 1619.18 1126.34 1242.39 1188.81 1365.07
0.324 816.441 991.865 1417.46 1617.55 1125.14 1241.29 1187.36 1363.62
0.3285 815.539 991.136 1415.75 1615.87 1123.91 1240.15 1185.87 1362.13
0.333 814.616 990.393    1414 1614.14 1122.65 1238.98 1184.34  1360.6
0.3375 813.672 989.634 1412.19 1612.35 1121.35 1237.79 1182.76 1359.02
0.342 812.706 988.858 1410.33 1610.51 1120.02 1236.55 1181.13  1357.4
0.3465 811.717 988.066  1408.4 1608.62 1118.64 1235.28 1179.46 1355.73
0.351 810.704 987.256 1406.42 1606.66 1117.22 1233.98 1177.73    1354
0.3555 809.667 986.428 1404.37 1604.64 1115.77 1232.64 1175.96 1352.22
0.36 808.604 985.581 1402.25 1602.55 1114.26 1231.25 1174.12 1350.39
0.3645 807.513 984.715 1400.06 1600.39 1112.71 1229.82 1172.23 1348.49
0.369 806.395  983.83 1397.79 1598.15 1111.11 1228.35 1170.27 1346.54
0.3735 805.248 982.923 1395.44 1595.84 1109.45 1226.83 1168.24 1344.51
0.378  804.07 981.994 1393.01 1593.44 1107.74 1225.26 1166.15 1342.42
0.3825 802.861 981.044 1390.48 1590.95 1105.97 1223.64 1163.98 1340.25
0.387 801.617 980.069 1387.85 1588.36 1104.14 1221.96 1161.73    1338
0.3915 800.339  979.07 1385.12 1585.67 1102.23 1220.21 1159.39 1335.66
0.396 799.023 978.045 1382.28 1582.86 1100.26 1218.41 1156.96 1333.23
0.4005 797.668 976.993 1379.31 1579.94 1098.21 1216.53 1154.43 1330.71
0.405 796.271 975.912 1376.21 1576.89 1096.07 1214.58  1151.8 1328.07
0.4095 794.829 974.801 1372.97  1573.7 1093.84 1212.55 1149.05 1325.32
0.414  793.34 973.658 1369.57 1570.35 1091.52 1210.43 1146.17 1322.45
0.4185 791.801 972.482    1366 1566.84 1089.09 1208.22 1143.16 1319.44
0.423 790.207 971.269 1362.25 1563.13 1086.53  1205.9 1139.99 1316.27
0.4275 788.553 970.018 1358.28 1559.23 1083.85 1203.46 1136.66 1312.94
0.432 786.834 968.724 1354.07 1555.08 1081.02 1200.89 1133.14 1309.42
0.4365 785.045 967.386  1349.6 1550.68 1078.03 1198.18  1129.4 1305.68
0.441 783.177 965.997 1344.82 1545.98 1074.85 1195.31 1125.43 1301.71
0.4455 781.221 964.554 1339.69 1540.93 1071.46 1192.25 1121.18 1297.45
0.45 779.163 963.049 1334.14 1535.47 1067.82 1188.96  1116.6 1292.87
0.4545  776.99 961.475 1328.09 1529.53 1063.87 1185.41 1111.63  1287.9
0.459  774.68 959.819 1321.43 1522.98 1059.57 1181.54 1106.18 1282.45
0.4635 772.202 958.066 1313.99 1515.66 1054.79 1177.27 1100.13 1276.39
0.468 769.509 956.193 1305.51 1507.32 1049.41 1172.45 1093.27 1269.52
0.4725 766.524 954.159 1295.52 1497.51 1043.15 1166.88 1085.25 1261.49
0.477 763.087 951.885 1283.09  1485.3 1035.48 1160.07 1075.36 1251.58
0.4815 758.746  949.15 1265.44 1467.98 1024.82 1150.66  1061.5 1237.68
0.486 752.597 945.713 1234.05 1437.19 1006.56 1134.67 1037.36 1213.43
0.4905 748.514 944.123 1202.69 1406.47 989.248  1119.7 1013.97 1189.87
0.495 746.642 944.285  1174.5 1378.88 974.529 1107.13 993.594 1169.29
0.4995 746.441 945.713 1149.43 1354.36  962.15  1096.7 976.031 1151.48
0.504 747.426 947.984 1127.37 1332.81 951.842 1088.13 961.044 1136.23
0.5085 749.182 950.742 1108.18 1314.08 943.344 1081.16 948.389  1123.3
0.513 751.366 953.697 1091.72 1298.01 936.417 1075.54  937.83 1112.47
0.5175   753.7 956.618 1077.84 1284.47 930.845 1071.08 929.151 1103.53
0.522 755.968 959.326 1066.39 1273.32 926.443 1067.59 922.157  1096.3
0.5265 758.003 961.685 1057.24  1264.4 923.056 1064.94  916.68 1090.63
0.531 759.687 963.597 1050.29 1257.63 920.558    1063 912.582 1086.36
0.5355 760.935 964.996 1045.42 1252.89 918.851 1061.68 909.749 1083.41
0.54 762.105 966.297 1041.05 1248.63 917.346 1060.53 907.229 1080.78
0.5445 763.823 968.187 1034.93 1242.67 915.287 1058.96 903.742 1077.13
0.549 765.895 970.442 1027.94 1235.87 913.005 1057.23 899.822 1073.02
0.5535 768.247 972.974 1020.47 1228.59 910.645 1055.47   895.7 1068.68
0.558 770.845 975.742 1012.68 1221.01  908.28 1053.73 891.489 1064.24
0.5625 773.667  978.72  1004.7 1213.25 905.955 1052.04 887.262 1059.75
0.567   776.7 981.892 996.599 1205.36 903.699 1050.43 883.063 1055.28
0.5715 779.932 985.246 988.422 1197.41 901.534 1048.91 878.926 1050.85
0.576 783.355 988.772 980.209 1189.42 899.473 1047.49 874.874 1046.49
0.5805  786.96 992.462  971.99 1181.43 897.528  1046.2 870.928 1042.22
0.585 790.739 996.308 963.788 1173.45 895.707 1045.02 867.101 1038.05
0.5895 794.684  1000.3 955.622 1165.51 894.018 1043.97 863.406    1034
0.594 798.788 1004.44 947.508 1157.62 892.464 1043.04 859.851 1030.06
0.5985 803.044 1008.71  939.46 1149.79 891.049 1042.25 856.444 1026.27
0.603 807.444  1013.1 931.488 1142.04 889.776 1041.59 853.192 1022.61
0.6075 811.981 1017.62 923.604 1134.37 888.646 1041.06 850.098 1019.09
0.612 816.648 1022.26 915.816 1126.79  887.66 1040.66 847.168 1015.72
0.6165 821.437    1027 908.132 1119.32 886.817  1040.4 844.404  1012.5
0.621 826.342 1031.85 900.559 1111.94 886.119 1040.27 841.809 1009.44
0.6255 831.356 1036.79 893.103 1104.69 885.564 1040.27 839.383 1006.53
0.63 836.472 1041.83  885.77 1097.54  885.15  1040.4 837.127 1003.78
0.6345 841.682 1046.95 878.564 1090.52 884.876 1040.65 835.043 1001.19
0.639 846.981 1052.15 871.489 1083.62 884.741 1041.03  833.13 998.754
0.6435 852.363 1057.43 864.551 1076.85 884.741 1041.54 831.387 996.478
0.648  857.82 1062.77 857.752 1070.22 884.875 1042.16 829.813 994.359
0.6525 863.346 1068.18 851.096 1063.71  885.14  1042.9 828.407 992.397
0.657 868.937 1073.64 844.585 1057.35 885.532 1043.75 827.168 990.591
0.6615 874.585 1079.16 838.221 1051.12  886.05 1044.72 826.093  988.94
0.666 880.286 1084.73 832.008 1045.03  886.69 1045.79  825.18 987.442
0.6705 886.033 1090.34 825.946 1039.08 887.448 1046.97 824.426 986.095
0.675 891.822 1095.99 820.038 1033.27 888.321 1048.25 823.829 984.897
0.6795 897.648 1101.67 814.284 1027.61 889.306 1049.63 823.387 983.846
0.684 903.505 1107.39 808.686  1022.1 890.399  1051.1 823.095  982.94
0.6885  909.39 1113.13 803.244 1016.72 891.597 1052.67  822.95 982.176
0.693 915.297  1118.9  797.96 1011.49 892.896 1054.33  822.95 981.552
0.6975 921.222 1124.68 792.833 1006.41 894.292 1056.07  823.09 981.064
0.702 927.161 1130.48 787.864 1001.47 895.782 1057.89 823.367 980.709
0.7065 933.111 1136.28 783.053 996.681 897.363 1059.79 823.777 980.486
0.711 939.067  1142.1   778.4 992.032  899.03 1061.77 824.317 980.389
0.7155 945.025 1147.92 773.904 987.527  900.78 1063.82 824.982 980.417
0.72 950.983 1153.74 769.565 983.166  902.61 1065.94 825.769 980.567
0.7245 956.937 1159.56 765.382 978.946 904.516 1068.12 826.673 980.834
0.729 962.884 1165.38 761.354 974.869 906.494 1070.37 827.692 981.215
0.7335  968.82 1171.19 757.481 970.931 908.542 1072.68  828.82 981.708
0.738 974.744 1176.98 753.761 967.133 910.655 1075.04 830.054 982.309
0.7425 980.653 1182.77 750.193 963.472  912.83 1077.45  831.39 983.014
0.747 986.543 1188.54 746.775 959.948 915.065 1079.92 832.824  983.82
0.7515 992.413 1194.29 743.506 956.559 917.356 1082.43 834.352 984.723
0.756  998.26 1200.03 740.385 953.304 919.699 1084.99  835.97 985.721
0.7605 1004.08 1205.74 737.409  950.18 922.092 1087.59 837.675  986.81
0.765 1009.88 1211.43 734.577 947.186 924.532 1090.23 839.462 987.987
0.7695 1015.65  1217.1 731.887 944.321 927.016 1092.91 841.329 989.248
0.774 1021.38 1222.73 729.338 941.583  929.54 1095.62 843.269 990.589
0.7785 1027.07 1228.33 726.929 938.973 932.098 1098.36 845.278 992.006
0.783 1032.73  1233.9 724.657 936.486  934.69 1101.12 847.354 993.496
0.7875 1038.34 1239.42 722.519 934.122 937.313 1103.91 849.491 995.055
0.792 1043.92 1244.91 720.512 931.877 939.963 1106.72 851.688 996.681
0.7965 1049.45 1250.37 718.635 929.748 942.639 1109.55  853.94  998.37
0.801 1054.94 1255.78 716.883 927.734 945.337  1112.4 856.244 1000.12
0.8055 1060.38 1261.15 715.254 925.832 948.057 1115.26 858.596 1001.93
0.81 1065.78 1266.48 713.745 924.039 950.795 1118.14 860.995 1003.79
0.8145 1071.14 1271.77 712.354 922.353  953.55 1121.03 863.437  1005.7
0.819 1076.44 1277.02 711.076 920.771  956.32 1123.93 865.918 1007.66
0.8235 1081.71 1282.22 709.911 919.292 959.102 1126.84 868.437 1009.66
0.828 1086.92 1287.38 708.853 917.911 961.895 1129.75  870.99 1011.71
0.8325 1092.08 1292.49 707.902 916.627 964.697 1132.67 873.574  1013.8
0.837  1097.2 1297.56 707.053 915.437 967.507  1135.6 876.188 1015.93
0.8415 1102.27 1302.58 706.304 914.339 970.322 1138.52 878.829 1018.09
0.846 1107.29 1307.56 705.651 913.331 973.141 1141.45 881.494 1020.29
0.8505 1112.26 1312.49 705.093 912.409 975.963 1144.37 884.181 1022.52
0.855 1117.18 1317.38 704.626 911.572 978.786 1147.29 886.888 1024.77
0.8595 1122.05 1322.22 704.247 910.816 981.609 1150.22 889.612 1027.06
0.864 1126.87 1327.01 703.953 910.141  984.43 1153.13 892.352 1029.36
0.8685 1131.65 1331.75 703.743 909.542 987.248 1156.04 895.106 1031.69
0.873 1136.37 1336.44 703.612 909.019 990.063 1158.94 897.872 1034.04
0.8775 1141.04 1341.09 703.559 908.568 992.872 1161.84 900.648 1036.41
0.882 1145.66 1345.69  703.58 908.187 995.675 1164.73 903.432  1038.8
0.8865 1150.23 1350.25 703.673 907.875 998.471 1167.61 906.223  1041.2
0.891 1154.75 1354.75 703.835 907.628 1001.26 1170.47 909.018 1043.62
0.8955 1159.22 1359.21 704.064 907.445 1004.04 1173.33 911.817 1046.04
0.9 1163.64 1363.62 704.357 907.323 1006.81 1176.17 914.618 1048.48
0.9045 1168.01 1367.98 704.712 907.261 1009.56    1179 917.419 1050.92
0.909 1172.33 1372.29 705.127 907.256 1012.31 1181.82  920.22 1053.38
0.9135 1176.61 1376.56 705.598 907.307 1015.04 1184.62 923.018 1055.83
0.918 1180.83 1380.78 706.123  907.41 1017.76 1187.41 925.813  1058.3
0.9225    1185 1384.95 706.701 907.565 1020.47 1190.18 928.603 1060.76
0.927 1189.12 1389.07 707.329 907.769 1023.16 1192.94 931.387 1063.23
0.9315  1193.2 1393.15 708.005 908.021 1025.83 1195.68 934.165  1065.7
0.936 1197.23 1397.17 708.726 908.318 1028.49  1198.4 936.935 1068.17
0.9405  1201.2 1401.16  709.49 908.658 1031.13  1201.1 939.696 1070.63
0.945 1205.13 1405.09 710.297 909.041 1033.76 1203.79 942.447  1073.1
0.9495 1209.01 1408.98 711.142 909.464 1036.37 1206.45 945.187 1075.56
0.954 1212.85 1412.82 712.025 909.925 1038.96  1209.1 947.915 1078.01
0.9585 1216.63 1416.62 712.944 910.423 1041.53 1211.73 950.632 1080.46
0.963 1220.37 1420.37 713.896 910.957 1044.08 1214.33 953.335  1082.9
0.9675 1224.07 1424.07  714.88 911.524 1046.62 1216.92 956.024 1085.34
0.972 1227.71 1427.73 715.894 912.122 1049.13 1219.49 958.698 1087.77
0.9765 1231.31 1431.34 716.937 912.752 1051.63 1222.03 961.358 1090.18
0.981 1234.87 1434.91 718.007  913.41  1054.1 1224.55 964.001 1092.59
0.9855 1238.37 1438.44 719.101 914.096 1056.55 1227.06 966.628 1094.99
0.99 1241.84 1441.92  720.22 914.808 1058.99 1229.54 969.238 1097.38
0.9945 1245.26 1445.35  721.36 915.545  1061.4 1231.99  971.83 1099.75
0.999 1250.32 1450.44 723.115 916.699 1064.99 1235.65 975.699  1103.3
1.0035 1257.41 1457.58 725.707  918.44 1070.06 1240.82 981.179 1108.35
1.008 1264.99  1465.2 728.644 920.457 1075.52 1246.38 987.103 1113.82
1.0125 1272.68 1472.95 731.801 922.673 1081.11 1252.07 993.194 1119.47
1.017 1280.33 1480.66 735.119 925.044 1086.73 1257.79 999.334 1125.19
1.0215 1287.87 1488.27 738.556 927.542 1092.31 1263.46 1005.45  1130.9
1.026 1295.25 1495.72 742.081 930.141 1097.82 1269.06 1011.51 1136.58
1.0305 1302.44 1502.98 745.666  932.82 1103.23 1274.56 1017.48 1142.18
1.035 1309.43 1510.04 749.289 935.559 1108.52 1279.94 1023.34  1147.7
1.0395  1316.2 1516.88 752.931 938.342 1113.68 1285.19 1029.07 1153.12
1.044 1322.75  1523.5 756.573 941.151 1118.71  1290.3 1034.67 1158.42
1.0485 1329.06 1529.89 760.201 943.974  1123.6 1295.26 1040.12 1163.59
1.053 1335.15 1536.05   763.8 946.797 1128.34 1300.07 1045.41 1168.63
1.0575 1341.01 1541.98 767.358 949.608 1132.92 1304.73 1050.54 1173.52
1.062 1346.65 1547.69 770.866 952.398 1137.36 1309.23 1055.52 1178.27
1.0665 1352.06 1553.17 774.314 955.157 1141.64 1313.57 1060.33 1182.88
1.071 1357.25 1558.44 777.694 957.878 1145.76 1317.76 1064.97 1187.33
1.0755 1362.22 1563.48 780.999 960.552 1149.74 1321.79 1069.45 1191.64
1.08 1366.99 1568.31 784.224 963.174 1153.56 1325.67 1073.76 1195.79
1.0845 1371.54 1572.94 787.364 965.738 1157.23  1329.4 1077.91 1199.79
1.089  1375.9 1577.36 790.415 968.241 1160.75 1332.97  1081.9 1203.63
1.0935 1380.06 1581.58 793.374 970.678 1164.13  1336.4 1085.73 1207.33
1.098 1384.03 1585.61 796.239 973.046 1167.37 1339.68  1089.4 1210.89
1.1025 1387.82 1589.46 799.009 975.344 1170.47 1342.82 1092.92 1214.29
1.107 1391.43 1593.12 801.682 977.568 1173.43 1345.82 1096.28 1217.56
1.1115 1394.86 1596.62 804.258 979.717 1176.25 1348.69  1099.5 1220.68
1.116 1398.13 1599.94 806.736 981.791 1178.95 1351.43 1102.57 1223.67
1.1205 1401.24  1603.1 809.117  983.79 1181.53 1354.04 1105.51 1226.52
1.125  1404.2  1606.1 811.403 985.712 1183.98 1356.52  1108.3 1229.24
1.1295    1407 1608.96 813.593 987.559 1186.31 1358.89 1110.97 1231.84
1.134 1409.66 1611.67 815.689  989.33 1188.54 1361.14  1113.5 1234.31
1.1385 1412.19 1614.23 817.693 991.028 1190.65 1363.28 1115.91 1236.67
1.143 1414.58 1616.67 819.607 992.651 1192.65 1365.31 1118.21 1238.91
1.1475 1416.85 1618.97 821.433 994.203 1194.55 1367.24 1120.38 1241.03
1.152 1418.99 1621.15 823.172 995.684 1196.35 1369.07 1122.45 1243.05
1.1565 1421.02 1623.22 824.828 997.096 1198.06  1370.8  1124.4 1244.97
1.161 1422.93 1625.17 826.402  998.44 1199.68 1372.44 1126.26 1246.78
1.1655 1424.74 1627.01 827.897 999.719 1201.21 1373.99 1128.01  1248.5
1.17 1426.45 1628.75 829.315 1000.93 1202.66 1375.45 1129.67 1250.13
1.1745 1428.06 1630.39  830.66 1002.09 1204.02 1376.84 1131.24 1251.66
1.179 1429.58 1631.94 831.933 1003.18 1205.31 1378.14 1132.72 1253.12
1.1835 1431.01 1633.39 833.138 1004.22 1206.53 1379.38 1134.11 1254.49
1.188 1432.36 1634.76 834.277  1005.2 1207.67 1380.54 1135.43 1255.78
1.1925 1433.63 1636.05 835.353 1006.12 1208.75 1381.63 1136.67    1257
1.197 1434.82 1637.27 836.368    1007 1209.77 1382.66 1137.84 1258.15
1.2015 1435.94 1638.41 837.324 1007.82 1210.72 1383.63 1138.94 1259.23
1.206 1436.99 1639.48 838.225  1008.6 1211.62 1384.54 1139.97 1260.24
1.2105 1437.97 1640.48 839.073 1009.33 1212.46 1385.39 1140.94  1261.2
1.215  1438.9 1641.42  839.87 1010.02 1213.25 1386.19 1141.85 1262.09
1.2195 1439.76  1642.3 840.619 1010.67    1214 1386.95  1142.7 1262.93
1.224 1440.57 1643.13 841.322 1011.28 1214.69 1387.65  1143.5 1263.72
1.2285 1441.33  1643.9 841.981 1011.85 1215.34 1388.31 1144.25 1264.46
1.233 1442.04 1644.63 842.599 1012.38 1215.95 1388.93 1144.95 1265.15
1.2375  1442.7  1645.3 843.177 1012.89 1216.52  1389.5 1145.61 1265.79
1.242 1443.32 1645.93 843.718 1013.36 1217.05 1390.04 1146.22  1266.4
1.2465  1443.9 1646.52 844.224 1013.79 1217.55 1390.55 1146.79 1266.96
1.251 1444.44 1647.07 844.696  1014.2 1218.01 1391.01 1147.33 1267.49
1.2555 1444.94 1647.58 845.137 1014.59 1218.44 1391.45 1147.82 1267.98
1.26 1445.41 1648.06 845.548 1014.94 1218.85 1391.86 1148.29 1268.44
1.2645 1445.84  1648.5 845.931 1015.28 1219.22 1392.24 1148.72 1268.86
1.269 1446.25 1648.91 846.287 1015.59 1219.57 1392.59 1149.12 1269.26
1.2735 1446.62  1649.3 846.618 1015.87 1219.89 1392.92  1149.5 1269.63
1.278 1446.97 1649.65 846.926 1016.14 1220.19 1393.22 1149.84 1269.97
1.2825 1447.29 1649.98 847.212 1016.39 1220.47 1393.51 1150.16 1270.28
1.287 1447.59 1650.29 847.478 1016.62 1220.73 1393.77 1150.46 1270.58
1.2915 1447.87 1650.57 847.724 1016.84 1220.97 1394.01 1150.74 1270.85
1.296 1448.13 1650.83 847.952 1017.03 1221.19 1394.24 1150.99  1271.1
1.3005 1448.37 1651.07 848.163 1017.22  1221.4 1394.45 1151.23 1271.34
1.305 1448.59  1651.3 848.358 1017.39 1221.59 1394.64 1151.45 1271.55
1.3095 1448.79 1651.51 848.538 1017.54 1221.76 1394.82 1151.65 1271.75
1.314 1448.98  1651.7 848.705 1017.69 1221.93 1394.98 1151.84 1271.94
1.3185 1449.15 1651.87 848.858 1017.82 1222.07 1395.13 1152.01 1272.11
1.323 1449.31 1652.04     849 1017.95 1222.21 1395.27 1152.17 1272.26
1.3275 1449.46 1652.19  849.13 1018.06 1222.34  1395.4 1152.32 1272.41
1.332 1449.59 1652.32  849.25 1018.16 1222.46 1395.52 1152.45 1272.54
1.3365 1449.72 1652.45  849.36 1018.26 1222.56 1395.63 1152.58 1272.66
1.341 1449.83 1652.57 849.461 1018.35 1222.66 1395.73 1152.69 1272.78
1.3455 1449.93 1652.67 849.554 1018.43 1222.75 1395.82 1152.79 1272.88
1.35 1450.03 1652.77 849.639  1018.5 1222.83  1395.9 1152.89 1272.97
1.3545 1450.12 1652.86 849.717 1018.57 1222.91 1395.98 1152.98 1273.06
1.359  1450.2 1652.94 849.789 1018.63 1222.98 1396.05 1153.06 1273.14
1.3635 1450.27 1653.02 849.854 1018.69 1223.04 1396.11 1153.13 1273.21
1.368 1450.34 1653.08 849.913 1018.74  1223.1 1396.17  1153.2 1273.28
1.3725  1450.4 1653.15 849.968 1018.79 1223.15 1396.22 1153.26 1273.34
1.377 1450.46  1653.2 850.017 1018.83  1223.2 1396.27 1153.31 1273.39
1.3815 1450.51 1653.26 850.063 1018.87 1223.25 1396.32 1153.36 1273.44
1.386 1450.55  1653.3 850.104 1018.91 1223.29 1396.36 1153.41 1273.49
1.3905 1450.59 1653.35 850.141 1018.94 1223.32 1396.39 1153.45 1273.53
1.395 1450.63 1653.38 850.175 1018.97 1223.35 1396.43 1153.49 1273.56
1.3995 1450.67 1653.42 850.205    1019 1223.38 1396.46 1153.52  1273.6
1.404  1450.7 1653.45 850.233 1019.02 1223.41 1396.49 1153.55 1273.63
1.4085 1450.73 1653.48 850.258 1019.04 1223.44 1396.51 1153.58 1273.66
1.413 1450.75 1653.51 850.281 1019.06 1223.46 1396.53 1153.61 1273.68
1.4175 1450.78 1653.53 850.302 1019.08 1223.48 1396.55 1153.63  1273.7
1.422  1450.8 1653.55  850.32  1019.1  1223.5 1396.57 1153.65 1273.73
1.4265 1450.81 1653.57 850.337 1019.11 1223.51 1396.59 1153.67 1273.74
1.431 1450.83 1653.59 850.352 1019.12 1223.53  1396.6 1153.69 1273.76
1.4355 1450.85  1653.6 850.365 1019.14 1223.54 1396.62  1153.7 1273.78
1.44 1450.86 1653.62 850.377 1019.15 1223.55 1396.63 1153.72 1273.79
1.4445 1450.87 1653.63 850.388 1019.16 1223.56 1396.64 1153.73  1273.8
1.449 1450.88 1653.64 850.398 1019.16 1223.57 1396.65 1153.74 1273.81
1.4535 1450.89 1653.65 850.406 1019.17 1223.58 1396.66 1153.75 1273.82
1.458  1450.9 1653.66 850.414 1019.18 1223.59 1396.66 1153.76 1273.83
1.4625 1450.91 1653.67 850.421 1019.18 1223.59 1396.67 1153.76 1273.84
1.467 1450.92 1653.67 850.427 1019.19  1223.6 1396.68 1153.77 1273.84
1.4715 1450.92 1653.68 850.432 1019.19 1223.61 1396.68 1153.78 1273.85
1.476 1450.93 1653.68 850.437  1019.2 1223.61 1396.69 1153.78 1273.85
1.4805 1450.93 1653.69 850.441  1019.2 1223.61 1396.69 1153.79 1273.86
1.485 1450.94 1653.69 850.445 1019.21 1223.62 1396.69 1153.79 1273.86
1.4895 1450.94  1653.7 850.448 1019.21 1223.62  1396.7  1153.8 1273.87
1.494 1450.94  1653.7 850.451 1019.21 1223.62  1396.7  1153.8 1273.87
1.4985 1450.95  1653.7 850.454 1019.21 1223.63  1396.7  1153.8 1273.87
1.503 1450.95 1653.71 850.456 1019.22 1223.63 1396.71  1153.8 1273.88
1.5075 1450.95 1653.71 850.458 1019.22 1223.63 1396.71 1153.81 1273.88
1.512 1450.95 1653.71  850.46 1019.22 1223.63 1396.71 1153.81 1273.88
1.5165 1450.95 1653.71 850.461 1019.22 1223.63 1396.71 1153.81 1273.88
1.521 1450.96 1653.71 850.463 1019.22 1223.63 1396.71 1153.81 1273.88
1.5255 1450.96 1653.72 850.464 1019.22 1223.64 1396.71 1153.81 1273.88
1.53 1450.96 1653.72 850.465 1019.22 1223.64 1396.71 1153.81 1273.89
1.5345 1450.96 1653.72 850.466 1019.22 1223.64 1396.71 1153.81 1273.89
1.539 1450.96 1653.72 850.466 1019.22 1223.64 1396.72 1153.82 1273.89
1.5435 1450.96 1653.72 850.467 1019.22 1223.64 1396.72 1153.82 1273.89
1.548 1450.96 1653.72 850.468 1019.23 1223.64 1396.72 1153.82 1273.89
1.5525 1450.96 1653.72 850.468 1019.23 1223.64 1396.72 1153.82 1273.89
1.557 1450.96 1653.72 850.468 1019.23 1223.64 1396.72 1153.82 1273.89
1.5615 1450.96 1653.72 850.469 1019.23 1223.64 1396.72 1153.82 1273.89
1.566 1450.96 1653.72 850.469 1019.23 1223.64 1396.72 1153.82 1273.89
1.5705 1450.96 1653.72 850.469 1019.23 1223.64 1396.72 1153.82 1273.89
1.575 1450.96 1653.72 850.469 1019.23 1223.64 1396.72 1153.82 1273.89
1.5795 1450.96 1653.72  850.47 1019.23 1223.64 1396.72 1153.82 1273.89
1.584 1450.96 1653.72  850.47 1019.23 1223.64 1396.72 1153.82 1273.89
1.5885 1450.96 1653.72  850.47 1019.23 1223.64 1396.72 1153.82 1273.89
1.593 1450.96 1653.72  850.47 1019.23 1223.64 1396.72 1153.82 1273.89
1.5975 1450.96 1653.72  850.47 1019.23 1223.64 1396.72 1153.82 1273.89
1.602 1450.96 1653.72  850.47 1019.23 1223.64 1396.72 1153.82 1273.89
1.6065 1450.96 1653.72  850.47 1019.23 1223.64 1396.72 1153.82 1273.89
1.611 1450.96 1653.72  850.47 1019.23 1223.64 1396.72 1153.82 1273.89
1.6155 1450.97 1653.72  850.47 1019.23 1223.64 1396.72 1153.82 1273.89
1.62 1450.97 1653.72  850.47 1019.23 1223.64 1396.72 1153.82 1273.89
1.6245 1450.97 1653.72  850.47 1019.23 1223.64 1396.72 1153.82 1273.89
1.629 1450.97 1653.72  850.47 1019.23 1223.64 1396.72 1153.82 1273.89
1.6335 1450.97 1653.72  850.47 1019.23 1223.64 1396.72 1153.82 1273.89
1.638 1450.97 1653.72  850.47 1019.23 1223.64 1396.72 1153.82 1273.89
1.6425 1450.97 1653.72  850.47 1019.23 1223.64 1396.72 1153.82 1273.89
1.647 1450.97 1653.72  850.47 1019.23 1223.64 1396.72 1153.82 1273.89
1.6515 1450.97 1653.72  850.47 1019.23 1223.64 1396.72 1153.82 1273.89
1.656 1450.97 1653.72  850.47 1019.23 1223.64 1396.72 1153.82 1273.89
1.6605 1450.97 1653.72  850.47 1019.23 1223.64 1396.72 1153.82 1273.89
1.665 1450.97 1653.72  850.47 1019.23 1223.64 1396.72 1153.82 1273.89
1.6695 1450.97 1653.72  850.47 1019.23 1223.64 1396.72 1153.82 1273.89
1.674 1450.97 1653.72  850.47 1019.23 1223.64 1396.72 1153.82 1273.89
1.6785 1450.97 1653.72  850.47 1019.23 1223.64 1396.72 1153.82 1273.89
1.683 1450.97 1653.72  850.47 1019.23 1223.64 1396.72 1153.82 1273.89
1.6875 1450.97 1653.72  850.47 1019.23 1223.64 1396.72 1153.82 1273.89
1.692 1450.97 1653.72  850.47 1019.23 1223.64 1396.72 1153.82 1273.89
1.6965 1450.97 1653.72  850.47 1019.23 1223.64 1396.72 1153.82 1273.89
1.701 1450.97 1653.72  850.47 1019.23 1223.64 1396.72 1153.82 1273.89
1.7055 1450.97 1653.72  850.47 1019.23 1223.64 1396.72 1153.82 1273.89
1.71 1450.97 1653.72  850.47 1019.23 1223.64 1396.72 1153.82 1273.89
1.7145 1450.97 1653.72  850.47 1019.23 1223.64 1396.72 1153.82 1273.89
1.719 1450.97 1653.72  850.47 1019.23 1223.64 1396.72 1153.82 1273.89
1.7235 1450.97 1653.72  850.47 1019.23 1223.64 1396.72 1153.82 1273.89
1.728 1450.97 1653.72  850.47 1019.23 1223.64 1396.72 1153.82 1273.89
1.7325 1450.97 1653.72  850.47 1019.23 1223.64 1396.72 1153.82 1273.89
1.737 1450.97 1653.72  850.47 1019.23 1223.64 1396.72 1153.82 1273.89
1.7415 1450.97 1653.72  850.47 1019.23 1223.64 1396.72 1153.82 1273.89
1.746 1450.97 1653.72  850.47 1019.23 1223.64 1396.72 1153.82 1273.89
1.7505 1450.97 1653.72  850.47 1019.23 1223.64 1396.72 1153.82 1273.89
1.755 1450.97 1653.72  850.47 1019.23 1223.64 1396.72 1153.82 1273.89
1.7595 1450.97 1653.72  850.47 1019.23 1223.64 1396.72 1153.82 1273.89
1.764 1450.97 1653.72  850.47 1019.23 1223.64 1396.72 1153.82 1273.89
1.7685 1450.97 1653.72  850.47 1019.23 1223.64 1396.72 1153.82 1273.89
1.773 1450.97 1653.72  850.47 1019.23 1223.64 1396.72 1153.82 1273.89
1.7775 1450.97 1653.72  850.47 1019.23 1223.64 1396.72 1153.82 1273.89
1.782 1450.97 1653.72  850.47 1019.23 1223.64 1396.72 1153.82 1273.89
1.7865 1450.97 1653.72  850.47 1019.23 1223.64 1396.72 1153.82 1273.89
1.791 1450.97 1653.72  850.47 1019.23 1223.64 1396.72 1153.82 1273.89
1.7955 1450.97 1653.72  850.47 1019.23 1223.64 1396.72 1153.82 1273.89
1.8 1450.97 1653.72  850.47 1019.23 1223.64 1396.72 1153.82 1273.89
1.8045 1450.97 1653.72  850.47 1019.23 1223.64 1396.72 1153.82 1273.89
1.809 1450.97 1653.72  850.47 1019.23 1223.64 1396.72 1153.82 1273.89
1.8135 1450.97 1653.72  850.47 1019.23 1223.64 1396.72 1153.82 1273.89
1.818 1450.97 1653.72  850.47 1019.23 1223.64 1396.72 1153.82 1273.89
1.8225 1450.97 1653.72  850.47 1019.23 1223.64 1396.72 1153.82 1273.89
1.827 1450.97 1653.72  850.47 1019.23 1223.64 1396.72 1153.82 1273.89
1.8315 1450.97 1653.72  850.47 1019.23 1223.64 1396.72 1153.82 1273.89
1.836 1450.97 1653.72  850.47 1019.23 1223.64 1396.72 1153.82 1273.89
1.8405 1450.97 1653.72  850.47 1019.23 1223.64 1396.72 1153.82 1273.89
1.845 1450.97 1653.72  850.47 1019.23 1223.64 1396.72 1153.82 1273.89
1.8495 1450.97 1653.72  850.47 1019.23 1223.64 1396.72 1153.82 1273.89
1.854 1450.97 1653.72  850.47 1019.23 1223.64 1396.72 1153.82 1273.89
1.8585 1450.97 1653.72  850.47 1019.23 1223.64 1396.72 1153.82 1273.89
1.863 1450.97 1653.72  850.47 1019.23 1223.64 1396.72 1153.82 1273.89
1.8675 1450.97 1653.72  850.47 1019.23 1223.64 1396.72 1153.82 1273.89
1.872 1450.97 1653.72  850.47 1019.23 1223.64 1396.72 1153.82 1273.89
1.8765 1450.97 1653.72  850.47 1019.23 1223.64 1396.72 1153.82 1273.89
1.881 1450.97 1653.72  850.47 1019.23 1223.64 1396.72 1153.82 1273.89
1.8855 1450.97 1653.72  850.47 1019.23 1223.64 1396.72 1153.82 1273.89
1.89 1450.97 1653.72  850.47 1019.23 1223.64 1396.72 1153.82 1273.89
1.8945 1450.97 1653.72  850.47 1019.23 1223.64 1396.72 1153.82 1273.89
1.899 1450.97 1653.72  850.47 1019.23 1223.64 1396.72 1153.82 1273.89
1.9035 1450.97 1653.72  850.47 1019.23 1223.64 1396.72 1153.82 1273.89
1.908 1450.97 1653.72  850.47 1019.23 1223.64 1396.72 1153.82 1273.89
1.9125 1450.97 1653.72  850.47 1019.23 1223.64 1396.72 1153.82 1273.89
1.917 1450.97 1653.72  850.47 1019.23 1223.64 1396.72 1153.82 1273.89
1.9215 1450.97 1653.72  850.47 1019.23 1223.64 1396.72 1153.82 1273.89
1.926 1450.97 1653.72  850.47 1019.23 1223.64 1396.72 1153.82 1273.89
1.9305 1450.97 1653.72  850.47 1019.23 1223.64 1396.72 1153.82 1273.89
1.935 1450.97 1653.72  850.47 1019.23 1223.64 1396.72 1153.82 1273.89
1.9395 1450.97 1653.72  850.47 1019.23 1223.64 1396.72 1153.82 1273.89
1.944 1450.97 1653.72  850.47 1019.23 1223.64 1396.72 1153.82 1273.89
1.9485 1450.97 1653.72  850.47 1019.23 1223.64 1396.72 1153.82 1273.89
1.953 1450.97 1653.72  850.47 1019.23 1223.64 1396.72 1153.82 1273.89
1.9575 1450.97 1653.72  850.47 1019.23 1223.64 1396.72 1153.82 1273.89
1.962 1450.97 1653.72  850.47 1019.23 1223.64 1396.72 1153.82 1273.89
1.9665 1450.97 1653.72  850.47 1019.23 1223.64 1396.72 1153.82 1273.89
1.971 1450.97 1653.72  850.47 1019.23 1223.64 1396.72 1153.82 1273.89
1.9755 1450.97 1653.72  850.47 1019.23 1223.64 1396.72 1153.82 1273.89
1.98 1450.97 1653.72  850.47 1019.23 1223.64 1396.72 1153.82 1273.89
1.9845 1450.97 1653.72  850.47 1019.23 1223.64 1396.72 1153.82 1273.89
1.989 1450.97 1653.72  850.47 1019.23 1223.64 1396.72 1153.82 1273.89
1.9935 1450.97 1653.72  850.47 1019.23 1223.64 1396.72 1153.82 1273.89
1.998 1450.97 1653.72  850.47 1019.23 1223.64 1396.72 1153.82 1273.89
2.0025 1450.97 1653.72  850.47 1019.23 1223.64 1396.72 1153.82 1273.89
2.007 1450.97 1653.72  850.47 1019.23 1223.64 1396.72 1153.82 1273.89
2.0115 1450.97 1653.72  850.47 1019.23 1223.64 1396.72 1153.82 1273.89
2.016 1450.97 1653.72  850.47 1019.23 1223.64 1396.72 1153.82 1273.89
2.0205 1450.97 1653.72  850.47 1019.23 1223.64 1396.72 1153.82 1273.89
2.025 1450.97 1653.72  850.47 1019.23 1223.64 1396.72 1153.82 1273.89
2.0295 1450.97 1653.72  850.47 1019.23 1223.64 1396.72 1153.82 1273.89
2.034 1450.97 1653.72  850.47 1019.23 1223.64 1396.72 1153.82 1273.89
2.0385 1450.97 1653.72  850.47 1019.23 1223.64 1396.72 1153.82 1273.89
2.043 1450.97 1653.72  850.47 1019.23 1223.64 1396.72 1153.82 1273.89
2.0475 1450.97 1653.72  850.47 1019.23 1223.64 1396.72 1153.82 1273.89
2.052 1450.97 1653.72  850.47 1019.23 1223.64 1396.72 1153.82 1273.89
2.0565 1450.97 1653.72  850.47 1019.23 1223.64 1396.72 1153.82 1273.89
2.061 1450.97 1653.72  850.47 1019.23 1223.64 1396.72 1153.82 1273.89
2.0655 1450.97 1653.72  850.47 1019.23 1223.64 1396.72 1153.82 1273.89
2.07 1450.97 1653.72  850.47 1019.23 1223.64 1396.72 1153.82 1273.89
2.0745 1450.97 1653.72  850.47 1019.23 1223.64 1396.72 1153.82 1273.89
2.079 1450.97 1653.72  850.47 1019.23 1223.64 1396.72 1153.82 1273.89
2.0835 1450.97 1653.72  850.47 1019.23 1223.64 1396.72 1153.82 1273.89
2.088 1450.97 1653.72  850.47 1019.23 1223.64 1396.72 1153.82 1273.89
2.0925 1450.97 1653.72  850.47 1019.23 1223.64 1396.72 1153.82 1273.89
2.097 1450.97 1653.72  850.47 1019.23 1223.64 1396.72 1153.82 1273.89
2.1015 1450.97 1653.72  850.47 1019.23 1223.64 1396.72 1153.82 1273.89
2.106 1450.97 1653.72  850.47 1019.23 1223.64 1396.72 1153.82 1273.89
2.1105 1450.97 1653.72  850.47 1019.23 1223.64 1396.72 1153.82 1273.89
2.115 1450.97 1653.72  850.47 1019.23 1223.64 1396.72 1153.82 1273.89
2.1195 1450.97 1653.72  850.47 1019.23 1223.64 1396.72 1153.82 1273.89
2.124 1450.97 1653.72  850.47 1019.23 1223.64 1396.72 1153.82 1273.89
2.1285 1450.97 1653.72  850.47 1019.23 1223.64 1396.72 1153.82 1273.89
2.133 1450.97 1653.72  850.47 1019.23 1223.64 1396.72 1153.82 1273.89
2.1375 1450.97 1653.72  850.47 1019.23 1223.64 1396.72 1153.82 1273.89
2.142 1450.97 1653.72  850.47 1019.23 1223.64 1396.72 1153.82 1273.89
2.1465 1450.97 1653.72  850.47 1019.23 1223.64 1396.72 1153.82 1273.89
2.151 1450.97 1653.72  850.47 1019.23 1223.64 1396.72 1153.82 1273.89
2.1555 1450.97 1653.72  850.47 1019.23 1223.64 1396.72 1153.82 1273.89
2.16 1450.97 1653.72  850.47 1019.23 1223.64 1396.72 1153.82 1273.89
2.1645 1450.97 1653.72  850.47 1019.23 1223.64 1396.72 1153.82 1273.89
2.169 1450.97 1653.72  850.47 1019.23 1223.64 1396.72 1153.82 1273.89
2.1735 1450.97 1653.72  850.47 1019.23 1223.64 1396.72 1153.82 1273.89
2.178 1450.97 1653.72  850.47 1019.23 1223.64 1396.72 1153.82 1273.89
2.1825 1450.97 1653.72  850.47 1019.23 1223.64 1396.72 1153.82 1273.89
2.187 1450.97 1653.72  850.47 1019.23 1223.64 1396.72 1153.82 1273.89
2.1915 1450.97 1653.72  850.47 1019.23 1223.64 1396.72 1153.82 1273.89
2.196 1450.97 1653.72  850.47 1019.23 1223.64 1396.72 1153.82 1273.89
2.2005 1450.97 1653.72  850.47 1019.23 1223.64 1396.72 1153.82 1273.89
2.205 1450.97 1653.72  850.47 1019.23 1223.64 1396.72 1153.82 1273.89
2.2095 1450.97 1653.72  850.47 1019.23 1223.64 1396.72 1153.82 1273.89
2.214 1450.97 1653.72  850.47 1019.23 1223.64 1396.72 1153.82 1273.89
2.2185 1450.97 1653.72  850.47 1019.23 1223.64 1396.72 1153.82 1273.89
2.223 1450.97 1653.72  850.47 1019.23 1223.64 1396.72 1153.82 1273.89
2.2275 1450.97 1653.72  850.47 1019.23 1223.64 1396.72 1153.82 1273.89
2.232 1450.97 1653.72  850.47 1019.23 1223.64 1396.72 1153.82 1273.89
2.2365 1450.97 1653.72  850.47 1019.23 1223.64 1396.72 1153.82 1273.89
2.241 1450.97 1653.72  850.47 1019.23 1223.64 1396.72 1153.82 1273.89
2.2455 1450.97 1653.72  850.47 1019.23 1223.64 1396.72 1153.82 1273.89
2.25 1450.97 1653.72  850.47 1019.23 1223.64 1396.72 1153.82 1273.89
2.2545 1450.97 1653.72  850.47 1019.23 1223.64 1396.72 1153.82 1273.89
2.259 1450.97 1653.72  850.47 1019.23 1223.64 1396.72 1153.82 1273.89
2.2635 1450.97 1653.72  850.47 1019.23 1223.64 1396.72 1153.82 1273.89
2.268 1450.97 1653.72  850.47 1019.23 1223.64 1396.72 1153.82 1273.89
2.2725 1450.97 1653.72  850.47 1019.23 1223.64 1396.72 1153.82 1273.89
2.277 1450.97 1653.72  850.47 1019.23 1223.64 1396.72 1153.82 1273.89
2.2815 1450.97 1653.72  850.47 1019.23 1223.64 1396.72 1153.82 1273.89
2.286 1450.97 1653.72  850.47 1019.23 1223.64 1396.72 1153.82 1273.89
2.2905 1450.97 1653.72  850.47 1019.23 1223.64 1396.72 1153.82 1273.89
2.295 1450.97 1653.72  850.47 1019.23 1223.64 1396.72 1153.82 1273.89
2.2995 1450.97 1653.72  850.47 1019.23 1223.64 1396.72 1153.82 1273.89
2.304 1450.97 1653.72  850.47 1019.23 1223.64 1396.72 1153.82 1273.89
2.3085 1450.97 1653.72  850.47 1019.23 1223.64 1396.72 1153.82 1273.89
2.313 1450.97 1653.72  850.47 1019.23 1223.64 1396.72 1153.82 1273.89
2.3175 1450.97 1653.72  850.47 1019.23 1223.64 1396.72 1153.82 1273.89
2.322 1450.97 1653.72  850.47 1019.23 1223.64 1396.72 1153.82 1273.89
2.3265 1450.97 1653.72  850.47 1019.23 1223.64 1396.72 1153.82 1273.89
2.331 1450.97 1653.72  850.47 1019.23 1223.64 1396.72 1153.82 1273.89
2.3355 1450.97 1653.72  850.47 1019.23 1223.64 1396.72 1153.82 1273.89
2.34 1450.97 1653.72  850.47 1019.23 1223.64 1396.72 1153.82 1273.89
2.3445 1450.97 1653.72  850.47 1019.23 1223.64 1396.72 1153.82 1273.89
2.349 1450.97 1653.72  850.47 1019.23 1223.64 1396.72 1153.82 1273.89
2.3535 1450.97 1653.72  850.47 1019.23 1223.64 1396.72 1153.82 1273.89
2.358 1450.97 1653.72  850.47 1019.23 1223.64 1396.72 1153.82 1273.89
2.3625 1450.97 1653.72  850.47 1019.23 1223.64 1396.72 1153.82 1273.89
2.367 1450.97 1653.72  850.47 1019.23 1223.64 1396.72 1153.82 1273.89
2.3715 1450.97 1653.72  850.47 1019.23 1223.64 1396.72 1153.82 1273.89
2.376 1450.97 1653.72  850.47 1019.23 1223.64 1396.72 1153.82 1273.89
2.3805 1450.97 1653.72  850.47 1019.23 1223.64 1396.72 1153.82 1273.89
2.385 1450.97 1653.72  850.47 1019.23 1223.64 1396.72 1153.82 1273.89
2.3895 1450.97 1653.72  850.47 1019.23 1223.64 1396.72 1153.82 1273.89
2.394 1450.97 1653.72  850.47 1019.23 1223.64 1396.72 1153.82 1273.89
2.3985 1450.97 1653.72  850.47 1019.23 1223.64 1396.72 1153.82 1273.89
2.403 1450.97 1653.72  850.47 1019.23 1223.64 1396.72 1153.82 1273.89
2.4075 1450.97 1653.72  850.47 1019.23 1223.64 1396.72 1153.82 1273.89
2.412 1450.97 1653.72  850.47 1019.23 1223.64 1396.72 1153.82 1273.89
2.4165 1450.97 1653.72  850.47 1019.23 1223.64 1396.72 1153.82 1273.89
2.421 1450.97 1653.72  850.47 1019.23 1223.64 1396.72 1153.82 1273.89
2.4255 1450.97 1653.72  850.47 1019.23 1223.64 1396.72 1153.82 1273.89
2.43 1450.97 1653.72  850.47 1019.23 1223.64 1396.72 1153.82 1273.89
2.4345 1450.97 1653.72  850.47 1019.23 1223.64 1396.72 1153.82 1273.89
2.439 1450.97 1653.72  850.47 1019.23 1223.64 1396.72 1153.82 1273.89
2.4435 1450.97 1653.72  850.47 1019.23 1223.64 1396.72 1153.82 1273.89
2.448 1450.97 1653.72  850.47 1019.23 1223.64 1396.72 1153.82 1273.89
2.4525 1450.97 1653.72  850.47 1019.23 1223.64 1396.72 1153.82 1273.89
2.457 1450.97 1653.72  850.47 1019.23 1223.64 1396.72 1153.82 1273.89
2.4615 1450.97 1653.72  850.47 1019.23 1223.64 1396.72 1153.82 1273.89
2.466 1450.97 1653.72  850.47 1019.23 1223.64 1396.72 1153.82 1273.89
2.4705 1450.97 1653.72  850.47 1019.23 1223.64 1396.72 1153.82 1273.89
2.475 1450.97 1653.72  850.47 1019.23 1223.64 1396.72 1153.82 1273.89
2.4795 1450.97 1653.72  850.47 1019.23 1223.64 1396.72 1153.82 1273.89
2.484 1450.97 1653.72  850.47 1019.23 1223.64 1396.72 1153.82 1273.89
