0 0
0 0
0 0
0 0
0 0
0 0
0 0
0 0
0 0
0 0
0 0
0 0
0 0
0 0
0 0
0 0
0 0
0 0
0 0
0 0
0 0
0 0
0 0
0 0
0 0
0 0
0.0001 1.15036e-06
0.0003 3.5472e-06
0.0006 7.14248e-06
0.001 1.1893e-05
0.0015 1.79117e-05
0.0021 2.51012e-05
0.0028 3.35208e-05
0.0036 4.32359e-05
0.0045 5.4164e-05
0.0055 6.63207e-05
0.0066 7.98217e-05
0.0078 9.46337e-05
0.0091 0.000110728
0.0105 0.000128239
0.012 0.000147081
0.0136 0.000167334
0.0153 0.000189031
0.0171 0.000212206
0.019 0.000236893
0.021 0.000263126
0.0231 0.00029094
0.0253 0.000320333
0.0276 0.000351444
0.03 0.000384227
0.0325 0.000418774
0.0351 0.000455137
0.0378 0.000493374
0.0406 0.000533539
0.0435 0.000575643
0.0465 0.00061986
0.0496 0.000666141
0.0528 0.000714667
0.0561 0.000765412
0.0595 0.000818501
0.063 0.000874014
0.0666 0.000931992
0.0703 0.000992629
0.0741 0.00105591
0.078 0.00112204
0.082 0.00119103
0.0861 0.00126303
0.0903 0.00133816
0.0946 0.00141654
0.099 0.00149826
0.1035 0.00158348
0.108 0.00167047
0.1125 0.00175914
0.117 0.00184962
0.1215 0.00194185
0.126 0.00203591
0.1305 0.00213183
0.135 0.00222965
0.1395 0.00232947
0.144 0.00243122
0.1485 0.00253498
0.153 0.00264081
0.1575 0.00274873
0.162 0.0028588
0.1665 0.00297106
0.171 0.0030855
0.1755 0.00320229
0.18 0.00332142
0.1845 0.00344294
0.189 0.00356685
0.1935 0.00369332
0.198 0.00382229
0.2025 0.00395396
0.207 0.00408824
0.2115 0.00422534
0.216 0.00436521
0.2205 0.00450797
0.225 0.00465377
0.2295 0.00480256
0.234 0.00495448
0.2385 0.00510962
0.243 0.00526807
0.2475 0.00542993
0.252 0.00559529
0.2565 0.0057642
0.261 0.0059369
0.2655 0.00611342
0.27 0.00629383
0.2745 0.0064784
0.279 0.00666711
0.2835 0.00686018
0.288 0.00705783
0.2925 0.00726009
0.297 0.00746718
0.3015 0.00767929
0.306 0.0078966
0.3105 0.00811926
0.315 0.00834762
0.3195 0.00858175
0.324 0.00882208
0.3285 0.00906871
0.333 0.00932199
0.3375 0.00958225
0.342 0.0098498
0.3465 0.010125
0.351 0.0104082
0.3555 0.0106998
0.36 0.0110005
0.3645 0.0113105
0.369 0.0116305
0.3735 0.0119611
0.378 0.012303
0.3825 0.0126568
0.387 0.0130236
0.3915 0.0134043
0.396 0.0137997
0.4005 0.0142112
0.405 0.0146402
0.4095 0.0150882
0.414 0.0155572
0.4185 0.0160491
0.423 0.0165668
0.4275 0.0171133
0.432 0.017692
0.4365 0.0183081
0.441 0.0189671
0.4455 0.019677
0.45 0.0204477
0.4545 0.0212935
0.459 0.0222352
0.4635 0.0233053
0.468 0.0245604
0.4725 0.0261171
0.477 0.02832
0.4815 0.0322351
0.486 0.0361607
0.4905 0.0397211
0.495 0.0429266
0.4995 0.0457871
0.504 0.0483119
0.5085 0.0505099
0.513 0.0523897
0.5175 0.0539595
0.522 0.0552272
0.5265 0.0562003
0.531 0.056886
0.5355 0.0575056
0.54 0.0583787
0.5445 0.0593833
0.549 0.060469
0.5535 0.0616113
0.558 0.0627958
0.5625 0.0640135
0.567 0.0652581
0.5715 0.0665251
0.576 0.0678112
0.5805 0.0691137
0.585 0.0704307
0.5895 0.0717603
0.594 0.0731014
0.5985 0.0744527
0.603 0.0758132
0.6075 0.0771823
0.612 0.078559
0.6165 0.0799429
0.621 0.0813334
0.6255 0.0827301
0.63 0.0841324
0.6345 0.0855401
0.639 0.0869528
0.6435 0.0883702
0.648 0.089792
0.6525 0.0912181
0.657 0.0926481
0.6615 0.0940818
0.666 0.0955191
0.6705 0.0969599
0.675 0.0984038
0.6795 0.0998509
0.684 0.101301
0.6885 0.102754
0.693 0.104209
0.6975 0.105667
0.702 0.107128
0.7065 0.108591
0.711 0.110057
0.7155 0.111524
0.72 0.112994
0.7245 0.114466
0.729 0.11594
0.7335 0.117415
0.738 0.118893
0.7425 0.120372
0.747 0.121854
0.7515 0.123336
0.756 0.124821
0.7605 0.126307
0.765 0.127795
0.7695 0.129283
0.774 0.130771
0.7785 0.132259
0.783 0.133748
0.7875 0.135236
0.792 0.136724
0.7965 0.138212
0.801 0.1397
0.8055 0.141188
0.81 0.142677
0.8145 0.144165
0.819 0.145653
0.8235 0.147141
0.828 0.148629
0.8325 0.150118
0.837 0.151606
0.8415 0.153094
0.846 0.154582
0.8505 0.15607
0.855 0.157558
0.8595 0.159047
0.864 0.160535
0.8685 0.162023
0.873 0.163511
0.8775 0.164999
0.882 0.166488
0.8865 0.167976
0.891 0.169464
0.8955 0.170952
0.9 0.17244
0.9045 0.173928
0.909 0.175417
0.9135 0.176905
0.918 0.178393
0.9225 0.179881
0.927 0.181369
0.9315 0.182858
0.936 0.184346
0.9405 0.185834
0.945 0.187322
0.9495 0.18881
0.954 0.190298
0.9585 0.191787
0.963 0.193275
0.9675 0.194763
0.972 0.196251
0.9765 0.197739
0.981 0.199227
0.9855 0.200716
0.99 0.202204
0.9945 0.204445
0.999 0.207662
1.0035 0.211203
1.008 0.214918
1.0125 0.218747
1.017 0.222658
1.0215 0.226632
1.026 0.230655
1.0305 0.234718
1.035 0.238816
1.0395 0.242944
1.044 0.247096
1.0485 0.251271
1.053 0.255466
1.0575 0.259679
1.062 0.263907
1.0665 0.26815
1.071 0.272407
1.0755 0.276675
1.08 0.280955
1.0845 0.285245
1.089 0.289545
1.0935 0.293854
1.098 0.298172
1.1025 0.302497
1.107 0.30683
1.1115 0.31117
1.116 0.315517
1.1205 0.31987
1.125 0.324229
1.1295 0.328593
1.134 0.332963
1.1385 0.337339
1.143 0.341719
1.1475 0.346104
1.152 0.350493
1.1565 0.354887
1.161 0.359285
1.1655 0.363687
1.17 0.368093
1.1745 0.372502
1.179 0.376915
1.1835 0.381332
1.188 0.385752
1.1925 0.390175
1.197 0.394601
1.2015 0.39903
1.206 0.403462
1.2105 0.407897
1.215 0.412335
1.2195 0.416775
1.224 0.421218
1.2285 0.425664
1.233 0.430111
1.2375 0.434562
1.242 0.439014
1.2465 0.443469
1.251 0.447926
1.2555 0.452385
1.26 0.456846
1.2645 0.461309
1.269 0.465774
1.2735 0.470241
1.278 0.47471
1.2825 0.479181
1.287 0.483653
1.2915 0.488128
1.296 0.492604
1.3005 0.497081
1.305 0.501561
1.3095 0.506042
1.314 0.510524
1.3185 0.515008
1.323 0.519494
1.3275 0.523981
1.332 0.528469
1.3365 0.532959
1.341 0.53745
1.3455 0.541943
1.35 0.546437
1.3545 0.550932
1.359 0.555429
1.3635 0.559927
1.368 0.564426
1.3725 0.568926
1.377 0.573426
1.3815 0.577926
1.386 0.582426
1.3905 0.586926
1.395 0.591426
1.3995 0.595926
1.404 0.600426
1.4085 0.604926
1.413 0.609426
1.4175 0.613926
1.422 0.618426
1.4265 0.622926
1.431 0.627426
1.4355 0.631926
1.44 0.636426
1.4445 0.640926
1.449 0.645426
1.4535 0.649926
1.458 0.654426
1.4625 0.658926
1.467 0.663426
1.4715 0.667926
1.476 0.672426
1.4805 0.676926
1.485 0.681426
1.4895 0.685926
1.494 0.690426
1.4985 0.694926
1.503 0.699426
1.5075 0.703926
1.512 0.708426
1.5165 0.712926
1.521 0.717426
1.5255 0.721926
1.53 0.726426
1.5345 0.730926
1.539 0.735426
1.5435 0.739926
1.548 0.744426
1.5525 0.748926
1.557 0.753426
1.5615 0.757926
1.566 0.762426
1.5705 0.766926
1.575 0.771426
1.5795 0.775926
1.584 0.780426
1.5885 0.784926
1.593 0.789426
1.5975 0.793926
1.602 0.798426
1.6065 0.802926
1.611 0.807426
1.6155 0.811926
1.62 0.816426
1.6245 0.820926
1.629 0.825426
1.6335 0.829926
1.638 0.834426
1.6425 0.838926
1.647 0.843426
1.6515 0.847926
1.656 0.852426
1.6605 0.856926
1.665 0.861426
1.6695 0.865926
1.674 0.870426
1.6785 0.874926
1.683 0.879426
1.6875 0.883926
1.692 0.888426
1.6965 0.892926
1.701 0.897426
1.7055 0.901926
1.71 0.906426
1.7145 0.910926
1.719 0.915426
1.7235 0.919926
1.728 0.924426
1.7325 0.928926
1.737 0.933426
1.7415 0.937926
1.746 0.942426
1.7505 0.946926
1.755 0.951426
1.7595 0.955926
1.764 0.960426
1.7685 0.964926
1.773 0.969426
1.7775 0.973926
1.782 0.978426
1.7865 0.982926
1.791 0.987426
1.7955 0.991926
1.8 0.996426
1.8045 1
1.809 1
1.8135 1
1.818 1
1.8225 1
1.827 1
1.8315 1
1.836 1
1.8405 1
1.845 1
1.8495 1
1.854 1
1.8585 1
1.863 1
1.8675 1
1.872 1
1.8765 1
1.881 1
1.8855 1
1.89 1
1.8945 1
1.899 1
1.9035 1
1.908 1
1.9125 1
1.917 1
1.9215 1
1.926 1
1.9305 1
1.935 1
1.9395 1
1.944 1
1.9485 1
1.953 1
1.9575 1
1.962 1
1.9665 1
1.971 1
1.9755 1
1.98 1
1.9845 1
1.989 1
1.9935 1
1.998 1
2.0025 1
2.007 1
2.0115 1
2.016 1
2.0205 1
2.025 1
2.0295 1
2.034 1
2.0385 1
2.043 1
2.0475 1
2.052 1
2.0565 1
2.061 1
2.0655 1
2.07 1
2.0745 1
2.079 1
2.0835 1
2.088 1
2.0925 1
2.097 1
2.1015 1
2.106 1
2.1105 1
2.115 1
2.1195 1
2.124 1
2.1285 1
2.133 1
2.1375 1
2.142 1
2.1465 1
2.151 1
2.1555 1
2.16 1
2.1645 1
2.169 1
2.1735 1
2.178 1
2.1825 1
2.187 1
2.1915 1
2.196 1
2.2005 1
2.205 1
2.2095 1
2.214 1
2.2185 1
2.223 1
2.2275 1
2.232 1
2.2365 1
2.241 1
2.2455 1
2.25 1
2.2545 1
2.259 1
2.2635 1
2.268 1
2.2725 1
2.277 1
2.2815 1
2.286 1
2.2905 1
2.295 1
2.2995 1
2.304 1
2.3085 1
2.313 1
2.3175 1
2.322 1
2.3265 1
2.331 1
2.3355 1
2.34 1
2.3445 1
2.349 1
2.3535 1
2.358 1
2.3625 1
2.367 1
2.3715 1
2.376 1
2.3805 1
2.385 1
2.3895 1
2.394 1
2.3985 1
2.403 1
2.4075 1
2.412 1
2.4165 1
2.421 1
2.4255 1
2.43 1
2.4345 1
2.439 1
2.4435 1
2.448 1
2.4525 1
2.457 1
2.4615 1
2.466 1
2.4705 1
2.475 1
2.4795 1
