0     850  1019.8 1473.94 1673.33 1167.26 1280.63 1237.94 1414.21
0     850  1019.8 1473.94 1673.33 1167.26 1280.63 1237.94 1414.21
0     850  1019.8 1473.94 1673.33 1167.26 1280.63 1237.94 1414.21
0     850  1019.8 1473.94 1673.33 1167.26 1280.63 1237.94 1414.21
0     850  1019.8 1473.94 1673.33 1167.26 1280.63 1237.94 1414.21
0     850  1019.8 1473.94 1673.33 1167.26 1280.63 1237.94 1414.21
0     850  1019.8 1473.94 1673.33 1167.26 1280.63 1237.94 1414.21
0     850  1019.8 1473.94 1673.33 1167.26 1280.63 1237.94 1414.21
0     850  1019.8 1473.94 1673.33 1167.26 1280.63 1237.94 1414.21
0     850  1019.8 1473.94 1673.33 1167.26 1280.63 1237.94 1414.21
0     850  1019.8 1473.94 1673.33 1167.26 1280.63 1237.94 1414.21
0     850  1019.8 1473.94 1673.33 1167.26 1280.63 1237.94 1414.21
0     850  1019.8 1473.94 1673.33 1167.26 1280.63 1237.94 1414.21
0     850  1019.8 1473.94 1673.33 1167.26 1280.63 1237.94 1414.21
0     850  1019.8 1473.94 1673.33 1167.26 1280.63 1237.94 1414.21
0     850  1019.8 1473.94 1673.33 1167.26 1280.63 1237.94 1414.21
0     850  1019.8 1473.94 1673.33 1167.26 1280.63 1237.94 1414.21
0     850  1019.8 1473.94 1673.33 1167.26 1280.63 1237.94 1414.21
0     850  1019.8 1473.94 1673.33 1167.26 1280.63 1237.94 1414.21
0     850  1019.8 1473.94 1673.33 1167.26 1280.63 1237.94 1414.21
0     850  1019.8 1473.94 1673.33 1167.26 1280.63 1237.94 1414.21
0     850  1019.8 1473.94 1673.33 1167.26 1280.63 1237.94 1414.21
0     850  1019.8 1473.94 1673.33 1167.26 1280.63 1237.94 1414.21
0     850  1019.8 1473.94 1673.33 1167.26 1280.63 1237.94 1414.21
0     850  1019.8 1473.94 1673.33 1167.26 1280.63 1237.94 1414.21
0     850  1019.8 1473.94 1673.33 1167.26 1280.63 1237.94 1414.21
0     850  1019.8 1473.94 1673.33 1167.26 1280.63 1237.94 1414.21
0     850  1019.8 1473.94 1673.33 1167.26 1280.63 1237.94 1414.21
0     850  1019.8 1473.94 1673.33 1167.26 1280.63 1237.94 1414.21
0     850  1019.8 1473.94 1673.33 1167.26 1280.63 1237.94 1414.21
0     850  1019.8 1473.94 1673.33 1167.26 1280.63 1237.94 1414.21
0     850  1019.8 1473.94 1673.33 1167.26 1280.63 1237.94 1414.21
0     850  1019.8 1473.94 1673.33 1167.26 1280.63 1237.94 1414.21
0     850  1019.8 1473.94 1673.33 1167.26 1280.63 1237.94 1414.21
0.0001     850  1019.8 1473.94 1673.33 1167.26 1280.63 1237.94 1414.21
0.0003 849.996  1019.8 1473.93 1673.32 1167.26 1280.63 1237.94 1414.21
0.0006 849.987 1019.79 1473.92 1673.31 1167.25 1280.62 1237.92  1414.2
0.001 849.972 1019.78  1473.9 1673.29 1167.23  1280.6  1237.9 1414.17
0.0015 849.953 1019.76 1473.87 1673.26 1167.21 1280.58 1237.88 1414.15
0.0021 849.929 1019.74 1473.83 1673.22 1167.18 1280.56 1237.84 1414.11
0.0028 849.901 1019.72 1473.79 1673.18 1167.15 1280.53  1237.8 1414.08
0.0036 849.866 1019.69 1473.74 1673.13 1167.11 1280.49 1237.76 1414.03
0.0045 849.827 1019.66 1473.68 1673.07 1167.06 1280.44  1237.7 1413.97
0.0055 849.784 1019.62 1473.61    1673 1167.01  1280.4 1237.64 1413.91
0.0066 849.735 1019.58 1473.54 1672.93 1166.95 1280.34 1237.58 1413.85
0.0078  849.68 1019.53 1473.46 1672.85 1166.89 1280.28  1237.5 1413.77
0.0091  849.62 1019.48 1473.37 1672.76 1166.82 1280.22 1237.42 1413.69
0.0105 849.555 1019.42 1473.27 1672.66 1166.74 1280.15 1237.33  1413.6
0.012 849.483 1019.36 1473.16 1672.56 1166.66 1280.07 1237.23  1413.5
0.0136 849.406  1019.3 1473.04 1672.44 1166.57 1279.98 1237.12 1413.39
0.0153 849.323 1019.22 1472.92 1672.32 1166.47 1279.89    1237 1413.27
0.0171 849.234 1019.15 1472.78 1672.18 1166.37 1279.79 1236.88 1413.15
0.019 849.138 1019.07 1472.64 1672.04 1166.26 1279.69 1236.75 1413.02
0.021 849.035 1018.98 1472.48 1671.89 1166.14 1279.57  1236.6 1412.87
0.0231 848.926 1018.89 1472.32 1671.72 1166.01 1279.45 1236.45 1412.72
0.0253  848.81 1018.79 1472.14 1671.55 1165.87 1279.32 1236.29 1412.56
0.0276 848.687 1018.68 1471.95 1671.36 1165.73 1279.19 1236.12 1412.39
0.03 848.555 1018.57 1471.75 1671.17 1165.58 1279.04 1235.94 1412.21
0.0325 848.416 1018.45 1471.54 1670.96 1165.41 1278.89 1235.74 1412.01
0.0351 848.269 1018.32 1471.32 1670.74 1165.24 1278.73 1235.54 1411.81
0.0378 848.113 1018.19 1471.08  1670.5 1165.06 1278.55 1235.32 1411.59
0.0405 847.949 1018.05 1470.83 1670.25 1164.87 1278.37 1235.09 1411.36
0.0432 847.782 1017.91 1470.58    1670 1164.67 1278.19 1234.86 1411.13
0.0459 847.612 1017.76 1470.32 1669.74 1164.47    1278 1234.62 1410.89
0.0486 847.439 1017.62 1470.05 1669.48 1164.27 1277.81 1234.38 1410.65
0.0513 847.262 1017.47 1469.78 1669.22 1164.06 1277.61 1234.13  1410.4
0.054 847.084 1017.31 1469.51 1668.94 1163.85 1277.41 1233.88 1410.15
0.0567 846.902 1017.16 1469.23 1668.67 1163.63 1277.21 1233.63 1409.89
0.0594 846.717    1017 1468.94 1668.39 1163.42 1277.01 1233.36 1409.63
0.0621 846.529 1016.84 1468.65  1668.1 1163.19  1276.8  1233.1 1409.37
0.0648 846.339 1016.68 1468.36 1667.81 1162.97 1276.59 1232.83  1409.1
0.0675 846.144 1016.51 1468.06 1667.51 1162.74 1276.37 1232.56 1408.82
0.0702 845.947 1016.35 1467.76 1667.21 1162.51 1276.15 1232.28 1408.55
0.0729 845.747 1016.17 1467.45 1666.91 1162.27 1275.93    1232 1408.26
0.0756 845.542    1016 1467.13 1666.59 1162.03  1275.7 1231.71 1407.97
0.0783 845.335 1015.83 1466.81 1666.28 1161.78 1275.47 1231.42 1407.68
0.081 845.126 1015.65 1466.48 1665.96 1161.53 1275.23 1231.12 1407.39
0.0837 844.911 1015.47 1466.15 1665.63 1161.28 1274.99 1230.82 1407.08
0.0864 844.695 1015.28 1465.81 1665.29 1161.02 1274.75 1230.51 1406.77
0.0891 844.475  1015.1 1465.47 1664.96 1160.76  1274.5  1230.2 1406.46
0.0918 844.251  1014.9 1465.12 1664.61 1160.49 1274.25 1229.88 1406.14
0.0945 844.024 1014.71 1464.77 1664.26 1160.22    1274 1229.56 1405.82
0.0972 843.794 1014.52 1464.41  1663.9 1159.95 1273.74 1229.23 1405.49
0.0999 843.561 1014.32 1464.04 1663.54 1159.67 1273.48 1228.89 1405.16
0.1026 843.323 1014.12 1463.67 1663.17 1159.38 1273.21 1228.55 1404.82
0.1053 843.082 1013.91 1463.29  1662.8 1159.09 1272.94 1228.21 1404.47
0.108 842.838 1013.71  1462.9 1662.42  1158.8 1272.66 1227.86 1404.12
0.1107  842.59  1013.5 1462.51 1662.03  1158.5 1272.38 1227.51 1403.77
0.1134 842.339 1013.29 1462.11 1661.64  1158.2  1272.1 1227.14 1403.41
0.1161 842.082 1013.07 1461.71 1661.24 1157.89 1271.81 1226.78 1403.04
0.1188 841.824 1012.85  1461.3 1660.83 1157.58 1271.52  1226.4 1402.67
0.1215 841.561 1012.63 1460.88 1660.42 1157.26 1271.22 1226.03 1402.29
0.1242 841.294  1012.4 1460.46    1660 1156.94 1270.92 1225.64  1401.9
0.1269 841.024 1012.18 1460.03 1659.58 1156.62 1270.61 1225.25 1401.51
0.1296  840.75 1011.94 1459.59 1659.14 1156.28  1270.3 1224.85 1401.12
0.1323 840.472 1011.71 1459.14  1658.7 1155.95 1269.98 1224.45 1400.71
0.135 840.189 1011.47 1458.69 1658.26  1155.6 1269.66 1224.04  1400.3
0.1377 839.903 1011.23 1458.23  1657.8 1155.26 1269.33 1223.63 1399.89
0.1404 839.612 1010.99 1457.76 1657.34  1154.9    1269  1223.2 1399.47
0.1431 839.318 1010.74 1457.29 1656.87 1154.54 1268.67 1222.78 1399.04
0.1458  839.02 1010.49 1456.81  1656.4 1154.18 1268.32 1222.34  1398.6
0.1485 838.717 1010.23 1456.32 1655.91 1153.81 1267.98  1221.9 1398.16
0.1512 838.411 1009.97 1455.82 1655.42 1153.44 1267.63 1221.45 1397.71
0.1539   838.1 1009.71 1455.32 1654.92 1153.06 1267.27 1220.99 1397.25
0.1566 837.784 1009.45 1454.81 1654.42 1152.67 1266.91 1220.53 1396.79
0.1593 837.465 1009.18 1454.28  1653.9 1152.28 1266.54 1220.06 1396.32
0.162 837.141 1008.91 1453.76 1653.38 1151.88 1266.17 1219.58 1395.84
0.1647 836.812 1008.63 1453.22 1652.85 1151.47 1265.79  1219.1 1395.36
0.1674 836.479 1008.36 1452.67 1652.31 1151.06  1265.4 1218.61 1394.87
0.1701 836.142 1008.07 1452.12 1651.76 1150.65 1265.01 1218.11 1394.37
0.1728 835.799 1007.79 1451.55  1651.2 1150.22 1264.62  1217.6 1393.86
0.1755 835.453  1007.5 1450.98 1650.64 1149.79 1264.22 1217.09 1393.35
0.1782 835.101  1007.2  1450.4 1650.06 1149.36 1263.81 1216.56 1392.82
0.1809 834.745 1006.91 1449.81 1649.48 1148.91 1263.39 1216.03 1392.29
0.1836 834.384  1006.6 1449.21 1648.89 1148.47 1262.97 1215.49 1391.75
0.1863  834.02  1006.3  1448.6 1648.29 1148.01 1262.55 1214.95 1391.21
0.189 833.649 1005.99 1447.98 1647.68 1147.55 1262.12 1214.39 1390.65
0.1917 833.273 1005.68 1447.35 1647.05 1147.08 1261.68 1213.83 1390.09
0.1944 832.893 1005.36 1446.71 1646.42  1146.6 1261.23 1213.26 1389.52
0.1971 832.507 1005.04 1446.06 1645.78 1146.12 1260.78 1212.68 1388.94
0.1998 832.116 1004.72  1445.4 1645.13 1145.63 1260.32 1212.09 1388.35
0.2025 831.721 1004.39 1444.74 1644.47 1145.13 1259.86 1211.49 1387.75
0.2052  831.32 1004.05 1444.06  1643.8 1144.62 1259.38 1210.88 1387.14
0.2079 830.914 1003.72 1443.36 1643.12 1144.11  1258.9 1210.26 1386.52
0.2106 830.502 1003.38 1442.66 1642.42 1143.59 1258.42 1209.64 1385.89
0.2133 830.086 1003.03 1441.95 1641.72 1143.06 1257.92    1209 1385.26
0.216 829.663 1002.68 1441.23    1641 1142.52 1257.42 1208.35 1384.61
0.2187 829.235 1002.33 1440.49 1640.28 1141.97 1256.91  1207.7 1383.96
0.2214 828.801 1001.97 1439.74 1639.54 1141.42  1256.4 1207.03 1383.29
0.2241 828.362 1001.61 1438.98 1638.79 1140.86 1255.87 1206.36 1382.61
0.2268 827.917 1001.24 1438.21 1638.03 1140.29 1255.34 1205.67 1381.93
0.2295 827.467 1000.87 1437.43 1637.25 1139.71  1254.8 1204.97 1381.23
0.2322  827.01 1000.49 1436.63 1636.47 1139.12 1254.26 1204.26 1380.52
0.2349 826.548 1000.11 1435.82 1635.67 1138.52  1253.7 1203.54  1379.8
0.2376  826.08 999.724    1435 1634.86 1137.92 1253.14 1202.82 1379.07
0.2403 825.605 999.333 1434.16 1634.03  1137.3 1252.57 1202.07 1378.33
0.243 825.125 998.939 1433.31 1633.19 1136.68 1251.99 1201.32 1377.58
0.2457 824.638 998.539 1432.45 1632.34 1136.05  1251.4 1200.56 1376.82
0.2484 824.145 998.135 1431.57 1631.48  1135.4  1250.8 1199.78 1376.04
0.2511 823.646 997.726 1430.68 1630.59 1134.75 1250.19 1198.99 1375.25
0.2538  823.14 997.312 1429.77  1629.7 1134.09 1249.58 1198.19 1374.45
0.2565 822.628 996.893 1428.85 1628.79 1133.41 1248.95 1197.38 1373.64
0.2592 822.109  996.47 1427.92 1627.87 1132.73 1248.32 1196.55 1372.81
0.2619 821.584 996.041 1426.97 1626.93 1132.04 1247.67 1195.71 1371.97
0.2646 821.052 995.607    1426 1625.97 1131.33 1247.02 1194.86 1371.12
0.2673 820.513 995.168 1425.01    1625 1130.61 1246.35 1193.99 1370.25
0.27 819.968 994.724 1424.02 1624.02 1129.89 1245.68 1193.11 1369.38
0.2727 819.414 994.274    1423 1623.01 1129.15    1245 1192.22 1368.48
0.2754 818.855  993.82 1421.96 1621.99  1128.4  1244.3 1191.31 1367.57
0.2781 818.288  993.36 1420.91 1620.96 1127.64  1243.6 1190.39 1366.65
0.2808 817.714 992.895 1419.85  1619.9 1126.86 1242.88 1189.45 1365.71
0.2835 817.133 992.424 1418.76 1618.83 1126.08 1242.15  1188.5 1364.76
0.2862 816.544 991.948 1417.65 1617.74 1125.28 1241.41 1187.53 1363.79
0.2889 815.948 991.466 1416.53 1616.63 1124.47 1240.67 1186.55 1362.81
0.2916 815.344 990.979 1415.38  1615.5 1123.65  1239.9 1185.55 1361.81
0.2943 814.732 990.486 1414.22 1614.35 1122.81 1239.13 1184.53 1360.79
0.297 814.113 989.988 1413.04 1613.19 1121.96 1238.35  1183.5 1359.76
0.2997 813.486 989.484 1411.83    1612 1121.09 1237.55 1182.45 1358.71
0.3024 812.851 988.974 1410.61 1610.79 1120.22 1236.74 1181.38 1357.64
0.3051 812.208 988.459 1409.36 1609.56 1119.32 1235.91 1180.29 1356.56
0.3078 811.557 987.938 1408.09 1608.31 1118.42 1235.08 1179.19 1355.45
0.3105 810.898  987.41  1406.8 1607.03  1117.5 1234.23 1178.06 1354.33
0.3132 810.231 986.878 1405.48 1605.74 1116.56 1233.37 1176.92 1353.19
0.3159 809.555 986.339 1404.14 1604.42 1115.61 1232.49 1175.76 1352.03
0.3186  808.87 985.793 1402.78 1603.07 1114.64  1231.6 1174.58 1350.85
0.3213 808.176 985.242 1401.39  1601.7 1113.65 1230.69 1173.38 1349.65
0.324 807.475 984.685 1399.98 1600.31 1112.66 1229.77 1172.16 1348.43
0.3267 806.764 984.122 1398.54 1598.89 1111.64 1228.84 1170.92 1347.19
0.3294 806.044 983.552 1397.07 1597.45  1110.6 1227.89 1169.65 1345.92
0.3321 805.316 982.977 1395.58 1595.97 1109.55 1226.92 1168.36 1344.63
0.3348 804.578 982.394 1394.06 1594.47 1108.48 1225.94 1167.05 1343.32
0.3375 803.831 981.806 1392.51 1592.95 1107.39 1224.94 1165.72 1341.99
0.3402 803.075 981.211 1390.93 1591.39 1106.29 1223.92 1164.36 1340.63
0.3429 802.309 980.611 1389.32  1589.8 1105.16 1222.89 1162.98 1339.25
0.3456 801.534 980.004 1387.68 1588.18 1104.01 1221.84 1161.57 1337.85
0.3483 800.749  979.39    1386 1586.53 1102.85 1220.77 1160.14 1336.41
0.351 799.954  978.77 1384.29 1584.85 1101.66 1219.69 1158.68 1334.96
0.3537  799.15 978.143 1382.55 1583.14 1100.45 1218.58  1157.2 1333.47
0.3564 798.336 977.511 1380.78 1581.39 1099.22 1217.46 1155.68 1331.96
0.3591 797.511 976.871 1378.97  1579.6 1097.97 1216.31 1154.14 1330.41
0.3618 796.677 976.226 1377.12 1577.78 1096.69 1215.15 1152.57 1328.84
0.3645 795.832 975.573 1375.23 1575.92  1095.4 1213.97 1150.96 1327.24
0.3672 794.977 974.915 1373.31 1574.03 1094.07 1212.76 1149.33 1325.61
0.3699 794.111 974.249 1371.34 1572.09 1092.73 1211.53 1147.67 1323.94
0.3726 793.235 973.578 1369.33 1570.11 1091.35 1210.28 1145.97 1322.24
0.3753 792.348   972.9 1367.28 1568.09 1089.95 1209.01 1144.23 1320.51
0.378 791.452 972.216 1365.19 1566.03 1088.53 1207.71 1142.47 1318.75
0.3807 790.544 971.525 1363.05 1563.92 1087.08 1206.39 1140.67 1316.94
0.3834 789.625 970.829 1360.86 1561.77  1085.6 1205.04 1138.83 1315.11
0.3861 788.696 970.125 1358.62 1559.57 1084.08 1203.67 1136.95 1313.23
0.3888 787.756 969.417 1356.33 1557.32 1082.54 1202.27 1135.03 1311.31
0.3915 786.805 968.702    1354 1555.01 1080.97 1200.85 1133.08 1309.35
0.3942 785.843 967.981  1351.6 1552.66 1079.37  1199.4 1131.08 1307.36
0.3969  784.87 967.255 1349.15 1550.25 1077.74 1197.92 1129.03 1305.31
0.3996 783.886 966.523 1346.64 1547.78 1076.07 1196.41 1126.95 1303.23
0.4023 782.891 965.786 1344.08 1545.25 1074.36 1194.86 1124.81 1301.09
0.405 781.885 965.043 1341.44 1542.66 1072.62 1193.29 1122.63 1298.91
0.4077 780.868 964.295 1338.75 1540.01 1070.84 1191.69  1120.4 1296.68
0.4104 779.841 963.544 1335.98 1537.29 1069.03 1190.05 1118.12  1294.4
0.4131 778.803 962.787 1333.15  1534.5 1067.17 1188.38 1115.78 1292.06
0.4158 777.755 962.027 1330.24 1531.64 1065.27 1186.67 1113.39 1289.67
0.4185 776.696 961.263 1327.26 1528.71 1063.33 1184.93 1110.95 1287.22
0.4212 775.628 960.496  1324.2  1525.7 1061.35 1183.14 1108.44 1284.71
0.4239 774.549 959.726 1321.05  1522.6 1059.32 1181.32 1105.87 1282.14
0.4266 773.461 958.954 1317.81 1519.42 1057.24 1179.46 1103.23  1279.5
0.4293 772.365 958.181 1314.49 1516.15 1055.11 1177.55 1100.53 1276.79
0.432 771.259 957.406 1311.07 1512.79 1052.93  1175.6 1097.76 1274.02
0.4347 770.145 956.632 1307.55 1509.33  1050.7 1173.61 1094.92 1271.17
0.4374 769.024 955.859 1303.93 1505.77 1048.42 1171.57 1091.99 1268.25
0.4401 767.897 955.088 1300.19  1502.1 1046.07 1169.48 1088.99 1265.24
0.4428 766.764  954.32 1296.34 1498.32 1043.66 1167.34 1085.91 1262.15
0.4455 765.626 953.557 1292.37 1494.42  1041.2 1165.14 1082.74 1258.97
0.4482 764.484   952.8 1288.28  1490.4 1038.67 1162.89 1079.47  1255.7
0.4509 763.341  952.05 1284.04 1486.24 1036.06 1160.59 1076.12 1252.34
0.4536 762.197  951.31 1279.67 1481.94 1033.39 1158.22 1072.66 1248.87
0.4563 761.054 950.582 1275.14  1477.5 1030.65 1155.79 1069.09 1245.29
0.459 759.915 949.869 1270.46  1472.9 1027.82  1153.3 1065.42 1241.61
0.4617 758.783 949.172 1265.61 1468.14 1024.92 1150.74 1061.63  1237.8
0.4644 757.659 948.497 1260.58 1463.21 1021.93 1148.11 1057.71 1233.88
0.4671 756.549 947.846 1255.36 1458.09 1018.86 1145.41 1053.67 1229.82
0.4698 755.455 947.224 1249.94 1452.78 1015.69 1142.64  1049.5 1225.63
0.4725 754.383 946.635 1244.32 1447.26 1012.43 1139.79 1045.18 1221.29
0.4752 753.338 946.085 1238.47 1441.52 1009.07 1136.86 1040.72  1216.8
0.4779 752.327 945.582 1232.38 1435.55 1005.61 1133.85  1036.1 1212.16
0.4806 751.357 945.131 1226.05 1429.35 1002.05 1130.75 1031.32 1207.36
0.4833 750.437 944.743 1219.45 1422.89 998.381 1127.57 1026.38 1202.38
0.486 749.577 944.425 1212.59 1416.16 994.607 1124.31 1021.27 1197.24
0.4887 748.789 944.188 1205.45 1409.17 990.729 1120.97 1015.99 1191.92
0.4914 748.084 944.045 1198.02 1401.89 986.749 1117.55 1010.55 1186.42
0.4941 747.479 944.007  1190.3 1394.33 982.674 1114.07 1004.93 1180.75
0.4968 746.987 944.088 1182.29  1386.5 978.513 1110.52 999.159 1174.92
0.4995 746.625 944.301 1174.02  1378.4 974.282 1106.92 993.246 1168.94
0.5022  746.41 944.659 1165.49 1370.06 969.998  1103.3 987.214 1162.83
0.5049 746.356 945.171 1156.74 1361.51 965.686 1099.67 981.092 1156.62
0.5076 746.476 945.847 1147.82 1352.79 961.377 1096.06  974.92 1150.35
0.5103  746.78  946.69 1138.78 1343.96 957.104 1092.49  968.74 1144.07
0.513  747.27 947.699 1129.69 1335.08 952.901 1089.01 962.601 1137.82
0.5157 747.947 948.869 1120.62 1326.22 948.804 1085.63 956.554 1131.65
0.5184 748.803  950.19 1111.64 1317.45 944.843 1082.38 950.644 1125.61
0.5211 749.826 951.647  1102.8 1308.83 941.044 1079.28 944.909 1119.74
0.5238 751.002 953.224 1094.16  1300.4 937.423 1076.35 939.379 1114.06
0.5265 752.314 954.905 1085.75 1292.19  933.99 1073.59 934.072 1108.61
0.5292 753.746 956.674 1077.59 1284.23 930.747    1071 928.998 1103.38
0.5319 755.283 958.518 1069.68 1276.53 927.692 1068.58 924.156 1098.37
0.5346 756.911 960.427 1062.04 1269.07 924.816 1066.32 919.538 1093.59
0.5373 758.622 962.391 1054.63 1261.86 922.109  1064.2 915.134 1089.02
0.54 760.407 964.406 1047.45 1254.87 919.559 1062.23 910.927 1084.64
0.5427  762.26 966.468 1040.48 1248.08 917.154 1060.38 906.905 1080.44
0.5454 764.176 968.573 1033.71 1241.48 914.882 1058.65 903.051 1076.41
0.5481 766.152  970.72  1027.1 1235.05 912.736 1057.03 899.356 1072.53
0.5508 768.184 972.907 1020.66 1228.78 910.706 1055.52 895.806  1068.8
0.5535  770.27 975.131 1014.37 1222.65 908.784  1054.1 892.393 1065.19
0.5562 772.407 977.393 1008.21 1216.66 906.965 1052.77 889.109 1061.71
0.5589 774.593 979.691 1002.18 1210.79 905.242 1051.52 885.945 1058.35
0.5616 776.826 982.023 996.271 1205.04  903.61 1050.36 882.895  1055.1
0.5643 779.106 984.391 990.471  1199.4 902.066 1049.28 879.953 1051.95
0.567 781.431 986.793 984.774 1193.86 900.604 1048.27 877.113  1048.9
0.5697 783.799 989.228 979.175 1188.41 899.221 1047.32 874.372 1045.95
0.5724  786.21 991.696 973.668 1183.06 897.915 1046.45 871.725 1043.08
0.5751 788.662 994.197 968.247 1177.79 896.682 1045.64 869.168  1040.3
0.5778 791.155  996.73 962.909 1172.59 895.519  1044.9 866.698 1037.61
0.5805 793.687 999.294  957.65 1167.48 894.426 1044.22 864.312 1034.99
0.5832 796.259 1001.89 952.465 1162.44 893.398 1043.59 862.009 1032.45
0.5859 798.869 1004.52 947.354 1157.47 892.435 1043.03 859.784 1029.99
0.5886 801.515 1007.17 942.311 1152.56 891.536 1042.52 857.637  1027.6
0.5913 804.198 1009.86 937.336 1147.72 890.697 1042.06 855.566 1025.28
0.594 806.917 1012.58 932.427 1142.95 889.919 1041.66 853.568 1023.03
0.5967  809.67 1015.32 927.581 1138.24 889.199 1041.31 851.643 1020.85
0.5994 812.456  1018.1 922.797 1133.58 888.537 1041.01 849.789 1018.74
0.6021 815.276  1020.9 918.073 1128.99 887.932 1040.77 848.004 1016.69
0.6048 818.128 1023.73 913.409 1124.45 887.382 1040.57 846.289  1014.7
0.6075 821.012 1026.58 908.804 1119.97 886.886 1040.42 844.641 1012.78
0.6102 823.925 1029.46 904.255 1115.54 886.443 1040.32 843.059 1010.92
0.6129 826.869 1032.37 899.764 1111.17 886.054 1040.26 841.544 1009.13
0.6156  829.84  1035.3 895.328 1106.85 885.715 1040.26 840.093 1007.39
0.6183  832.84 1038.26 890.948 1102.59 885.428 1040.29 838.706 1005.71
0.621 835.867 1041.23 886.622 1098.37 885.191 1040.38 837.383  1004.1
0.6237  838.92 1044.24 882.351 1094.21 885.003  1040.5 836.122 1002.54
0.6264 841.998 1047.26 878.135  1090.1 884.864 1040.67 834.923 1001.04
0.6291 845.101 1050.31 873.972 1086.04 884.773 1040.89 833.786 999.596
0.6318 848.227 1053.37 869.862 1082.04 884.729 1041.14 832.709  998.21
0.6345 851.376 1056.46 865.806 1078.08 884.731 1041.44 831.692 996.881
0.6372 854.546 1059.56 861.803 1074.17 884.779 1041.77 830.734 995.607
0.6399 857.738 1062.69 857.853 1070.32 884.872 1042.15 829.835 994.389
0.6426 860.949 1065.83 853.956 1066.51 885.009 1042.56 828.994 993.226
0.6453  864.18 1068.99 850.111 1062.75 885.191 1043.02 828.211 992.116
0.648 867.429 1072.17  846.32 1059.04 885.415 1043.51 827.485 991.061
0.6507 870.695 1075.36 842.581 1055.39 885.681 1044.04 826.814 990.059
0.6534 873.978 1078.57 838.895 1051.78 885.989 1044.61   826.2 989.109
0.6561 877.277 1081.79 835.262 1048.22 886.338 1045.21 825.641 988.212
0.6588 880.591 1085.03 831.681 1044.71 886.727 1045.85 825.136 987.366
0.6615 883.919 1088.28 828.153 1041.25 887.156 1046.53 824.684 986.571
0.6642  887.26 1091.54 824.678 1037.83 887.624 1047.23 824.286 985.828
0.6669 890.614 1094.81 821.255 1034.47  888.13 1047.98 823.941 985.134
0.6696  893.98  1098.1 817.885 1031.16 888.673 1048.75 823.647  984.49
0.6723 897.356 1101.39 814.568 1027.89 889.254 1049.56 823.405 983.895
0.675 900.743 1104.69 811.303 1024.68 889.871  1050.4 823.214 983.349
0.6777 904.139 1108.01 808.092 1021.51 890.523 1051.27 823.072 982.851
0.6804 907.543 1111.33 804.933 1018.39  891.21 1052.17  822.98 982.401
0.6831 910.956 1114.66 801.826 1015.32 891.932  1053.1 822.936 981.997
0.6858 914.375    1118 798.773  1012.3 892.687 1054.06  822.94  981.64
0.6885 917.802 1121.34 795.772 1009.33 893.475 1055.05 822.992 981.329
0.6912 921.234 1124.69 792.824  1006.4 894.295 1056.07  823.09 981.063
0.6939  924.67 1128.04 789.928 1003.53 895.146 1057.12 823.234 980.842
0.6966 928.112  1131.4 787.085  1000.7 896.029 1058.19 823.423 980.665
0.6993 931.556 1134.77 784.295 997.918 896.942 1059.29 823.657 980.532
0.702 935.004 1138.13 781.556 995.187 897.884 1060.41 823.935 980.441
0.7047 938.455  1141.5 778.871 992.503 898.855 1061.56 824.255 980.393
0.7074 941.907 1144.87 776.238 989.867 899.854 1062.74 824.618 980.387
0.7101  945.36 1148.25 773.657 987.279 900.881 1063.94 825.023 980.423
0.7128 948.813 1151.62 771.128 984.738 901.935 1065.16 825.468 980.498
0.7155 952.266    1155 768.651 982.244 903.014  1066.4 825.954 980.614
0.7182 955.719 1158.37 766.225 979.798  904.12 1067.67 826.479  980.77
0.7209  959.17 1161.75 763.852 977.399  905.25 1068.96 827.042 980.964
0.7236  962.62 1165.12  761.53 975.047 906.405 1070.27 827.644 981.196
0.7263 966.067 1168.49 759.259 972.741 907.583  1071.6 828.283 981.466
0.729 969.511 1171.86  757.04 970.482 908.784 1072.95 828.958 981.773
0.7317 972.951 1175.23 754.872 968.269 910.008 1074.32 829.669 982.116
0.7344 976.388 1178.59 752.754 966.102 911.253  1075.7 830.415 982.494
0.7371  979.82 1181.95 750.687 963.981  912.52 1077.11 831.195 982.908
0.7398 983.246 1185.31 748.671 961.905 913.806 1078.53 832.009 983.356
0.7425 986.668 1188.66 746.704 959.875 915.113 1079.97 832.855 983.838
0.7452 990.083 1192.01 744.787  957.89 916.439 1081.43 833.734 984.353
0.7479 993.492 1195.35  742.92  955.95 917.784  1082.9 834.644   984.9
0.7506 996.894 1198.69 741.102 954.054 919.146 1084.39 835.584  985.48
0.7533 1000.29 1202.02 739.333 952.202 920.526 1085.89 836.554  986.09
0.756 1003.68 1205.34 737.613 950.395 921.923 1087.41 837.553 986.731
0.7587 1007.05 1208.66 735.941 948.631 923.336 1088.94  838.58 987.402
0.7614 1010.42 1211.97 734.317  946.91 924.765 1090.49 839.635 988.103
0.7641 1013.79 1215.27  732.74 945.233 926.209 1092.04 840.717 988.831
0.7668 1017.14 1218.56 731.211 943.598 927.668 1093.61 841.825 989.588
0.7695 1020.48 1221.85 729.729 942.005 929.141 1095.19 842.959 990.373
0.7722 1023.81 1225.12 728.294 940.455 930.627 1096.78 844.117 991.184
0.7749 1027.13 1228.39 726.904 938.946 932.126 1098.39   845.3 992.021
0.7776 1030.44 1231.65  725.56 937.478 933.637    1100 846.505 992.884
0.7803 1033.74 1234.89 724.262 936.052  935.16 1101.62 847.734 993.771
0.783 1037.03 1238.13 723.008 934.666 936.695 1103.25 848.984 994.683
0.7857 1040.31 1241.36 721.799  933.32 938.241  1104.9 850.256 995.619
0.7884 1043.57 1244.57 720.634 932.013 939.797 1106.55 851.549 996.578
0.7911 1046.82 1247.78 719.512 930.746 941.363  1108.2 852.862 997.559
0.7938 1050.07 1250.97 718.433 929.518 942.939 1109.87 854.194 998.563
0.7965 1053.29 1254.16 717.396 928.327 944.524 1111.54 855.546 999.587
0.7992 1056.51 1257.33 716.401 927.175 946.118 1113.22 856.916 1000.63
0.8019 1059.71 1260.49 715.448 926.061 947.721 1114.91 858.304  1001.7
0.8046 1062.91 1263.64 714.536 924.983 949.331  1116.6 859.709 1002.79
0.8073 1066.08 1266.78 713.664 923.942  950.95  1118.3 861.131 1003.89
0.81 1069.25 1269.91 712.832 922.936 952.576 1120.01  862.57 1005.02
0.8127 1072.41 1273.03 712.039 921.967 954.209 1121.72 864.025 1006.16
0.8154 1075.55 1276.13 711.285 921.032 955.849 1123.44 865.495 1007.32
0.8181 1078.68 1279.23  710.57 920.133 957.496 1125.16  866.98  1008.5
0.8208 1081.79 1282.31 709.892 919.267  959.15 1126.89  868.48  1009.7
0.8235  1084.9 1285.38 709.251 918.435 960.809 1128.62 869.994 1010.91
0.8262 1087.99 1288.44 708.648 917.637 962.475 1130.36 871.523 1012.14
0.8289 1091.07 1291.49  708.08 916.871 964.146  1132.1 873.065 1013.39
0.8316 1094.14 1294.53 707.549 916.138 965.824 1133.84  874.62 1014.65
0.8343  1097.2 1297.56 707.053 915.437 967.507  1135.6 876.188 1015.93
0.837 1100.25 1300.58 706.591 914.768 969.195 1137.35 877.769 1017.22
0.8397 1103.28 1303.59 706.165 914.129 970.889 1139.11 879.363 1018.53
0.8424 1106.31 1306.59 705.772 913.522 972.588 1140.87  880.97 1019.86
0.8451 1109.32 1309.58 705.412 912.944 974.292 1142.64 882.588  1021.2
0.8478 1112.33 1312.56 705.086 912.397 976.002 1144.41 884.219 1022.55
0.8505 1115.32 1315.53 704.792 911.879 977.717 1146.19 885.861 1023.92
0.8532 1118.31  1318.5  704.53  911.39 979.438 1147.97 887.516  1025.3
0.8559 1121.29 1321.46 704.301  910.93 981.164 1149.76 889.182 1026.69
0.8586 1124.26 1324.41 704.102 910.499 982.895 1151.55  890.86 1028.11
0.8613 1127.22 1327.35 703.935 910.095 984.632 1153.34  892.55 1029.53
0.864 1130.17 1330.28 703.799  909.72 986.375 1155.14 894.252 1030.97
0.8667 1133.12 1333.21 703.694 909.372 988.124 1156.94 895.965 1032.42
0.8694 1136.06 1336.14 703.618 909.051 989.879 1158.75 897.691 1033.89
0.8721 1138.99 1339.06 703.573 908.757 991.641 1160.57 899.429 1035.37
0.8748 1141.92 1341.98 703.557  908.49 993.409 1162.39 901.179 1036.87
0.8775 1144.85 1344.89 703.571 908.249 995.184 1164.22 902.942 1038.38
0.8802 1147.77  1347.8 703.614 908.035 996.966 1166.06 904.718 1039.91
0.8829 1150.69 1350.71 703.686 907.847 998.756  1167.9 906.507 1041.45
0.8856 1153.61 1353.61 703.787 907.684 1000.55 1169.75  908.31    1043
0.8883 1156.53 1356.52 703.918 907.548 1002.36  1171.6 910.126 1044.57
0.891 1159.44 1359.43 704.077 907.437 1004.18 1173.47 911.956 1046.16
0.8937 1162.36 1362.34 704.265 907.353    1006 1175.34 913.802 1047.77
0.8964 1165.28 1365.25 704.483 907.293 1007.83 1177.23 915.662 1049.39
0.8991  1168.2 1368.16 704.729  907.26 1009.68 1179.12 917.538 1051.03
0.9018 1171.12 1371.08 705.004 907.252 1011.54 1181.03 919.431 1052.68
0.9045 1174.05 1374.01 705.308  907.27  1013.4 1182.94  921.34 1054.36
0.9072 1176.98 1376.94 705.642 907.314 1015.28 1184.87 923.267 1056.05
0.9099 1179.92 1379.87 706.006 907.384 1017.18 1186.81 925.212 1057.77
0.9126 1182.87 1382.82 706.399  907.48 1019.08 1188.77 927.176  1059.5
0.9153 1185.83 1385.77 706.823 907.602    1021 1190.73  929.16 1061.26
0.918  1188.8 1388.74 707.277 907.751 1022.94 1192.72 931.164 1063.03
0.9207 1191.77 1391.72 707.762 907.927 1024.89 1194.71  933.19 1064.83
0.9234 1194.76 1394.71 708.278  908.13 1026.86 1196.73 935.237 1066.65
0.9261 1197.77 1397.71 708.826 908.361 1028.85 1198.76 937.308  1068.5
0.9288 1200.78 1400.73 709.407  908.62 1030.85 1200.81 939.402 1070.37
0.9315 1203.81 1403.77  710.02 908.908 1032.88 1202.88 941.521 1072.27
0.9342 1206.86 1406.82 710.667 909.224 1034.92 1204.97 943.665 1074.19
0.9369 1209.93  1409.9 711.348  909.57 1036.99 1207.08 945.836 1076.14
0.9396 1213.01 1412.99 712.064 909.946 1039.07 1209.21 948.033 1078.12
0.9423 1216.12  1416.1 712.815 910.353 1041.18 1211.37 950.259 1080.12
0.945 1219.24 1419.23 713.602 910.791 1043.31 1213.54 952.513 1082.16
0.9477 1222.38 1422.38 714.426  911.26 1045.46 1215.74 954.796 1084.23
0.9504 1225.55 1425.56 715.288 911.762 1047.64 1217.96  957.11 1086.32
0.9531 1228.74 1428.76 716.187 912.298 1049.84 1220.21 959.453 1088.45
0.9558 1231.95 1431.98 717.125 912.866 1052.07 1222.48 961.827 1090.61
0.9585 1235.18 1435.22 718.102  913.47 1054.32 1224.78 964.233  1092.8
0.9612 1238.43 1438.49 719.119 914.107 1056.59  1227.1  966.67 1095.03
0.9639 1241.71 1441.78 720.176 914.781 1058.89 1229.44 969.138 1097.29
0.9666    1245  1445.1 721.274  915.49 1061.22 1231.81 971.638 1099.58
0.9693 1248.32 1448.43 722.413 916.235 1063.57 1234.21 974.168  1101.9
0.972 1251.66 1451.79 723.593 917.017 1065.94 1236.63 976.729 1104.25
0.9747 1255.02 1455.17 724.814 917.835 1068.34 1239.07 979.319 1106.64
0.9774 1258.39 1458.56 726.077 918.691 1070.76 1241.53 981.939 1109.05
0.9801 1261.78 1461.98  727.38 919.583  1073.2 1244.02 984.587  1111.5
0.9828 1265.19 1465.41 728.724 920.513 1075.67 1246.53 987.262 1113.97
0.9855 1268.61 1468.85 730.109 921.479 1078.15 1249.05 989.962 1116.47
0.9882 1272.04 1472.31 731.532 922.482 1080.65  1251.6 992.686    1119
0.9909 1275.48 1475.77 732.995 923.521 1083.16 1254.16 995.432 1121.55
0.9936 1278.92 1479.24 734.495 924.595 1085.69 1256.73 998.197 1124.13
0.9963 1282.37 1482.72 736.032 925.704 1088.23 1259.32 1000.98 1126.72
0.999 1285.82  1486.2 737.604 926.846 1090.79 1261.91 1003.78 1129.34
1.0017 1289.26 1489.67  739.21 928.021 1093.35 1264.52 1006.59 1131.97
1.0044 1292.71 1493.15 740.848 929.228 1095.91 1267.13 1009.42 1134.61
1.0071 1296.14 1496.61 742.516 930.464 1098.48 1269.74 1012.25 1137.26
1.0098 1299.56 1500.07 744.212  931.73 1101.05 1272.35 1015.08 1139.93
1.0125 1302.97 1503.51 745.935 933.022 1103.62 1274.97 1017.92  1142.6
1.0152 1306.36 1506.94 747.682  934.34 1106.19 1277.58 1020.76 1145.27
1.0179 1309.73 1510.34  749.45 935.682 1108.75 1280.18  1023.6 1147.95
1.0206 1313.08 1513.73 751.238 937.045  1111.3 1282.77 1026.43 1150.62
1.0233 1316.41 1517.08 753.044 938.428 1113.84 1285.35 1029.25 1153.29
1.026  1319.7 1520.42 754.864 939.829 1116.37 1287.92 1032.06 1155.94
1.0287 1322.96 1523.72 756.696 941.247 1118.88 1290.47 1034.86 1158.59
1.0314 1326.19 1526.98 758.539 942.678 1121.37    1293 1037.63 1161.23
1.0341 1329.38 1530.21 760.389 944.121 1123.85 1295.51 1040.39 1163.85
1.0368 1332.54 1533.41 762.244 945.574  1126.3    1298 1043.13 1166.46
1.0395 1335.66 1536.56 764.102 947.035 1128.73 1300.47 1045.85 1169.04
1.0422 1338.73 1539.67  765.96 948.502 1131.13 1302.91 1048.54 1171.61
1.0449 1341.76 1542.74 767.817 949.972 1133.51 1305.32  1051.2 1174.15
1.0476 1344.74 1545.76 769.671 951.445 1135.85  1307.7 1053.83 1176.66
1.0503 1347.68 1548.74 771.518 952.919 1138.17 1310.06 1056.43 1179.15
1.053 1350.57 1551.67 773.358 954.391 1140.46 1312.38    1059 1181.61
1.0557 1353.41 1554.55 775.188  955.86 1142.71 1314.66 1061.53 1184.04
1.0584  1356.2 1557.38 777.007 957.324 1144.93 1316.92 1064.03 1186.43
1.0611 1358.94 1560.15 778.812 958.781 1147.11 1319.13 1066.49 1188.79
1.0638 1361.63 1562.88 780.603 960.231 1149.26 1321.31 1068.92 1191.12
1.0665 1364.27 1565.56 782.378 961.671 1151.38 1323.46  1071.3 1193.42
1.0692 1366.86 1568.18 784.134 963.101 1153.45 1325.56 1073.64 1195.67
1.0719 1369.39 1570.75 785.872 964.519 1155.49 1327.63 1075.95 1197.89
1.0746 1371.87 1573.27 787.589 965.923 1157.49 1329.66 1078.21 1200.07
1.0773  1374.3 1575.73 789.285 967.314 1159.45 1331.65 1080.43 1202.21
1.08 1376.67 1578.14 790.959 968.688 1161.38  1333.6 1082.61 1204.32
1.0827 1378.99 1580.49 792.609 970.047 1163.26 1335.51 1084.74 1206.38
1.0854 1381.26  1582.8 794.234 971.388 1165.11 1337.39 1086.83  1208.4
1.0881 1383.47 1585.05 795.835 972.711 1166.91 1339.22 1088.88 1210.39
1.0908 1385.64 1587.24 797.409 974.016 1168.68 1341.01 1090.89 1212.33
1.0935 1387.75 1589.39 798.957 975.301 1170.41 1342.76 1092.85 1214.23
1.0962 1389.81 1591.48 800.479 976.565  1172.1 1344.47 1094.77 1216.09
1.0989 1391.82 1593.52 801.972 977.809 1173.75 1346.15 1096.64 1217.91
1.1016 1393.77 1595.51 803.438 979.032 1175.36 1347.78 1098.48 1219.69
1.1043 1395.68 1597.45 804.875 980.233 1176.93 1349.37 1100.27 1221.43
1.107 1397.54 1599.34 806.283 981.412 1178.46 1350.93 1102.01 1223.12
1.1097 1399.35 1601.17 807.663 982.569 1179.96 1352.45 1103.72 1224.78
1.1124 1401.11 1602.96 809.014 983.702 1181.42 1353.92 1105.38  1226.4
1.1151 1402.82  1604.7 810.335 984.813 1182.84 1355.36    1107 1227.97
1.1178 1404.49  1606.4 811.627 985.901 1184.22 1356.77 1108.58 1229.51
1.1205 1406.11 1608.05  812.89 986.966 1185.57 1358.13 1110.11 1231.01
1.1232 1407.68 1609.65 814.124 988.008 1186.88 1359.46 1111.61 1232.47
1.1259 1409.21  1611.2 815.329 989.026 1188.15 1360.76 1113.07 1233.89
1.1286 1410.69 1612.71 816.504  990.02 1189.39 1362.01 1114.48 1235.27
1.1313 1412.14 1614.18 817.651 990.992  1190.6 1363.24 1115.86 1236.62
1.134 1413.54  1615.6 818.769  991.94 1191.77 1364.42  1117.2 1237.93
1.1367 1414.89 1616.98 819.858 992.865 1192.91 1365.58 1118.51  1239.2
1.1394 1416.21 1618.32 820.919 993.766 1194.02  1366.7 1119.77 1240.44
1.1421 1417.49 1619.62 821.952 994.645 1195.09 1367.79    1121 1241.64
1.1448 1418.73 1620.89 822.958 995.501 1196.13 1368.84 1122.19  1242.8
1.1475 1419.93 1622.11 823.936 996.335 1197.14 1369.87 1123.35 1243.94
1.1502 1421.09 1623.29 824.887 997.146 1198.12 1370.86 1124.47 1245.04
1.1529 1422.22 1624.44 825.811 997.935 1199.07 1371.82 1125.56  1246.1
1.1556 1423.31 1625.55 826.709 998.703 1199.99 1372.76 1126.62 1247.14
1.1583 1424.36 1626.62 827.581 999.449 1200.89 1373.66 1127.64 1248.14
1.161 1425.38 1627.66 828.427 1000.17 1201.75 1374.54 1128.63 1249.11
1.1637 1426.37 1628.67 829.249 1000.88 1202.59 1375.38 1129.59 1250.05
1.1664 1427.33 1629.64 830.045 1001.56  1203.4 1376.21 1130.52 1250.96
1.1691 1428.25 1630.58 830.818 1002.22 1204.18    1377 1131.42 1251.84
1.1718 1429.15 1631.49 831.567 1002.87 1204.94 1377.77 1132.29  1252.7
1.1745 1430.01 1632.37 832.292 1003.49 1205.67 1378.51 1133.13 1253.53
1.1772 1430.84 1633.22 832.995 1004.09 1206.38 1379.23 1133.95 1254.32
1.1799 1431.65 1634.04 833.675 1004.68 1207.07 1379.92 1134.73  1255.1
1.1826 1432.43 1634.83 834.333 1005.24 1207.73 1380.59 1135.49 1255.84
1.1853 1433.18  1635.6  834.97 1005.79 1208.37 1381.24 1136.23 1256.57
1.188  1433.9 1636.33 835.586 1006.32 1208.99 1381.87 1136.94 1257.26
1.1907  1434.6 1637.04 836.182 1006.84 1209.58 1382.47 1137.62 1257.94
1.1934 1435.27 1637.73 836.757 1007.33 1210.16 1383.06 1138.28 1258.59
1.1961 1435.92 1638.39 837.314 1007.81 1210.71 1383.62 1138.92 1259.21
1.1988 1436.55 1639.03 837.851 1008.28 1211.25 1384.16 1139.54 1259.82
1.2015 1437.15 1639.65 838.369 1008.72 1211.76 1384.68 1140.13  1260.4
1.2042 1437.74 1640.24  838.87 1009.16 1212.26 1385.19 1140.71 1260.97
1.2069  1438.3 1640.81 839.353 1009.57 1212.74 1385.67 1141.26 1261.51
1.2096 1438.84 1641.36 839.818 1009.98  1213.2 1386.14 1141.79 1262.03
1.2123 1439.35 1641.89 840.267 1010.37 1213.65 1386.59  1142.3 1262.54
1.215 1439.85  1642.4   840.7 1010.74 1214.08 1387.03 1142.79 1263.02
1.2177 1440.34 1642.89 841.117  1011.1 1214.49 1387.44 1143.27 1263.49
1.2204  1440.8 1643.36 841.519 1011.45 1214.89 1387.85 1143.73 1263.94
1.2231 1441.24 1643.81 841.906 1011.78 1215.27 1388.23 1144.17 1264.37
1.2258 1441.67 1644.25 842.278 1012.11 1215.63 1388.61 1144.59 1264.79
1.2285 1442.08 1644.67 842.637 1012.42 1215.99 1388.96    1145 1265.19
1.2312 1442.48 1645.07 842.982 1012.72 1216.33 1389.31 1145.39 1265.58
1.2339 1442.86 1645.46 843.313    1013 1216.65 1389.64 1145.76 1265.95
1.2366 1443.22 1645.83 843.632 1013.28 1216.97 1389.96 1146.12  1266.3
1.2393 1443.57 1646.19 843.939 1013.55 1217.27 1390.26 1146.47 1266.64
1.242 1443.91 1646.53 844.233  1013.8 1217.56 1390.55  1146.8 1266.97
1.2447 1444.23 1646.86 844.516 1014.05 1217.83 1390.84 1147.12 1267.29
1.2474 1444.54 1647.18 844.788 1014.28  1218.1 1391.11 1147.43 1267.59
1.2501 1444.84 1647.48 845.048 1014.51 1218.36 1391.36 1147.72 1267.88
1.2528 1445.12 1647.77 845.299 1014.73  1218.6 1391.61 1148.01 1268.16
1.2555  1445.4 1648.05 845.539 1014.94 1218.84 1391.85 1148.28 1268.43
1.2582 1445.66 1648.31 845.769 1015.14 1219.06 1392.08 1148.54 1268.68
1.2609 1445.91 1648.57  845.99 1015.33 1219.28  1392.3 1148.79 1268.93
1.2636 1446.15 1648.81 846.201 1015.51 1219.48 1392.51 1149.03 1269.16
1.2663 1446.38 1649.05 846.404 1015.69 1219.68 1392.71 1149.25 1269.39
1.269  1446.6 1649.27 846.599 1015.86 1219.87  1392.9 1149.47  1269.6
1.2717 1446.81 1649.49 846.785 1016.02 1220.05 1393.08 1149.68 1269.81
1.2744 1447.01 1649.69 846.963 1016.17 1220.23 1393.26 1149.88 1270.01
1.2771  1447.2 1649.89 847.133 1016.32 1220.39 1393.43 1150.07  1270.2
1.2798 1447.39 1650.08 847.296 1016.46 1220.55 1393.59 1150.26 1270.38
1.2825 1447.57 1650.26 847.453  1016.6 1220.71 1393.74 1150.43 1270.55
1.2852 1447.73 1650.43 847.602 1016.73 1220.85 1393.89  1150.6 1270.72
1.2879  1447.9 1650.59 847.744 1016.85 1220.99 1394.03 1150.76 1270.87
1.2906 1448.05 1650.75 847.881 1016.97 1221.12 1394.17 1150.92 1271.03
1.2933  1448.2  1650.9 848.011 1017.09 1221.25  1394.3 1151.06 1271.17
1.296 1448.34 1651.04 848.135 1017.19 1221.37 1394.42  1151.2 1271.31
1.2987 1448.47 1651.18 848.254  1017.3 1221.49 1394.54 1151.33 1271.44
1.3014  1448.6 1651.31 848.368  1017.4  1221.6 1394.65 1151.46 1271.56
1.3041 1448.72 1651.43 848.476 1017.49  1221.7 1394.75 1151.58 1271.68
1.3068 1448.84 1651.55 848.579 1017.58  1221.8 1394.86  1151.7  1271.8
1.3095 1448.95 1651.67 848.678 1017.67  1221.9 1394.95 1151.81 1271.91
1.3122 1449.05 1651.77 848.771 1017.75 1221.99 1395.05 1151.92 1272.01
1.3149 1449.15 1651.88 848.861 1017.83 1222.08 1395.13 1152.02 1272.11
1.3176 1449.25 1651.98 848.946  1017.9 1222.16 1395.22 1152.11 1272.21
1.3203 1449.34 1652.07 849.027 1017.97 1222.24  1395.3  1152.2  1272.3
1.323 1449.43 1652.16 849.105 1018.04 1222.31 1395.37 1152.29 1272.38
1.3257 1449.51 1652.24 849.178  1018.1 1222.39 1395.45 1152.37 1272.46
1.3284 1449.59 1652.32 849.248 1018.16 1222.45 1395.52 1152.45 1272.54
1.3311 1449.67  1652.4 849.315 1018.22 1222.52 1395.58 1152.52 1272.61
1.3338 1449.74 1652.47 849.378 1018.28 1222.58 1395.64  1152.6 1272.68
1.3365  1449.8 1652.54 849.438 1018.33 1222.64  1395.7 1152.66 1272.75
1.3392 1449.87 1652.61 849.496 1018.38 1222.69 1395.76 1152.73 1272.81
1.3419 1449.93 1652.67  849.55 1018.43 1222.75 1395.81 1152.79 1272.87
1.3446 1449.99 1652.73 849.602 1018.47  1222.8 1395.86 1152.85 1272.93
1.3473 1450.04 1652.78 849.651 1018.51 1222.85 1395.91  1152.9 1272.99
1.35  1450.1 1652.84 849.697 1018.55 1222.89 1395.96 1152.95 1273.04
1.3527 1450.15 1652.89 849.741 1018.59 1222.93    1396    1153 1273.09
1.3554 1450.19 1652.94 849.783 1018.63 1222.97 1396.04 1153.05 1273.13
1.3581 1450.24 1652.98 849.823 1018.66 1223.01 1396.08 1153.09 1273.18
1.3608 1450.28 1653.02 849.861  1018.7 1223.05 1396.12 1153.14 1273.22
1.3635 1450.32 1653.07 849.896 1018.73 1223.08 1396.15 1153.18 1273.26
1.3662 1450.36  1653.1  849.93 1018.76 1223.12 1396.19 1153.21 1273.29
1.3689 1450.39 1653.14 849.962 1018.78 1223.15 1396.22 1153.25 1273.33
1.3716 1450.43 1653.18 849.992 1018.81 1223.18 1396.25 1153.28 1273.36
1.3743 1450.46 1653.21 850.021 1018.84 1223.21 1396.28 1153.32 1273.39
1.377 1450.49 1653.24 850.048 1018.86 1223.23  1396.3 1153.35 1273.42
1.3797 1450.52 1653.27 850.074 1018.88 1223.26 1396.33 1153.38 1273.45
1.3824 1450.55  1653.3 850.098  1018.9 1223.28 1396.35  1153.4 1273.48
1.3851 1450.57 1653.32 850.121 1018.92  1223.3 1396.38 1153.43 1273.51
1.3878  1450.6 1653.35 850.143 1018.94 1223.32  1396.4 1153.45 1273.53
1.3905 1450.62 1653.37 850.163 1018.96 1223.34 1396.42 1153.48 1273.55
1.3932 1450.64 1653.39 850.182 1018.98 1223.36 1396.44  1153.5 1273.57
1.3959 1450.66 1653.41   850.2 1018.99 1223.38 1396.45 1153.52 1273.59
1.3986 1450.68 1653.43 850.218 1019.01  1223.4 1396.47 1153.54 1273.61
1.4013  1450.7 1653.45 850.234 1019.02 1223.41 1396.49 1153.55 1273.63
1.404 1450.72 1653.47 850.249 1019.03 1223.43  1396.5 1153.57 1273.65
1.4067 1450.73 1653.49 850.263 1019.05 1223.44 1396.52 1153.59 1273.66
1.4094 1450.75  1653.5 850.277 1019.06 1223.45 1396.53  1153.6 1273.68
1.4121 1450.76 1653.52  850.29 1019.07 1223.47 1396.54 1153.62 1273.69
1.4148 1450.78 1653.53 850.301 1019.08 1223.48 1396.55 1153.63  1273.7
1.4175 1450.79 1653.54 850.313 1019.09 1223.49 1396.56 1153.64 1273.72
1.4202  1450.8 1653.55 850.323  1019.1  1223.5 1396.57 1153.65 1273.73
1.4229 1450.81 1653.57 850.333 1019.11 1223.51 1396.58 1153.67 1273.74
1.4256 1450.82 1653.58 850.343 1019.12 1223.52 1396.59 1153.68 1273.75
1.4283 1450.83 1653.59 850.351 1019.12 1223.53  1396.6 1153.69 1273.76
1.431 1450.84  1653.6 850.359 1019.13 1223.53 1396.61  1153.7 1273.77
1.4337 1450.85  1653.6 850.367 1019.14 1223.54 1396.62  1153.7 1273.78
1.4364 1450.86 1653.61 850.374 1019.14 1223.55 1396.62 1153.71 1273.79
1.4391 1450.86 1653.62 850.381 1019.15 1223.56 1396.63 1153.72 1273.79
1.4418 1450.87 1653.63 850.387 1019.16 1223.56 1396.64 1153.73  1273.8
1.4445 1450.88 1653.63 850.393 1019.16 1223.57 1396.64 1153.73 1273.81
1.4472 1450.88 1653.64 850.399 1019.17 1223.57 1396.65 1153.74 1273.81
1.4499 1450.89 1653.65 850.404 1019.17 1223.58 1396.65 1153.75 1273.82
1.4526  1450.9 1653.65 850.409 1019.17 1223.58 1396.66 1153.75 1273.82
1.4553  1450.9 1653.66 850.413 1019.18 1223.59 1396.66 1153.76 1273.83
1.458 1450.91 1653.66 850.418 1019.18 1223.59 1396.67 1153.76 1273.83
1.4607 1450.91 1653.67 850.422 1019.19 1223.59 1396.67 1153.77 1273.84
1.4634 1450.91 1653.67 850.425 1019.19  1223.6 1396.67 1153.77 1273.84
1.4661 1450.92 1653.68 850.429 1019.19  1223.6 1396.68 1153.77 1273.85
1.4688 1450.92 1653.68 850.432 1019.19  1223.6 1396.68 1153.78 1273.85
1.4715 1450.93 1653.68 850.435  1019.2 1223.61 1396.68 1153.78 1273.85
1.4742 1450.93 1653.69 850.438  1019.2 1223.61 1396.69 1153.78 1273.86
1.4769 1450.93 1653.69  850.44  1019.2 1223.61 1396.69 1153.79 1273.86
1.4796 1450.93 1653.69 850.443  1019.2 1223.62 1396.69 1153.79 1273.86
1.4823 1450.94 1653.69 850.445 1019.21 1223.62 1396.69 1153.79 1273.86
1.485 1450.94  1653.7 850.447 1019.21 1223.62  1396.7 1153.79 1273.87
1.4877 1450.94  1653.7 850.449 1019.21 1223.62  1396.7  1153.8 1273.87
1.4904 1450.94  1653.7 850.451 1019.21 1223.62  1396.7  1153.8 1273.87
1.4931 1450.94  1653.7 850.452 1019.21 1223.62  1396.7  1153.8 1273.87
1.4958 1450.95  1653.7 850.454 1019.21 1223.63  1396.7  1153.8 1273.87
1.4985 1450.95 1653.71 850.455 1019.21 1223.63  1396.7  1153.8 1273.87
1.5012 1450.95 1653.71 850.456 1019.22 1223.63 1396.71  1153.8 1273.88
1.5039 1450.95 1653.71 850.458 1019.22 1223.63 1396.71 1153.81 1273.88
1.5066 1450.95 1653.71 850.459 1019.22 1223.63 1396.71 1153.81 1273.88
1.5093 1450.95 1653.71  850.46 1019.22 1223.63 1396.71 1153.81 1273.88
1.512 1450.95 1653.71 850.461 1019.22 1223.63 1396.71 1153.81 1273.88
1.5147 1450.96 1653.71 850.461 1019.22 1223.63 1396.71 1153.81 1273.88
1.5174 1450.96 1653.71 850.462 1019.22 1223.63 1396.71 1153.81 1273.88
1.5201 1450.96 1653.71 850.463 1019.22 1223.63 1396.71 1153.81 1273.88
1.5228 1450.96 1653.72 850.464 1019.22 1223.64 1396.71 1153.81 1273.88
1.5255 1450.96 1653.72 850.464 1019.22 1223.64 1396.71 1153.81 1273.88
1.5282 1450.96 1653.72 850.465 1019.22 1223.64 1396.71 1153.81 1273.89
1.5309 1450.96 1653.72 850.465 1019.22 1223.64 1396.71 1153.81 1273.89
1.5336 1450.96 1653.72 850.466 1019.22 1223.64 1396.71 1153.81 1273.89
1.5363 1450.96 1653.72 850.466 1019.22 1223.64 1396.72 1153.82 1273.89
1.539 1450.96 1653.72 850.467 1019.22 1223.64 1396.72 1153.82 1273.89
1.5417 1450.96 1653.72 850.467 1019.22 1223.64 1396.72 1153.82 1273.89
1.5444 1450.96 1653.72 850.467 1019.22 1223.64 1396.72 1153.82 1273.89
1.5471 1450.96 1653.72 850.468 1019.23 1223.64 1396.72 1153.82 1273.89
1.5498 1450.96 1653.72 850.468 1019.23 1223.64 1396.72 1153.82 1273.89
1.5525 1450.96 1653.72 850.468 1019.23 1223.64 1396.72 1153.82 1273.89
1.5552 1450.96 1653.72 850.468 1019.23 1223.64 1396.72 1153.82 1273.89
1.5579 1450.96 1653.72 850.469 1019.23 1223.64 1396.72 1153.82 1273.89
1.5606 1450.96 1653.72 850.469 1019.23 1223.64 1396.72 1153.82 1273.89
1.5633 1450.96 1653.72 850.469 1019.23 1223.64 1396.72 1153.82 1273.89
1.566 1450.96 1653.72 850.469 1019.23 1223.64 1396.72 1153.82 1273.89
1.5687 1450.96 1653.72 850.469 1019.23 1223.64 1396.72 1153.82 1273.89
1.5714 1450.96 1653.72 850.469 1019.23 1223.64 1396.72 1153.82 1273.89
1.5741 1450.96 1653.72  850.47 1019.23 1223.64 1396.72 1153.82 1273.89
1.5768 1450.96 1653.72  850.47 1019.23 1223.64 1396.72 1153.82 1273.89
1.5795 1450.96 1653.72  850.47 1019.23 1223.64 1396.72 1153.82 1273.89
1.5822 1450.96 1653.72  850.47 1019.23 1223.64 1396.72 1153.82 1273.89
1.5849 1450.96 1653.72  850.47 1019.23 1223.64 1396.72 1153.82 1273.89
1.5876 1450.96 1653.72  850.47 1019.23 1223.64 1396.72 1153.82 1273.89
1.5903 1450.96 1653.72  850.47 1019.23 1223.64 1396.72 1153.82 1273.89
1.593 1450.96 1653.72  850.47 1019.23 1223.64 1396.72 1153.82 1273.89
1.5957 1450.96 1653.72  850.47 1019.23 1223.64 1396.72 1153.82 1273.89
1.5984 1450.96 1653.72  850.47 1019.23 1223.64 1396.72 1153.82 1273.89
1.6011 1450.96 1653.72  850.47 1019.23 1223.64 1396.72 1153.82 1273.89
1.6038 1450.96 1653.72  850.47 1019.23 1223.64 1396.72 1153.82 1273.89
1.6065 1450.96 1653.72  850.47 1019.23 1223.64 1396.72 1153.82 1273.89
1.6092 1450.96 1653.72  850.47 1019.23 1223.64 1396.72 1153.82 1273.89
1.6119 1450.97 1653.72  850.47 1019.23 1223.64 1396.72 1153.82 1273.89
1.6146 1450.97 1653.72  850.47 1019.23 1223.64 1396.72 1153.82 1273.89
1.6173 1450.97 1653.72  850.47 1019.23 1223.64 1396.72 1153.82 1273.89
1.62 1450.97 1653.72  850.47 1019.23 1223.64 1396.72 1153.82 1273.89
1.6227 1450.97 1653.72  850.47 1019.23 1223.64 1396.72 1153.82 1273.89
1.6254 1450.97 1653.72  850.47 1019.23 1223.64 1396.72 1153.82 1273.89
1.6281 1450.97 1653.72  850.47 1019.23 1223.64 1396.72 1153.82 1273.89
1.6308 1450.97 1653.72  850.47 1019.23 1223.64 1396.72 1153.82 1273.89
1.6335 1450.97 1653.72  850.47 1019.23 1223.64 1396.72 1153.82 1273.89
1.6362 1450.97 1653.72  850.47 1019.23 1223.64 1396.72 1153.82 1273.89
1.6389 1450.97 1653.72  850.47 1019.23 1223.64 1396.72 1153.82 1273.89
1.6416 1450.97 1653.72  850.47 1019.23 1223.64 1396.72 1153.82 1273.89
1.6443 1450.97 1653.72  850.47 1019.23 1223.64 1396.72 1153.82 1273.89
1.647 1450.97 1653.72  850.47 1019.23 1223.64 1396.72 1153.82 1273.89
1.6497 1450.97 1653.72  850.47 1019.23 1223.64 1396.72 1153.82 1273.89
1.6524 1450.97 1653.72  850.47 1019.23 1223.64 1396.72 1153.82 1273.89
1.6551 1450.97 1653.72  850.47 1019.23 1223.64 1396.72 1153.82 1273.89
1.6578 1450.97 1653.72  850.47 1019.23 1223.64 1396.72 1153.82 1273.89
1.6605 1450.97 1653.72  850.47 1019.23 1223.64 1396.72 1153.82 1273.89
1.6632 1450.97 1653.72  850.47 1019.23 1223.64 1396.72 1153.82 1273.89
1.6659 1450.97 1653.72  850.47 1019.23 1223.64 1396.72 1153.82 1273.89
1.6686 1450.97 1653.72  850.47 1019.23 1223.64 1396.72 1153.82 1273.89
1.6713 1450.97 1653.72  850.47 1019.23 1223.64 1396.72 1153.82 1273.89
1.674 1450.97 1653.72  850.47 1019.23 1223.64 1396.72 1153.82 1273.89
1.6767 1450.97 1653.72  850.47 1019.23 1223.64 1396.72 1153.82 1273.89
1.6794 1450.97 1653.72  850.47 1019.23 1223.64 1396.72 1153.82 1273.89
1.6821 1450.97 1653.72  850.47 1019.23 1223.64 1396.72 1153.82 1273.89
1.6848 1450.97 1653.72  850.47 1019.23 1223.64 1396.72 1153.82 1273.89
1.6875 1450.97 1653.72  850.47 1019.23 1223.64 1396.72 1153.82 1273.89
1.6902 1450.97 1653.72  850.47 1019.23 1223.64 1396.72 1153.82 1273.89
1.6929 1450.97 1653.72  850.47 1019.23 1223.64 1396.72 1153.82 1273.89
1.6956 1450.97 1653.72  850.47 1019.23 1223.64 1396.72 1153.82 1273.89
1.6983 1450.97 1653.72  850.47 1019.23 1223.64 1396.72 1153.82 1273.89
1.701 1450.97 1653.72  850.47 1019.23 1223.64 1396.72 1153.82 1273.89
1.7037 1450.97 1653.72  850.47 1019.23 1223.64 1396.72 1153.82 1273.89
1.7064 1450.97 1653.72  850.47 1019.23 1223.64 1396.72 1153.82 1273.89
1.7091 1450.97 1653.72  850.47 1019.23 1223.64 1396.72 1153.82 1273.89
1.7118 1450.97 1653.72  850.47 1019.23 1223.64 1396.72 1153.82 1273.89
1.7145 1450.97 1653.72  850.47 1019.23 1223.64 1396.72 1153.82 1273.89
1.7172 1450.97 1653.72  850.47 1019.23 1223.64 1396.72 1153.82 1273.89
1.7199 1450.97 1653.72  850.47 1019.23 1223.64 1396.72 1153.82 1273.89
1.7226 1450.97 1653.72  850.47 1019.23 1223.64 1396.72 1153.82 1273.89
1.7253 1450.97 1653.72  850.47 1019.23 1223.64 1396.72 1153.82 1273.89
1.728 1450.97 1653.72  850.47 1019.23 1223.64 1396.72 1153.82 1273.89
1.7307 1450.97 1653.72  850.47 1019.23 1223.64 1396.72 1153.82 1273.89
1.7334 1450.97 1653.72  850.47 1019.23 1223.64 1396.72 1153.82 1273.89
1.7361 1450.97 1653.72  850.47 1019.23 1223.64 1396.72 1153.82 1273.89
1.7388 1450.97 1653.72  850.47 1019.23 1223.64 1396.72 1153.82 1273.89
1.7415 1450.97 1653.72  850.47 1019.23 1223.64 1396.72 1153.82 1273.89
1.7442 1450.97 1653.72  850.47 1019.23 1223.64 1396.72 1153.82 1273.89
1.7469 1450.97 1653.72  850.47 1019.23 1223.64 1396.72 1153.82 1273.89
1.7496 1450.97 1653.72  850.47 1019.23 1223.64 1396.72 1153.82 1273.89
1.7523 1450.97 1653.72  850.47 1019.23 1223.64 1396.72 1153.82 1273.89
1.755 1450.97 1653.72  850.47 1019.23 1223.64 1396.72 1153.82 1273.89
1.7577 1450.97 1653.72  850.47 1019.23 1223.64 1396.72 1153.82 1273.89
1.7604 1450.97 1653.72  850.47 1019.23 1223.64 1396.72 1153.82 1273.89
1.7631 1450.97 1653.72  850.47 1019.23 1223.64 1396.72 1153.82 1273.89
1.7658 1450.97 1653.72  850.47 1019.23 1223.64 1396.72 1153.82 1273.89
1.7685 1450.97 1653.72  850.47 1019.23 1223.64 1396.72 1153.82 1273.89
1.7712 1450.97 1653.72  850.47 1019.23 1223.64 1396.72 1153.82 1273.89
1.7739 1450.97 1653.72  850.47 1019.23 1223.64 1396.72 1153.82 1273.89
1.7766 1450.97 1653.72  850.47 1019.23 1223.64 1396.72 1153.82 1273.89
1.7793 1450.97 1653.72  850.47 1019.23 1223.64 1396.72 1153.82 1273.89
1.782 1450.97 1653.72  850.47 1019.23 1223.64 1396.72 1153.82 1273.89
1.7847 1450.97 1653.72  850.47 1019.23 1223.64 1396.72 1153.82 1273.89
1.7874 1450.97 1653.72  850.47 1019.23 1223.64 1396.72 1153.82 1273.89
1.7901 1450.97 1653.72  850.47 1019.23 1223.64 1396.72 1153.82 1273.89
1.7928 1450.97 1653.72  850.47 1019.23 1223.64 1396.72 1153.82 1273.89
1.7955 1450.97 1653.72  850.47 1019.23 1223.64 1396.72 1153.82 1273.89
1.7982 1450.97 1653.72  850.47 1019.23 1223.64 1396.72 1153.82 1273.89
1.8009 1450.97 1653.72  850.47 1019.23 1223.64 1396.72 1153.82 1273.89
1.8036 1450.97 1653.72  850.47 1019.23 1223.64 1396.72 1153.82 1273.89
1.8063 1450.97 1653.72  850.47 1019.23 1223.64 1396.72 1153.82 1273.89
1.809 1450.97 1653.72  850.47 1019.23 1223.64 1396.72 1153.82 1273.89
1.8117 1450.97 1653.72  850.47 1019.23 1223.64 1396.72 1153.82 1273.89
1.8144 1450.97 1653.72  850.47 1019.23 1223.64 1396.72 1153.82 1273.89
1.8171 1450.97 1653.72  850.47 1019.23 1223.64 1396.72 1153.82 1273.89
1.8198 1450.97 1653.72  850.47 1019.23 1223.64 1396.72 1153.82 1273.89
1.8225 1450.97 1653.72  850.47 1019.23 1223.64 1396.72 1153.82 1273.89
1.8252 1450.97 1653.72  850.47 1019.23 1223.64 1396.72 1153.82 1273.89
1.8279 1450.97 1653.72  850.47 1019.23 1223.64 1396.72 1153.82 1273.89
1.8306 1450.97 1653.72  850.47 1019.23 1223.64 1396.72 1153.82 1273.89
1.8333 1450.97 1653.72  850.47 1019.23 1223.64 1396.72 1153.82 1273.89
1.836 1450.97 1653.72  850.47 1019.23 1223.64 1396.72 1153.82 1273.89
1.8387 1450.97 1653.72  850.47 1019.23 1223.64 1396.72 1153.82 1273.89
1.8414 1450.97 1653.72  850.47 1019.23 1223.64 1396.72 1153.82 1273.89
1.8441 1450.97 1653.72  850.47 1019.23 1223.64 1396.72 1153.82 1273.89
1.8468 1450.97 1653.72  850.47 1019.23 1223.64 1396.72 1153.82 1273.89
1.8495 1450.97 1653.72  850.47 1019.23 1223.64 1396.72 1153.82 1273.89
1.8522 1450.97 1653.72  850.47 1019.23 1223.64 1396.72 1153.82 1273.89
1.8549 1450.97 1653.72  850.47 1019.23 1223.64 1396.72 1153.82 1273.89
1.8576 1450.97 1653.72  850.47 1019.23 1223.64 1396.72 1153.82 1273.89
1.8603 1450.97 1653.72  850.47 1019.23 1223.64 1396.72 1153.82 1273.89
1.863 1450.97 1653.72  850.47 1019.23 1223.64 1396.72 1153.82 1273.89
1.8657 1450.97 1653.72  850.47 1019.23 1223.64 1396.72 1153.82 1273.89
1.8684 1450.97 1653.72  850.47 1019.23 1223.64 1396.72 1153.82 1273.89
1.8711 1450.97 1653.72  850.47 1019.23 1223.64 1396.72 1153.82 1273.89
1.8738 1450.97 1653.72  850.47 1019.23 1223.64 1396.72 1153.82 1273.89
1.8765 1450.97 1653.72  850.47 1019.23 1223.64 1396.72 1153.82 1273.89
1.8792 1450.97 1653.72  850.47 1019.23 1223.64 1396.72 1153.82 1273.89
1.8819 1450.97 1653.72  850.47 1019.23 1223.64 1396.72 1153.82 1273.89
1.8846 1450.97 1653.72  850.47 1019.23 1223.64 1396.72 1153.82 1273.89
1.8873 1450.97 1653.72  850.47 1019.23 1223.64 1396.72 1153.82 1273.89
1.89 1450.97 1653.72  850.47 1019.23 1223.64 1396.72 1153.82 1273.89
1.8927 1450.97 1653.72  850.47 1019.23 1223.64 1396.72 1153.82 1273.89
1.8954 1450.97 1653.72  850.47 1019.23 1223.64 1396.72 1153.82 1273.89
1.8981 1450.97 1653.72  850.47 1019.23 1223.64 1396.72 1153.82 1273.89
1.9008 1450.97 1653.72  850.47 1019.23 1223.64 1396.72 1153.82 1273.89
1.9035 1450.97 1653.72  850.47 1019.23 1223.64 1396.72 1153.82 1273.89
1.9062 1450.97 1653.72  850.47 1019.23 1223.64 1396.72 1153.82 1273.89
1.9089 1450.97 1653.72  850.47 1019.23 1223.64 1396.72 1153.82 1273.89
1.9116 1450.97 1653.72  850.47 1019.23 1223.64 1396.72 1153.82 1273.89
1.9143 1450.97 1653.72  850.47 1019.23 1223.64 1396.72 1153.82 1273.89
1.917 1450.97 1653.72  850.47 1019.23 1223.64 1396.72 1153.82 1273.89
1.9197 1450.97 1653.72  850.47 1019.23 1223.64 1396.72 1153.82 1273.89
1.9224 1450.97 1653.72  850.47 1019.23 1223.64 1396.72 1153.82 1273.89
1.9251 1450.97 1653.72  850.47 1019.23 1223.64 1396.72 1153.82 1273.89
1.9278 1450.97 1653.72  850.47 1019.23 1223.64 1396.72 1153.82 1273.89
1.9305 1450.97 1653.72  850.47 1019.23 1223.64 1396.72 1153.82 1273.89
1.9332 1450.97 1653.72  850.47 1019.23 1223.64 1396.72 1153.82 1273.89
1.9359 1450.97 1653.72  850.47 1019.23 1223.64 1396.72 1153.82 1273.89
1.9386 1450.97 1653.72  850.47 1019.23 1223.64 1396.72 1153.82 1273.89
1.9413 1450.97 1653.72  850.47 1019.23 1223.64 1396.72 1153.82 1273.89
1.944 1450.97 1653.72  850.47 1019.23 1223.64 1396.72 1153.82 1273.89
1.9467 1450.97 1653.72  850.47 1019.23 1223.64 1396.72 1153.82 1273.89
1.9494 1450.97 1653.72  850.47 1019.23 1223.64 1396.72 1153.82 1273.89
1.9521 1450.97 1653.72  850.47 1019.23 1223.64 1396.72 1153.82 1273.89
1.9548 1450.97 1653.72  850.47 1019.23 1223.64 1396.72 1153.82 1273.89
1.9575 1450.97 1653.72  850.47 1019.23 1223.64 1396.72 1153.82 1273.89
1.9602 1450.97 1653.72  850.47 1019.23 1223.64 1396.72 1153.82 1273.89
1.9629 1450.97 1653.72  850.47 1019.23 1223.64 1396.72 1153.82 1273.89
1.9656 1450.97 1653.72  850.47 1019.23 1223.64 1396.72 1153.82 1273.89
1.9683 1450.97 1653.72  850.47 1019.23 1223.64 1396.72 1153.82 1273.89
1.971 1450.97 1653.72  850.47 1019.23 1223.64 1396.72 1153.82 1273.89
1.9737 1450.97 1653.72  850.47 1019.23 1223.64 1396.72 1153.82 1273.89
1.9764 1450.97 1653.72  850.47 1019.23 1223.64 1396.72 1153.82 1273.89
1.9791 1450.97 1653.72  850.47 1019.23 1223.64 1396.72 1153.82 1273.89
1.9818 1450.97 1653.72  850.47 1019.23 1223.64 1396.72 1153.82 1273.89
1.9845 1450.97 1653.72  850.47 1019.23 1223.64 1396.72 1153.82 1273.89
1.9872 1450.97 1653.72  850.47 1019.23 1223.64 1396.72 1153.82 1273.89
1.9899 1450.97 1653.72  850.47 1019.23 1223.64 1396.72 1153.82 1273.89
1.9926 1450.97 1653.72  850.47 1019.23 1223.64 1396.72 1153.82 1273.89
1.9953 1450.97 1653.72  850.47 1019.23 1223.64 1396.72 1153.82 1273.89
1.998 1450.97 1653.72  850.47 1019.23 1223.64 1396.72 1153.82 1273.89
2.0007 1450.97 1653.72  850.47 1019.23 1223.64 1396.72 1153.82 1273.89
2.0034 1450.97 1653.72  850.47 1019.23 1223.64 1396.72 1153.82 1273.89
2.0061 1450.97 1653.72  850.47 1019.23 1223.64 1396.72 1153.82 1273.89
2.0088 1450.97 1653.72  850.47 1019.23 1223.64 1396.72 1153.82 1273.89
2.0115 1450.97 1653.72  850.47 1019.23 1223.64 1396.72 1153.82 1273.89
2.0142 1450.97 1653.72  850.47 1019.23 1223.64 1396.72 1153.82 1273.89
2.0169 1450.97 1653.72  850.47 1019.23 1223.64 1396.72 1153.82 1273.89
2.0196 1450.97 1653.72  850.47 1019.23 1223.64 1396.72 1153.82 1273.89
2.0223 1450.97 1653.72  850.47 1019.23 1223.64 1396.72 1153.82 1273.89
2.025 1450.97 1653.72  850.47 1019.23 1223.64 1396.72 1153.82 1273.89
2.0277 1450.97 1653.72  850.47 1019.23 1223.64 1396.72 1153.82 1273.89
2.0304 1450.97 1653.72  850.47 1019.23 1223.64 1396.72 1153.82 1273.89
2.0331 1450.97 1653.72  850.47 1019.23 1223.64 1396.72 1153.82 1273.89
2.0358 1450.97 1653.72  850.47 1019.23 1223.64 1396.72 1153.82 1273.89
2.0385 1450.97 1653.72  850.47 1019.23 1223.64 1396.72 1153.82 1273.89
2.0412 1450.97 1653.72  850.47 1019.23 1223.64 1396.72 1153.82 1273.89
