0 0
0 0
0 0
0 0
0 0
0 0
0 0
0 0
0 0
0 0
0 0
0 0
0 0
0 0
0 0
0 0
0 0
0 0
0 0
0 0
0 0
0 0
0 0
0 0
0 0
0 0
0 0
0 0
0 0
0 0
0 0
0 0
0 0
0 0
0 0
0.0001 9.25951e-07
0.0003 3.35462e-06
0.0006 6.99761e-06
0.001 1.18549e-05
0.0015 1.79266e-05
0.0021 2.49702e-05
0.0028 3.35823e-05
0.0036 4.34246e-05
0.0045 5.435e-05
0.0055 6.65375e-05
0.0066 8.04233e-05
0.0078 9.53771e-05
0.0091 0.000111723
0.0105 0.000129847
0.012 0.000149173
0.0136 0.000170023
0.0153 0.000192448
0.0171 0.000216498
0.019 0.000242223
0.021 0.000269676
0.0231 0.000298905
0.0253 0.000329742
0.0276 0.000362775
0.03 0.000397759
0.0325 0.000434569
0.0351 0.00047376
0.0378 0.000514929
0.0405 0.000556769
0.0432 0.000599677
0.0459 0.000643003
0.0486 0.000687353
0.0513 0.000732194
0.054 0.000777748
0.0567 0.00082439
0.0594 0.000871505
0.0621 0.000919361
0.0648 0.000968348
0.0675 0.00101781
0.0702 0.00106804
0.0729 0.00111943
0.0756 0.00117132
0.0783 0.001224
0.081 0.00127785
0.0837 0.00133224
0.0864 0.00138746
0.0891 0.00144381
0.0918 0.00150079
0.0945 0.00155862
0.0972 0.00161731
0.0999 0.00167718
0.1026 0.00173771
0.1053 0.00179913
0.108 0.00186146
0.1107 0.00192471
0.1134 0.0019892
0.1161 0.00205438
0.1188 0.00212051
0.1215 0.0021876
0.1242 0.00225567
0.1269 0.00232473
0.1296 0.00239479
0.1323 0.00246617
0.135 0.0025383
0.1377 0.00261147
0.1404 0.00268568
0.1431 0.00276096
0.1458 0.00283731
0.1485 0.00291475
0.1512 0.00299329
0.1539 0.00307295
0.1566 0.00315374
0.1593 0.00323567
0.162 0.00331875
0.1647 0.00340301
0.1674 0.00348846
0.1701 0.0035751
0.1728 0.00366296
0.1755 0.00375205
0.1782 0.00384239
0.1809 0.00393399
0.1836 0.00402658
0.1863 0.00412078
0.189 0.00421629
0.1917 0.00431313
0.1944 0.00441131
0.1971 0.00451085
0.1998 0.0046115
0.2025 0.00471387
0.2052 0.00481766
0.2079 0.00492288
0.2106 0.00502928
0.2133 0.00513749
0.216 0.00524719
0.2187 0.0053584
0.2214 0.00547094
0.2241 0.00558532
0.2268 0.00570099
0.2295 0.00581863
0.2322 0.00593788
0.2349 0.00605857
0.2376 0.00618122
0.2403 0.00630534
0.243 0.00643149
0.2457 0.00655917
0.2484 0.00668894
0.2511 0.00682029
0.2538 0.00695378
0.2565 0.00708896
0.2592 0.00722604
0.2619 0.0073654
0.2646 0.00750652
0.2673 0.00764966
0.27 0.00779518
0.2727 0.00794258
0.2754 0.00809213
0.2781 0.00824388
0.2808 0.00839787
0.2835 0.00855446
0.2862 0.00871312
0.2889 0.00887416
0.2916 0.00903763
0.2943 0.00920357
0.297 0.00937205
0.2997 0.00954312
0.3024 0.00971682
0.3051 0.00989321
0.3078 0.0100723
0.3105 0.010254
0.3132 0.0104389
0.3159 0.0106267
0.3186 0.0108174
0.3213 0.011011
0.324 0.011208
0.3267 0.0114082
0.3294 0.0116115
0.3321 0.0118184
0.3348 0.0120285
0.3375 0.0122424
0.3402 0.0124596
0.3429 0.0126806
0.3456 0.0129057
0.3483 0.0131345
0.351 0.0133673
0.3537 0.0136043
0.3564 0.0138455
0.3591 0.0140911
0.3618 0.0143412
0.3645 0.014596
0.3672 0.0148556
0.3699 0.0151201
0.3726 0.0153897
0.3753 0.0156643
0.378 0.0159446
0.3807 0.0162302
0.3834 0.0165218
0.3861 0.0168192
0.3888 0.0171228
0.3915 0.0174327
0.3942 0.0177493
0.3969 0.0180729
0.3996 0.0184036
0.4023 0.0187417
0.405 0.0190875
0.4077 0.0194411
0.4104 0.0198034
0.4131 0.0201741
0.4158 0.0205539
0.4185 0.0209432
0.4212 0.0213424
0.4239 0.021752
0.4266 0.0221722
0.4293 0.0226041
0.432 0.0230477
0.4347 0.0235039
0.4374 0.0239733
0.4401 0.0244566
0.4428 0.0249544
0.4455 0.0254677
0.4482 0.0259974
0.4509 0.0265445
0.4536 0.0271097
0.4563 0.0276944
0.459 0.0282998
0.4617 0.028927
0.4644 0.0295775
0.4671 0.0302527
0.4698 0.0309546
0.4725 0.0316842
0.4752 0.0324437
0.4779 0.0332349
0.4806 0.0340593
0.4833 0.0349187
0.486 0.0358147
0.4887 0.0367488
0.4914 0.0377216
0.4941 0.0387334
0.4968 0.0397832
0.4995 0.0408692
0.5022 0.0419879
0.5049 0.0431344
0.5076 0.0443022
0.5103 0.0454836
0.513 0.0466703
0.5157 0.0478538
0.5184 0.0490264
0.5211 0.0501817
0.5238 0.0513151
0.5265 0.0524235
0.5292 0.0535055
0.5319 0.0545612
0.5346 0.0555919
0.5373 0.0565994
0.54 0.0575859
0.5427 0.0585538
0.5454 0.0595047
0.5481 0.0604406
0.5508 0.0613631
0.5535 0.0622734
0.5562 0.0631731
0.5589 0.0640631
0.5616 0.0649447
0.5643 0.0658187
0.567 0.0666859
0.5697 0.0675472
0.5724 0.0684032
0.5751 0.0692545
0.5778 0.0701018
0.5805 0.0709454
0.5832 0.0717859
0.5859 0.0726237
0.5886 0.073459
0.5913 0.0742923
0.594 0.0751239
0.5967 0.075954
0.5994 0.0767828
0.6021 0.0776107
0.6048 0.0784377
0.6075 0.079264
0.6102 0.0800899
0.6129 0.0809155
0.6156 0.0817408
0.6183 0.0825661
0.621 0.0833914
0.6237 0.0842169
0.6264 0.0850425
0.6291 0.0858685
0.6318 0.0866949
0.6345 0.0875217
0.6372 0.088349
0.6399 0.0891769
0.6426 0.0900054
0.6453 0.0908345
0.648 0.0916643
0.6507 0.0924949
0.6534 0.0933262
0.6561 0.0941583
0.6588 0.0949913
0.6615 0.095825
0.6642 0.0966597
0.6669 0.0974952
0.6696 0.0983316
0.6723 0.0991689
0.675 0.100007
0.6777 0.100846
0.6804 0.101686
0.6831 0.102527
0.6858 0.103369
0.6885 0.104212
0.6912 0.105056
0.6939 0.105901
0.6966 0.106746
0.6993 0.107593
0.702 0.108441
0.7047 0.109289
0.7074 0.110139
0.7101 0.110989
0.7128 0.111841
0.7155 0.112693
0.7182 0.113546
0.7209 0.1144
0.7236 0.115255
0.7263 0.116111
0.729 0.116968
0.7317 0.117826
0.7344 0.118684
0.7371 0.119544
0.7398 0.120404
0.7425 0.121265
0.7452 0.122127
0.7479 0.122989
0.7506 0.123853
0.7533 0.124717
0.756 0.125582
0.7587 0.126448
0.7614 0.127314
0.7641 0.128181
0.7668 0.129049
0.7695 0.129918
0.7722 0.130787
0.7749 0.131657
0.7776 0.132527
0.7803 0.133398
0.783 0.13427
0.7857 0.135143
0.7884 0.136016
0.7911 0.13689
0.7938 0.137765
0.7965 0.138641
0.7992 0.139517
0.8019 0.140394
0.8046 0.141272
0.8073 0.142151
0.81 0.143031
0.8127 0.143913
0.8154 0.144795
0.8181 0.145678
0.8208 0.146563
0.8235 0.14745
0.8262 0.148337
0.8289 0.149227
0.8316 0.150118
0.8343 0.15101
0.837 0.151905
0.8397 0.152802
0.8424 0.153701
0.8451 0.154603
0.8478 0.155507
0.8505 0.156414
0.8532 0.157324
0.8559 0.158237
0.8586 0.159154
0.8613 0.160074
0.864 0.160998
0.8667 0.161926
0.8694 0.162858
0.8721 0.163796
0.8748 0.164738
0.8775 0.165686
0.8802 0.166639
0.8829 0.167599
0.8856 0.168565
0.8883 0.169538
0.891 0.170518
0.8937 0.171507
0.8964 0.172504
0.8991 0.173509
0.9018 0.174524
0.9045 0.175549
0.9072 0.176585
0.9099 0.177632
0.9126 0.17869
0.9153 0.179762
0.918 0.180846
0.9207 0.181945
0.9234 0.183058
0.9261 0.184187
0.9288 0.185332
0.9315 0.186495
0.9342 0.187675
0.9369 0.188875
0.9396 0.190094
0.9423 0.191333
0.945 0.192594
0.9477 0.193878
0.9504 0.195184
0.9531 0.196515
0.9558 0.19787
0.9585 0.199251
0.9612 0.200659
0.9639 0.202093
0.9666 0.203555
0.9693 0.205045
0.972 0.206564
0.9747 0.208113
0.9774 0.209691
0.9801 0.211299
0.9828 0.212937
0.9855 0.214605
0.9882 0.216303
0.9909 0.218032
0.9936 0.219791
0.9963 0.221579
0.999 0.223397
1.0017 0.225245
1.0044 0.22712
1.0071 0.229024
1.0098 0.230956
1.0125 0.232914
1.0152 0.234899
1.0179 0.236909
1.0206 0.238944
1.0233 0.241002
1.026 0.243084
1.0287 0.245187
1.0314 0.247313
1.0341 0.249459
1.0368 0.251624
1.0395 0.253809
1.0422 0.256013
1.0449 0.258233
1.0476 0.260471
1.0503 0.262725
1.053 0.264995
1.0557 0.26728
1.0584 0.269578
1.0611 0.271891
1.0638 0.274217
1.0665 0.276555
1.0692 0.278906
1.0719 0.281268
1.0746 0.283641
1.0773 0.286025
1.08 0.288419
1.0827 0.290823
1.0854 0.293236
1.0881 0.295659
1.0908 0.29809
1.0935 0.300529
1.0962 0.302977
1.0989 0.305432
1.1016 0.307894
1.1043 0.310364
1.107 0.31284
1.1097 0.315323
1.1124 0.317813
1.1151 0.320308
1.1178 0.322809
1.1205 0.325316
1.1232 0.327829
1.1259 0.330346
1.1286 0.332869
1.1313 0.335396
1.134 0.337928
1.1367 0.340465
1.1394 0.343006
1.1421 0.345551
1.1448 0.348101
1.1475 0.350654
1.1502 0.353211
1.1529 0.355772
1.1556 0.358336
1.1583 0.360904
1.161 0.363475
1.1637 0.366049
1.1664 0.368626
1.1691 0.371207
1.1718 0.37379
1.1745 0.376376
1.1772 0.378965
1.1799 0.381556
1.1826 0.38415
1.1853 0.386747
1.188 0.389345
1.1907 0.391947
1.1934 0.39455
1.1961 0.397156
1.1988 0.399763
1.2015 0.402373
1.2042 0.404985
1.2069 0.407599
1.2096 0.410215
1.2123 0.412832
1.215 0.415451
1.2177 0.418072
1.2204 0.420695
1.2231 0.423319
1.2258 0.425945
1.2285 0.428573
1.2312 0.431202
1.2339 0.433832
1.2366 0.436464
1.2393 0.439097
1.242 0.441732
1.2447 0.444368
1.2474 0.447005
1.2501 0.449644
1.2528 0.452283
1.2555 0.454924
1.2582 0.457566
1.2609 0.460209
1.2636 0.462853
1.2663 0.465499
1.269 0.468145
1.2717 0.470792
1.2744 0.473441
1.2771 0.47609
1.2798 0.47874
1.2825 0.481391
1.2852 0.484043
1.2879 0.486696
1.2906 0.48935
1.2933 0.492004
1.296 0.49466
1.2987 0.497316
1.3014 0.499973
1.3041 0.502631
1.3068 0.505289
1.3095 0.507948
1.3122 0.510608
1.3149 0.513269
1.3176 0.51593
1.3203 0.518592
1.323 0.521255
1.3257 0.523918
1.3284 0.526582
1.3311 0.529246
1.3338 0.531911
1.3365 0.534577
1.3392 0.537243
1.3419 0.53991
1.3446 0.542578
1.3473 0.545245
1.35 0.547914
1.3527 0.550583
1.3554 0.553252
1.3581 0.555922
1.3608 0.558593
1.3635 0.561264
1.3662 0.563935
1.3689 0.566607
1.3716 0.569279
1.3743 0.571952
1.377 0.574625
1.3797 0.577299
1.3824 0.579973
1.3851 0.582648
1.3878 0.585323
1.3905 0.587998
1.3932 0.590674
1.3959 0.59335
1.3986 0.596027
1.4013 0.598704
1.404 0.601381
1.4067 0.604059
1.4094 0.606737
1.4121 0.609415
1.4148 0.612094
1.4175 0.614773
1.4202 0.617453
1.4229 0.620133
1.4256 0.622813
1.4283 0.625494
1.431 0.628175
1.4337 0.630856
1.4364 0.633537
1.4391 0.636219
1.4418 0.638902
1.4445 0.641584
1.4472 0.644267
1.4499 0.64695
1.4526 0.649634
1.4553 0.652317
1.458 0.655001
1.4607 0.657686
1.4634 0.66037
1.4661 0.663055
1.4688 0.66574
1.4715 0.668426
1.4742 0.671112
1.4769 0.673798
1.4796 0.676484
1.4823 0.67917
1.485 0.681857
1.4877 0.684544
1.4904 0.687232
1.4931 0.689919
1.4958 0.692607
1.4985 0.695295
1.5012 0.697983
1.5039 0.700672
1.5066 0.703361
1.5093 0.70605
1.512 0.708739
1.5147 0.711428
1.5174 0.714118
1.5201 0.716808
1.5228 0.719498
1.5255 0.722189
1.5282 0.724879
1.5309 0.72757
1.5336 0.730261
1.5363 0.732952
1.539 0.735644
1.5417 0.738335
1.5444 0.741027
1.5471 0.743719
1.5498 0.746412
1.5525 0.749104
1.5552 0.751797
1.5579 0.75449
1.5606 0.757183
1.5633 0.759876
1.566 0.762569
1.5687 0.765263
1.5714 0.767957
1.5741 0.770651
1.5768 0.773345
1.5795 0.776039
1.5822 0.778733
1.5849 0.781428
1.5876 0.784123
1.5903 0.786818
1.593 0.789513
1.5957 0.792208
1.5984 0.794904
1.6011 0.797599
1.6038 0.800295
1.6065 0.802991
1.6092 0.805687
1.6119 0.808383
1.6146 0.81108
1.6173 0.813776
1.62 0.816473
1.6227 0.81917
1.6254 0.821867
1.6281 0.824564
1.6308 0.827261
1.6335 0.829958
1.6362 0.832656
1.6389 0.835353
1.6416 0.838051
1.6443 0.840749
1.647 0.843447
1.6497 0.846145
1.6524 0.848843
1.6551 0.851541
1.6578 0.85424
1.6605 0.856938
1.6632 0.859637
1.6659 0.862336
1.6686 0.865035
1.6713 0.867733
1.674 0.870432
1.6767 0.873132
1.6794 0.875831
1.6821 0.87853
1.6848 0.881229
1.6875 0.883929
1.6902 0.886628
1.6929 0.889328
1.6956 0.892027
1.6983 0.894727
1.701 0.897427
1.7037 0.900127
1.7064 0.902826
1.7091 0.905526
1.7118 0.908226
1.7145 0.910926
1.7172 0.913626
1.7199 0.916326
1.7226 0.919026
1.7253 0.921726
1.728 0.924426
1.7307 0.927126
1.7334 0.929826
1.7361 0.932526
1.7388 0.935226
1.7415 0.937926
1.7442 0.940626
1.7469 0.943326
1.7496 0.946026
1.7523 0.948726
1.755 0.951426
1.7577 0.954126
1.7604 0.956826
1.7631 0.959526
1.7658 0.962226
1.7685 0.964926
1.7712 0.967626
1.7739 0.970326
1.7766 0.973026
1.7793 0.975726
1.782 0.978426
1.7847 0.981126
1.7874 0.983826
1.7901 0.986526
1.7928 0.989226
1.7955 0.991926
1.7982 0.994626
1.8009 0.997326
1.8036 1
1.8063 1
1.809 1
1.8117 1
1.8144 1
1.8171 1
1.8198 1
1.8225 1
1.8252 1
1.8279 1
1.8306 1
1.8333 1
1.836 1
1.8387 1
1.8414 1
1.8441 1
1.8468 1
1.8495 1
1.8522 1
1.8549 1
1.8576 1
1.8603 1
1.863 1
1.8657 1
1.8684 1
1.8711 1
1.8738 1
1.8765 1
1.8792 1
1.8819 1
1.8846 1
1.8873 1
1.89 1
1.8927 1
1.8954 1
1.8981 1
1.9008 1
1.9035 1
1.9062 1
1.9089 1
1.9116 1
1.9143 1
1.917 1
1.9197 1
1.9224 1
1.9251 1
1.9278 1
1.9305 1
1.9332 1
1.9359 1
1.9386 1
1.9413 1
1.944 1
1.9467 1
1.9494 1
1.9521 1
1.9548 1
1.9575 1
1.9602 1
1.9629 1
1.9656 1
1.9683 1
1.971 1
1.9737 1
1.9764 1
1.9791 1
1.9818 1
1.9845 1
1.9872 1
1.9899 1
1.9926 1
1.9953 1
1.998 1
2.0007 1
2.0034 1
2.0061 1
2.0088 1
2.0115 1
2.0142 1
2.0169 1
2.0196 1
2.0223 1
2.025 1
2.0277 1
2.0304 1
2.0331 1
2.0358 1
2.0385 1
