0     850  1019.8 1473.94 1673.33 1167.26 1280.63 1237.94 1414.21
0     850  1019.8 1473.94 1673.33 1167.26 1280.63 1237.94 1414.21
0     850  1019.8 1473.94 1673.33 1167.26 1280.63 1237.94 1414.21
0     850  1019.8 1473.94 1673.33 1167.26 1280.63 1237.94 1414.21
0     850  1019.8 1473.94 1673.33 1167.26 1280.63 1237.94 1414.21
0     850  1019.8 1473.94 1673.33 1167.26 1280.63 1237.94 1414.21
0     850  1019.8 1473.94 1673.33 1167.26 1280.63 1237.94 1414.21
0     850  1019.8 1473.94 1673.33 1167.26 1280.63 1237.94 1414.21
0     850  1019.8 1473.94 1673.33 1167.26 1280.63 1237.94 1414.21
0     850  1019.8 1473.94 1673.33 1167.26 1280.63 1237.94 1414.21
0     850  1019.8 1473.94 1673.33 1167.26 1280.63 1237.94 1414.21
0     850  1019.8 1473.94 1673.33 1167.26 1280.63 1237.94 1414.21
0     850  1019.8 1473.94 1673.33 1167.26 1280.63 1237.94 1414.21
0     850  1019.8 1473.94 1673.33 1167.26 1280.63 1237.94 1414.21
0     850  1019.8 1473.94 1673.33 1167.26 1280.63 1237.94 1414.21
0     850  1019.8 1473.94 1673.33 1167.26 1280.63 1237.94 1414.21
0     850  1019.8 1473.94 1673.33 1167.26 1280.63 1237.94 1414.21
0     850  1019.8 1473.94 1673.33 1167.26 1280.63 1237.94 1414.21
0     850  1019.8 1473.94 1673.33 1167.26 1280.63 1237.94 1414.21
0     850  1019.8 1473.94 1673.33 1167.26 1280.63 1237.94 1414.21
0     850  1019.8 1473.94 1673.33 1167.26 1280.63 1237.94 1414.21
0     850  1019.8 1473.94 1673.33 1167.26 1280.63 1237.94 1414.21
0     850  1019.8 1473.94 1673.33 1167.26 1280.63 1237.94 1414.21
0     850  1019.8 1473.94 1673.33 1167.26 1280.63 1237.94 1414.21
0     850  1019.8 1473.94 1673.33 1167.26 1280.63 1237.94 1414.21
0     850  1019.8 1473.94 1673.33 1167.26 1280.63 1237.94 1414.21
0.0001     850  1019.8 1473.94 1673.33 1167.26 1280.63 1237.94 1414.21
0.0003 849.999  1019.8 1473.94 1673.33 1167.26 1280.63 1237.94 1414.21
0.0006 849.989 1019.79 1473.92 1673.31 1167.25 1280.62 1237.93  1414.2
0.001 849.974 1019.78  1473.9 1673.29 1167.23 1280.61 1237.91 1414.18
0.0015 849.955 1019.77 1473.87 1673.26 1167.21 1280.58 1237.88 1414.15
0.0021  849.93 1019.74 1473.83 1673.22 1167.18 1280.56 1237.85 1414.12
0.0028   849.9 1019.72 1473.79 1673.18 1167.15 1280.53  1237.8 1414.08
0.0036 849.866 1019.69 1473.74 1673.13 1167.11 1280.49 1237.76 1414.03
0.0045  849.83 1019.66 1473.68 1673.07 1167.06 1280.45 1237.71 1413.98
0.0055 849.784 1019.62 1473.62 1673.01 1167.01  1280.4 1237.64 1413.91
0.0066 849.734 1019.58 1473.54 1672.93 1166.95 1280.34 1237.57 1413.84
0.0078 849.682 1019.53 1473.46 1672.85 1166.89 1280.28  1237.5 1413.77
0.0091  849.62 1019.48 1473.37 1672.76 1166.82 1280.22 1237.42 1413.69
0.0105 849.552 1019.42 1473.26 1672.66 1166.74 1280.14 1237.32 1413.59
0.012 849.482 1019.36 1473.16 1672.56 1166.66 1280.07 1237.22  1413.5
0.0136 849.402 1019.29 1473.04 1672.44 1166.57 1279.98 1237.11 1413.39
0.0153  849.32 1019.22 1472.91 1672.31 1166.47 1279.89    1237 1413.27
0.0171 849.227 1019.14 1472.77 1672.17 1166.36 1279.78 1236.87 1413.14
0.019 849.132 1019.06 1472.63 1672.03 1166.25 1279.68 1236.74 1413.01
0.021 849.029 1018.97 1472.47 1671.88 1166.13 1279.57  1236.6 1412.87
0.0231 848.915 1018.88  1472.3 1671.71    1166 1279.44 1236.44 1412.71
0.0253 848.798 1018.78 1472.12 1671.53 1165.86 1279.31 1236.27 1412.54
0.0276 848.673 1018.67 1471.93 1671.34 1165.71 1279.17  1236.1 1412.37
0.03 848.535 1018.55 1471.72 1671.14 1165.55 1279.02 1235.91 1412.18
0.0325 848.393 1018.43 1471.51 1670.92 1165.39 1278.86 1235.71 1411.98
0.0351 848.243  1018.3 1471.28  1670.7 1165.21  1278.7  1235.5 1411.77
0.0378 848.083 1018.17 1471.04 1670.46 1165.02 1278.52 1235.28 1411.55
0.0406 847.914 1018.02 1470.78  1670.2 1164.82 1278.33 1235.04 1411.31
0.0435 847.735 1017.87  1470.5 1669.93 1164.61 1278.14 1234.79 1411.06
0.0465 847.546 1017.71 1470.21 1669.64 1164.39 1277.93 1234.53  1410.8
0.0496 847.345 1017.54 1469.91 1669.34 1164.16  1277.7 1234.25 1410.51
0.0527 847.134 1017.36 1469.58 1669.02 1163.91 1277.47 1233.95 1410.22
0.0558 846.918 1017.17 1469.25 1668.69 1163.65 1277.23 1233.65 1409.92
0.0589 846.698 1016.98 1468.91 1668.36 1163.39 1276.99 1233.34 1409.61
0.062 846.473 1016.79 1468.57 1668.02 1163.13 1276.73 1233.02 1409.29
0.0651 846.243  1016.6 1468.21 1667.67 1162.86 1276.48  1232.7 1408.97
0.0682 846.009  1016.4 1467.85 1667.31 1162.58 1276.22 1232.37 1408.63
0.0713  845.77  1016.2 1467.48 1666.94  1162.3 1275.95 1232.03  1408.3
0.0744 845.531 1015.99 1467.11 1666.58 1162.01 1275.68 1231.69 1407.96
0.0775 845.282 1015.78 1466.73  1666.2 1161.72 1275.41 1231.34 1407.61
0.0806 845.028 1015.56 1466.33 1665.81 1161.42 1275.12 1230.98 1407.25
0.0837 844.769 1015.34 1465.93 1665.41 1161.11 1274.83 1230.61 1406.88
0.0868 844.506 1015.12 1465.52    1665 1160.79 1274.54 1230.24 1406.51
0.0899 844.237 1014.89  1465.1 1664.59 1160.47 1274.24 1229.86 1406.12
0.093 843.964 1014.66 1464.67 1664.17 1160.15 1273.93 1229.47 1405.73
0.0961 843.689 1014.43 1464.24 1663.74 1159.82 1273.62 1229.08 1405.34
0.0992 843.404 1014.19 1463.79  1663.3 1159.48  1273.3 1228.67 1404.94
0.1023 843.115 1013.94 1463.34 1662.85 1159.13 1272.97 1228.26 1404.52
0.1054  842.82 1013.69 1462.88 1662.39 1158.78 1272.64 1227.84  1404.1
0.1085  842.52 1013.44  1462.4 1661.92 1158.42  1272.3 1227.41 1403.67
0.1116 842.219 1013.18 1461.92 1661.45 1158.06 1271.96 1226.97 1403.24
0.1147 841.907 1012.92 1461.43 1660.96 1157.68 1271.61 1226.52 1402.79
0.1178  841.59 1012.65 1460.93 1660.47  1157.3 1271.25 1226.07 1402.33
0.1209 841.268 1012.38 1460.42 1659.96 1156.91 1270.89  1225.6 1401.87
0.124  840.94  1012.1 1459.89 1659.44 1156.51 1270.51 1225.13 1401.39
0.1271  840.61 1011.83 1459.37 1658.92 1156.11 1270.14 1224.65 1400.91
0.1302  840.27 1011.54 1458.82 1658.38  1155.7 1269.75 1224.16 1400.42
0.1333 839.925 1011.25 1458.27 1657.84 1155.28 1269.36 1223.66 1399.92
0.1364 839.577 1010.96 1457.71 1657.28 1154.86 1268.96 1223.15 1399.41
0.1395 839.219 1010.65 1457.13 1656.71 1154.42 1268.55 1222.63 1398.89
0.1426 838.856 1010.35 1456.54 1656.13 1153.98 1268.14  1222.1 1398.36
0.1457 838.486 1010.04 1455.95 1655.54 1153.53 1267.71 1221.56 1397.82
0.1488 838.113 1009.73 1455.34 1654.95 1153.07 1267.29 1221.01 1397.27
0.1519 837.731  1009.4 1454.72 1654.33  1152.6 1266.85 1220.45 1396.71
0.155 837.342 1009.08 1454.08  1653.7 1152.13  1266.4 1219.88 1396.14
0.1581  836.95 1008.75 1453.44 1653.07 1151.64 1265.95  1219.3 1395.56
0.1612 836.548 1008.41 1452.78 1652.42 1151.15 1265.48 1218.71 1394.97
0.1643 836.144 1008.07 1452.12 1651.76 1150.65 1265.02 1218.11 1394.37
0.1674 835.728 1007.73 1451.43 1651.09 1150.13 1264.53  1217.5 1393.76
0.1705 835.306 1007.37 1450.74  1650.4 1149.61 1264.05 1216.87 1393.13
0.1736 834.881 1007.02 1450.03  1649.7 1149.08 1263.55 1216.24  1392.5
0.1767 834.445 1006.65 1449.31 1648.99 1148.54 1263.04 1215.59 1391.84
0.1798 834.006 1006.29 1448.58 1648.26 1147.99 1262.53 1214.93 1391.19
0.1829 833.556 1005.91 1447.82 1647.52 1147.43 1262.01 1214.25 1390.51
0.186 833.099 1005.53 1447.06 1646.76 1146.86 1261.47 1213.57 1389.83
0.1891 832.637 1005.15 1446.28    1646 1146.28 1260.93 1212.87 1389.13
0.1922 832.166 1004.76 1445.49 1645.21 1145.69 1260.38 1212.16 1388.42
0.1953  831.69 1004.36 1444.68 1644.42 1145.09 1259.82 1211.44  1387.7
0.1984 831.203 1003.96 1443.86  1643.6 1144.47 1259.24  1210.7 1386.96
0.2015 830.712 1003.55 1443.02 1642.78 1143.85 1258.66 1209.96 1386.21
0.2046 830.213 1003.14 1442.17 1641.94 1143.22 1258.07  1209.2 1385.45
0.2077 829.703 1002.71 1441.29 1641.07 1142.57 1257.47 1208.42 1384.67
0.2108 829.188 1002.29 1440.41  1640.2 1141.91 1256.86 1207.63 1383.89
0.2139 828.662 1001.85  1439.5  1639.3 1141.24 1256.23 1206.82 1383.08
0.217 828.131 1001.41 1438.58 1638.39 1140.56  1255.6    1206 1382.26
0.2201 827.589 1000.97 1437.64 1637.46 1139.87 1254.95 1205.16 1381.42
0.2232 827.041 1000.52 1436.68 1636.52 1139.16 1254.29 1204.31 1380.57
0.2263 826.486 1000.06 1435.71 1635.56 1138.44 1253.63 1203.45 1379.71
0.2294 825.918 999.591 1434.71 1634.58 1137.71 1252.94 1202.56 1378.82
0.2325 825.345  999.12  1433.7 1633.58 1136.97 1252.25 1201.67 1377.93
0.2356 824.763 998.642 1432.67 1632.56 1136.21 1251.55 1200.75 1377.01
0.2387 824.169 998.155 1431.62 1631.52 1135.44 1250.83 1199.82 1376.08
0.2418  823.57 997.664 1430.54 1630.46 1134.65  1250.1 1198.87 1375.13
0.2449 822.961 997.165 1429.45 1629.38 1133.85 1249.36 1197.91 1374.17
0.248 822.343 996.661 1428.34 1628.28 1133.04  1248.6 1196.92 1373.18
0.2511 821.713 996.146  1427.2 1627.16 1132.21 1247.83 1195.92 1372.18
0.2542 821.076 995.627 1426.04 1626.02 1131.36 1247.05  1194.9 1371.16
0.2573  820.43   995.1 1424.86 1624.85  1130.5 1246.25 1193.86 1370.12
0.2604 819.774 994.567 1423.66 1623.67 1129.63 1245.44  1192.8 1369.06
0.2635 819.109 994.026 1422.43 1622.46 1128.74 1244.62 1191.72 1367.99
0.2666 818.434 993.478 1421.18 1621.22 1127.83 1243.78 1190.63 1366.89
0.2697 817.749 992.923 1419.91 1619.97 1126.91 1242.92 1189.51 1365.77
0.2728 817.053  992.36 1418.61 1618.68 1125.97 1242.05 1188.37 1364.63
0.2759 816.345 991.787 1417.28 1617.37 1125.01 1241.16  1187.2 1363.46
0.279 815.629 991.209 1415.92 1616.03 1124.03 1240.26 1186.02 1362.28
0.2821 814.902 990.623 1414.54 1614.67 1123.04 1239.35 1184.81 1361.08
0.2852 814.166  990.03 1413.14 1613.29 1122.03 1238.41 1183.58 1359.85
0.2883 813.421 989.432 1411.71 1611.87    1121 1237.47 1182.34  1358.6
0.2914 812.663 988.823 1410.24 1610.43 1119.95  1236.5 1181.06 1357.32
0.2945 811.893 988.207 1408.75 1608.95 1118.89 1235.51 1179.76 1356.02
0.2976 811.113 987.582 1407.22 1607.45  1117.8 1234.51 1178.43  1354.7
0.3007 810.322  986.95 1405.66 1605.91 1116.69 1233.48 1177.08 1353.35
0.3038 809.519  986.31 1404.07 1604.35 1115.56 1232.44  1175.7 1351.97
0.3069 808.705 985.662 1402.45 1602.75 1114.41 1231.38  1174.3 1350.57
0.31 807.883 985.009  1400.8 1601.12 1113.24 1230.31 1172.87 1349.14
0.3131 807.046 984.345 1399.11 1599.46 1112.04 1229.21 1171.41 1347.68
0.3162 806.197 983.673 1397.39 1597.75 1110.82 1228.09 1169.92 1346.19
0.3193  805.34 982.995 1395.63 1596.02 1109.59 1226.95 1168.41 1344.68
0.3224 804.467 982.307 1393.83 1594.25 1108.32 1225.79 1166.86 1343.13
0.3255 803.583 981.611 1391.99 1592.44 1107.03 1224.61 1165.28 1341.55
0.3286 802.689 980.909 1390.12 1590.59 1105.72 1223.41 1163.67 1339.94
0.3317 801.781 980.197  1388.2  1588.7 1104.38 1222.18 1162.02  1338.3
0.3348 800.863 979.479 1386.24 1586.77 1103.02 1220.93 1160.35 1336.62
0.3379  799.93 978.751 1384.24  1584.8 1101.62 1219.65 1158.64 1334.91
0.341 798.987 978.017  1382.2 1582.79 1100.21 1218.36 1156.89 1333.17
0.3441 798.032 977.275 1380.11 1580.73 1098.76 1217.04 1155.12 1331.39
0.3472 797.062 976.524 1377.97 1578.62 1097.28 1215.69 1153.29 1329.57
0.3503 796.082 975.766 1375.79 1576.48 1095.78 1214.32 1151.44 1327.72
0.3534 795.089 975.001 1373.56 1574.28 1094.25 1212.92 1149.55 1325.82
0.3565 794.084 974.229 1371.28 1572.03 1092.68 1211.49 1147.61 1323.89
0.3596 793.067 973.449 1368.94 1569.73 1091.09 1210.04 1145.64 1321.92
0.3627 792.034 972.659 1366.55 1567.37 1089.46 1208.55 1143.62 1319.89
0.3658 790.991 971.865  1364.1 1564.96 1087.79 1207.04 1141.56 1317.83
0.3689 789.936 971.064  1361.6  1562.5  1086.1  1205.5 1139.45 1315.73
0.372 788.871 970.258 1359.04 1559.98 1084.37 1203.93  1137.3 1313.58
0.3751 787.791 969.443 1356.42  1557.4  1082.6 1202.33  1135.1 1311.38
0.3782 786.699 968.622 1353.73 1554.75  1080.8 1200.69 1132.86 1309.14
0.3813 785.595 967.796 1350.98 1552.05 1078.96 1199.02 1130.56 1306.84
0.3844 784.481 966.966 1348.17 1549.28 1077.08 1197.32 1128.21 1304.49
0.3875 783.354 966.129 1345.28 1546.43 1075.16 1195.58 1125.81 1302.09
0.3906 782.216 965.287 1342.31 1543.52  1073.2 1193.81 1123.35 1299.63
0.3937 781.069 964.443 1339.28 1540.54 1071.19 1192.01 1120.84 1297.12
0.3968 779.911 963.595 1336.17 1537.48 1069.15 1190.16 1118.28 1294.55
0.3999 778.741 962.742 1332.98 1534.34 1067.06 1188.28 1115.64 1291.92
0.403 777.564 961.889 1329.71 1531.12 1064.92 1186.36 1112.95 1289.23
0.4061 776.378 961.034 1326.35 1527.82 1062.74  1184.4  1110.2 1286.47
0.4092 775.183 960.178 1322.91 1524.43 1060.51 1182.39 1107.38 1283.65
0.4123 773.981 959.322 1319.37 1520.95 1058.24 1180.35  1104.5 1280.76
0.4154 772.772 958.467 1315.73 1517.38 1055.91 1178.26 1101.54  1277.8
0.4185 771.557 957.615    1312 1513.71 1053.53 1176.13 1098.51 1274.77
0.4216  770.34 956.767 1308.17 1509.94 1051.09 1173.96 1095.42 1271.67
0.4247 769.117 955.923 1304.23 1506.07 1048.61 1171.74 1092.24 1268.49
0.4278 767.894 955.086 1300.18 1502.09 1046.06 1169.47 1088.98 1265.23
0.4309  766.67 954.257 1296.02 1498.01 1043.46 1167.16 1085.65 1261.89
0.434 765.446 953.437 1291.74  1493.8  1040.8 1164.79 1082.23 1258.46
0.4371 764.227  952.63 1287.34 1489.47 1038.09 1162.38 1078.73 1254.95
0.4402 763.014 951.838 1282.81 1485.03 1035.31 1159.92 1075.14 1251.36
0.4433 761.808 951.061 1278.15 1480.45 1032.47  1157.4 1071.46 1247.67
0.4464 760.613 950.304 1273.35 1475.74 1029.56 1154.84 1067.68 1243.88
0.4495 759.432  949.57 1268.42  1470.9  1026.6 1152.22 1063.82    1240
0.4526 758.269 948.861 1263.33 1465.91 1023.57 1149.55 1059.86 1236.03
0.4557 757.126 948.182  1258.1 1460.78 1020.47 1146.83 1055.79 1231.95
0.4588 756.007 947.535 1252.72 1455.49 1017.31 1144.06 1051.63 1227.77
0.4619 754.918 946.926 1247.17 1450.05 1014.08 1141.23 1047.37 1223.49
0.465 753.865 946.359 1241.46 1444.46 1010.79 1138.35    1043  1219.1
0.4681  752.85 945.838 1235.59  1438.7 1007.43 1135.43 1038.53  1214.6
0.4712 751.882 945.371 1229.54 1432.77 1004.01 1132.45 1033.95    1210
0.4743 750.966 944.961 1223.32 1426.68 1000.53 1129.43 1029.28  1205.3
0.4774  750.11 944.615 1216.93 1420.42  996.99 1126.37  1024.5 1200.49
0.4805  749.32 944.341 1210.36 1413.98 993.392 1123.26 1019.62 1195.57
0.4836 748.604 944.143 1203.62 1407.38 989.745 1120.13 1014.65 1190.56
0.4867 747.972 944.031  1196.7  1400.6  986.05 1116.96 1009.58 1185.45
0.4898 747.431  944.01 1189.61 1393.66 982.315 1113.76 1004.43 1180.25
0.4929  746.99 944.087 1182.35 1386.56 978.544 1110.55 999.202 1174.96
0.496 746.658 944.271 1174.94  1379.3 974.748 1107.32 993.901  1169.6
0.4991 746.444 944.568 1167.37  1371.9 970.935 1104.09 988.537 1164.17
0.5022 746.355 944.984 1159.65 1364.36 967.113 1100.87 983.124 1158.68
0.5053   746.4 945.525 1151.81 1356.69 963.295 1097.66 977.674 1153.15
0.5084 746.587 946.197 1143.85 1348.91 959.491 1094.48 972.199 1147.59
0.5115  746.92 947.003  1135.8 1341.04 955.713 1091.34 966.715 1142.01
0.5146 747.406 947.948 1127.66 1333.09 951.973 1088.24 961.236 1136.43
0.5177 748.048 949.033 1119.45 1325.08 948.282  1085.2 955.778 1130.86
0.5208  748.85 950.259  1111.2 1317.02 944.653 1082.22 950.357 1125.32
0.5239 749.811 951.626 1102.93 1308.95 941.096 1079.33 944.987 1119.82
0.527 750.932 953.133 1094.64 1300.86 937.621 1076.51 939.683 1114.37
0.5301 752.212 954.777 1086.37 1292.79 934.238 1073.79 934.458    1109
0.5332 753.648 956.555 1078.12 1284.75 930.955 1071.17 929.324 1103.71
0.5363 755.237 958.464 1069.91 1276.75 927.778 1068.65 924.292 1098.51
0.5394 756.974 960.499 1061.76  1268.8 924.713 1066.23 919.371 1093.42
0.5425 758.853 962.654 1053.67 1260.92 921.764 1063.93 914.568 1088.43
0.5456 760.871 964.925 1045.67 1253.13 918.936 1061.75  909.89 1083.56
0.5487  763.02 967.306 1037.75 1245.41 916.229 1059.67 905.342 1078.81
0.5518 765.295 969.792 1029.92 1237.79 913.645 1057.72 900.927 1074.18
0.5549  767.69 972.377  1022.2 1230.27 911.184 1055.87 896.648 1069.68
0.558 770.199 975.056 1014.58 1222.85 908.847 1054.14 892.506 1065.31
0.5611 772.816 977.824 1007.06 1215.54 906.632 1052.53 888.502 1061.07
0.5642 775.536 980.678 999.656 1208.34 904.538 1051.02 884.635 1056.96
0.5673 778.353 983.611 992.361 1201.24 902.563 1049.62 880.906 1052.97
0.5704 781.263  986.62 985.178 1194.25 900.705 1048.34 877.312 1049.12
0.5735 784.261 989.702 978.106 1187.37 898.963 1047.15 873.854 1045.39
0.5766 787.342 992.851 971.144  1180.6 897.334 1046.07 870.528 1041.78
0.5797 790.501 996.066 964.293 1173.94 895.816 1045.09 867.333  1038.3
0.5828 793.736 999.344  957.55 1167.38 894.405  1044.2 864.268 1034.94
0.5859 797.043 1002.68 950.915 1160.93 893.101 1043.41 861.329  1031.7
0.589 800.417 1006.07 944.386 1154.58   891.9 1042.72 858.515 1028.58
0.5921 803.856 1009.52 937.963 1148.33   890.8 1042.11 855.824 1025.57
0.5952 807.358 1013.02 931.642 1142.19 889.799  1041.6 853.253 1022.68
0.5983 810.918 1016.57 925.423 1136.14 888.895 1041.17 850.801 1019.89
0.6014 814.535 1020.16 919.305 1130.19 888.085 1040.83 848.465 1017.22
0.6045 818.205  1023.8 913.285 1124.33 887.368 1040.56 846.243 1014.65
0.6076 821.928 1027.49 907.362 1118.57  886.74 1040.38 844.134 1012.19
0.6107 825.699 1031.21 901.536  1112.9 886.202 1040.28 842.136 1009.83
0.6138 829.518 1034.98 895.805 1107.32  885.75 1040.26 840.246 1007.57
0.6169 833.382 1038.79 890.167 1101.83 885.382 1040.31 838.464 1005.42
0.62  837.29 1042.63 884.621 1096.42 885.097 1040.43 836.786 1003.36
0.6231 841.239 1046.51 879.167 1091.11 884.894 1040.63 835.212  1001.4
0.6262 845.228 1050.43 873.803 1085.88  884.77  1040.9 833.741 999.538
0.6293 849.255 1054.38 868.529 1080.74 884.724 1041.23  832.37 997.769
0.6324 853.318 1058.36 863.344 1075.68 884.755 1041.64 831.097 996.093
0.6355 857.417 1062.37 858.246  1070.7 884.861 1042.11 829.923 994.509
0.6386 861.549 1066.42 853.236 1065.81  885.04 1042.65 828.844 993.015
0.6417 865.713 1070.49 848.313 1060.99 885.291 1043.25 827.861 991.611
0.6448 869.907 1074.59 843.476 1056.26 885.613 1043.91 826.971 990.295
0.6479 874.131 1078.72 838.725 1051.61 886.004 1044.64 826.173 989.066
0.651 878.383 1082.87 834.059 1047.04 886.463 1045.42 825.466 987.923
0.6541 882.662 1087.05 829.478 1042.55 886.989 1046.27 824.848 986.865
0.6572 886.965 1091.25 824.981 1038.13 887.581 1047.17 824.319 985.891
0.6603 891.294 1095.47 820.569  1033.8 888.237 1048.13 823.877     985
0.6634 895.645 1099.72 816.241 1029.54 888.955 1049.15 823.521 984.191
0.6665 900.018 1103.99 811.997 1025.36 889.736 1050.22  823.25 983.462
0.6696 904.412 1108.27 807.836 1021.26 890.577 1051.34 823.063 982.813
0.6727 908.825 1112.58 803.759 1017.23 891.477 1052.52 822.958 982.243
0.6758 913.257 1116.91 799.765 1013.28 892.436 1053.75 822.934 981.752
0.6789 917.706 1121.25 795.855 1009.41 893.452 1055.03  822.99 981.337
0.682 922.172 1125.61 792.027 1005.61 894.524 1056.35 823.125 980.998
0.6851 926.653 1129.98 788.283 1001.89 895.651 1057.73 823.338 980.734
0.6882 931.149 1134.37 784.622 998.244 896.832 1059.16 823.627 980.545
0.6913 935.659 1138.77 781.043 994.674 898.066 1060.63 823.992 980.429
0.6944  940.18 1143.19 777.548 991.179 899.351 1062.15 824.432 980.385
0.6975 944.714 1147.62 774.135 987.759 900.687 1063.71 824.944 980.413
0.7006 949.258 1152.06 770.805 984.414 902.072 1065.32 825.529 980.511
0.7037 953.813 1156.51 767.558 981.143 903.506 1066.97 826.184 980.679
0.7068 958.376 1160.97 764.394 977.947 904.988 1068.66 826.909 980.916
0.7099 962.947 1165.44 761.312 974.826 906.516 1070.39 827.703  981.22
0.713 967.526 1169.92 758.313 971.778 908.089 1072.17 828.565 981.591
0.7161 972.111 1174.41 755.397 968.805 909.707 1073.98 829.492 982.028
0.7192 976.702  1178.9 752.563 965.906 911.368 1075.83 830.485 982.531
0.7223 981.299  1183.4 749.811  963.08 913.072 1077.72 831.542 983.097
0.7254 985.899 1187.91 747.142 960.328 914.817 1079.65 832.662 983.727
0.7285 990.503 1192.42 744.555 957.649 916.603 1081.61 833.844 984.418
0.7316 995.109 1196.94  742.05 955.043 918.429 1083.61 835.087 985.172
0.7347 999.718 1201.46 739.628 952.511 920.293 1085.64 836.388 985.985
0.7378 1004.33 1205.98 737.286 950.051 922.195  1087.7 837.749 986.858
0.7409 1008.94 1210.51 735.027 947.664 924.133  1089.8 839.167  987.79
0.744 1013.55 1215.04  732.85 945.349 926.107 1091.93  840.64 988.779
0.7471 1018.16 1219.57 730.753 943.107 928.117 1094.09 842.169 989.825
0.7502 1022.77  1224.1 728.738 940.936  930.16 1096.28 843.752 990.927
0.7533 1027.38 1228.63 726.804 938.837 932.236  1098.5 845.387 992.083
0.7564 1031.98 1233.16  724.95 936.809 934.345 1100.75 847.075 993.294
0.7595 1036.58 1237.69 723.177 934.853 936.485 1103.03 848.812 994.557
0.7626 1041.18 1242.22 721.484 932.967 938.655 1105.34 850.599 995.873
0.7657 1045.77 1246.74  719.87 931.152 940.855 1107.67 852.435 997.239
0.7688 1050.36 1251.26 718.336 929.407 943.083 1110.02 854.317 998.655
0.7719 1054.94 1255.78 716.881 927.732  945.34  1112.4 856.246 1000.12
0.775 1059.52  1260.3 715.505 926.127 947.623 1114.81 858.219 1001.63
0.7781 1064.09 1264.81 714.207 924.591 949.933 1117.24 860.237  1003.2
0.7812 1068.65 1269.32 712.986 923.124 952.267 1119.69 862.296  1004.8
0.7843 1073.21 1273.82 711.843 921.725 954.627 1122.16 864.398 1006.45
0.7874 1077.76 1278.31 710.777 920.394  957.01 1124.65 866.541 1008.15
0.7905 1082.29  1282.8 709.786 919.131 959.416 1127.17 868.722 1009.89
0.7936 1086.82 1287.28 708.872 917.935 961.844  1129.7 870.942 1011.67
0.7967 1091.34 1291.76 708.033 916.806 964.292 1132.25   873.2  1013.5
0.7998 1095.85 1296.22 707.268 915.743 966.762 1134.82 875.493 1015.36
0.8029 1100.35 1300.68 706.577 914.746 969.251 1137.41 877.822 1017.27
0.806 1104.84 1305.13 705.959 913.814 971.758 1140.01 880.184 1019.21
0.8091 1109.31 1309.57 705.414 912.947 974.284 1142.63  882.58 1021.19
0.8122 1113.77 1313.99  704.94 912.144 976.827 1145.27 885.008  1023.2
0.8153 1118.22 1318.41 704.538 911.404 979.386 1147.92 887.466 1025.26
0.8184 1122.66 1322.82 704.205 910.728 981.961 1150.58 889.954 1027.34
0.8215 1127.08 1327.21 703.943 910.113 984.551 1153.26 892.471 1029.46
0.8246 1131.49 1331.59 703.748 909.561 987.155 1155.94 895.015 1031.62
0.8277 1135.88 1335.96 703.622 909.069 989.772 1158.64 897.586  1033.8
0.8308 1140.26 1340.32 703.562 908.638 992.402 1161.36 900.182 1036.02
0.8339 1144.62 1344.66 703.569 908.267 995.043 1164.08 902.803 1038.26
0.837 1148.97 1348.99  703.64 907.955 997.696 1166.81 905.447 1040.53
0.8401 1153.29  1353.3 703.775 907.701 1000.36 1169.55 908.114 1042.83
0.8432 1157.61  1357.6 703.973 907.504 1003.03 1172.29 910.802 1045.16
0.8463  1161.9 1361.88 704.234 907.364 1005.71 1175.05  913.51 1047.51
0.8494 1166.17 1366.14 704.555  907.28  1008.4 1177.81 916.237 1049.89
0.8525 1170.43 1370.39 704.936 907.252  1011.1 1180.58 918.982 1052.29
0.8556 1174.67 1374.62 705.376 907.277  1013.8 1183.35 921.745 1054.72
0.8587 1178.89 1378.83 705.874 907.356 1016.51 1186.12 924.523 1057.16
0.8618 1183.08 1383.03 706.428 907.487 1019.22  1188.9 927.316 1059.63
0.8649 1187.26  1387.2 707.038  907.67 1021.94 1191.69 930.124 1062.11
0.868 1191.41 1391.36 707.702 907.904 1024.66 1194.47 932.945 1064.61
0.8711 1195.55 1395.49 708.419 908.188 1027.38 1197.26 935.777 1067.13
0.8742 1199.66 1399.61 709.187  908.52 1030.11 1200.05  938.62 1069.67
0.8773 1203.75  1403.7 710.006 908.901 1032.83 1202.84 941.473 1072.22
0.8804 1207.81 1407.77 710.875 909.328 1035.56 1205.62 944.335 1074.79
0.8835 1211.85 1411.82 711.791 909.801 1038.28 1208.41 947.204 1077.37
0.8866 1215.87 1415.85 712.754 910.319 1041.01 1211.19  950.08 1079.96
0.8897 1219.86 1419.85 713.762 910.881 1043.73 1213.97 952.962 1082.57
0.8928 1223.83 1423.83 714.815 911.485 1046.45 1216.75 955.848 1085.18
0.8959 1227.77 1427.78  715.91 912.132 1049.17 1219.52 958.738  1087.8
0.899 1231.68 1431.71 717.046 912.818 1051.88 1222.29 961.631 1090.43
0.9021 1235.57 1435.62 718.223 913.545 1054.59 1225.05 964.525 1093.07
0.9052 1239.43  1439.5 719.438 914.309 1057.29 1227.81  967.42 1095.71
0.9083 1243.26 1443.35  720.69 915.111 1059.99 1230.56 970.315 1098.36
0.9114 1247.06 1447.17 721.978 915.949 1062.68  1233.3 973.208 1101.02
0.9145 1250.84 1450.96   723.3 916.822 1065.36 1236.03 976.098 1103.67
0.9176 1254.58 1454.73 724.655 917.728 1068.03 1238.75 978.985 1106.33
0.9207  1258.3 1458.47 726.042 918.667  1070.7 1241.47 981.867 1108.98
0.9238 1261.98 1462.18 727.458 919.637 1073.35 1244.17 984.745 1111.64
0.9269 1265.64 1465.86 728.904 920.638 1075.99 1246.86 987.615  1114.3
0.93 1269.26 1469.51 730.376 921.667 1078.62 1249.54 990.478 1116.95
0.9331 1272.85 1473.12 731.874 922.724 1081.24  1252.2 993.333  1119.6
0.9362 1276.41 1476.71 733.397 923.808 1083.84 1254.85 996.178 1122.25
0.9393 1279.93 1480.26 734.942 924.917 1086.44 1257.49 999.013 1124.89
0.9424 1283.42 1483.78 736.509  926.05 1089.01 1260.11 1001.84 1127.52
0.9455 1286.88 1487.27 738.096 927.205 1091.57 1262.72 1004.65 1130.15
0.9486 1290.31 1490.72 739.702 928.383 1094.12 1265.31 1007.45 1132.76
0.9517 1293.69 1494.14 741.324  929.58 1096.65 1267.88 1010.23 1135.37
0.9548 1297.05 1497.53 742.962 930.796 1099.16 1270.43    1013 1137.97
0.9579 1300.37 1500.88 744.614 932.031 1101.66 1272.97 1015.75 1140.56
0.961 1303.65 1504.19  746.28 933.282 1104.13 1275.49 1018.49 1143.13
0.9641 1306.89 1507.47 747.956 934.548 1106.59 1277.98 1021.21 1145.69
0.9672  1310.1 1510.71 749.643 935.828 1109.03 1280.46 1023.91 1148.24
0.9703 1313.27 1513.91 751.339 937.122 1111.44 1282.91 1026.59 1150.77
0.9734  1316.4 1517.08 753.042 938.426 1113.84 1285.35 1029.25 1153.28
0.9765  1319.5 1520.21 754.751 939.742 1116.21 1287.76 1031.89 1155.78
0.9796 1322.55  1523.3 756.464 941.067 1118.56 1290.15  1034.5 1158.26
0.9827 1325.57 1526.35 758.181 942.399 1120.89 1292.51  1037.1 1160.72
0.9858 1328.55 1529.36   759.9 943.739  1123.2 1294.85 1039.67 1163.16
0.9889 1331.48 1532.34  761.62 945.084 1125.48 1297.17 1042.22 1165.59
0.992 1334.38 1535.27  763.34 946.435 1127.74 1299.46 1044.74 1167.99
0.9951 1337.24 1538.16 765.057 947.788 1129.97 1301.73 1047.23 1170.37
0.9982 1340.06 1541.02 766.773 949.144 1132.17 1303.97  1049.7 1172.72
1.0013 1342.84 1543.83 768.484 950.501 1134.35 1306.18 1052.15 1175.05
1.0044 1345.57  1546.6  770.19 951.859 1136.51 1308.37 1054.56 1177.36
1.0075 1348.27 1549.33 771.889 953.215 1138.63 1310.53 1056.95 1179.65
1.0106 1350.92 1552.02 773.582  954.57 1140.73 1312.66 1059.31 1181.91
1.0137 1353.53 1554.67 775.266 955.922  1142.8 1314.76 1061.64 1184.14
1.0168  1356.1 1557.27  776.94  957.27 1144.85 1316.83 1063.94 1186.34
1.0199 1358.63 1559.84 778.605 958.613 1146.86 1318.88 1066.21 1188.52
1.023 1361.12 1562.36 780.257 959.951 1148.85 1320.89 1068.45 1190.67
1.0261 1363.56 1564.84 781.898 961.282 1150.81 1322.88 1070.66  1192.8
1.0292 1365.96 1567.27 783.525 962.605 1152.73 1324.83 1072.83 1194.89
1.0323 1368.32 1569.67 785.138  963.92 1154.63 1326.76 1074.98 1196.96
1.0354 1370.64 1572.02 786.736 965.225  1156.5 1328.66 1077.09 1198.99
1.0385 1372.92 1574.33 788.319 966.521 1158.34 1330.52 1079.17 1200.99
1.0416 1375.15 1576.59 789.885 967.806 1160.14 1332.35 1081.21 1202.97
1.0447 1377.34 1578.82 791.434 969.079 1161.92 1334.15 1083.22 1204.91
1.0478 1379.49    1581 792.964  970.34 1163.67 1335.93  1085.2 1206.82
1.0509  1381.6 1583.14 794.477 971.589 1165.38 1337.66 1087.15  1208.7
1.054 1383.66 1585.24  795.97 972.823 1167.07 1339.37 1089.06 1210.55
1.0571 1385.68 1587.29 797.443 974.044 1168.72 1341.05 1090.93 1212.37
1.0602 1387.66  1589.3 798.896  975.25 1170.34 1342.69 1092.77 1214.15
1.0633  1389.6 1591.27 800.328  976.44 1171.93 1344.31 1094.58 1215.91
1.0664  1391.5  1593.2 801.739 977.615 1173.49 1345.89 1096.35 1217.63
1.0695 1393.36 1595.09 803.128 978.774 1175.02 1347.44 1098.09 1219.31
1.0726 1395.18 1596.94 804.495 979.915 1176.51 1348.95 1099.79 1220.97
1.0757 1396.95 1598.74 805.839  981.04 1177.98 1350.44 1101.46 1222.59
1.0788 1398.69 1600.51  807.16 982.147 1179.41 1351.89  1103.1 1224.18
1.0819 1400.39 1602.23 808.458 983.236 1180.82 1353.32  1104.7 1225.73
1.085 1402.04 1603.91 809.733 984.307 1182.19 1354.71 1106.26 1227.26
1.0881 1403.66 1605.56 810.984  985.36 1183.53 1356.07 1107.79 1228.75
1.0912 1405.24 1607.16 812.211 986.394 1184.84  1357.4 1109.29 1230.21
1.0943 1406.77 1608.73 813.414 987.408 1186.13  1358.7 1110.75 1231.63
1.0974 1408.28 1610.25 814.593 988.404 1187.38 1359.97 1112.18 1233.02
1.1005 1409.74 1611.74 815.748  989.38  1188.6  1361.2 1113.57 1234.38
1.1036 1411.16 1613.19 816.878 990.337 1189.79 1362.41 1114.93 1235.71
1.1067 1412.55  1614.6 817.983 991.274 1190.95 1363.59 1116.26 1237.01
1.1098 1413.91 1615.98 819.065 992.191 1192.08 1364.74 1117.56 1238.27
1.1129 1415.22 1617.32 820.121 993.088 1193.19 1365.86 1118.82 1239.51
1.116  1416.5 1618.62 821.154 993.966 1194.26 1366.95 1120.05 1240.71
1.1191 1417.75 1619.89 822.161 994.823 1195.31 1368.01 1121.25 1241.88
1.1222 1418.96 1621.12 823.145 995.661 1196.33 1369.04 1122.41 1243.02
1.1253 1420.13 1622.32 824.105 996.479 1197.32 1370.04 1123.55 1244.13
1.1284 1421.28 1623.48  825.04 997.277 1198.28 1371.02 1124.65 1245.21
1.1315 1422.39 1624.61 825.952 998.056 1199.22 1371.97 1125.73 1246.26
1.1346 1423.47 1625.71  826.84 998.815 1200.13 1372.89 1126.77 1247.29
1.1377 1424.51 1626.77 827.704 999.554 1201.01 1373.79 1127.78 1248.28
1.1408 1425.53 1627.81 828.545 1000.27 1201.87 1374.66 1128.77 1249.25
1.1439 1426.51 1628.81 829.363 1000.97  1202.7  1375.5 1129.72 1250.18
1.147 1427.46 1629.78 830.158 1001.66 1203.51 1376.32 1130.65 1251.09
1.1501 1428.39 1630.72 830.931 1002.32  1204.3 1377.12 1131.55 1251.97
1.1532 1429.28 1631.63 831.681 1002.96 1205.06 1377.89 1132.42 1252.83
1.1563 1430.15 1632.51  832.41 1003.59 1205.79 1378.63 1133.27 1253.66
1.1594 1430.99 1633.37 833.117  1004.2  1206.5 1379.35 1134.09 1254.46
1.1625  1431.8 1634.19 833.802 1004.79 1207.19 1380.05 1134.88 1255.24
1.1656 1432.58 1634.99 834.467 1005.36 1207.86 1380.73 1135.65    1256
1.1687 1433.34 1635.76 835.111 1005.91 1208.51 1381.39 1136.39 1256.73
1.1718 1434.07 1636.51 835.734 1006.45 1209.13 1382.02 1137.11 1257.43
1.1749 1434.78 1637.23 836.338 1006.97 1209.74 1382.63  1137.8 1258.11
1.178 1435.47 1637.93 836.922 1007.47 1210.32 1383.22 1138.47 1258.77
1.1811 1436.13  1638.6 837.487 1007.96 1210.88 1383.79 1139.12 1259.41
1.1842 1436.76 1639.25 838.033 1008.43 1211.43 1384.34 1139.75 1260.03
1.1873 1437.38 1639.87  838.56 1008.89 1211.95 1384.88 1140.35 1260.62
1.1904 1437.97 1640.48  839.07 1009.33 1212.46 1385.39 1140.93 1261.19
1.1935 1438.54 1641.06 839.562 1009.76 1212.95 1385.88  1141.5 1261.75
1.1966 1439.09 1641.62 840.037 1010.17 1213.42 1386.36 1142.04 1262.28
1.1997 1439.62 1642.16 840.495 1010.56 1213.87 1386.82 1142.56 1262.79
1.2028 1440.13 1642.68 840.936 1010.94 1214.31 1387.26 1143.06 1263.29
1.2059 1440.62 1643.18 841.362 1011.31 1214.73 1387.69 1143.55 1263.76
1.209 1441.09 1643.66 841.771 1011.67 1215.13  1388.1 1144.01 1264.22
1.2121 1441.54 1644.12 842.166 1012.01 1215.52 1388.49 1144.46 1264.66
1.2152 1441.98 1644.56 842.546 1012.34  1215.9 1388.87 1144.89 1265.09
1.2183  1442.4 1644.99 842.911 1012.65 1216.26 1389.24 1145.31  1265.5
1.2214  1442.8  1645.4 843.262 1012.96  1216.6 1389.59  1145.7 1265.89
1.2245 1443.19 1645.79   843.6 1013.25 1216.94 1389.92 1146.09 1266.27
1.2276 1443.56 1646.17 843.924 1013.53 1217.25 1390.25 1146.45 1266.63
1.2307 1443.91 1646.53 844.236  1013.8 1217.56 1390.56 1146.81 1266.97
1.2338 1444.25 1646.88 844.534 1014.06 1217.85 1390.85 1147.14 1267.31
1.2369 1444.58 1647.21 844.821 1014.31 1218.13 1391.14 1147.47 1267.63
1.24 1444.89 1647.53 845.096 1014.55  1218.4 1391.41 1147.78 1267.93
1.2431 1445.19 1647.84  845.36 1014.78 1218.66 1391.67 1148.08 1268.23
1.2462 1445.48 1648.13 845.613    1015 1218.91 1391.92 1148.36 1268.51
1.2493 1445.76 1648.41 845.855 1015.21 1219.15 1392.16 1148.63 1268.78
1.2524 1446.02 1648.68 846.086 1015.41 1219.37 1392.39  1148.9 1269.03
1.2555 1446.27 1648.94 846.308  1015.6 1219.59 1392.61 1149.15 1269.28
1.2586 1446.51 1649.18  846.52 1015.79  1219.8 1392.82 1149.38 1269.52
1.2617 1446.74 1649.42 846.723 1015.97 1219.99 1393.02 1149.61 1269.74
1.2648 1446.96 1649.64 846.917 1016.13 1220.18 1393.22 1149.83 1269.96
1.2679 1447.17 1649.85 847.102 1016.29 1220.36  1393.4 1150.04 1270.16
1.271 1447.37 1650.06 847.279 1016.45 1220.54 1393.57 1150.24 1270.36
1.2741 1447.56 1650.25 847.448  1016.6  1220.7 1393.74 1150.43 1270.55
1.2772 1447.74 1650.44 847.609 1016.74 1220.86  1393.9 1150.61 1270.72
1.2803 1447.92 1650.61 847.762 1016.87 1221.01 1394.05 1150.78 1270.89
1.2834 1448.08 1650.78 847.909    1017 1221.15  1394.2 1150.95 1271.06
1.2865 1448.24 1650.94 848.048 1017.12 1221.29 1394.33  1151.1 1271.21
1.2896 1448.39  1651.1 848.181 1017.23 1221.42 1394.46 1151.25 1271.36
1.2927 1448.53 1651.24 848.307 1017.34 1221.54 1394.59 1151.39  1271.5
1.2958 1448.67 1651.38 848.428 1017.45 1221.66 1394.71 1151.53 1271.63
1.2989  1448.8 1651.51 848.542 1017.55 1221.77 1394.82 1151.66 1271.76
1.302 1448.92 1651.64 848.651 1017.64 1221.87 1394.93 1151.78 1271.88
1.3051 1449.03 1651.76 848.755 1017.73 1221.97 1395.03  1151.9 1271.99
1.3082 1449.15 1651.87 848.853 1017.82 1222.07 1395.13 1152.01  1272.1
1.3113 1449.25 1651.98 848.946  1017.9 1222.16 1395.22 1152.11 1272.21
1.3144 1449.35 1652.08 849.035 1017.98 1222.25 1395.31 1152.21  1272.3
1.3175 1449.44 1652.17 849.119 1018.05 1222.33 1395.39  1152.3  1272.4
1.3206 1449.53 1652.26 849.199 1018.12 1222.41 1395.47 1152.39 1272.48
1.3237 1449.62 1652.35 849.274 1018.19 1222.48 1395.54 1152.48 1272.57
1.3268  1449.7 1652.43 849.346 1018.25 1222.55 1395.61 1152.56 1272.65
1.3299 1449.78 1652.51 849.413 1018.31 1222.62 1395.68 1152.64 1272.72
1.333 1449.85 1652.58 849.478 1018.36 1222.68 1395.74 1152.71 1272.79
1.3361 1449.92 1652.65 849.538 1018.42 1222.74  1395.8 1152.78 1272.86
1.3392 1449.98 1652.72 849.596 1018.47 1222.79 1395.86 1152.84 1272.92
1.3423 1450.04 1652.78  849.65 1018.51 1222.84 1395.91  1152.9 1272.98
1.3454  1450.1 1652.84 849.701 1018.56 1222.89 1395.96 1152.96 1273.04
1.3485 1450.15  1652.9  849.75  1018.6 1222.94 1396.01 1153.01 1273.09
1.3516 1450.21 1652.95 849.795 1018.64 1222.99 1396.05 1153.06 1273.15
1.3547 1450.25    1653 849.839 1018.68 1223.03  1396.1 1153.11 1273.19
1.3578  1450.3 1653.05 849.879 1018.71 1223.07 1396.14 1153.16 1273.24
1.3609 1450.34 1653.09 849.918 1018.75  1223.1 1396.18  1153.2 1273.28
1.364 1450.38 1653.13 849.954 1018.78 1223.14 1396.21 1153.24 1273.32
1.3671 1450.42 1653.17 849.988 1018.81 1223.17 1396.24 1153.28 1273.36
1.3702 1450.46 1653.21  850.02 1018.83  1223.2 1396.28 1153.31 1273.39
1.3733 1450.49 1653.24  850.05 1018.86 1223.23 1396.31 1153.35 1273.43
1.3764 1450.52 1653.27 850.078 1018.89 1223.26 1396.33 1153.38 1273.46
1.3795 1450.55  1653.3 850.105 1018.91 1223.29 1396.36 1153.41 1273.49
1.3826 1450.58 1653.33  850.13 1018.93 1223.31 1396.38 1153.44 1273.52
1.3857 1450.61 1653.36 850.153 1018.95 1223.33 1396.41 1153.46 1273.54
1.3888 1450.63 1653.38 850.175 1018.97 1223.36 1396.43 1153.49 1273.57
1.3919 1450.66 1653.41 850.196 1018.99 1223.38 1396.45 1153.51 1273.59
1.395 1450.68 1653.43 850.215 1019.01 1223.39 1396.47 1153.53 1273.61
1.3981  1450.7 1653.45 850.233 1019.02 1223.41 1396.49 1153.55 1273.63
1.4012 1450.72 1653.47  850.25 1019.04 1223.43  1396.5 1153.57 1273.65
1.4043 1450.74 1653.49 850.266 1019.05 1223.44 1396.52 1153.59 1273.67
1.4074 1450.75 1653.51 850.281 1019.06 1223.46 1396.53 1153.61 1273.68
1.4105 1450.77 1653.52 850.295 1019.07 1223.47 1396.55 1153.62  1273.7
1.4136 1450.78 1653.54 850.308 1019.09 1223.48 1396.56 1153.64 1273.71
1.4167  1450.8 1653.55  850.32  1019.1  1223.5 1396.57 1153.65 1273.73
1.4198 1450.81 1653.56 850.331 1019.11 1223.51 1396.58 1153.66 1273.74
1.4229 1450.82 1653.58 850.342 1019.12 1223.52 1396.59 1153.68 1273.75
1.426 1450.83 1653.59 850.352 1019.12 1223.53  1396.6 1153.69 1273.76
1.4291 1450.84  1653.6 850.361 1019.13 1223.54 1396.61  1153.7 1273.77
1.4322 1450.85 1653.61 850.369 1019.14 1223.54 1396.62 1153.71 1273.78
1.4353 1450.86 1653.62 850.377 1019.15 1223.55 1396.63 1153.72 1273.79
1.4384 1450.87 1653.62 850.385 1019.15 1223.56 1396.63 1153.72  1273.8
1.4415 1450.88 1653.63 850.392 1019.16 1223.57 1396.64 1153.73  1273.8
1.4446 1450.88 1653.64 850.398 1019.16 1223.57 1396.65 1153.74 1273.81
1.4477 1450.89 1653.65 850.404 1019.17 1223.58 1396.65 1153.74 1273.82
1.4508  1450.9 1653.65 850.409 1019.17 1223.58 1396.66 1153.75 1273.82
1.4539  1450.9 1653.66 850.414 1019.18 1223.59 1396.66 1153.76 1273.83
1.457 1450.91 1653.66 850.419 1019.18 1223.59 1396.67 1153.76 1273.83
1.4601 1450.91 1653.67 850.423 1019.19  1223.6 1396.67 1153.77 1273.84
1.4632 1450.92 1653.67 850.427 1019.19  1223.6 1396.68 1153.77 1273.84
1.4663 1450.92 1653.68 850.431 1019.19  1223.6 1396.68 1153.78 1273.85
1.4694 1450.92 1653.68 850.434  1019.2 1223.61 1396.68 1153.78 1273.85
1.4725 1450.93 1653.69 850.437  1019.2 1223.61 1396.69 1153.78 1273.86
1.4756 1450.93 1653.69  850.44  1019.2 1223.61 1396.69 1153.79 1273.86
1.4787 1450.93 1653.69 850.443  1019.2 1223.62 1396.69 1153.79 1273.86
1.4818 1450.94 1653.69 850.445 1019.21 1223.62 1396.69 1153.79 1273.86
1.4849 1450.94  1653.7 850.448 1019.21 1223.62  1396.7 1153.79 1273.87
1.488 1450.94  1653.7  850.45 1019.21 1223.62  1396.7  1153.8 1273.87
1.4911 1450.94  1653.7 850.452 1019.21 1223.62  1396.7  1153.8 1273.87
1.4942 1450.95  1653.7 850.453 1019.21 1223.63  1396.7  1153.8 1273.87
1.4973 1450.95 1653.71 850.455 1019.21 1223.63  1396.7  1153.8 1273.87
1.5004 1450.95 1653.71 850.457 1019.22 1223.63 1396.71  1153.8 1273.88
1.5035 1450.95 1653.71 850.458 1019.22 1223.63 1396.71 1153.81 1273.88
1.5066 1450.95 1653.71 850.459 1019.22 1223.63 1396.71 1153.81 1273.88
1.5097 1450.95 1653.71  850.46 1019.22 1223.63 1396.71 1153.81 1273.88
1.5128 1450.95 1653.71 850.461 1019.22 1223.63 1396.71 1153.81 1273.88
1.5159 1450.96 1653.71 850.462 1019.22 1223.63 1396.71 1153.81 1273.88
1.519 1450.96 1653.71 850.463 1019.22 1223.63 1396.71 1153.81 1273.88
1.5221 1450.96 1653.72 850.464 1019.22 1223.64 1396.71 1153.81 1273.88
1.5252 1450.96 1653.72 850.464 1019.22 1223.64 1396.71 1153.81 1273.88
1.5283 1450.96 1653.72 850.465 1019.22 1223.64 1396.71 1153.81 1273.89
1.5314 1450.96 1653.72 850.466 1019.22 1223.64 1396.71 1153.81 1273.89
1.5345 1450.96 1653.72 850.466 1019.22 1223.64 1396.72 1153.81 1273.89
1.5376 1450.96 1653.72 850.467 1019.22 1223.64 1396.72 1153.82 1273.89
1.5407 1450.96 1653.72 850.467 1019.22 1223.64 1396.72 1153.82 1273.89
1.5438 1450.96 1653.72 850.467 1019.22 1223.64 1396.72 1153.82 1273.89
1.5469 1450.96 1653.72 850.468 1019.23 1223.64 1396.72 1153.82 1273.89
1.55 1450.96 1653.72 850.468 1019.23 1223.64 1396.72 1153.82 1273.89
1.5531 1450.96 1653.72 850.468 1019.23 1223.64 1396.72 1153.82 1273.89
1.5562 1450.96 1653.72 850.469 1019.23 1223.64 1396.72 1153.82 1273.89
1.5593 1450.96 1653.72 850.469 1019.23 1223.64 1396.72 1153.82 1273.89
1.5624 1450.96 1653.72 850.469 1019.23 1223.64 1396.72 1153.82 1273.89
1.5655 1450.96 1653.72 850.469 1019.23 1223.64 1396.72 1153.82 1273.89
1.5686 1450.96 1653.72 850.469 1019.23 1223.64 1396.72 1153.82 1273.89
1.5717 1450.96 1653.72 850.469 1019.23 1223.64 1396.72 1153.82 1273.89
1.5748 1450.96 1653.72  850.47 1019.23 1223.64 1396.72 1153.82 1273.89
1.5779 1450.96 1653.72  850.47 1019.23 1223.64 1396.72 1153.82 1273.89
1.581 1450.96 1653.72  850.47 1019.23 1223.64 1396.72 1153.82 1273.89
1.5841 1450.96 1653.72  850.47 1019.23 1223.64 1396.72 1153.82 1273.89
1.5872 1450.96 1653.72  850.47 1019.23 1223.64 1396.72 1153.82 1273.89
1.5903 1450.96 1653.72  850.47 1019.23 1223.64 1396.72 1153.82 1273.89
1.5934 1450.96 1653.72  850.47 1019.23 1223.64 1396.72 1153.82 1273.89
1.5965 1450.96 1653.72  850.47 1019.23 1223.64 1396.72 1153.82 1273.89
1.5996 1450.96 1653.72  850.47 1019.23 1223.64 1396.72 1153.82 1273.89
1.6027 1450.96 1653.72  850.47 1019.23 1223.64 1396.72 1153.82 1273.89
1.6058 1450.96 1653.72  850.47 1019.23 1223.64 1396.72 1153.82 1273.89
1.6089 1450.96 1653.72  850.47 1019.23 1223.64 1396.72 1153.82 1273.89
1.612 1450.97 1653.72  850.47 1019.23 1223.64 1396.72 1153.82 1273.89
1.6151 1450.97 1653.72  850.47 1019.23 1223.64 1396.72 1153.82 1273.89
1.6182 1450.97 1653.72  850.47 1019.23 1223.64 1396.72 1153.82 1273.89
1.6213 1450.97 1653.72  850.47 1019.23 1223.64 1396.72 1153.82 1273.89
1.6244 1450.97 1653.72  850.47 1019.23 1223.64 1396.72 1153.82 1273.89
1.6275 1450.97 1653.72  850.47 1019.23 1223.64 1396.72 1153.82 1273.89
1.6306 1450.97 1653.72  850.47 1019.23 1223.64 1396.72 1153.82 1273.89
1.6337 1450.97 1653.72  850.47 1019.23 1223.64 1396.72 1153.82 1273.89
1.6368 1450.97 1653.72  850.47 1019.23 1223.64 1396.72 1153.82 1273.89
1.6399 1450.97 1653.72  850.47 1019.23 1223.64 1396.72 1153.82 1273.89
1.643 1450.97 1653.72  850.47 1019.23 1223.64 1396.72 1153.82 1273.89
1.6461 1450.97 1653.72  850.47 1019.23 1223.64 1396.72 1153.82 1273.89
1.6492 1450.97 1653.72  850.47 1019.23 1223.64 1396.72 1153.82 1273.89
1.6523 1450.97 1653.72  850.47 1019.23 1223.64 1396.72 1153.82 1273.89
1.6554 1450.97 1653.72  850.47 1019.23 1223.64 1396.72 1153.82 1273.89
1.6585 1450.97 1653.72  850.47 1019.23 1223.64 1396.72 1153.82 1273.89
1.6616 1450.97 1653.72  850.47 1019.23 1223.64 1396.72 1153.82 1273.89
1.6647 1450.97 1653.72  850.47 1019.23 1223.64 1396.72 1153.82 1273.89
1.6678 1450.97 1653.72  850.47 1019.23 1223.64 1396.72 1153.82 1273.89
1.6709 1450.97 1653.72  850.47 1019.23 1223.64 1396.72 1153.82 1273.89
1.674 1450.97 1653.72  850.47 1019.23 1223.64 1396.72 1153.82 1273.89
1.6771 1450.97 1653.72  850.47 1019.23 1223.64 1396.72 1153.82 1273.89
1.6802 1450.97 1653.72  850.47 1019.23 1223.64 1396.72 1153.82 1273.89
1.6833 1450.97 1653.72  850.47 1019.23 1223.64 1396.72 1153.82 1273.89
1.6864 1450.97 1653.72  850.47 1019.23 1223.64 1396.72 1153.82 1273.89
1.6895 1450.97 1653.72  850.47 1019.23 1223.64 1396.72 1153.82 1273.89
1.6926 1450.97 1653.72  850.47 1019.23 1223.64 1396.72 1153.82 1273.89
1.6957 1450.97 1653.72  850.47 1019.23 1223.64 1396.72 1153.82 1273.89
1.6988 1450.97 1653.72  850.47 1019.23 1223.64 1396.72 1153.82 1273.89
1.7019 1450.97 1653.72  850.47 1019.23 1223.64 1396.72 1153.82 1273.89
1.705 1450.97 1653.72  850.47 1019.23 1223.64 1396.72 1153.82 1273.89
1.7081 1450.97 1653.72  850.47 1019.23 1223.64 1396.72 1153.82 1273.89
1.7112 1450.97 1653.72  850.47 1019.23 1223.64 1396.72 1153.82 1273.89
1.7143 1450.97 1653.72  850.47 1019.23 1223.64 1396.72 1153.82 1273.89
1.7174 1450.97 1653.72  850.47 1019.23 1223.64 1396.72 1153.82 1273.89
1.7205 1450.97 1653.72  850.47 1019.23 1223.64 1396.72 1153.82 1273.89
1.7236 1450.97 1653.72  850.47 1019.23 1223.64 1396.72 1153.82 1273.89
1.7267 1450.97 1653.72  850.47 1019.23 1223.64 1396.72 1153.82 1273.89
1.7298 1450.97 1653.72  850.47 1019.23 1223.64 1396.72 1153.82 1273.89
1.7329 1450.97 1653.72  850.47 1019.23 1223.64 1396.72 1153.82 1273.89
1.736 1450.97 1653.72  850.47 1019.23 1223.64 1396.72 1153.82 1273.89
1.7391 1450.97 1653.72  850.47 1019.23 1223.64 1396.72 1153.82 1273.89
1.7422 1450.97 1653.72  850.47 1019.23 1223.64 1396.72 1153.82 1273.89
1.7453 1450.97 1653.72  850.47 1019.23 1223.64 1396.72 1153.82 1273.89
1.7484 1450.97 1653.72  850.47 1019.23 1223.64 1396.72 1153.82 1273.89
1.7515 1450.97 1653.72  850.47 1019.23 1223.64 1396.72 1153.82 1273.89
1.7546 1450.97 1653.72  850.47 1019.23 1223.64 1396.72 1153.82 1273.89
1.7577 1450.97 1653.72  850.47 1019.23 1223.64 1396.72 1153.82 1273.89
1.7608 1450.97 1653.72  850.47 1019.23 1223.64 1396.72 1153.82 1273.89
1.7639 1450.97 1653.72  850.47 1019.23 1223.64 1396.72 1153.82 1273.89
1.767 1450.97 1653.72  850.47 1019.23 1223.64 1396.72 1153.82 1273.89
1.7701 1450.97 1653.72  850.47 1019.23 1223.64 1396.72 1153.82 1273.89
1.7732 1450.97 1653.72  850.47 1019.23 1223.64 1396.72 1153.82 1273.89
1.7763 1450.97 1653.72  850.47 1019.23 1223.64 1396.72 1153.82 1273.89
1.7794 1450.97 1653.72  850.47 1019.23 1223.64 1396.72 1153.82 1273.89
1.7825 1450.97 1653.72  850.47 1019.23 1223.64 1396.72 1153.82 1273.89
1.7856 1450.97 1653.72  850.47 1019.23 1223.64 1396.72 1153.82 1273.89
1.7887 1450.97 1653.72  850.47 1019.23 1223.64 1396.72 1153.82 1273.89
1.7918 1450.97 1653.72  850.47 1019.23 1223.64 1396.72 1153.82 1273.89
1.7949 1450.97 1653.72  850.47 1019.23 1223.64 1396.72 1153.82 1273.89
1.798 1450.97 1653.72  850.47 1019.23 1223.64 1396.72 1153.82 1273.89
1.8011 1450.97 1653.72  850.47 1019.23 1223.64 1396.72 1153.82 1273.89
1.8042 1450.97 1653.72  850.47 1019.23 1223.64 1396.72 1153.82 1273.89
1.8073 1450.97 1653.72  850.47 1019.23 1223.64 1396.72 1153.82 1273.89
1.8104 1450.97 1653.72  850.47 1019.23 1223.64 1396.72 1153.82 1273.89
1.8135 1450.97 1653.72  850.47 1019.23 1223.64 1396.72 1153.82 1273.89
1.8166 1450.97 1653.72  850.47 1019.23 1223.64 1396.72 1153.82 1273.89
1.8197 1450.97 1653.72  850.47 1019.23 1223.64 1396.72 1153.82 1273.89
1.8228 1450.97 1653.72  850.47 1019.23 1223.64 1396.72 1153.82 1273.89
1.8259 1450.97 1653.72  850.47 1019.23 1223.64 1396.72 1153.82 1273.89
1.829 1450.97 1653.72  850.47 1019.23 1223.64 1396.72 1153.82 1273.89
1.8321 1450.97 1653.72  850.47 1019.23 1223.64 1396.72 1153.82 1273.89
1.8352 1450.97 1653.72  850.47 1019.23 1223.64 1396.72 1153.82 1273.89
1.8383 1450.97 1653.72  850.47 1019.23 1223.64 1396.72 1153.82 1273.89
1.8414 1450.97 1653.72  850.47 1019.23 1223.64 1396.72 1153.82 1273.89
1.8445 1450.97 1653.72  850.47 1019.23 1223.64 1396.72 1153.82 1273.89
1.8476 1450.97 1653.72  850.47 1019.23 1223.64 1396.72 1153.82 1273.89
1.8507 1450.97 1653.72  850.47 1019.23 1223.64 1396.72 1153.82 1273.89
1.8538 1450.97 1653.72  850.47 1019.23 1223.64 1396.72 1153.82 1273.89
1.8569 1450.97 1653.72  850.47 1019.23 1223.64 1396.72 1153.82 1273.89
1.86 1450.97 1653.72  850.47 1019.23 1223.64 1396.72 1153.82 1273.89
1.8631 1450.97 1653.72  850.47 1019.23 1223.64 1396.72 1153.82 1273.89
1.8662 1450.97 1653.72  850.47 1019.23 1223.64 1396.72 1153.82 1273.89
1.8693 1450.97 1653.72  850.47 1019.23 1223.64 1396.72 1153.82 1273.89
1.8724 1450.97 1653.72  850.47 1019.23 1223.64 1396.72 1153.82 1273.89
1.8755 1450.97 1653.72  850.47 1019.23 1223.64 1396.72 1153.82 1273.89
1.8786 1450.97 1653.72  850.47 1019.23 1223.64 1396.72 1153.82 1273.89
1.8817 1450.97 1653.72  850.47 1019.23 1223.64 1396.72 1153.82 1273.89
1.8848 1450.97 1653.72  850.47 1019.23 1223.64 1396.72 1153.82 1273.89
1.8879 1450.97 1653.72  850.47 1019.23 1223.64 1396.72 1153.82 1273.89
1.891 1450.97 1653.72  850.47 1019.23 1223.64 1396.72 1153.82 1273.89
1.8941 1450.97 1653.72  850.47 1019.23 1223.64 1396.72 1153.82 1273.89
1.8972 1450.97 1653.72  850.47 1019.23 1223.64 1396.72 1153.82 1273.89
1.9003 1450.97 1653.72  850.47 1019.23 1223.64 1396.72 1153.82 1273.89
1.9034 1450.97 1653.72  850.47 1019.23 1223.64 1396.72 1153.82 1273.89
1.9065 1450.97 1653.72  850.47 1019.23 1223.64 1396.72 1153.82 1273.89
1.9096 1450.97 1653.72  850.47 1019.23 1223.64 1396.72 1153.82 1273.89
1.9127 1450.97 1653.72  850.47 1019.23 1223.64 1396.72 1153.82 1273.89
1.9158 1450.97 1653.72  850.47 1019.23 1223.64 1396.72 1153.82 1273.89
1.9189 1450.97 1653.72  850.47 1019.23 1223.64 1396.72 1153.82 1273.89
1.922 1450.97 1653.72  850.47 1019.23 1223.64 1396.72 1153.82 1273.89
1.9251 1450.97 1653.72  850.47 1019.23 1223.64 1396.72 1153.82 1273.89
1.9282 1450.97 1653.72  850.47 1019.23 1223.64 1396.72 1153.82 1273.89
1.9313 1450.97 1653.72  850.47 1019.23 1223.64 1396.72 1153.82 1273.89
1.9344 1450.97 1653.72  850.47 1019.23 1223.64 1396.72 1153.82 1273.89
1.9375 1450.97 1653.72  850.47 1019.23 1223.64 1396.72 1153.82 1273.89
1.9406 1450.97 1653.72  850.47 1019.23 1223.64 1396.72 1153.82 1273.89
1.9437 1450.97 1653.72  850.47 1019.23 1223.64 1396.72 1153.82 1273.89
1.9468 1450.97 1653.72  850.47 1019.23 1223.64 1396.72 1153.82 1273.89
