0 0
0 0
0 0
0 0
0 0
0 0
0 0
0 0
0 0
0 0
0 0
0 0
0 0
0 0
0 0
0 0
0 0
0 0
0 0
0 0
0 0
0 0
0 0
0 0
0 0
0 0
0 0
0.0001 2.29031e-07
0.0003 2.70549e-06
0.0006 6.42018e-06
0.001 1.13731e-05
0.0015 1.75642e-05
0.0021 2.49936e-05
0.0028 3.36612e-05
0.0036 4.26983e-05
0.0045 5.41304e-05
0.0055 6.68327e-05
0.0066 7.98911e-05
0.0078 9.55195e-05
0.0091 0.00011245
0.0105 0.000130019
0.012 0.000150039
0.0136 0.000170728
0.0153 0.000193967
0.0171 0.000218043
0.019 0.000243723
0.021 0.000272367
0.0231 0.000301875
0.0253 0.000333262
0.0276 0.000367714
0.03 0.000403377
0.0325 0.000441201
0.0351 0.000481292
0.0378 0.000523758
0.0406 0.000568709
0.0435 0.000616255
0.0465 0.000666506
0.0496 0.000719574
0.0527 0.000773771
0.0558 0.000829109
0.0589 0.000885597
0.062 0.000943246
0.0651 0.00100207
0.0682 0.00106207
0.0713 0.00112233
0.0744 0.00118485
0.0775 0.0012486
0.0806 0.00131358
0.0837 0.00137981
0.0868 0.0014473
0.0899 0.00151605
0.093 0.00158517
0.0961 0.00165667
0.0992 0.00172947
0.1023 0.0018036
0.1054 0.00187906
0.1085 0.00195494
0.1116 0.00203332
0.1147 0.00211307
0.1178 0.00219421
0.1209 0.00227676
0.124 0.00235997
0.1271 0.0024456
0.1302 0.00253269
0.1333 0.00262032
0.1364 0.00271061
0.1395 0.0028024
0.1426 0.00289569
0.1457 0.00298981
0.1488 0.00308647
0.1519 0.00318468
0.155 0.00328379
0.1581 0.0033855
0.1612 0.0034879
0.1643 0.00359318
0.1674 0.0037001
0.1705 0.00380796
0.1736 0.00391859
0.1767 0.00403007
0.1798 0.00414451
0.1829 0.00426067
0.186 0.00437808
0.1891 0.00449819
0.1922 0.00461957
0.1953 0.00474372
0.1984 0.00486922
0.2015 0.00499662
0.2046 0.00512727
0.2077 0.00525904
0.2108 0.005394
0.2139 0.00553028
0.217 0.00566967
0.2201 0.00581062
0.2232 0.00595383
0.2263 0.00610034
0.2294 0.00624848
0.2325 0.00639902
0.2356 0.00655295
0.2387 0.0067087
0.2418 0.00686701
0.2449 0.00702795
0.248 0.00719246
0.2511 0.007359
0.2542 0.00752832
0.2573 0.0077005
0.2604 0.0078756
0.2635 0.00805369
0.2666 0.00823483
0.2697 0.00841909
0.2728 0.00860739
0.2759 0.00879811
0.279 0.00899213
0.2821 0.00918953
0.2852 0.00938958
0.2883 0.00959401
0.2914 0.00980205
0.2945 0.0100138
0.2976 0.0102293
0.3007 0.0104486
0.3038 0.0106719
0.3069 0.0108984
0.31 0.0111299
0.3131 0.0113657
0.3162 0.0116049
0.3193 0.0118495
0.3224 0.0120986
0.3255 0.0123516
0.3286 0.0126102
0.3317 0.0128729
0.3348 0.0131415
0.3379 0.0134146
0.341 0.0136929
0.3441 0.0139776
0.3472 0.0142671
0.3503 0.0145625
0.3534 0.0148638
0.3565 0.0151712
0.3596 0.0154859
0.3627 0.0158063
0.3658 0.0161334
0.3689 0.0164667
0.372 0.0168081
0.3751 0.0171568
0.3782 0.0175131
0.3813 0.0178766
0.3844 0.0182491
0.3875 0.0186299
0.3906 0.0190189
0.3937 0.0194168
0.3968 0.0198249
0.3999 0.0202421
0.403 0.0206693
0.4061 0.0211069
0.4092 0.0215554
0.4123 0.0220152
0.4154 0.0224866
0.4185 0.0229696
0.4216 0.0234659
0.4247 0.0239747
0.4278 0.024497
0.4309 0.0250342
0.434 0.0255855
0.4371 0.0261516
0.4402 0.0267343
0.4433 0.0273335
0.4464 0.0279495
0.4495 0.0285832
0.4526 0.0292356
0.4557 0.0299072
0.4588 0.0305987
0.4619 0.0313103
0.465 0.0320436
0.4681 0.0327982
0.4712 0.0335753
0.4743 0.0343748
0.4774 0.035198
0.4805 0.0360444
0.4836 0.0369146
0.4867 0.0378082
0.4898 0.0387258
0.4929 0.0396664
0.496 0.0406296
0.4991 0.0416147
0.5022 0.0426205
0.5053 0.0436459
0.5084 0.0446894
0.5115 0.0457495
0.5146 0.0468242
0.5177 0.0479118
0.5208 0.0490102
0.5239 0.0501175
0.527 0.0512319
0.5301 0.0523515
0.5332 0.0534747
0.5363 0.0546
0.5394 0.055726
0.5425 0.0568515
0.5456 0.0579756
0.5487 0.0590975
0.5518 0.0602166
0.5549 0.0613323
0.558 0.0624443
0.5611 0.0635524
0.5642 0.0646565
0.5673 0.0657565
0.5704 0.0668525
0.5735 0.0679447
0.5766 0.0690331
0.5797 0.0701179
0.5828 0.0711994
0.5859 0.0722778
0.589 0.0733534
0.5921 0.0744264
0.5952 0.0754972
0.5983 0.0765659
0.6014 0.0776329
0.6045 0.0786985
0.6076 0.0797628
0.6107 0.0808263
0.6138 0.0818891
0.6169 0.0829515
0.62 0.0840138
0.6231 0.0850761
0.6262 0.0861388
0.6293 0.087202
0.6324 0.088266
0.6355 0.0893309
0.6386 0.090397
0.6417 0.0914645
0.6448 0.0925335
0.6479 0.0936043
0.651 0.0946769
0.6541 0.0957516
0.6572 0.0968285
0.6603 0.0979079
0.6634 0.0989898
0.6665 0.100074
0.6696 0.101162
0.6727 0.102252
0.6758 0.103346
0.6789 0.104443
0.682 0.105543
0.6851 0.106646
0.6882 0.107754
0.6913 0.108865
0.6944 0.10998
0.6975 0.111099
0.7006 0.112222
0.7037 0.11335
0.7068 0.114481
0.7099 0.115618
0.713 0.116759
0.7161 0.117904
0.7192 0.119055
0.7223 0.12021
0.7254 0.121371
0.7285 0.122536
0.7316 0.123707
0.7347 0.124884
0.7378 0.126066
0.7409 0.127253
0.744 0.128446
0.7471 0.129646
0.7502 0.130851
0.7533 0.132062
0.7564 0.133279
0.7595 0.134503
0.7626 0.135733
0.7657 0.13697
0.7688 0.138214
0.7719 0.139464
0.775 0.140721
0.7781 0.141985
0.7812 0.143256
0.7843 0.144535
0.7874 0.14582
0.7905 0.147114
0.7936 0.148415
0.7967 0.149723
0.7998 0.15104
0.8029 0.152364
0.806 0.153697
0.8091 0.155038
0.8122 0.156387
0.8153 0.157744
0.8184 0.159111
0.8215 0.160486
0.8246 0.161869
0.8277 0.163262
0.8308 0.164663
0.8339 0.166074
0.837 0.167495
0.8401 0.168924
0.8432 0.170363
0.8463 0.171812
0.8494 0.173271
0.8525 0.174739
0.8556 0.176218
0.8587 0.177707
0.8618 0.179206
0.8649 0.180715
0.868 0.182235
0.8711 0.183765
0.8742 0.185306
0.8773 0.186859
0.8804 0.188421
0.8835 0.189996
0.8866 0.191581
0.8897 0.193177
0.8928 0.194785
0.8959 0.196405
0.899 0.198036
0.9021 0.199678
0.9052 0.201333
0.9083 0.202999
0.9114 0.204677
0.9145 0.206368
0.9176 0.20807
0.9207 0.209785
0.9238 0.211512
0.9269 0.213252
0.93 0.215003
0.9331 0.216768
0.9362 0.218545
0.9393 0.220335
0.9424 0.222137
0.9455 0.223953
0.9486 0.225781
0.9517 0.227622
0.9548 0.229476
0.9579 0.231343
0.961 0.233223
0.9641 0.235116
0.9672 0.237022
0.9703 0.238941
0.9734 0.240874
0.9765 0.242819
0.9796 0.244778
0.9827 0.24675
0.9858 0.248735
0.9889 0.250734
0.992 0.252745
0.9951 0.25477
0.9982 0.256808
1.0013 0.25886
1.0044 0.260924
1.0075 0.263001
1.0106 0.265092
1.0137 0.267195
1.0168 0.269312
1.0199 0.271442
1.023 0.273585
1.0261 0.27574
1.0292 0.277909
1.0323 0.28009
1.0354 0.282284
1.0385 0.28449
1.0416 0.28671
1.0447 0.288941
1.0478 0.291186
1.0509 0.293442
1.054 0.295711
1.0571 0.297992
1.0602 0.300286
1.0633 0.302591
1.0664 0.304909
1.0695 0.307238
1.0726 0.309579
1.0757 0.311931
1.0788 0.314296
1.0819 0.316671
1.085 0.319058
1.0881 0.321457
1.0912 0.323866
1.0943 0.326287
1.0974 0.328718
1.1005 0.33116
1.1036 0.333613
1.1067 0.336077
1.1098 0.338551
1.1129 0.341035
1.116 0.34353
1.1191 0.346035
1.1222 0.348549
1.1253 0.351074
1.1284 0.353608
1.1315 0.356152
1.1346 0.358705
1.1377 0.361268
1.1408 0.36384
1.1439 0.366421
1.147 0.369011
1.1501 0.37161
1.1532 0.374218
1.1563 0.376834
1.1594 0.379459
1.1625 0.382092
1.1656 0.384734
1.1687 0.387383
1.1718 0.390041
1.1749 0.392707
1.178 0.39538
1.1811 0.398061
1.1842 0.40075
1.1873 0.403446
1.1904 0.406149
1.1935 0.40886
1.1966 0.411577
1.1997 0.414302
1.2028 0.417034
1.2059 0.419772
1.209 0.422517
1.2121 0.425268
1.2152 0.428026
1.2183 0.43079
1.2214 0.433561
1.2245 0.436337
1.2276 0.43912
1.2307 0.441909
1.2338 0.444703
1.2369 0.447503
1.24 0.450309
1.2431 0.45312
1.2462 0.455936
1.2493 0.458758
1.2524 0.461586
1.2555 0.464418
1.2586 0.467255
1.2617 0.470098
1.2648 0.472945
1.2679 0.475797
1.271 0.478654
1.2741 0.481516
1.2772 0.484382
1.2803 0.487252
1.2834 0.490127
1.2865 0.493006
1.2896 0.495889
1.2927 0.498777
1.2958 0.501669
1.2989 0.504564
1.302 0.507464
1.3051 0.510368
1.3082 0.513275
1.3113 0.516186
1.3144 0.519101
1.3175 0.522019
1.3206 0.524941
1.3237 0.527866
1.3268 0.530795
1.3299 0.533727
1.333 0.536662
1.3361 0.5396
1.3392 0.542542
1.3423 0.545487
1.3454 0.548435
1.3485 0.551385
1.3516 0.554339
1.3547 0.557296
1.3578 0.560255
1.3609 0.563217
1.364 0.566182
1.3671 0.56915
1.3702 0.57212
1.3733 0.575093
1.3764 0.578068
1.3795 0.581046
1.3826 0.584026
1.3857 0.587009
1.3888 0.589994
1.3919 0.592981
1.395 0.59597
1.3981 0.598962
1.4012 0.601956
1.4043 0.604952
1.4074 0.60795
1.4105 0.61095
1.4136 0.613952
1.4167 0.616957
1.4198 0.619963
1.4229 0.622971
1.426 0.625981
1.4291 0.628992
1.4322 0.632006
1.4353 0.635021
1.4384 0.638038
1.4415 0.641057
1.4446 0.644077
1.4477 0.647099
1.4508 0.650123
1.4539 0.653148
1.457 0.656175
1.4601 0.659203
1.4632 0.662233
1.4663 0.665264
1.4694 0.668297
1.4725 0.671331
1.4756 0.674367
1.4787 0.677403
1.4818 0.680442
1.4849 0.683481
1.488 0.686522
1.4911 0.689564
1.4942 0.692607
1.4973 0.695652
1.5004 0.698697
1.5035 0.701744
1.5066 0.704792
1.5097 0.707842
1.5128 0.710892
1.5159 0.713943
1.519 0.716996
1.5221 0.720049
1.5252 0.723104
1.5283 0.726159
1.5314 0.729216
1.5345 0.732273
1.5376 0.735331
1.5407 0.738391
1.5438 0.741451
1.5469 0.744512
1.55 0.747575
1.5531 0.750638
1.5562 0.753701
1.5593 0.756766
1.5624 0.759832
1.5655 0.762898
1.5686 0.765965
1.5717 0.769033
1.5748 0.772102
1.5779 0.775171
1.581 0.778241
1.5841 0.781312
1.5872 0.784384
1.5903 0.787456
1.5934 0.790529
1.5965 0.793603
1.5996 0.796677
1.6027 0.799752
1.6058 0.802828
1.6089 0.805904
1.612 0.808981
1.6151 0.812059
1.6182 0.815137
1.6213 0.818216
1.6244 0.821295
1.6275 0.824375
1.6306 0.827455
1.6337 0.830536
1.6368 0.833618
1.6399 0.8367
1.643 0.839783
1.6461 0.842866
1.6492 0.845949
1.6523 0.849034
1.6554 0.852118
1.6585 0.855203
1.6616 0.858289
1.6647 0.861375
1.6678 0.864461
1.6709 0.867548
1.674 0.870636
1.6771 0.873724
1.6802 0.876812
1.6833 0.8799
1.6864 0.88299
1.6895 0.886079
1.6926 0.889169
1.6957 0.892259
1.6988 0.89535
1.7019 0.898441
1.705 0.901532
1.7081 0.904624
1.7112 0.907717
1.7143 0.910809
1.7174 0.913902
1.7205 0.916995
1.7236 0.920089
1.7267 0.923183
1.7298 0.926277
1.7329 0.929372
1.736 0.932467
1.7391 0.935562
1.7422 0.938658
1.7453 0.941754
1.7484 0.94485
1.7515 0.947946
1.7546 0.951043
1.7577 0.95414
1.7608 0.957238
1.7639 0.960335
1.767 0.963433
1.7701 0.966532
1.7732 0.96963
1.7763 0.972729
1.7794 0.975828
1.7825 0.978927
1.7856 0.982027
1.7887 0.985126
1.7918 0.988226
1.7949 0.991326
1.798 0.994426
1.8011 0.997526
1.8042 1
1.8073 1
1.8104 1
1.8135 1
1.8166 1
1.8197 1
1.8228 1
1.8259 1
1.829 1
1.8321 1
1.8352 1
1.8383 1
1.8414 1
1.8445 1
1.8476 1
1.8507 1
1.8538 1
1.8569 1
1.86 1
1.8631 1
1.8662 1
1.8693 1
1.8724 1
1.8755 1
1.8786 1
1.8817 1
1.8848 1
1.8879 1
1.891 1
1.8941 1
1.8972 1
1.9003 1
1.9034 1
1.9065 1
1.9096 1
1.9127 1
1.9158 1
1.9189 1
1.922 1
1.9251 1
1.9282 1
1.9313 1
1.9344 1
1.9375 1
1.9406 1
1.9437 1
