0     850  1019.8 1473.94 1673.33 1167.26 1280.63 1237.94 1414.21
0     850  1019.8 1473.94 1673.33 1167.26 1280.63 1237.94 1414.21
0     850  1019.8 1473.94 1673.33 1167.26 1280.63 1237.94 1414.21
0     850  1019.8 1473.94 1673.33 1167.26 1280.63 1237.94 1414.21
0     850  1019.8 1473.94 1673.33 1167.26 1280.63 1237.94 1414.21
0     850  1019.8 1473.94 1673.33 1167.26 1280.63 1237.94 1414.21
0     850  1019.8 1473.94 1673.33 1167.26 1280.63 1237.94 1414.21
0     850  1019.8 1473.94 1673.33 1167.26 1280.63 1237.94 1414.21
0     850  1019.8 1473.94 1673.33 1167.26 1280.63 1237.94 1414.21
0     850  1019.8 1473.94 1673.33 1167.26 1280.63 1237.94 1414.21
0     850  1019.8 1473.94 1673.33 1167.26 1280.63 1237.94 1414.21
0     850  1019.8 1473.94 1673.33 1167.26 1280.63 1237.94 1414.21
0     850  1019.8 1473.94 1673.33 1167.26 1280.63 1237.94 1414.21
0     850  1019.8 1473.94 1673.33 1167.26 1280.63 1237.94 1414.21
0     850  1019.8 1473.94 1673.33 1167.26 1280.63 1237.94 1414.21
0     850  1019.8 1473.94 1673.33 1167.26 1280.63 1237.94 1414.21
0     850  1019.8 1473.94 1673.33 1167.26 1280.63 1237.94 1414.21
0     850  1019.8 1473.94 1673.33 1167.26 1280.63 1237.94 1414.21
0     850  1019.8 1473.94 1673.33 1167.26 1280.63 1237.94 1414.21
0     850  1019.8 1473.94 1673.33 1167.26 1280.63 1237.94 1414.21
0     850  1019.8 1473.94 1673.33 1167.26 1280.63 1237.94 1414.21
0     850  1019.8 1473.94 1673.33 1167.26 1280.63 1237.94 1414.21
0     850  1019.8 1473.94 1673.33 1167.26 1280.63 1237.94 1414.21
0     850  1019.8 1473.94 1673.33 1167.26 1280.63 1237.94 1414.21
0     850  1019.8 1473.94 1673.33 1167.26 1280.63 1237.94 1414.21
0.0001     850  1019.8 1473.94 1673.33 1167.26 1280.63 1237.94 1414.21
0.0003 849.996  1019.8 1473.93 1673.32 1167.26 1280.63 1237.94 1414.21
0.0006 849.986 1019.79 1473.92 1673.31 1167.25 1280.62 1237.92 1414.19
0.001 849.972 1019.78  1473.9 1673.29 1167.23  1280.6  1237.9 1414.17
0.0015 849.953 1019.76 1473.87 1673.26 1167.21 1280.58 1237.88 1414.15
0.0021 849.929 1019.74 1473.83 1673.22 1167.18 1280.56 1237.84 1414.12
0.0028   849.9 1019.72 1473.79 1673.18 1167.15 1280.52  1237.8 1414.07
0.0036 849.867 1019.69 1473.74 1673.13 1167.11 1280.49 1237.76 1414.03
0.0045 849.827 1019.66 1473.68 1673.07 1167.06 1280.44  1237.7 1413.97
0.0055 849.784 1019.62 1473.61 1673.01 1167.01  1280.4 1237.64 1413.91
0.0066 849.735 1019.58 1473.54 1672.93 1166.95 1280.34 1237.58 1413.85
0.0078  849.68 1019.53 1473.46 1672.85 1166.89 1280.28  1237.5 1413.77
0.0091 849.621 1019.48 1473.37 1672.76 1166.82 1280.22 1237.42 1413.69
0.0105 849.556 1019.42 1473.27 1672.66 1166.74 1280.15 1237.33  1413.6
0.012 849.485 1019.36 1473.16 1672.56 1166.66 1280.07 1237.23  1413.5
0.0136 849.409  1019.3 1473.05 1672.45 1166.57 1279.98 1237.12 1413.39
0.0153 849.327 1019.23 1472.92 1672.32 1166.48 1279.89 1237.01 1413.28
0.0171 849.238 1019.15 1472.79 1672.19 1166.37  1279.8 1236.89 1413.16
0.019 849.143 1019.07 1472.65 1672.05 1166.26 1279.69 1236.75 1413.02
0.021 849.043 1018.98 1472.49  1671.9 1166.15 1279.58 1236.61 1412.88
0.0231 848.935 1018.89 1472.33 1671.74 1166.02 1279.46 1236.46 1412.73
0.0253  848.82  1018.8 1472.16 1671.56 1165.89 1279.34 1236.31 1412.58
0.0275 848.699 1018.69 1471.97 1671.38 1165.74  1279.2 1236.14 1412.41
0.0297 848.576 1018.59 1471.79  1671.2  1165.6 1279.07 1235.96 1412.23
0.0319 848.451 1018.48  1471.6 1671.01 1165.45 1278.93 1235.79 1412.06
0.0341 848.325 1018.37  1471.4 1670.82 1165.31 1278.79 1235.61 1411.88
0.0363 848.197 1018.26 1471.21 1670.63 1165.16 1278.65 1235.44 1411.71
0.0385 848.067 1018.15 1471.01 1670.43    1165  1278.5 1235.26 1411.52
0.0407 847.936 1018.04 1470.81 1670.23 1164.85 1278.36 1235.07 1411.34
0.0429 847.802 1017.93 1470.61 1670.03 1164.69 1278.21 1234.89 1411.15
0.0451 847.668 1017.81  1470.4 1669.83 1164.54 1278.06  1234.7 1410.97
0.0473 847.531 1017.69 1470.19 1669.62 1164.38 1277.91 1234.51 1410.78
0.0495 847.393 1017.58 1469.98 1669.41 1164.21 1277.76 1234.31 1410.58
0.0517 847.253 1017.46 1469.77  1669.2 1164.05  1277.6 1234.12 1410.39
0.0539 847.111 1017.34 1469.55 1668.99 1163.88 1277.44 1233.92 1410.19
0.0561 846.968 1017.21 1469.33 1668.77 1163.71 1277.29 1233.72 1409.99
0.0583 846.822 1017.09 1469.11 1668.55 1163.54 1277.12 1233.51 1409.78
0.0605 846.675 1016.97 1468.88 1668.32 1163.37 1276.96 1233.31 1409.57
0.0627 846.527 1016.84 1468.65  1668.1 1163.19 1276.79  1233.1 1409.36
0.0649 846.376 1016.71 1468.42 1667.87 1163.01 1276.63 1232.88 1409.15
0.0671 846.224 1016.58 1468.18 1667.64 1162.83 1276.46 1232.67 1408.94
0.0694 846.069 1016.45 1467.94  1667.4 1162.65 1276.28 1232.45 1408.72
0.0718 845.905 1016.31 1467.69 1667.15 1162.46  1276.1 1232.22 1408.49
0.0743 845.733 1016.16 1467.43 1666.89 1162.25 1275.91 1231.98 1408.24
0.0769  845.55 1016.01 1467.14 1666.61 1162.04 1275.71 1231.72 1407.99
0.0796 845.358 1015.84 1466.84 1666.31 1161.81 1275.49 1231.45 1407.71
0.0824 845.156 1015.67 1466.53    1666 1161.57 1275.27 1231.16 1407.43
0.0853 844.943 1015.49  1466.2 1665.68 1161.31 1275.03 1230.86 1407.13
0.0883 844.719  1015.3 1465.85 1665.33 1161.05 1274.78 1230.54 1406.81
0.0914 844.483  1015.1 1465.48 1664.97 1160.77 1274.51 1230.21 1406.47
0.0946 844.236 1014.89  1465.1 1664.59 1160.47 1274.24 1229.86 1406.12
0.0979 843.977 1014.67 1464.69 1664.19 1160.16 1273.94 1229.49 1405.75
0.1013 843.705 1014.44 1464.27 1663.76 1159.84 1273.64  1229.1 1405.36
0.1048  843.42  1014.2 1463.82 1663.32  1159.5 1273.32 1228.69 1404.96
0.1084 843.121 1013.95 1463.35 1662.86 1159.14 1272.98 1228.27 1404.53
0.1121 842.808 1013.68 1462.86 1662.37 1158.76 1272.63 1227.82 1404.08
0.1159  842.48  1013.4 1462.34 1661.86 1158.37 1272.26 1227.35 1403.61
0.1198 842.137 1013.12  1461.8 1661.32 1157.96 1271.87 1226.86 1403.12
0.1238 841.778 1012.81 1461.23 1660.76 1157.53 1271.46 1226.34  1402.6
0.1279 841.403 1012.49 1460.63 1660.17 1157.07 1271.04  1225.8 1402.06
0.1321 841.009 1012.16    1460 1659.55  1156.6 1270.59 1225.23 1401.49
0.1363 840.599 1011.82 1459.35  1658.9  1156.1 1270.13 1224.64  1400.9
0.1405  840.18 1011.46 1458.68 1658.24 1155.59 1269.65 1224.03 1400.29
0.1447 839.752  1011.1 1457.99 1657.56 1155.07 1269.16 1223.41 1399.67
0.1489 839.315 1010.74 1457.29 1656.87 1154.54 1268.66 1222.77 1399.03
0.1531 838.869 1010.36 1456.57 1656.15    1154 1268.15 1222.12 1398.38
0.1573 838.413 1009.98 1455.83 1655.43 1153.44 1267.63 1221.45 1397.71
0.1615 837.949 1009.59 1455.07 1654.68 1152.87  1267.1 1220.77 1397.03
0.1657 837.475 1009.19  1454.3 1653.92 1152.29 1266.55 1220.08 1396.34
0.1699 836.991 1008.78 1453.51 1653.14 1151.69 1265.99 1219.36 1395.62
0.1741 836.497 1008.37  1452.7 1652.34 1151.09 1265.42 1218.63 1394.89
0.1783 835.994 1007.95 1451.87 1651.52 1150.46 1264.84 1217.89 1394.15
0.1825  835.48 1007.52 1451.02 1650.68 1149.83 1264.25 1217.13 1393.39
0.1867 834.955 1007.08 1450.16 1649.82 1149.18 1263.64 1216.35 1392.61
0.1909 834.421 1006.63 1449.27 1648.95 1148.51 1263.02 1215.55 1391.81
0.1951 833.876 1006.18 1448.36 1648.05 1147.83 1262.38 1214.73 1390.99
0.1993 833.319 1005.72 1447.43 1647.13 1147.14 1261.73  1213.9 1390.16
0.2035 832.752 1005.24 1446.48 1646.19 1146.42 1261.07 1213.05  1389.3
0.2077 832.173 1004.76  1445.5 1645.23  1145.7 1260.39 1212.17 1388.43
0.2119 831.583 1004.27  1444.5 1644.24 1144.95 1259.69 1211.28 1387.54
0.2161 830.981 1003.77 1443.48 1643.23 1144.19 1258.98 1210.36 1386.62
0.2203 830.367 1003.26 1442.43  1642.2 1143.41 1258.26 1209.43 1385.69
0.2245  829.74 1002.74 1441.36 1641.14 1142.62 1257.51 1208.47 1384.73
0.2287 829.102 1002.22 1440.26 1640.05  1141.8 1256.76 1207.49 1383.75
0.2329 828.451 1001.68 1439.14 1638.94 1140.97 1255.98 1206.49 1382.75
0.2371 827.786 1001.13 1437.98  1637.8 1140.12 1255.19 1205.47 1381.73
0.2413 827.109 1000.57  1436.8 1636.64 1139.25 1254.38 1204.42 1380.68
0.2455 826.419    1000 1435.59 1635.44 1138.36 1253.55 1203.34  1379.6
0.2497 825.714 999.423 1434.35 1634.22 1137.45  1252.7 1202.24  1378.5
0.2539 824.996 998.833 1433.08 1632.97 1136.51 1251.83 1201.12 1377.38
0.2581 824.263 998.232 1431.78 1631.68 1135.56 1250.94 1199.97 1376.23
0.2623 823.516  997.62 1430.45 1630.37 1134.58 1250.03 1198.79 1375.05
0.2665 822.755 996.997 1429.08 1629.02 1133.58 1249.11 1197.58 1373.84
0.2707 821.978 996.362 1427.68 1627.63 1132.56 1248.16 1196.34  1372.6
0.2749 821.186 995.716 1426.24 1626.21 1131.51 1247.18 1195.07 1371.33
0.2791 820.377 995.057 1424.77 1624.76 1130.43 1246.19 1193.77 1370.04
0.2833 819.554 994.387 1423.25 1623.27 1129.33 1245.17 1192.44 1368.71
0.2875 818.713 993.704  1421.7 1621.73 1128.21 1244.13 1191.08 1367.34
0.2917 817.856 993.009 1420.11 1620.16 1127.06 1243.06 1189.68 1365.94
0.2959 816.981 992.301 1418.47 1618.55 1125.87 1241.96 1188.25 1364.51
0.3001 816.089 991.581 1416.79 1616.89 1124.66 1240.84 1186.78 1363.04
0.3043  815.18 990.847 1415.07 1615.19 1123.42  1239.7 1185.27 1361.54
0.3085 814.252 990.099  1413.3 1613.45 1122.15 1238.52 1183.73 1359.99
0.3127 813.305 989.338 1411.48 1611.65 1120.84 1237.32 1182.14 1358.41
0.3169 812.339 988.564 1409.61 1609.81 1119.51 1236.08 1180.51 1356.78
0.3211 811.354 987.775 1407.69 1607.91 1118.13 1234.82 1178.84 1355.11
0.3253 810.348 986.971 1405.71 1605.97 1116.72 1233.52 1177.13 1353.39
0.3295 809.323 986.154 1403.68 1603.96 1115.28 1232.19 1175.36 1351.63
0.3337 808.276 985.321 1401.59  1601.9  1113.8 1230.82 1173.55 1349.82
0.3379 807.208 984.473 1399.44 1599.78 1112.27 1229.42 1171.69 1347.96
0.3421 806.118  983.61 1397.22 1597.59 1110.71 1227.99 1169.78 1346.05
0.3463 805.006 982.732 1394.94 1595.34  1109.1 1226.51 1167.81 1344.08
0.3505  803.87 981.837 1392.59 1593.03 1107.45 1224.99 1165.79 1342.06
0.3547 802.711 980.926 1390.16 1590.64 1105.75 1223.44 1163.71 1339.98
0.3589 801.528 979.999 1387.66 1588.17    1104 1221.83 1161.56 1337.84
0.3631 800.321 979.056 1385.08 1585.63 1102.21 1220.19 1159.36 1335.63
0.3673 799.087 978.095 1382.42    1583 1100.36  1218.5 1157.08 1333.35
0.3715 797.828 977.117 1379.66 1580.29 1098.45 1216.76 1154.73 1331.01
0.3757 796.543 976.122 1376.82 1577.49 1096.49 1214.96 1152.31 1328.59
0.3799  795.23 975.109 1373.88 1574.59 1094.47 1213.12 1149.81 1326.09
0.3841 793.889 974.079 1370.83 1571.59 1092.38 1211.21 1147.24 1323.51
0.3883 792.519  973.03 1367.68 1568.48 1090.22 1209.25 1144.57 1320.85
0.3925  791.12 971.963 1364.41 1565.26    1088 1207.23 1141.81 1318.09
0.3967 789.691 970.878 1361.02 1561.92  1085.7 1205.14 1138.96 1315.24
0.4009 788.231 969.775 1357.49 1558.46 1083.33 1202.98    1136 1312.28
0.4051  786.74 968.653 1353.83 1554.85 1080.87 1200.75 1132.94 1309.22
0.4093 785.215 967.513 1350.03 1551.11 1078.32 1198.44 1129.76 1306.04
0.4135 783.658 966.354 1346.06  1547.2 1075.68 1196.05 1126.46 1302.74
0.4177 782.067 965.177 1341.92 1543.13 1072.94 1193.58 1123.03 1299.31
0.4219  780.44 963.982  1337.6 1538.88 1070.09 1191.01 1119.45 1295.73
0.4261 778.778 962.769 1333.08 1534.44 1067.12 1188.34 1115.73    1292
0.4303  777.08  961.54 1328.35 1529.78 1064.04 1185.56 1111.84 1288.11
0.4345 775.345 960.294 1323.38 1524.89 1060.82 1182.67 1107.77 1284.04
0.4387 773.573 959.033 1318.15 1519.75 1057.45 1179.65 1103.51 1279.77
0.4429 771.764 957.759 1312.64 1514.34 1053.93  1176.5 1099.03 1275.29
0.4471 769.916 956.474 1306.82 1508.61 1050.24 1173.19 1094.32 1270.58
0.4513 768.031  955.18 1300.64 1502.55 1046.35 1169.73 1089.35  1265.6
0.4555  766.11 953.881 1294.08 1496.09 1042.25 1166.08  1084.1 1260.33
0.4597 764.154 952.582 1287.07 1489.21 1037.92 1162.23 1078.51 1254.74
0.4639 762.165  951.29 1279.55 1481.82 1033.32 1158.15 1072.56 1248.77
0.4681 760.149 950.014 1271.44 1473.86 1028.41 1153.82 1066.18 1242.38
0.4723 758.114 948.768 1262.64 1465.23 1023.16 1149.19 1059.32 1235.49
0.4765  756.07 947.571 1253.03  1455.8 1017.49 1144.22 1051.87 1228.01
0.4807 754.038  946.45 1242.43  1445.4 1011.34 1138.84 1043.74 1219.84
0.4849 752.049 945.449 1230.62 1433.83 1004.62 1132.98 1034.77 1210.82
0.4891 750.159 944.634 1217.32 1420.79   997.2 1126.55 1024.79 1200.78
0.4933 748.462 944.112 1202.15 1405.94 988.957 1119.45 1013.57 1189.47
0.4975 747.126  944.05  1184.8 1388.96  979.81 1111.62 1000.96 1176.74
0.5017 746.409 944.663 1165.41 1369.98 969.958 1103.27 987.158 1162.77
0.5059 746.534 946.041 1145.58  1350.6 960.308 1095.16 973.379 1148.79
0.5101 747.419 947.971 1127.47 1332.91 951.889 1088.17 961.114  1136.3
0.5143 748.833 950.235 1111.36 1317.17 944.719 1082.28 950.457 1125.42
0.5185 750.589 952.679 1097.06 1303.22 938.625 1077.32 941.222 1115.96
0.5227 752.555 955.207 1084.31 1290.79 933.411 1073.13 933.171 1107.68
0.5269 754.658 957.774 1072.81 1279.57 928.889 1069.53  926.06 1100.34
0.5311  756.86 960.367 1062.27  1269.3 924.903 1066.38 919.678 1093.74
0.5353 759.149 962.989 1052.46 1259.74 921.331  1063.6 913.855 1087.69
0.5395 761.525 965.653  1043.2 1250.72 918.081 1061.09 908.463 1082.07
0.5437 763.993 968.373 1034.34 1242.09 915.091 1058.81 903.408 1076.78
0.5479  766.56 971.161 1025.78 1233.76 912.315 1056.72 898.624 1071.76
0.5521 769.232 974.027 1017.46 1225.66 909.721 1054.79 894.064 1066.96
0.5563 772.016 976.981 1009.32 1217.74 907.287    1053 889.694 1062.34
0.5605 774.915 980.028 1001.31 1209.95 904.998 1051.35 885.493 1057.87
0.5647 777.934 983.175 993.426 1202.28 902.846 1049.82 881.445 1053.55
0.5689 781.073 986.424 985.637  1194.7 900.822 1048.42  877.54 1049.36
0.5731 784.335 989.778 977.933 1187.21 898.922 1047.12 873.771  1045.3
0.5773 787.721 993.238 970.307 1179.79 897.144 1045.94 870.134 1041.36
0.5815 791.228 996.804 962.754 1172.44 895.486 1044.88 866.627 1037.53
0.5857 794.858 1000.48 955.271 1165.17 893.948 1043.92 863.249 1033.82
0.5899 798.608 1004.25 947.858 1157.96 892.528 1043.08 860.001 1030.23
0.5941 802.476 1008.14 940.514 1150.82 891.227 1042.35 856.883 1026.76
0.5983  806.46 1012.12 933.243 1143.74 890.045 1041.72 853.897  1023.4
0.6025 810.557 1016.21 926.045 1136.74 888.982 1041.21 851.042 1020.17
0.6067 814.764 1020.39 918.923 1129.81 888.037 1040.81 848.322 1017.05
0.6109 819.078 1024.67 911.881 1122.96 887.212 1040.51 845.737 1014.06
0.6151 823.495 1029.04 904.921 1116.19 886.505 1040.33 843.288 1011.19
0.6193 828.011  1033.5 898.046  1109.5 885.917 1040.26 840.976 1008.45
0.6235 832.624 1038.04 891.261 1102.89 885.447 1040.29 838.804 1005.83
0.6277 837.327 1042.67 884.569 1096.37 885.095 1040.43 836.771 1003.34
0.6319 842.116 1047.38 877.976 1089.95  884.86 1040.68 834.879 1000.98
0.6361 846.983 1052.15 871.487 1083.62 884.741 1041.03 833.129 998.754
0.6403 851.924    1057 865.108  1077.4 884.736 1041.49 831.522 996.656
0.6445 856.933  1061.9 858.842 1071.28 884.844 1042.05 830.056 994.691
0.6487 862.004 1066.86 852.692 1065.27 885.064 1042.71 828.732 992.857
0.6529 867.132 1071.88 846.663 1059.38 885.392 1043.47 827.548 991.155
0.6571 872.313 1076.94 840.756  1053.6 885.828 1044.32 826.504 989.584
0.6613 877.541 1082.05 834.973 1047.94 886.367 1045.26 825.598 988.142
0.6655 882.813  1087.2 829.318 1042.39 887.009  1046.3 824.828  986.83
0.6697 888.123 1092.38 823.791 1036.96  887.75 1047.42 824.192 985.644
0.6739 893.467  1097.6 818.394 1031.66 888.588 1048.63 823.689 984.585
0.6781 898.842 1102.84 813.128 1026.47  889.52 1049.92 823.315  983.65
0.6823 904.242 1108.11 807.994 1021.41 890.543  1051.3 823.068 982.837
0.6865 909.666  1113.4 802.994 1016.47 891.655 1052.75 822.947 982.144
0.6907 915.108 1118.71 798.126 1011.66 892.853 1054.27 822.947  981.57
0.6949 920.565 1124.04 793.393 1006.97 894.133 1055.87 823.067 981.111
0.6991 926.035 1129.38 788.794  1002.4 895.493 1057.54 823.304 980.766
0.7033 931.514 1134.72 784.329 997.953  896.93 1059.28 823.654 980.533
0.7075 936.998 1140.08 779.998  993.63 898.441 1061.08 824.115 980.408
0.7117 942.485 1145.44 775.801  989.43 900.024 1062.94 824.683  980.39
0.7159 947.972  1150.8 771.738 985.352 901.676 1064.86 825.356 980.476
0.7201 953.457 1156.16 767.808 981.395 903.393 1066.84  826.13 980.663
0.7243 958.937 1161.52 764.011  977.56 905.173 1068.87 827.003 980.949
0.7285 964.409 1166.87 760.345 973.844 907.013 1070.96 827.971 981.331
0.7327 969.871 1172.21  756.81 970.248 908.912 1073.09 829.031 981.807
0.7369 975.322 1177.55 753.406 966.769 910.865 1075.27  830.18 982.373
0.7411 980.758 1182.87  750.13 963.408  912.87  1077.5 831.415 983.027
0.7453 986.178 1188.18 746.982 960.163 914.925 1079.77 832.732 983.767
0.7495 991.581 1193.48 743.961 957.032 917.027 1082.07  834.13 984.589
0.7537 996.964 1198.76 741.065 954.016 919.174 1084.42 835.603 985.492
0.7579 1002.32 1204.02 738.293 951.111 921.364  1086.8 837.151 986.472
0.7621 1007.66 1209.26 735.644 948.317 923.593 1089.22 838.769 987.527
0.7663 1012.98 1214.48 733.115 945.632  925.86 1091.67 840.455 988.653
0.7705 1018.27 1219.67 730.706 943.056 928.163 1094.14 842.205  989.85
0.7747 1023.53 1224.84 728.414 940.586 930.499 1096.65 844.017 991.113
0.7789 1028.76 1229.99 726.239  938.22 932.866 1099.18 845.889 992.442
0.7831 1033.96 1235.11 724.177 935.958 935.262 1101.73 847.817 993.832
0.7873 1039.13  1240.2 722.227 933.797 937.686 1104.31 849.798 995.281
0.7915 1044.27 1245.27 720.388 931.736 940.134  1106.9 851.831 996.788
0.7957 1049.38  1250.3 718.657 929.774 942.606 1109.52 853.912 998.349
0.7999 1054.46  1255.3 717.032 927.907 945.098 1112.15 856.038 999.963
0.8041  1059.5 1260.28 715.512 926.136 947.611 1114.79 858.208 1001.63
0.8083  1064.5 1265.22 714.094 924.457 950.141 1117.45 860.419 1003.34
0.8125 1069.47 1270.12 712.776 922.869 952.687 1120.13 862.669 1005.09
0.8167  1074.4    1275 711.557  921.37 955.248 1122.81 864.955 1006.89
0.8209 1079.29 1279.83 710.433 919.959 957.822  1125.5 867.275 1008.74
0.8251 1084.15 1284.64 709.403 918.634 960.407  1128.2 869.626 1010.62
0.8293 1088.97 1289.41 708.465 917.392 963.002 1130.91 872.008 1012.53
0.8335 1093.74 1294.14 707.616 916.232 965.605 1133.62 874.417 1014.49
0.8377 1098.48 1298.83 706.855 915.152 968.216 1136.33 876.851 1016.47
0.8419 1103.18 1303.49 706.178  914.15 970.832 1139.05  879.31 1018.49
0.8461 1107.84 1308.11 705.585 913.225 973.453 1141.77  881.79 1020.53
0.8503 1112.46 1312.69 705.072 912.374 976.076 1144.49 884.289 1022.61
0.8545 1117.04 1317.23 704.638 911.595 978.702 1147.21 886.807 1024.71
0.8587 1121.57 1321.74  704.28 910.888 981.329 1149.93 889.342 1026.83
0.8629 1126.07  1326.2 703.997 910.249 983.956 1152.64 891.891 1028.97
0.8671 1130.52 1330.63 703.785 909.677 986.581 1155.35 894.453 1031.14
0.8713 1134.93 1335.02 703.644 909.171 989.204 1158.06 897.027 1033.32
0.8755  1139.3 1339.36  703.57 908.728 991.824 1160.76  899.61 1035.53
0.8797 1143.63 1343.67 703.561 908.347 994.439 1163.45 902.202 1037.74
0.8839 1147.91 1347.93 703.617 908.025 997.049 1166.14 904.801 1039.98
0.8881 1152.15 1352.16 703.733 907.762 999.653 1168.82 907.406 1042.22
0.8923 1156.35 1356.34 703.909 907.556 1002.25 1171.49 910.015 1044.48
0.8965 1160.51 1360.49 704.142 907.404 1004.84 1174.15 912.627 1046.75
0.9007 1164.62 1364.59 704.431 907.304 1007.42  1176.8 915.241 1049.02
0.9049 1168.69 1368.65 704.773 907.257 1009.99 1179.44 917.855 1051.31
0.9091 1172.72 1372.67 705.166 907.259 1012.55 1182.07 920.468 1053.59
0.9133  1176.7 1376.65 705.609 907.308  1015.1 1184.68  923.08 1055.89
0.9175 1180.65 1380.59 706.099 907.405 1017.64 1187.29 925.691 1058.19
0.9217 1184.56  1384.5 706.637 907.546 1020.18 1189.89 928.306  1060.5
0.9259 1188.45  1388.4 707.223 907.732 1022.72 1192.49 930.933 1062.83
0.9301 1192.34 1392.29 707.858 907.964 1025.27  1195.1 933.579 1065.18
0.9343 1196.24 1396.19 708.544  908.24 1027.84 1197.73 936.254 1067.56
0.9385 1200.16 1400.11 709.284 908.564 1030.44 1200.39 938.968 1069.98
0.9427 1204.12 1404.07 710.083 908.938 1033.08 1203.09 941.733 1072.46
0.9469 1208.13  1408.1 710.946 909.364 1035.78 1205.85 944.563    1075
0.9511 1212.23  1412.2 711.879 909.848 1038.54 1208.67 947.472 1077.61
0.9553 1216.42  1416.4  712.89 910.394 1041.38 1211.57 950.475 1080.32
0.9595 1220.72 1420.72 713.987 911.008 1044.32 1214.58 953.587 1083.13
0.9637 1225.16 1425.17 715.179 911.699 1047.37 1217.69 956.823 1086.06
0.9679 1229.74 1429.77 716.477 912.472 1050.54 1220.92 960.194 1089.13
0.9721 1234.48 1434.53 717.889 913.337 1053.83 1224.28 963.713 1092.33
0.9763 1239.38 1439.45 719.424   914.3 1057.26 1227.78 967.387 1095.68
0.9805 1244.45 1444.55 721.089  915.37 1060.83 1231.42 971.221 1099.19
0.9847 1249.68 1449.81 722.891 916.551 1064.54  1235.2 975.213 1102.86
0.9889 1255.07 1455.22 724.833 917.848 1068.38 1239.11 979.359 1106.67
0.9931 1260.59 1460.77 726.917 919.265 1072.34 1243.14 983.652 1110.63
0.9973 1266.22 1466.45  729.14 920.802 1076.42 1247.29 988.077 1114.73
1.0015 1271.96 1472.22 731.498 922.458 1080.59 1251.54 992.621 1118.94
1.0057 1277.76 1478.07 733.986 924.229 1084.84 1255.86 997.263 1123.26
1.0099 1283.61 1483.97 736.593 926.111 1089.15 1260.25 1001.99 1127.66
1.0141 1289.48 1489.89  739.31 928.095  1093.5 1264.68 1006.77 1132.13
1.0183 1295.34 1495.81 742.125 930.174 1097.88 1269.13 1011.59 1136.65
1.0225 1301.18  1501.7 745.025 932.338 1102.27 1273.59 1016.43 1141.19
1.0267 1306.97 1507.55 747.996 934.578 1106.65 1278.04 1021.27 1145.75
1.0309 1312.69 1513.32 751.024 936.881    1111 1282.46 1026.09  1150.3
1.0351 1318.32 1519.02 754.097 939.238 1115.31 1286.84 1030.88 1154.83
1.0393 1323.85 1524.61   757.2 941.637 1119.57 1291.17 1035.62 1159.32
1.0435 1329.27  1530.1 760.321 944.068 1123.76 1295.42 1040.29 1163.76
1.0477 1334.56 1535.46 763.448  946.52 1127.88 1299.61  1044.9 1168.14
1.0519 1339.73 1540.68 766.569 948.983 1131.91  1303.7 1049.41 1172.44
1.0561 1344.75 1545.77 769.675 951.449 1135.86 1307.71 1053.84 1176.67
1.0603 1349.63 1550.71 772.755 953.908 1139.71 1311.62 1058.16 1180.81
1.0645 1354.36  1555.5 775.801 956.353 1143.46 1315.42 1062.38 1184.85
1.0687 1358.93 1560.14 778.805 958.775 1147.11 1319.12 1066.48 1188.79
1.0729 1363.36 1564.63  781.76  961.17 1150.64 1322.71 1070.47 1192.62
1.0771 1367.62 1568.96  784.66  963.53 1154.07 1326.19 1074.34 1196.34
1.0813 1371.74 1573.13 787.499  965.85 1157.39 1329.56 1078.09 1199.96
1.0855  1375.7 1577.15 790.274 968.125 1160.59 1332.81 1081.72 1203.46
1.0897 1379.51 1581.02  792.98 970.353 1163.68 1335.94 1085.22 1206.84
1.0939 1383.17 1584.74 795.613 972.528 1166.66 1338.97  1088.6 1210.11
1.0981 1386.68  1588.3 798.173 974.649 1169.53 1341.88 1091.86 1213.27
1.1023 1390.05 1591.72 800.655 976.712 1172.29 1344.67 1094.99 1216.31
1.1065 1393.27    1595  803.06 978.717 1174.94 1347.36 1098.01 1219.23
1.1107 1396.36 1598.13 805.385  980.66 1177.49 1349.94  1100.9 1222.04
1.1149 1399.31 1601.13 807.631 982.542 1179.92 1352.41 1103.68 1224.74
1.1191 1402.12    1604 809.797 984.361 1182.26 1354.78 1106.34 1227.33
1.1233 1404.81 1606.73 811.883 986.117 1184.49 1357.04 1108.89 1229.82
1.1275 1407.38 1609.34 813.889 987.809 1186.63 1359.21 1111.33 1232.19
1.1317 1409.83 1611.83 815.817 989.439 1188.67 1361.28 1113.66 1234.47
1.1359 1412.16  1614.2 817.668 991.006 1190.62 1363.25 1115.88 1236.64
1.1401 1414.38 1616.46 819.442 992.511 1192.48 1365.14 1118.01 1238.71
1.1443 1416.49  1618.6 821.141 993.955 1194.25 1366.93 1120.03 1240.69
1.1485 1418.49 1620.65 822.766 995.338 1195.93 1368.64 1121.96 1242.58
1.1527  1420.4 1622.59  824.32 996.663 1197.54 1370.27  1123.8 1244.38
1.1569 1422.21 1624.43 825.803 997.929 1199.07 1371.82 1125.55 1246.09
1.1611 1423.92 1626.18 827.219 999.139 1200.52 1373.29 1127.22 1247.72
1.1653 1425.55 1627.83 828.568 1000.29 1201.89 1374.68 1128.79 1249.27
1.1695  1427.1  1629.4 829.852 1001.39  1203.2 1376.01  1130.3 1250.74
1.1737 1428.56 1630.89 831.075 1002.44 1204.44 1377.26 1131.72 1252.14
1.1779 1429.94  1632.3 832.237 1003.44 1205.62 1378.45 1133.07 1253.46
1.1821 1431.25 1633.64  833.34 1004.39 1206.73 1379.58 1134.35 1254.72
1.1863 1432.49  1634.9 834.388 1005.29 1207.78 1380.65 1135.56 1255.91
1.1905 1433.66 1636.09 835.382 1006.15 1208.78 1381.66  1136.7 1257.03
1.1947 1434.76 1637.21 836.323 1006.96 1209.72 1382.62 1137.79  1258.1
1.1989 1435.81 1638.28 837.214 1007.73 1210.61 1383.52 1138.81  1259.1
1.2031 1436.79 1639.28 838.058 1008.46 1211.45 1384.37 1139.78 1260.05
1.2073 1437.72 1640.22 838.855 1009.14 1212.25 1385.17 1140.69 1260.95
1.2115 1438.59 1641.11 839.608 1009.79 1212.99 1385.93 1141.55  1261.8
1.2157 1439.41 1641.95 840.319 1010.41  1213.7 1386.64 1142.36  1262.6
1.2199 1440.19 1642.74 840.989 1010.99 1214.36 1387.32 1143.12 1263.35
1.2241 1440.92 1643.48 841.622 1011.54 1214.99 1387.95 1143.84 1264.05
1.2283  1441.6 1644.18 842.217 1012.05 1215.57 1388.54 1144.52 1264.72
1.2325 1442.24 1644.83 842.777 1012.54 1216.13  1389.1 1145.15 1265.35
1.2367 1442.85 1645.45 843.304    1013 1216.64 1389.63 1145.75 1265.94
1.2409 1443.41 1646.03 843.799 1013.43 1217.13 1390.12 1146.31 1266.49
1.2451 1443.95 1646.57 844.265 1013.83 1217.59 1390.59 1146.84 1267.01
1.2493 1444.44 1647.08 844.701 1014.21 1218.02 1391.02 1147.33 1267.49
1.2535 1444.91 1647.55 845.111 1014.56 1218.42 1391.43  1147.8 1267.95
1.2577 1445.35    1648 845.494  1014.9 1218.79 1391.81 1148.23 1268.38
1.2619 1445.75 1648.41 845.854 1015.21 1219.15 1392.16 1148.63 1268.78
1.2661 1446.14  1648.8  846.19  1015.5 1219.47  1392.5 1149.01 1269.15
1.2703 1446.49 1649.16 846.505 1015.78 1219.78 1392.81 1149.37  1269.5
1.2745 1446.83  1649.5 846.799 1016.03 1220.07  1393.1  1149.7 1269.83
1.2787 1447.14 1649.82 847.073 1016.27 1220.34 1393.37 1150.01 1270.13
1.2829 1447.43 1650.12 847.329 1016.49 1220.59 1393.62  1150.3 1270.41
1.2871  1447.7 1650.39 847.568  1016.7 1220.82 1393.86 1150.56 1270.68
1.2913 1447.95 1650.65 847.791 1016.89 1221.04 1394.08 1150.81 1270.93
1.2955 1448.18 1650.89 847.998 1017.07 1221.24 1394.28 1151.05 1271.16
1.2997  1448.4 1651.11 848.191 1017.24 1221.43 1394.47 1151.26 1271.37
1.3039  1448.6 1651.31  848.37  1017.4  1221.6 1394.65 1151.47 1271.57
1.3081 1448.79 1651.51 848.537 1017.54 1221.76 1394.82 1151.65 1271.75
1.3123 1448.96 1651.68 848.692 1017.68 1221.91 1394.97 1151.83 1271.92
1.3165 1449.13 1651.85 848.836  1017.8 1222.05 1395.11 1151.99 1272.08
1.3207 1449.28    1652 848.969 1017.92 1222.18 1395.24 1152.14 1272.23
1.3249 1449.42 1652.14 849.092 1018.03  1222.3 1395.36 1152.28 1272.37
1.3291 1449.54 1652.27 849.207 1018.13 1222.41 1395.48  1152.4 1272.49
1.3333 1449.66  1652.4 849.312 1018.22 1222.52 1395.58 1152.52 1272.61
1.3375 1449.77 1652.51  849.41  1018.3 1222.61 1395.68 1152.63 1272.72
1.3417 1449.87 1652.61   849.5 1018.38  1222.7 1395.76 1152.73 1272.82
1.3459 1449.97 1652.71 849.584 1018.46 1222.78 1395.85 1152.83 1272.91
1.3501 1450.05 1652.79 849.661 1018.52 1222.86 1395.92 1152.91    1273
1.3543 1450.13 1652.88 849.732 1018.58 1222.92 1395.99 1152.99 1273.07
1.3585 1450.21 1652.95 849.797 1018.64 1222.99 1396.06 1153.06 1273.15
1.3627 1450.28 1653.02 849.857 1018.69 1223.05 1396.12 1153.13 1273.21
1.3669 1450.34 1653.08 849.912 1018.74  1223.1 1396.17 1153.19 1273.27
1.3711 1450.39 1653.14 849.963 1018.79 1223.15 1396.22 1153.25 1273.33
1.3753 1450.45 1653.19 850.009 1018.83 1223.19 1396.27  1153.3 1273.38
1.3795 1450.49 1653.24 850.052 1018.86 1223.24 1396.31 1153.35 1273.43
1.3837 1450.54 1653.29 850.091  1018.9 1223.27 1396.35 1153.39 1273.47
1.3879 1450.58 1653.33 850.127 1018.93 1223.31 1396.38 1153.43 1273.51
1.3921 1450.62 1653.37 850.159 1018.96 1223.34 1396.41 1153.47 1273.55
1.3963 1450.65  1653.4 850.189 1018.98 1223.37 1396.44  1153.5 1273.58
1.4005 1450.68 1653.43 850.217 1019.01  1223.4 1396.47 1153.54 1273.61
1.4047 1450.71 1653.46 850.242 1019.03 1223.42 1396.49 1153.56 1273.64
1.4089 1450.73 1653.49 850.264 1019.05 1223.44 1396.52 1153.59 1273.66
1.4131 1450.76 1653.51 850.285 1019.07 1223.46 1396.54 1153.61 1273.69
1.4173 1450.78 1653.53 850.304 1019.08 1223.48 1396.56 1153.63 1273.71
1.4215  1450.8 1653.55 850.321  1019.1  1223.5 1396.57 1153.65 1273.73
1.4257 1450.81 1653.57 850.336 1019.11 1223.51 1396.59 1153.67 1273.74
1.4299 1450.83 1653.59  850.35 1019.12 1223.53  1396.6 1153.68 1273.76
1.4341 1450.84  1653.6 850.363 1019.13 1223.54 1396.61  1153.7 1273.77
1.4383 1450.86 1653.61 850.374 1019.14 1223.55 1396.62 1153.71 1273.79
1.4425 1450.87 1653.62 850.385 1019.15 1223.56 1396.63 1153.72  1273.8
1.4467 1450.88 1653.64 850.394 1019.16 1223.57 1396.64 1153.73 1273.81
1.4509 1450.89 1653.65 850.402 1019.17 1223.58 1396.65 1153.74 1273.82
1.4551  1450.9 1653.65  850.41 1019.17 1223.58 1396.66 1153.75 1273.82
1.4593  1450.9 1653.66 850.417 1019.18 1223.59 1396.67 1153.76 1273.83
1.4635 1450.91 1653.67 850.423 1019.19  1223.6 1396.67 1153.77 1273.84
1.4677 1450.92 1653.67 850.428 1019.19  1223.6 1396.68 1153.77 1273.85
1.4719 1450.92 1653.68 850.433  1019.2 1223.61 1396.68 1153.78 1273.85
1.4761 1450.93 1653.69 850.438  1019.2 1223.61 1396.69 1153.78 1273.86
1.4803 1450.93 1653.69 850.442  1019.2 1223.61 1396.69 1153.79 1273.86
1.4845 1450.94 1653.69 850.445 1019.21 1223.62 1396.69 1153.79 1273.86
1.4887 1450.94  1653.7 850.448 1019.21 1223.62  1396.7 1153.79 1273.87
1.4929 1450.94  1653.7 850.451 1019.21 1223.62  1396.7  1153.8 1273.87
1.4971 1450.95  1653.7 850.453 1019.21 1223.63  1396.7  1153.8 1273.87
1.5013 1450.95 1653.71 850.456 1019.21 1223.63  1396.7  1153.8 1273.88
1.5055 1450.95 1653.71 850.457 1019.22 1223.63 1396.71 1153.81 1273.88
1.5097 1450.95 1653.71 850.459 1019.22 1223.63 1396.71 1153.81 1273.88
1.5139 1450.95 1653.71 850.461 1019.22 1223.63 1396.71 1153.81 1273.88
1.5181 1450.96 1653.71 850.462 1019.22 1223.63 1396.71 1153.81 1273.88
1.5223 1450.96 1653.71 850.463 1019.22 1223.63 1396.71 1153.81 1273.88
1.5265 1450.96 1653.72 850.464 1019.22 1223.64 1396.71 1153.81 1273.88
1.5307 1450.96 1653.72 850.465 1019.22 1223.64 1396.71 1153.81 1273.89
1.5349 1450.96 1653.72 850.466 1019.22 1223.64 1396.71 1153.81 1273.89
1.5391 1450.96 1653.72 850.466 1019.22 1223.64 1396.72 1153.82 1273.89
1.5433 1450.96 1653.72 850.467 1019.22 1223.64 1396.72 1153.82 1273.89
1.5475 1450.96 1653.72 850.468 1019.23 1223.64 1396.72 1153.82 1273.89
1.5517 1450.96 1653.72 850.468 1019.23 1223.64 1396.72 1153.82 1273.89
1.5559 1450.96 1653.72 850.468 1019.23 1223.64 1396.72 1153.82 1273.89
1.5601 1450.96 1653.72 850.469 1019.23 1223.64 1396.72 1153.82 1273.89
1.5643 1450.96 1653.72 850.469 1019.23 1223.64 1396.72 1153.82 1273.89
1.5685 1450.96 1653.72 850.469 1019.23 1223.64 1396.72 1153.82 1273.89
1.5727 1450.96 1653.72 850.469 1019.23 1223.64 1396.72 1153.82 1273.89
1.5769 1450.96 1653.72  850.47 1019.23 1223.64 1396.72 1153.82 1273.89
1.5811 1450.96 1653.72  850.47 1019.23 1223.64 1396.72 1153.82 1273.89
1.5853 1450.96 1653.72  850.47 1019.23 1223.64 1396.72 1153.82 1273.89
1.5895 1450.96 1653.72  850.47 1019.23 1223.64 1396.72 1153.82 1273.89
1.5937 1450.96 1653.72  850.47 1019.23 1223.64 1396.72 1153.82 1273.89
1.5979 1450.96 1653.72  850.47 1019.23 1223.64 1396.72 1153.82 1273.89
1.6021 1450.96 1653.72  850.47 1019.23 1223.64 1396.72 1153.82 1273.89
1.6063 1450.96 1653.72  850.47 1019.23 1223.64 1396.72 1153.82 1273.89
1.6105 1450.96 1653.72  850.47 1019.23 1223.64 1396.72 1153.82 1273.89
1.6147 1450.97 1653.72  850.47 1019.23 1223.64 1396.72 1153.82 1273.89
1.6189 1450.97 1653.72  850.47 1019.23 1223.64 1396.72 1153.82 1273.89
1.6231 1450.97 1653.72  850.47 1019.23 1223.64 1396.72 1153.82 1273.89
1.6273 1450.97 1653.72  850.47 1019.23 1223.64 1396.72 1153.82 1273.89
1.6315 1450.97 1653.72  850.47 1019.23 1223.64 1396.72 1153.82 1273.89
1.6357 1450.97 1653.72  850.47 1019.23 1223.64 1396.72 1153.82 1273.89
1.6399 1450.97 1653.72  850.47 1019.23 1223.64 1396.72 1153.82 1273.89
1.6441 1450.97 1653.72  850.47 1019.23 1223.64 1396.72 1153.82 1273.89
1.6483 1450.97 1653.72  850.47 1019.23 1223.64 1396.72 1153.82 1273.89
1.6525 1450.97 1653.72  850.47 1019.23 1223.64 1396.72 1153.82 1273.89
1.6567 1450.97 1653.72  850.47 1019.23 1223.64 1396.72 1153.82 1273.89
1.6609 1450.97 1653.72  850.47 1019.23 1223.64 1396.72 1153.82 1273.89
1.6651 1450.97 1653.72  850.47 1019.23 1223.64 1396.72 1153.82 1273.89
1.6693 1450.97 1653.72  850.47 1019.23 1223.64 1396.72 1153.82 1273.89
1.6735 1450.97 1653.72  850.47 1019.23 1223.64 1396.72 1153.82 1273.89
1.6777 1450.97 1653.72  850.47 1019.23 1223.64 1396.72 1153.82 1273.89
1.6819 1450.97 1653.72  850.47 1019.23 1223.64 1396.72 1153.82 1273.89
1.6861 1450.97 1653.72  850.47 1019.23 1223.64 1396.72 1153.82 1273.89
1.6903 1450.97 1653.72  850.47 1019.23 1223.64 1396.72 1153.82 1273.89
1.6945 1450.97 1653.72  850.47 1019.23 1223.64 1396.72 1153.82 1273.89
1.6987 1450.97 1653.72  850.47 1019.23 1223.64 1396.72 1153.82 1273.89
1.7029 1450.97 1653.72  850.47 1019.23 1223.64 1396.72 1153.82 1273.89
1.7071 1450.97 1653.72  850.47 1019.23 1223.64 1396.72 1153.82 1273.89
1.7113 1450.97 1653.72  850.47 1019.23 1223.64 1396.72 1153.82 1273.89
1.7155 1450.97 1653.72  850.47 1019.23 1223.64 1396.72 1153.82 1273.89
1.7197 1450.97 1653.72  850.47 1019.23 1223.64 1396.72 1153.82 1273.89
1.7239 1450.97 1653.72  850.47 1019.23 1223.64 1396.72 1153.82 1273.89
1.7281 1450.97 1653.72  850.47 1019.23 1223.64 1396.72 1153.82 1273.89
1.7323 1450.97 1653.72  850.47 1019.23 1223.64 1396.72 1153.82 1273.89
1.7365 1450.97 1653.72  850.47 1019.23 1223.64 1396.72 1153.82 1273.89
1.7407 1450.97 1653.72  850.47 1019.23 1223.64 1396.72 1153.82 1273.89
1.7449 1450.97 1653.72  850.47 1019.23 1223.64 1396.72 1153.82 1273.89
1.7491 1450.97 1653.72  850.47 1019.23 1223.64 1396.72 1153.82 1273.89
1.7533 1450.97 1653.72  850.47 1019.23 1223.64 1396.72 1153.82 1273.89
1.7575 1450.97 1653.72  850.47 1019.23 1223.64 1396.72 1153.82 1273.89
1.7617 1450.97 1653.72  850.47 1019.23 1223.64 1396.72 1153.82 1273.89
1.7659 1450.97 1653.72  850.47 1019.23 1223.64 1396.72 1153.82 1273.89
1.7701 1450.97 1653.72  850.47 1019.23 1223.64 1396.72 1153.82 1273.89
1.7743 1450.97 1653.72  850.47 1019.23 1223.64 1396.72 1153.82 1273.89
1.7785 1450.97 1653.72  850.47 1019.23 1223.64 1396.72 1153.82 1273.89
1.7827 1450.97 1653.72  850.47 1019.23 1223.64 1396.72 1153.82 1273.89
1.7869 1450.97 1653.72  850.47 1019.23 1223.64 1396.72 1153.82 1273.89
1.7911 1450.97 1653.72  850.47 1019.23 1223.64 1396.72 1153.82 1273.89
1.7953 1450.97 1653.72  850.47 1019.23 1223.64 1396.72 1153.82 1273.89
1.7995 1450.97 1653.72  850.47 1019.23 1223.64 1396.72 1153.82 1273.89
1.8037 1450.97 1653.72  850.47 1019.23 1223.64 1396.72 1153.82 1273.89
1.8079 1450.97 1653.72  850.47 1019.23 1223.64 1396.72 1153.82 1273.89
1.8121 1450.97 1653.72  850.47 1019.23 1223.64 1396.72 1153.82 1273.89
1.8163 1450.97 1653.72  850.47 1019.23 1223.64 1396.72 1153.82 1273.89
1.8205 1450.97 1653.72  850.47 1019.23 1223.64 1396.72 1153.82 1273.89
1.8247 1450.97 1653.72  850.47 1019.23 1223.64 1396.72 1153.82 1273.89
1.8289 1450.97 1653.72  850.47 1019.23 1223.64 1396.72 1153.82 1273.89
1.8331 1450.97 1653.72  850.47 1019.23 1223.64 1396.72 1153.82 1273.89
1.8373 1450.97 1653.72  850.47 1019.23 1223.64 1396.72 1153.82 1273.89
1.8415 1450.97 1653.72  850.47 1019.23 1223.64 1396.72 1153.82 1273.89
1.8457 1450.97 1653.72  850.47 1019.23 1223.64 1396.72 1153.82 1273.89
1.8499 1450.97 1653.72  850.47 1019.23 1223.64 1396.72 1153.82 1273.89
1.8541 1450.97 1653.72  850.47 1019.23 1223.64 1396.72 1153.82 1273.89
1.8583 1450.97 1653.72  850.47 1019.23 1223.64 1396.72 1153.82 1273.89
1.8625 1450.97 1653.72  850.47 1019.23 1223.64 1396.72 1153.82 1273.89
1.8667 1450.97 1653.72  850.47 1019.23 1223.64 1396.72 1153.82 1273.89
1.8709 1450.97 1653.72  850.47 1019.23 1223.64 1396.72 1153.82 1273.89
1.8751 1450.97 1653.72  850.47 1019.23 1223.64 1396.72 1153.82 1273.89
1.8793 1450.97 1653.72  850.47 1019.23 1223.64 1396.72 1153.82 1273.89
1.8835 1450.97 1653.72  850.47 1019.23 1223.64 1396.72 1153.82 1273.89
1.8877 1450.97 1653.72  850.47 1019.23 1223.64 1396.72 1153.82 1273.89
1.8919 1450.97 1653.72  850.47 1019.23 1223.64 1396.72 1153.82 1273.89
1.8961 1450.97 1653.72  850.47 1019.23 1223.64 1396.72 1153.82 1273.89
1.9003 1450.97 1653.72  850.47 1019.23 1223.64 1396.72 1153.82 1273.89
1.9045 1450.97 1653.72  850.47 1019.23 1223.64 1396.72 1153.82 1273.89
1.9087 1450.97 1653.72  850.47 1019.23 1223.64 1396.72 1153.82 1273.89
1.9129 1450.97 1653.72  850.47 1019.23 1223.64 1396.72 1153.82 1273.89
1.9171 1450.97 1653.72  850.47 1019.23 1223.64 1396.72 1153.82 1273.89
1.9213 1450.97 1653.72  850.47 1019.23 1223.64 1396.72 1153.82 1273.89
1.9255 1450.97 1653.72  850.47 1019.23 1223.64 1396.72 1153.82 1273.89
1.9297 1450.97 1653.72  850.47 1019.23 1223.64 1396.72 1153.82 1273.89
1.9339 1450.97 1653.72  850.47 1019.23 1223.64 1396.72 1153.82 1273.89
1.9381 1450.97 1653.72  850.47 1019.23 1223.64 1396.72 1153.82 1273.89
1.9423 1450.97 1653.72  850.47 1019.23 1223.64 1396.72 1153.82 1273.89
1.9465 1450.97 1653.72  850.47 1019.23 1223.64 1396.72 1153.82 1273.89
1.9507 1450.97 1653.72  850.47 1019.23 1223.64 1396.72 1153.82 1273.89
1.9549 1450.97 1653.72  850.47 1019.23 1223.64 1396.72 1153.82 1273.89
1.9591 1450.97 1653.72  850.47 1019.23 1223.64 1396.72 1153.82 1273.89
1.9633 1450.97 1653.72  850.47 1019.23 1223.64 1396.72 1153.82 1273.89
1.9675 1450.97 1653.72  850.47 1019.23 1223.64 1396.72 1153.82 1273.89
1.9717 1450.97 1653.72  850.47 1019.23 1223.64 1396.72 1153.82 1273.89
1.9759 1450.97 1653.72  850.47 1019.23 1223.64 1396.72 1153.82 1273.89
1.9801 1450.97 1653.72  850.47 1019.23 1223.64 1396.72 1153.82 1273.89
1.9843 1450.97 1653.72  850.47 1019.23 1223.64 1396.72 1153.82 1273.89
1.9885 1450.97 1653.72  850.47 1019.23 1223.64 1396.72 1153.82 1273.89
1.9927 1450.97 1653.72  850.47 1019.23 1223.64 1396.72 1153.82 1273.89
1.9969 1450.97 1653.72  850.47 1019.23 1223.64 1396.72 1153.82 1273.89
2.0011 1450.97 1653.72  850.47 1019.23 1223.64 1396.72 1153.82 1273.89
2.0053 1450.97 1653.72  850.47 1019.23 1223.64 1396.72 1153.82 1273.89
2.0095 1450.97 1653.72  850.47 1019.23 1223.64 1396.72 1153.82 1273.89
2.0137 1450.97 1653.72  850.47 1019.23 1223.64 1396.72 1153.82 1273.89
2.0179 1450.97 1653.72  850.47 1019.23 1223.64 1396.72 1153.82 1273.89
2.0221 1450.97 1653.72  850.47 1019.23 1223.64 1396.72 1153.82 1273.89
2.0263 1450.97 1653.72  850.47 1019.23 1223.64 1396.72 1153.82 1273.89
2.0305 1450.97 1653.72  850.47 1019.23 1223.64 1396.72 1153.82 1273.89
2.0347 1450.97 1653.72  850.47 1019.23 1223.64 1396.72 1153.82 1273.89
2.0389 1450.97 1653.72  850.47 1019.23 1223.64 1396.72 1153.82 1273.89
2.0431 1450.97 1653.72  850.47 1019.23 1223.64 1396.72 1153.82 1273.89
2.0473 1450.97 1653.72  850.47 1019.23 1223.64 1396.72 1153.82 1273.89
2.0515 1450.97 1653.72  850.47 1019.23 1223.64 1396.72 1153.82 1273.89
2.0557 1450.97 1653.72  850.47 1019.23 1223.64 1396.72 1153.82 1273.89
2.0599 1450.97 1653.72  850.47 1019.23 1223.64 1396.72 1153.82 1273.89
2.0641 1450.97 1653.72  850.47 1019.23 1223.64 1396.72 1153.82 1273.89
2.0683 1450.97 1653.72  850.47 1019.23 1223.64 1396.72 1153.82 1273.89
2.0725 1450.97 1653.72  850.47 1019.23 1223.64 1396.72 1153.82 1273.89
2.0767 1450.97 1653.72  850.47 1019.23 1223.64 1396.72 1153.82 1273.89
2.0809 1450.97 1653.72  850.47 1019.23 1223.64 1396.72 1153.82 1273.89
2.0851 1450.97 1653.72  850.47 1019.23 1223.64 1396.72 1153.82 1273.89
2.0893 1450.97 1653.72  850.47 1019.23 1223.64 1396.72 1153.82 1273.89
2.0935 1450.97 1653.72  850.47 1019.23 1223.64 1396.72 1153.82 1273.89
2.0977 1450.97 1653.72  850.47 1019.23 1223.64 1396.72 1153.82 1273.89
2.1019 1450.97 1653.72  850.47 1019.23 1223.64 1396.72 1153.82 1273.89
2.1061 1450.97 1653.72  850.47 1019.23 1223.64 1396.72 1153.82 1273.89
2.1103 1450.97 1653.72  850.47 1019.23 1223.64 1396.72 1153.82 1273.89
2.1145 1450.97 1653.72  850.47 1019.23 1223.64 1396.72 1153.82 1273.89
2.1187 1450.97 1653.72  850.47 1019.23 1223.64 1396.72 1153.82 1273.89
2.1229 1450.97 1653.72  850.47 1019.23 1223.64 1396.72 1153.82 1273.89
2.1271 1450.97 1653.72  850.47 1019.23 1223.64 1396.72 1153.82 1273.89
2.1313 1450.97 1653.72  850.47 1019.23 1223.64 1396.72 1153.82 1273.89
2.1355 1450.97 1653.72  850.47 1019.23 1223.64 1396.72 1153.82 1273.89
2.1397 1450.97 1653.72  850.47 1019.23 1223.64 1396.72 1153.82 1273.89
2.1439 1450.97 1653.72  850.47 1019.23 1223.64 1396.72 1153.82 1273.89
2.1481 1450.97 1653.72  850.47 1019.23 1223.64 1396.72 1153.82 1273.89
2.1523 1450.97 1653.72  850.47 1019.23 1223.64 1396.72 1153.82 1273.89
2.1565 1450.97 1653.72  850.47 1019.23 1223.64 1396.72 1153.82 1273.89
2.1607 1450.97 1653.72  850.47 1019.23 1223.64 1396.72 1153.82 1273.89
2.1649 1450.97 1653.72  850.47 1019.23 1223.64 1396.72 1153.82 1273.89
2.1691 1450.97 1653.72  850.47 1019.23 1223.64 1396.72 1153.82 1273.89
2.1733 1450.97 1653.72  850.47 1019.23 1223.64 1396.72 1153.82 1273.89
2.1775 1450.97 1653.72  850.47 1019.23 1223.64 1396.72 1153.82 1273.89
2.1817 1450.97 1653.72  850.47 1019.23 1223.64 1396.72 1153.82 1273.89
2.1859 1450.97 1653.72  850.47 1019.23 1223.64 1396.72 1153.82 1273.89
2.1901 1450.97 1653.72  850.47 1019.23 1223.64 1396.72 1153.82 1273.89
2.1943 1450.97 1653.72  850.47 1019.23 1223.64 1396.72 1153.82 1273.89
2.1985 1450.97 1653.72  850.47 1019.23 1223.64 1396.72 1153.82 1273.89
2.2027 1450.97 1653.72  850.47 1019.23 1223.64 1396.72 1153.82 1273.89
2.2069 1450.97 1653.72  850.47 1019.23 1223.64 1396.72 1153.82 1273.89
2.2111 1450.97 1653.72  850.47 1019.23 1223.64 1396.72 1153.82 1273.89
2.2153 1450.97 1653.72  850.47 1019.23 1223.64 1396.72 1153.82 1273.89
2.2195 1450.97 1653.72  850.47 1019.23 1223.64 1396.72 1153.82 1273.89
2.2237 1450.97 1653.72  850.47 1019.23 1223.64 1396.72 1153.82 1273.89
2.2279 1450.97 1653.72  850.47 1019.23 1223.64 1396.72 1153.82 1273.89
2.2321 1450.97 1653.72  850.47 1019.23 1223.64 1396.72 1153.82 1273.89
2.2363 1450.97 1653.72  850.47 1019.23 1223.64 1396.72 1153.82 1273.89
2.2405 1450.97 1653.72  850.47 1019.23 1223.64 1396.72 1153.82 1273.89
2.2447 1450.97 1653.72  850.47 1019.23 1223.64 1396.72 1153.82 1273.89
2.2489 1450.97 1653.72  850.47 1019.23 1223.64 1396.72 1153.82 1273.89
2.2531 1450.97 1653.72  850.47 1019.23 1223.64 1396.72 1153.82 1273.89
2.2573 1450.97 1653.72  850.47 1019.23 1223.64 1396.72 1153.82 1273.89
2.2615 1450.97 1653.72  850.47 1019.23 1223.64 1396.72 1153.82 1273.89
2.2657 1450.97 1653.72  850.47 1019.23 1223.64 1396.72 1153.82 1273.89
2.2699 1450.97 1653.72  850.47 1019.23 1223.64 1396.72 1153.82 1273.89
2.2741 1450.97 1653.72  850.47 1019.23 1223.64 1396.72 1153.82 1273.89
2.2783 1450.97 1653.72  850.47 1019.23 1223.64 1396.72 1153.82 1273.89
2.2825 1450.97 1653.72  850.47 1019.23 1223.64 1396.72 1153.82 1273.89
2.2867 1450.97 1653.72  850.47 1019.23 1223.64 1396.72 1153.82 1273.89
2.2909 1450.97 1653.72  850.47 1019.23 1223.64 1396.72 1153.82 1273.89
2.2951 1450.97 1653.72  850.47 1019.23 1223.64 1396.72 1153.82 1273.89
2.2993 1450.97 1653.72  850.47 1019.23 1223.64 1396.72 1153.82 1273.89
2.3035 1450.97 1653.72  850.47 1019.23 1223.64 1396.72 1153.82 1273.89
2.3077 1450.97 1653.72  850.47 1019.23 1223.64 1396.72 1153.82 1273.89
2.3119 1450.97 1653.72  850.47 1019.23 1223.64 1396.72 1153.82 1273.89
2.3161 1450.97 1653.72  850.47 1019.23 1223.64 1396.72 1153.82 1273.89
2.3203 1450.97 1653.72  850.47 1019.23 1223.64 1396.72 1153.82 1273.89
2.3245 1450.97 1653.72  850.47 1019.23 1223.64 1396.72 1153.82 1273.89
2.3287 1450.97 1653.72  850.47 1019.23 1223.64 1396.72 1153.82 1273.89
2.3329 1450.97 1653.72  850.47 1019.23 1223.64 1396.72 1153.82 1273.89
2.3371 1450.97 1653.72  850.47 1019.23 1223.64 1396.72 1153.82 1273.89
2.3413 1450.97 1653.72  850.47 1019.23 1223.64 1396.72 1153.82 1273.89
2.3455 1450.97 1653.72  850.47 1019.23 1223.64 1396.72 1153.82 1273.89
2.3497 1450.97 1653.72  850.47 1019.23 1223.64 1396.72 1153.82 1273.89
2.3539 1450.97 1653.72  850.47 1019.23 1223.64 1396.72 1153.82 1273.89
2.3581 1450.97 1653.72  850.47 1019.23 1223.64 1396.72 1153.82 1273.89
2.3623 1450.97 1653.72  850.47 1019.23 1223.64 1396.72 1153.82 1273.89
