0 0
0 0
0 0
0 0
0 0
0 0
0 0
0 0
0 0
0 0
0 0
0 0
0 0
0 0
0 0
0 0
0 0
0 0
0 0
0 0
0 0
0 0
0 0
0 0
0 0
0 0
0.0001 1.06218e-06
0.0003 3.47493e-06
0.0006 7.09406e-06
0.001 1.19196e-05
0.0015 1.78221e-05
0.0021 2.51242e-05
0.0028 3.35078e-05
0.0036 4.33291e-05
0.0045 5.42795e-05
0.0055 6.65268e-05
0.0066 8.02663e-05
0.0078 9.52207e-05
0.0091 0.000111559
0.0105 0.000129314
0.012 0.000148518
0.0136 0.000169073
0.0153 0.000191316
0.0171 0.000215119
0.019 0.000240394
0.021 0.000267495
0.0231 0.000296162
0.0253 0.000326743
0.0275 0.000357609
0.0297 0.000388871
0.0319 0.000420682
0.0341 0.000452794
0.0363 0.000485312
0.0385 0.000518242
0.0407 0.000551762
0.0429 0.000585566
0.0451 0.000619793
0.0473 0.000654596
0.0495 0.000689716
0.0517 0.000725269
0.0539 0.000761259
0.0561 0.000797845
0.0583 0.000834757
0.0605 0.000872117
0.0627 0.000909929
0.0649 0.000948198
0.0671 0.000987105
0.0694 0.00102814
0.0718 0.00107152
0.0743 0.00111732
0.0769 0.00116563
0.0796 0.00121637
0.0824 0.00126997
0.0853 0.00132633
0.0883 0.00138542
0.0914 0.00144762
0.0946 0.00151279
0.0979 0.00158116
0.1013 0.00165285
0.1048 0.001728
0.1084 0.00180675
0.1121 0.00188922
0.1159 0.00197544
0.1198 0.00206586
0.1238 0.00216033
0.1279 0.00225935
0.1321 0.0023628
0.1363 0.00246846
0.1405 0.00257636
0.1447 0.00268656
0.1489 0.0027991
0.1531 0.00291401
0.1573 0.00303135
0.1615 0.00315117
0.1657 0.00327351
0.1699 0.00339841
0.1741 0.00352594
0.1783 0.00365613
0.1825 0.00378905
0.1867 0.00392461
0.1909 0.00406318
0.1951 0.00420463
0.1993 0.0043489
0.2035 0.00449637
0.2077 0.00464676
0.2119 0.00480051
0.2161 0.00495732
0.2203 0.00511762
0.2245 0.00528117
0.2287 0.00544817
0.2329 0.00561891
0.2371 0.00579316
0.2413 0.00597114
0.2455 0.00615296
0.2497 0.00633873
0.2539 0.00652854
0.2581 0.0067225
0.2623 0.00692074
0.2665 0.00712335
0.2707 0.00733035
0.2749 0.00754214
0.2791 0.00775854
0.2833 0.00798006
0.2875 0.00820648
0.2917 0.0084383
0.2959 0.00867539
0.3001 0.00891805
0.3043 0.00916648
0.3085 0.00942088
0.3127 0.00968147
0.3169 0.00994845
0.3211 0.0102221
0.3253 0.0105024
0.3295 0.0107901
0.3337 0.011085
0.3379 0.0113877
0.3421 0.0116984
0.3463 0.0120175
0.3505 0.0123454
0.3547 0.0126824
0.3589 0.0130289
0.3631 0.0133856
0.3673 0.0137526
0.3715 0.0141308
0.3757 0.0145206
0.3799 0.0149225
0.3841 0.0153376
0.3883 0.0157663
0.3925 0.0162096
0.3967 0.0166684
0.4009 0.0171436
0.4051 0.0176365
0.4093 0.0181483
0.4135 0.0186802
0.4177 0.0192342
0.4219 0.0198119
0.4261 0.0204153
0.4303 0.021047
0.4345 0.0217094
0.4387 0.0224058
0.4429 0.0231402
0.4471 0.0239167
0.4513 0.0247409
0.4555 0.0256192
0.4597 0.0265597
0.4639 0.0275724
0.4681 0.0286696
0.4723 0.0298684
0.4765 0.0311901
0.4807 0.0326636
0.4849 0.034327
0.4891 0.0362288
0.4933 0.0384159
0.4975 0.0408794
0.5017 0.0434236
0.5059 0.0457734
0.5101 0.0478916
0.5143 0.0497938
0.5185 0.0515102
0.5227 0.053077
0.5269 0.0545288
0.5311 0.0558956
0.5353 0.057201
0.5395 0.0584632
0.5437 0.0596957
0.5479 0.0609087
0.5521 0.0621094
0.5563 0.0633033
0.5605 0.0644945
0.5647 0.0656858
0.5689 0.0668794
0.5731 0.0680769
0.5773 0.0692794
0.5815 0.0704878
0.5857 0.0717026
0.5899 0.0729244
0.5941 0.0741533
0.5983 0.0753895
0.6025 0.076633
0.6067 0.0778841
0.6109 0.0791425
0.6151 0.0804083
0.6193 0.0816815
0.6235 0.0829616
0.6277 0.0842482
0.6319 0.0855405
0.6361 0.0868382
0.6403 0.0881407
0.6445 0.0894478
0.6487 0.090759
0.6529 0.092074
0.6571 0.0933927
0.6613 0.0947147
0.6655 0.0960399
0.6697 0.0973681
0.6739 0.0986991
0.6781 0.100033
0.6823 0.101369
0.6865 0.102707
0.6907 0.104048
0.6949 0.105391
0.6991 0.106736
0.7033 0.108083
0.7075 0.109432
0.7117 0.110782
0.7159 0.112134
0.7201 0.113488
0.7243 0.114844
0.7285 0.116201
0.7327 0.117559
0.7369 0.118919
0.7411 0.120281
0.7453 0.121643
0.7495 0.123007
0.7537 0.124372
0.7579 0.125738
0.7621 0.127106
0.7663 0.128474
0.7705 0.129843
0.7747 0.131214
0.7789 0.132585
0.7831 0.133958
0.7873 0.135331
0.7915 0.136706
0.7957 0.138081
0.7999 0.139457
0.8041 0.140834
0.8083 0.142211
0.8125 0.14359
0.8167 0.144969
0.8209 0.146349
0.8251 0.147729
0.8293 0.149111
0.8335 0.150493
0.8377 0.151875
0.8419 0.153258
0.8461 0.154642
0.8503 0.156026
0.8545 0.157411
0.8587 0.158797
0.8629 0.160182
0.8671 0.161569
0.8713 0.162955
0.8755 0.164343
0.8797 0.16573
0.8839 0.167118
0.8881 0.168506
0.8923 0.169894
0.8965 0.171283
0.9007 0.172672
0.9049 0.174061
0.9091 0.17545
0.9133 0.17684
0.9175 0.178235
0.9217 0.179638
0.9259 0.181055
0.9301 0.182491
0.9343 0.183953
0.9385 0.185447
0.9427 0.186983
0.9469 0.188568
0.9511 0.190212
0.9553 0.191926
0.9595 0.193718
0.9637 0.195599
0.9679 0.197577
0.9721 0.19966
0.9763 0.201853
0.9805 0.204162
0.9847 0.206588
0.9889 0.209132
0.9931 0.211792
0.9973 0.214565
1.0015 0.217446
1.0057 0.22043
1.0099 0.223511
1.0141 0.226682
1.0183 0.229936
1.0225 0.233267
1.0267 0.236668
1.0309 0.240133
1.0351 0.243657
1.0393 0.247235
1.0435 0.25086
1.0477 0.25453
1.0519 0.258239
1.0561 0.261984
1.0603 0.265762
1.0645 0.269569
1.0687 0.273404
1.0729 0.277262
1.0771 0.281143
1.0813 0.285044
1.0855 0.288964
1.0897 0.2929
1.0939 0.296851
1.0981 0.300816
1.1023 0.304794
1.1065 0.308783
1.1107 0.312782
1.1149 0.316791
1.1191 0.320809
1.1233 0.324834
1.1275 0.328867
1.1317 0.332907
1.1359 0.336953
1.1401 0.341004
1.1443 0.345061
1.1485 0.349124
1.1527 0.353191
1.1569 0.357262
1.1611 0.361338
1.1653 0.365418
1.1695 0.369502
1.1737 0.37359
1.1779 0.377681
1.1821 0.381776
1.1863 0.385873
1.1905 0.389974
1.1947 0.394078
1.1989 0.398185
1.2031 0.402294
1.2073 0.406406
1.2115 0.410521
1.2157 0.414638
1.2199 0.418757
1.2241 0.422879
1.2283 0.427003
1.2325 0.431129
1.2367 0.435257
1.2409 0.439387
1.2451 0.443518
1.2493 0.447652
1.2535 0.451788
1.2577 0.455925
1.2619 0.460064
1.2661 0.464204
1.2703 0.468347
1.2745 0.47249
1.2787 0.476636
1.2829 0.480783
1.2871 0.484931
1.2913 0.48908
1.2955 0.493231
1.2997 0.497384
1.3039 0.501537
1.3081 0.505692
1.3123 0.509848
1.3165 0.514006
1.3207 0.518164
1.3249 0.522324
1.3291 0.526484
1.3333 0.530646
1.3375 0.534809
1.3417 0.538973
1.3459 0.543138
1.3501 0.547304
1.3543 0.551471
1.3585 0.555639
1.3627 0.559808
1.3669 0.563978
1.3711 0.568149
1.3753 0.572321
1.3795 0.576493
1.3837 0.580667
1.3879 0.584841
1.3921 0.589016
1.3963 0.593192
1.4005 0.597369
1.4047 0.601546
1.4089 0.605724
1.4131 0.609903
1.4173 0.614083
1.4215 0.618263
1.4257 0.622444
1.4299 0.626626
1.4341 0.630809
1.4383 0.634992
1.4425 0.639176
1.4467 0.64336
1.4509 0.647545
1.4551 0.651731
1.4593 0.655917
1.4635 0.660104
1.4677 0.664291
1.4719 0.668479
1.4761 0.672668
1.4803 0.676857
1.4845 0.681047
1.4887 0.685237
1.4929 0.689427
1.4971 0.693619
1.5013 0.69781
1.5055 0.702002
1.5097 0.706195
1.5139 0.710388
1.5181 0.714582
1.5223 0.718775
1.5265 0.72297
1.5307 0.727165
1.5349 0.73136
1.5391 0.735555
1.5433 0.739751
1.5475 0.743948
1.5517 0.748144
1.5559 0.752341
1.5601 0.756539
1.5643 0.760736
1.5685 0.764934
1.5727 0.769132
1.5769 0.773331
1.5811 0.77753
1.5853 0.781728
1.5895 0.785928
1.5937 0.790127
1.5979 0.794327
1.6021 0.798526
1.6063 0.802726
1.6105 0.806926
1.6147 0.811126
1.6189 0.815326
1.6231 0.819526
1.6273 0.823726
1.6315 0.827926
1.6357 0.832126
1.6399 0.836326
1.6441 0.840526
1.6483 0.844726
1.6525 0.848926
1.6567 0.853126
1.6609 0.857326
1.6651 0.861526
1.6693 0.865726
1.6735 0.869926
1.6777 0.874126
1.6819 0.878326
1.6861 0.882526
1.6903 0.886726
1.6945 0.890926
1.6987 0.895126
1.7029 0.899326
1.7071 0.903526
1.7113 0.907726
1.7155 0.911926
1.7197 0.916126
1.7239 0.920326
1.7281 0.924526
1.7323 0.928726
1.7365 0.932926
1.7407 0.937126
1.7449 0.941326
1.7491 0.945526
1.7533 0.949726
1.7575 0.953926
1.7617 0.958126
1.7659 0.962326
1.7701 0.966526
1.7743 0.970726
1.7785 0.974926
1.7827 0.979126
1.7869 0.983326
1.7911 0.987526
1.7953 0.991726
1.7995 0.995926
1.8037 1
1.8079 1
1.8121 1
1.8163 1
1.8205 1
1.8247 1
1.8289 1
1.8331 1
1.8373 1
1.8415 1
1.8457 1
1.8499 1
1.8541 1
1.8583 1
1.8625 1
1.8667 1
1.8709 1
1.8751 1
1.8793 1
1.8835 1
1.8877 1
1.8919 1
1.8961 1
1.9003 1
1.9045 1
1.9087 1
1.9129 1
1.9171 1
1.9213 1
1.9255 1
1.9297 1
1.9339 1
1.9381 1
1.9423 1
1.9465 1
1.9507 1
1.9549 1
1.9591 1
1.9633 1
1.9675 1
1.9717 1
1.9759 1
1.9801 1
1.9843 1
1.9885 1
1.9927 1
1.9969 1
2.0011 1
2.0053 1
2.0095 1
2.0137 1
2.0179 1
2.0221 1
2.0263 1
2.0305 1
2.0347 1
2.0389 1
2.0431 1
2.0473 1
2.0515 1
2.0557 1
2.0599 1
2.0641 1
2.0683 1
2.0725 1
2.0767 1
2.0809 1
2.0851 1
2.0893 1
2.0935 1
2.0977 1
2.1019 1
2.1061 1
2.1103 1
2.1145 1
2.1187 1
2.1229 1
2.1271 1
2.1313 1
2.1355 1
2.1397 1
2.1439 1
2.1481 1
2.1523 1
2.1565 1
2.1607 1
2.1649 1
2.1691 1
2.1733 1
2.1775 1
2.1817 1
2.1859 1
2.1901 1
2.1943 1
2.1985 1
2.2027 1
2.2069 1
2.2111 1
2.2153 1
2.2195 1
2.2237 1
2.2279 1
2.2321 1
2.2363 1
2.2405 1
2.2447 1
2.2489 1
2.2531 1
2.2573 1
2.2615 1
2.2657 1
2.2699 1
2.2741 1
2.2783 1
2.2825 1
2.2867 1
2.2909 1
2.2951 1
2.2993 1
2.3035 1
2.3077 1
2.3119 1
2.3161 1
2.3203 1
2.3245 1
2.3287 1
2.3329 1
2.3371 1
2.3413 1
2.3455 1
2.3497 1
2.3539 1
2.3581 1
